ARM GAS  C:\Users\Kyle\AppData\Local\Temp\ccgmtfsC.s 			page 1


   1              		.syntax unified
   2              		.cpu cortex-m3
   3              		.fpu softvfp
   4              		.eabi_attribute 20, 1
   5              		.eabi_attribute 21, 1
   6              		.eabi_attribute 23, 3
   7              		.eabi_attribute 24, 1
   8              		.eabi_attribute 25, 1
   9              		.eabi_attribute 26, 1
  10              		.eabi_attribute 30, 1
  11              		.eabi_attribute 34, 1
  12              		.eabi_attribute 18, 4
  13              		.thumb
  14              		.file	"Debug_UART_INT.c"
  15              		.text
  16              	.Ltext0:
  17              		.cfi_sections	.debug_frame
  18              		.section	.text.Debug_UART_RXISR,"ax",%progbits
  19              		.align	2
  20              		.global	Debug_UART_RXISR
  21              		.thumb
  22              		.thumb_func
  23              		.type	Debug_UART_RXISR, %function
  24              	Debug_UART_RXISR:
  25              	.LFB0:
  26              		.file 1 ".\\Generated_Source\\PSoC5\\Debug_UART_INT.c"
   1:.\Generated_Source\PSoC5/Debug_UART_INT.c **** /*******************************************************************************
   2:.\Generated_Source\PSoC5/Debug_UART_INT.c **** * File Name: Debug_UARTINT.c
   3:.\Generated_Source\PSoC5/Debug_UART_INT.c **** * Version 2.50
   4:.\Generated_Source\PSoC5/Debug_UART_INT.c **** *
   5:.\Generated_Source\PSoC5/Debug_UART_INT.c **** * Description:
   6:.\Generated_Source\PSoC5/Debug_UART_INT.c **** *  This file provides all Interrupt Service functionality of the UART component
   7:.\Generated_Source\PSoC5/Debug_UART_INT.c **** *
   8:.\Generated_Source\PSoC5/Debug_UART_INT.c **** ********************************************************************************
   9:.\Generated_Source\PSoC5/Debug_UART_INT.c **** * Copyright 2008-2015, Cypress Semiconductor Corporation.  All rights reserved.
  10:.\Generated_Source\PSoC5/Debug_UART_INT.c **** * You may use this file only in accordance with the license, terms, conditions,
  11:.\Generated_Source\PSoC5/Debug_UART_INT.c **** * disclaimers, and limitations in the end user license agreement accompanying
  12:.\Generated_Source\PSoC5/Debug_UART_INT.c **** * the software package with which this file was provided.
  13:.\Generated_Source\PSoC5/Debug_UART_INT.c **** *******************************************************************************/
  14:.\Generated_Source\PSoC5/Debug_UART_INT.c **** 
  15:.\Generated_Source\PSoC5/Debug_UART_INT.c **** #include "Debug_UART.h"
  16:.\Generated_Source\PSoC5/Debug_UART_INT.c **** #include "cyapicallbacks.h"
  17:.\Generated_Source\PSoC5/Debug_UART_INT.c **** 
  18:.\Generated_Source\PSoC5/Debug_UART_INT.c **** 
  19:.\Generated_Source\PSoC5/Debug_UART_INT.c **** /***************************************
  20:.\Generated_Source\PSoC5/Debug_UART_INT.c **** * Custom Declarations
  21:.\Generated_Source\PSoC5/Debug_UART_INT.c **** ***************************************/
  22:.\Generated_Source\PSoC5/Debug_UART_INT.c **** /* `#START CUSTOM_DECLARATIONS` Place your declaration here */
  23:.\Generated_Source\PSoC5/Debug_UART_INT.c **** 
  24:.\Generated_Source\PSoC5/Debug_UART_INT.c **** /* `#END` */
  25:.\Generated_Source\PSoC5/Debug_UART_INT.c **** 
  26:.\Generated_Source\PSoC5/Debug_UART_INT.c **** #if (Debug_UART_RX_INTERRUPT_ENABLED && (Debug_UART_RX_ENABLED || Debug_UART_HD_ENABLED))
  27:.\Generated_Source\PSoC5/Debug_UART_INT.c ****     /*******************************************************************************
  28:.\Generated_Source\PSoC5/Debug_UART_INT.c ****     * Function Name: Debug_UART_RXISR
  29:.\Generated_Source\PSoC5/Debug_UART_INT.c ****     ********************************************************************************
  30:.\Generated_Source\PSoC5/Debug_UART_INT.c ****     *
  31:.\Generated_Source\PSoC5/Debug_UART_INT.c ****     * Summary:
ARM GAS  C:\Users\Kyle\AppData\Local\Temp\ccgmtfsC.s 			page 2


  32:.\Generated_Source\PSoC5/Debug_UART_INT.c ****     *  Interrupt Service Routine for RX portion of the UART
  33:.\Generated_Source\PSoC5/Debug_UART_INT.c ****     *
  34:.\Generated_Source\PSoC5/Debug_UART_INT.c ****     * Parameters:
  35:.\Generated_Source\PSoC5/Debug_UART_INT.c ****     *  None.
  36:.\Generated_Source\PSoC5/Debug_UART_INT.c ****     *
  37:.\Generated_Source\PSoC5/Debug_UART_INT.c ****     * Return:
  38:.\Generated_Source\PSoC5/Debug_UART_INT.c ****     *  None.
  39:.\Generated_Source\PSoC5/Debug_UART_INT.c ****     *
  40:.\Generated_Source\PSoC5/Debug_UART_INT.c ****     * Global Variables:
  41:.\Generated_Source\PSoC5/Debug_UART_INT.c ****     *  Debug_UART_rxBuffer - RAM buffer pointer for save received data.
  42:.\Generated_Source\PSoC5/Debug_UART_INT.c ****     *  Debug_UART_rxBufferWrite - cyclic index for write to rxBuffer,
  43:.\Generated_Source\PSoC5/Debug_UART_INT.c ****     *     increments after each byte saved to buffer.
  44:.\Generated_Source\PSoC5/Debug_UART_INT.c ****     *  Debug_UART_rxBufferRead - cyclic index for read from rxBuffer,
  45:.\Generated_Source\PSoC5/Debug_UART_INT.c ****     *     checked to detect overflow condition.
  46:.\Generated_Source\PSoC5/Debug_UART_INT.c ****     *  Debug_UART_rxBufferOverflow - software overflow flag. Set to one
  47:.\Generated_Source\PSoC5/Debug_UART_INT.c ****     *     when Debug_UART_rxBufferWrite index overtakes
  48:.\Generated_Source\PSoC5/Debug_UART_INT.c ****     *     Debug_UART_rxBufferRead index.
  49:.\Generated_Source\PSoC5/Debug_UART_INT.c ****     *  Debug_UART_rxBufferLoopDetect - additional variable to detect overflow.
  50:.\Generated_Source\PSoC5/Debug_UART_INT.c ****     *     Set to one when Debug_UART_rxBufferWrite is equal to
  51:.\Generated_Source\PSoC5/Debug_UART_INT.c ****     *    Debug_UART_rxBufferRead
  52:.\Generated_Source\PSoC5/Debug_UART_INT.c ****     *  Debug_UART_rxAddressMode - this variable contains the Address mode,
  53:.\Generated_Source\PSoC5/Debug_UART_INT.c ****     *     selected in customizer or set by UART_SetRxAddressMode() API.
  54:.\Generated_Source\PSoC5/Debug_UART_INT.c ****     *  Debug_UART_rxAddressDetected - set to 1 when correct address received,
  55:.\Generated_Source\PSoC5/Debug_UART_INT.c ****     *     and analysed to store following addressed data bytes to the buffer.
  56:.\Generated_Source\PSoC5/Debug_UART_INT.c ****     *     When not correct address received, set to 0 to skip following data bytes.
  57:.\Generated_Source\PSoC5/Debug_UART_INT.c ****     *
  58:.\Generated_Source\PSoC5/Debug_UART_INT.c ****     *******************************************************************************/
  59:.\Generated_Source\PSoC5/Debug_UART_INT.c ****     CY_ISR(Debug_UART_RXISR)
  60:.\Generated_Source\PSoC5/Debug_UART_INT.c ****     {
  27              		.loc 1 60 0
  28              		.cfi_startproc
  29              		@ args = 0, pretend = 0, frame = 0
  30              		@ frame_needed = 0, uses_anonymous_args = 0
  31              		@ link register save eliminated.
  32              	.L6:
  61:.\Generated_Source\PSoC5/Debug_UART_INT.c ****         uint8 readData;
  62:.\Generated_Source\PSoC5/Debug_UART_INT.c ****         uint8 readStatus;
  63:.\Generated_Source\PSoC5/Debug_UART_INT.c ****         uint8 increment_pointer = 0u;
  64:.\Generated_Source\PSoC5/Debug_UART_INT.c **** 
  65:.\Generated_Source\PSoC5/Debug_UART_INT.c ****     #if(CY_PSOC3)
  66:.\Generated_Source\PSoC5/Debug_UART_INT.c ****         uint8 int_en;
  67:.\Generated_Source\PSoC5/Debug_UART_INT.c ****     #endif /* (CY_PSOC3) */
  68:.\Generated_Source\PSoC5/Debug_UART_INT.c **** 
  69:.\Generated_Source\PSoC5/Debug_UART_INT.c ****     #ifdef Debug_UART_RXISR_ENTRY_CALLBACK
  70:.\Generated_Source\PSoC5/Debug_UART_INT.c ****         Debug_UART_RXISR_EntryCallback();
  71:.\Generated_Source\PSoC5/Debug_UART_INT.c ****     #endif /* Debug_UART_RXISR_ENTRY_CALLBACK */
  72:.\Generated_Source\PSoC5/Debug_UART_INT.c **** 
  73:.\Generated_Source\PSoC5/Debug_UART_INT.c ****         /* User code required at start of ISR */
  74:.\Generated_Source\PSoC5/Debug_UART_INT.c ****         /* `#START Debug_UART_RXISR_START` */
  75:.\Generated_Source\PSoC5/Debug_UART_INT.c **** 
  76:.\Generated_Source\PSoC5/Debug_UART_INT.c ****         /* `#END` */
  77:.\Generated_Source\PSoC5/Debug_UART_INT.c **** 
  78:.\Generated_Source\PSoC5/Debug_UART_INT.c ****     #if(CY_PSOC3)   /* Make sure nested interrupt is enabled */
  79:.\Generated_Source\PSoC5/Debug_UART_INT.c ****         int_en = EA;
  80:.\Generated_Source\PSoC5/Debug_UART_INT.c ****         CyGlobalIntEnable;
  81:.\Generated_Source\PSoC5/Debug_UART_INT.c ****     #endif /* (CY_PSOC3) */
  82:.\Generated_Source\PSoC5/Debug_UART_INT.c **** 
ARM GAS  C:\Users\Kyle\AppData\Local\Temp\ccgmtfsC.s 			page 3


  83:.\Generated_Source\PSoC5/Debug_UART_INT.c ****         do
  84:.\Generated_Source\PSoC5/Debug_UART_INT.c ****         {
  85:.\Generated_Source\PSoC5/Debug_UART_INT.c ****             /* Read receiver status register */
  86:.\Generated_Source\PSoC5/Debug_UART_INT.c ****             readStatus = Debug_UART_RXSTATUS_REG;
  33              		.loc 1 86 0
  34 0000 1C4B     		ldr	r3, .L7
  35 0002 1B78     		ldrb	r3, [r3]	@ zero_extendqisi2
  36 0004 DBB2     		uxtb	r3, r3
  37              	.LVL0:
  87:.\Generated_Source\PSoC5/Debug_UART_INT.c ****             /* Copy the same status to readData variable for backward compatibility support 
  88:.\Generated_Source\PSoC5/Debug_UART_INT.c ****             *  of the user code in Debug_UART_RXISR_ERROR` section. 
  89:.\Generated_Source\PSoC5/Debug_UART_INT.c ****             */
  90:.\Generated_Source\PSoC5/Debug_UART_INT.c ****             readData = readStatus;
  91:.\Generated_Source\PSoC5/Debug_UART_INT.c **** 
  92:.\Generated_Source\PSoC5/Debug_UART_INT.c ****             if((readStatus & (Debug_UART_RX_STS_BREAK | 
  38              		.loc 1 92 0
  39 0006 13F01E0F 		tst	r3, #30
  40 000a 05D0     		beq	.L2
  93:.\Generated_Source\PSoC5/Debug_UART_INT.c ****                             Debug_UART_RX_STS_PAR_ERROR |
  94:.\Generated_Source\PSoC5/Debug_UART_INT.c ****                             Debug_UART_RX_STS_STOP_ERROR | 
  95:.\Generated_Source\PSoC5/Debug_UART_INT.c ****                             Debug_UART_RX_STS_OVERRUN)) != 0u)
  96:.\Generated_Source\PSoC5/Debug_UART_INT.c ****             {
  97:.\Generated_Source\PSoC5/Debug_UART_INT.c ****                 /* ERROR handling. */
  98:.\Generated_Source\PSoC5/Debug_UART_INT.c ****                 Debug_UART_errorStatus |= readStatus & ( Debug_UART_RX_STS_BREAK | 
  41              		.loc 1 98 0
  42 000c 1A48     		ldr	r0, .L7+4
  43 000e 03F01E02 		and	r2, r3, #30
  44 0012 0178     		ldrb	r1, [r0]	@ zero_extendqisi2
  45 0014 0A43     		orrs	r2, r2, r1
  46 0016 0270     		strb	r2, [r0]
  47              	.L2:
  99:.\Generated_Source\PSoC5/Debug_UART_INT.c ****                                                             Debug_UART_RX_STS_PAR_ERROR | 
 100:.\Generated_Source\PSoC5/Debug_UART_INT.c ****                                                             Debug_UART_RX_STS_STOP_ERROR | 
 101:.\Generated_Source\PSoC5/Debug_UART_INT.c ****                                                             Debug_UART_RX_STS_OVERRUN);
 102:.\Generated_Source\PSoC5/Debug_UART_INT.c ****                 /* `#START Debug_UART_RXISR_ERROR` */
 103:.\Generated_Source\PSoC5/Debug_UART_INT.c **** 
 104:.\Generated_Source\PSoC5/Debug_UART_INT.c ****                 /* `#END` */
 105:.\Generated_Source\PSoC5/Debug_UART_INT.c ****                 
 106:.\Generated_Source\PSoC5/Debug_UART_INT.c ****             #ifdef Debug_UART_RXISR_ERROR_CALLBACK
 107:.\Generated_Source\PSoC5/Debug_UART_INT.c ****                 Debug_UART_RXISR_ERROR_Callback();
 108:.\Generated_Source\PSoC5/Debug_UART_INT.c ****             #endif /* Debug_UART_RXISR_ERROR_CALLBACK */
 109:.\Generated_Source\PSoC5/Debug_UART_INT.c ****             }
 110:.\Generated_Source\PSoC5/Debug_UART_INT.c ****             
 111:.\Generated_Source\PSoC5/Debug_UART_INT.c ****             if((readStatus & Debug_UART_RX_STS_FIFO_NOTEMPTY) != 0u)
  48              		.loc 1 111 0
  49 0018 03F02003 		and	r3, r3, #32
  50              	.LVL1:
  51 001c 03F0FF02 		and	r2, r3, #255
  52 0020 2BB3     		cbz	r3, .L3
 112:.\Generated_Source\PSoC5/Debug_UART_INT.c ****             {
 113:.\Generated_Source\PSoC5/Debug_UART_INT.c ****                 /* Read data from the RX data register */
 114:.\Generated_Source\PSoC5/Debug_UART_INT.c ****                 readData = Debug_UART_RXDATA_REG;
  53              		.loc 1 114 0
  54 0022 164B     		ldr	r3, .L7+8
  55 0024 1978     		ldrb	r1, [r3]	@ zero_extendqisi2
  56 0026 C9B2     		uxtb	r1, r1
  57              	.LVL2:
ARM GAS  C:\Users\Kyle\AppData\Local\Temp\ccgmtfsC.s 			page 4


 115:.\Generated_Source\PSoC5/Debug_UART_INT.c ****             #if (Debug_UART_RXHW_ADDRESS_ENABLED)
 116:.\Generated_Source\PSoC5/Debug_UART_INT.c ****                 if(Debug_UART_rxAddressMode == (uint8)Debug_UART__B_UART__AM_SW_DETECT_TO_BUFFER)
 117:.\Generated_Source\PSoC5/Debug_UART_INT.c ****                 {
 118:.\Generated_Source\PSoC5/Debug_UART_INT.c ****                     if((readStatus & Debug_UART_RX_STS_MRKSPC) != 0u)
 119:.\Generated_Source\PSoC5/Debug_UART_INT.c ****                     {
 120:.\Generated_Source\PSoC5/Debug_UART_INT.c ****                         if ((readStatus & Debug_UART_RX_STS_ADDR_MATCH) != 0u)
 121:.\Generated_Source\PSoC5/Debug_UART_INT.c ****                         {
 122:.\Generated_Source\PSoC5/Debug_UART_INT.c ****                             Debug_UART_rxAddressDetected = 1u;
 123:.\Generated_Source\PSoC5/Debug_UART_INT.c ****                         }
 124:.\Generated_Source\PSoC5/Debug_UART_INT.c ****                         else
 125:.\Generated_Source\PSoC5/Debug_UART_INT.c ****                         {
 126:.\Generated_Source\PSoC5/Debug_UART_INT.c ****                             Debug_UART_rxAddressDetected = 0u;
 127:.\Generated_Source\PSoC5/Debug_UART_INT.c ****                         }
 128:.\Generated_Source\PSoC5/Debug_UART_INT.c ****                     }
 129:.\Generated_Source\PSoC5/Debug_UART_INT.c ****                     if(Debug_UART_rxAddressDetected != 0u)
 130:.\Generated_Source\PSoC5/Debug_UART_INT.c ****                     {   /* Store only addressed data */
 131:.\Generated_Source\PSoC5/Debug_UART_INT.c ****                         Debug_UART_rxBuffer[Debug_UART_rxBufferWrite] = readData;
 132:.\Generated_Source\PSoC5/Debug_UART_INT.c ****                         increment_pointer = 1u;
 133:.\Generated_Source\PSoC5/Debug_UART_INT.c ****                     }
 134:.\Generated_Source\PSoC5/Debug_UART_INT.c ****                 }
 135:.\Generated_Source\PSoC5/Debug_UART_INT.c ****                 else /* Without software addressing */
 136:.\Generated_Source\PSoC5/Debug_UART_INT.c ****                 {
 137:.\Generated_Source\PSoC5/Debug_UART_INT.c ****                     Debug_UART_rxBuffer[Debug_UART_rxBufferWrite] = readData;
 138:.\Generated_Source\PSoC5/Debug_UART_INT.c ****                     increment_pointer = 1u;
 139:.\Generated_Source\PSoC5/Debug_UART_INT.c ****                 }
 140:.\Generated_Source\PSoC5/Debug_UART_INT.c ****             #else  /* Without addressing */
 141:.\Generated_Source\PSoC5/Debug_UART_INT.c ****                 Debug_UART_rxBuffer[Debug_UART_rxBufferWrite] = readData;
  58              		.loc 1 141 0
  59 0028 154B     		ldr	r3, .L7+12
  60 002a 1B78     		ldrb	r3, [r3]	@ zero_extendqisi2
  61 002c DBB2     		uxtb	r3, r3
  62 002e 1548     		ldr	r0, .L7+16
  63 0030 C154     		strb	r1, [r0, r3]
  64              	.LVL3:
 142:.\Generated_Source\PSoC5/Debug_UART_INT.c ****                 increment_pointer = 1u;
 143:.\Generated_Source\PSoC5/Debug_UART_INT.c ****             #endif /* (Debug_UART_RXHW_ADDRESS_ENABLED) */
 144:.\Generated_Source\PSoC5/Debug_UART_INT.c **** 
 145:.\Generated_Source\PSoC5/Debug_UART_INT.c ****                 /* Do not increment buffer pointer when skip not addressed data */
 146:.\Generated_Source\PSoC5/Debug_UART_INT.c ****                 if(increment_pointer != 0u)
 147:.\Generated_Source\PSoC5/Debug_UART_INT.c ****                 {
 148:.\Generated_Source\PSoC5/Debug_UART_INT.c ****                     if(Debug_UART_rxBufferLoopDetect != 0u)
  65              		.loc 1 148 0
  66 0032 154B     		ldr	r3, .L7+20
  67 0034 1B78     		ldrb	r3, [r3]	@ zero_extendqisi2
  68 0036 13F0FF0F 		tst	r3, #255
  69 003a 02D0     		beq	.L4
 149:.\Generated_Source\PSoC5/Debug_UART_INT.c ****                     {   /* Set Software Buffer status Overflow */
 150:.\Generated_Source\PSoC5/Debug_UART_INT.c ****                         Debug_UART_rxBufferOverflow = 1u;
  70              		.loc 1 150 0
  71 003c 0121     		movs	r1, #1
  72              	.LVL4:
  73 003e 134B     		ldr	r3, .L7+24
  74 0040 1970     		strb	r1, [r3]
  75              	.L4:
 151:.\Generated_Source\PSoC5/Debug_UART_INT.c ****                     }
 152:.\Generated_Source\PSoC5/Debug_UART_INT.c ****                     /* Set next pointer. */
 153:.\Generated_Source\PSoC5/Debug_UART_INT.c ****                     Debug_UART_rxBufferWrite++;
ARM GAS  C:\Users\Kyle\AppData\Local\Temp\ccgmtfsC.s 			page 5


  76              		.loc 1 153 0
  77 0042 0F49     		ldr	r1, .L7+12
  78 0044 0B78     		ldrb	r3, [r1]	@ zero_extendqisi2
  79 0046 0133     		adds	r3, r3, #1
  80 0048 DBB2     		uxtb	r3, r3
  81 004a 0B70     		strb	r3, [r1]
 154:.\Generated_Source\PSoC5/Debug_UART_INT.c **** 
 155:.\Generated_Source\PSoC5/Debug_UART_INT.c ****                     /* Check pointer for a loop condition */
 156:.\Generated_Source\PSoC5/Debug_UART_INT.c ****                     if(Debug_UART_rxBufferWrite >= Debug_UART_RX_BUFFER_SIZE)
  82              		.loc 1 156 0
  83 004c 0B78     		ldrb	r3, [r1]	@ zero_extendqisi2
  84 004e DBB2     		uxtb	r3, r3
  85 0050 3F2B     		cmp	r3, #63
  86 0052 02D9     		bls	.L5
 157:.\Generated_Source\PSoC5/Debug_UART_INT.c ****                     {
 158:.\Generated_Source\PSoC5/Debug_UART_INT.c ****                         Debug_UART_rxBufferWrite = 0u;
  87              		.loc 1 158 0
  88 0054 0021     		movs	r1, #0
  89 0056 0A4B     		ldr	r3, .L7+12
  90 0058 1970     		strb	r1, [r3]
  91              	.L5:
 159:.\Generated_Source\PSoC5/Debug_UART_INT.c ****                     }
 160:.\Generated_Source\PSoC5/Debug_UART_INT.c **** 
 161:.\Generated_Source\PSoC5/Debug_UART_INT.c ****                     /* Detect pre-overload condition and set flag */
 162:.\Generated_Source\PSoC5/Debug_UART_INT.c ****                     if(Debug_UART_rxBufferWrite == Debug_UART_rxBufferRead)
  92              		.loc 1 162 0
  93 005a 094B     		ldr	r3, .L7+12
  94 005c 1B78     		ldrb	r3, [r3]	@ zero_extendqisi2
  95 005e 0C49     		ldr	r1, .L7+28
  96 0060 0978     		ldrb	r1, [r1]	@ zero_extendqisi2
  97 0062 DBB2     		uxtb	r3, r3
  98 0064 8B42     		cmp	r3, r1
  99 0066 02D1     		bne	.L3
 163:.\Generated_Source\PSoC5/Debug_UART_INT.c ****                     {
 164:.\Generated_Source\PSoC5/Debug_UART_INT.c ****                         Debug_UART_rxBufferLoopDetect = 1u;
 100              		.loc 1 164 0
 101 0068 0121     		movs	r1, #1
 102 006a 074B     		ldr	r3, .L7+20
 103 006c 1970     		strb	r1, [r3]
 104              	.LVL5:
 105              	.L3:
 165:.\Generated_Source\PSoC5/Debug_UART_INT.c ****                         /* When Hardware Flow Control selected */
 166:.\Generated_Source\PSoC5/Debug_UART_INT.c ****                         #if (Debug_UART_FLOW_CONTROL != 0u)
 167:.\Generated_Source\PSoC5/Debug_UART_INT.c ****                             /* Disable RX interrupt mask, it is enabled when user read data from th
 168:.\Generated_Source\PSoC5/Debug_UART_INT.c ****                             Debug_UART_RXSTATUS_MASK_REG  &= (uint8)~Debug_UART_RX_STS_FIFO_NOTEMPT
 169:.\Generated_Source\PSoC5/Debug_UART_INT.c ****                             CyIntClearPending(Debug_UART_RX_VECT_NUM);
 170:.\Generated_Source\PSoC5/Debug_UART_INT.c ****                             break; /* Break the reading of the FIFO loop, leave the data there for 
 171:.\Generated_Source\PSoC5/Debug_UART_INT.c ****                         #endif /* (Debug_UART_FLOW_CONTROL != 0u) */
 172:.\Generated_Source\PSoC5/Debug_UART_INT.c ****                     }
 173:.\Generated_Source\PSoC5/Debug_UART_INT.c ****                 }
 174:.\Generated_Source\PSoC5/Debug_UART_INT.c ****             }
 175:.\Generated_Source\PSoC5/Debug_UART_INT.c ****         }while((readStatus & Debug_UART_RX_STS_FIFO_NOTEMPTY) != 0u);
 106              		.loc 1 175 0
 107 006e 002A     		cmp	r2, #0
 108 0070 C6D1     		bne	.L6
 176:.\Generated_Source\PSoC5/Debug_UART_INT.c **** 
 177:.\Generated_Source\PSoC5/Debug_UART_INT.c ****         /* User code required at end of ISR (Optional) */
ARM GAS  C:\Users\Kyle\AppData\Local\Temp\ccgmtfsC.s 			page 6


 178:.\Generated_Source\PSoC5/Debug_UART_INT.c ****         /* `#START Debug_UART_RXISR_END` */
 179:.\Generated_Source\PSoC5/Debug_UART_INT.c **** 
 180:.\Generated_Source\PSoC5/Debug_UART_INT.c ****         /* `#END` */
 181:.\Generated_Source\PSoC5/Debug_UART_INT.c **** 
 182:.\Generated_Source\PSoC5/Debug_UART_INT.c ****     #ifdef Debug_UART_RXISR_EXIT_CALLBACK
 183:.\Generated_Source\PSoC5/Debug_UART_INT.c ****         Debug_UART_RXISR_ExitCallback();
 184:.\Generated_Source\PSoC5/Debug_UART_INT.c ****     #endif /* Debug_UART_RXISR_EXIT_CALLBACK */
 185:.\Generated_Source\PSoC5/Debug_UART_INT.c **** 
 186:.\Generated_Source\PSoC5/Debug_UART_INT.c ****     #if(CY_PSOC3)
 187:.\Generated_Source\PSoC5/Debug_UART_INT.c ****         EA = int_en;
 188:.\Generated_Source\PSoC5/Debug_UART_INT.c ****     #endif /* (CY_PSOC3) */
 189:.\Generated_Source\PSoC5/Debug_UART_INT.c ****     }
 109              		.loc 1 189 0
 110 0072 7047     		bx	lr
 111              	.L8:
 112              		.align	2
 113              	.L7:
 114 0074 68650040 		.word	1073767784
 115 0078 00000000 		.word	Debug_UART_errorStatus
 116 007c 4B650040 		.word	1073767755
 117 0080 00000000 		.word	Debug_UART_rxBufferWrite
 118 0084 00000000 		.word	Debug_UART_rxBuffer
 119 0088 00000000 		.word	Debug_UART_rxBufferLoopDetect
 120 008c 00000000 		.word	Debug_UART_rxBufferOverflow
 121 0090 00000000 		.word	Debug_UART_rxBufferRead
 122              		.cfi_endproc
 123              	.LFE0:
 124              		.size	Debug_UART_RXISR, .-Debug_UART_RXISR
 125              		.section	.text.Debug_UART_TXISR,"ax",%progbits
 126              		.align	2
 127              		.global	Debug_UART_TXISR
 128              		.thumb
 129              		.thumb_func
 130              		.type	Debug_UART_TXISR, %function
 131              	Debug_UART_TXISR:
 132              	.LFB1:
 190:.\Generated_Source\PSoC5/Debug_UART_INT.c ****     
 191:.\Generated_Source\PSoC5/Debug_UART_INT.c **** #endif /* (Debug_UART_RX_INTERRUPT_ENABLED && (Debug_UART_RX_ENABLED || Debug_UART_HD_ENABLED)) */
 192:.\Generated_Source\PSoC5/Debug_UART_INT.c **** 
 193:.\Generated_Source\PSoC5/Debug_UART_INT.c **** 
 194:.\Generated_Source\PSoC5/Debug_UART_INT.c **** #if (Debug_UART_TX_INTERRUPT_ENABLED && Debug_UART_TX_ENABLED)
 195:.\Generated_Source\PSoC5/Debug_UART_INT.c ****     /*******************************************************************************
 196:.\Generated_Source\PSoC5/Debug_UART_INT.c ****     * Function Name: Debug_UART_TXISR
 197:.\Generated_Source\PSoC5/Debug_UART_INT.c ****     ********************************************************************************
 198:.\Generated_Source\PSoC5/Debug_UART_INT.c ****     *
 199:.\Generated_Source\PSoC5/Debug_UART_INT.c ****     * Summary:
 200:.\Generated_Source\PSoC5/Debug_UART_INT.c ****     * Interrupt Service Routine for the TX portion of the UART
 201:.\Generated_Source\PSoC5/Debug_UART_INT.c ****     *
 202:.\Generated_Source\PSoC5/Debug_UART_INT.c ****     * Parameters:
 203:.\Generated_Source\PSoC5/Debug_UART_INT.c ****     *  None.
 204:.\Generated_Source\PSoC5/Debug_UART_INT.c ****     *
 205:.\Generated_Source\PSoC5/Debug_UART_INT.c ****     * Return:
 206:.\Generated_Source\PSoC5/Debug_UART_INT.c ****     *  None.
 207:.\Generated_Source\PSoC5/Debug_UART_INT.c ****     *
 208:.\Generated_Source\PSoC5/Debug_UART_INT.c ****     * Global Variables:
 209:.\Generated_Source\PSoC5/Debug_UART_INT.c ****     *  Debug_UART_txBuffer - RAM buffer pointer for transmit data from.
 210:.\Generated_Source\PSoC5/Debug_UART_INT.c ****     *  Debug_UART_txBufferRead - cyclic index for read and transmit data
ARM GAS  C:\Users\Kyle\AppData\Local\Temp\ccgmtfsC.s 			page 7


 211:.\Generated_Source\PSoC5/Debug_UART_INT.c ****     *     from txBuffer, increments after each transmitted byte.
 212:.\Generated_Source\PSoC5/Debug_UART_INT.c ****     *  Debug_UART_rxBufferWrite - cyclic index for write to txBuffer,
 213:.\Generated_Source\PSoC5/Debug_UART_INT.c ****     *     checked to detect available for transmission bytes.
 214:.\Generated_Source\PSoC5/Debug_UART_INT.c ****     *
 215:.\Generated_Source\PSoC5/Debug_UART_INT.c ****     *******************************************************************************/
 216:.\Generated_Source\PSoC5/Debug_UART_INT.c ****     CY_ISR(Debug_UART_TXISR)
 217:.\Generated_Source\PSoC5/Debug_UART_INT.c ****     {
 133              		.loc 1 217 0
 134              		.cfi_startproc
 135              		@ args = 0, pretend = 0, frame = 0
 136              		@ frame_needed = 0, uses_anonymous_args = 0
 137              		@ link register save eliminated.
 218:.\Generated_Source\PSoC5/Debug_UART_INT.c ****     #if(CY_PSOC3)
 219:.\Generated_Source\PSoC5/Debug_UART_INT.c ****         uint8 int_en;
 220:.\Generated_Source\PSoC5/Debug_UART_INT.c ****     #endif /* (CY_PSOC3) */
 221:.\Generated_Source\PSoC5/Debug_UART_INT.c **** 
 222:.\Generated_Source\PSoC5/Debug_UART_INT.c ****     #ifdef Debug_UART_TXISR_ENTRY_CALLBACK
 223:.\Generated_Source\PSoC5/Debug_UART_INT.c ****         Debug_UART_TXISR_EntryCallback();
 224:.\Generated_Source\PSoC5/Debug_UART_INT.c ****     #endif /* Debug_UART_TXISR_ENTRY_CALLBACK */
 225:.\Generated_Source\PSoC5/Debug_UART_INT.c **** 
 226:.\Generated_Source\PSoC5/Debug_UART_INT.c ****         /* User code required at start of ISR */
 227:.\Generated_Source\PSoC5/Debug_UART_INT.c ****         /* `#START Debug_UART_TXISR_START` */
 228:.\Generated_Source\PSoC5/Debug_UART_INT.c **** 
 229:.\Generated_Source\PSoC5/Debug_UART_INT.c ****         /* `#END` */
 230:.\Generated_Source\PSoC5/Debug_UART_INT.c **** 
 231:.\Generated_Source\PSoC5/Debug_UART_INT.c ****     #if(CY_PSOC3)   /* Make sure nested interrupt is enabled */
 232:.\Generated_Source\PSoC5/Debug_UART_INT.c ****         int_en = EA;
 233:.\Generated_Source\PSoC5/Debug_UART_INT.c ****         CyGlobalIntEnable;
 234:.\Generated_Source\PSoC5/Debug_UART_INT.c ****     #endif /* (CY_PSOC3) */
 235:.\Generated_Source\PSoC5/Debug_UART_INT.c **** 
 236:.\Generated_Source\PSoC5/Debug_UART_INT.c ****         while((Debug_UART_txBufferRead != Debug_UART_txBufferWrite) &&
 138              		.loc 1 236 0
 139 0000 13E0     		b	.L10
 140              	.L13:
 237:.\Generated_Source\PSoC5/Debug_UART_INT.c ****              ((Debug_UART_TXSTATUS_REG & Debug_UART_TX_STS_FIFO_FULL) == 0u))
 238:.\Generated_Source\PSoC5/Debug_UART_INT.c ****         {
 239:.\Generated_Source\PSoC5/Debug_UART_INT.c ****             /* Check pointer wrap around */
 240:.\Generated_Source\PSoC5/Debug_UART_INT.c ****             if(Debug_UART_txBufferRead >= Debug_UART_TX_BUFFER_SIZE)
 141              		.loc 1 240 0
 142 0002 104B     		ldr	r3, .L14
 143 0004 1B78     		ldrb	r3, [r3]	@ zero_extendqisi2
 144 0006 DBB2     		uxtb	r3, r3
 145 0008 3F2B     		cmp	r3, #63
 146 000a 02D9     		bls	.L11
 241:.\Generated_Source\PSoC5/Debug_UART_INT.c ****             {
 242:.\Generated_Source\PSoC5/Debug_UART_INT.c ****                 Debug_UART_txBufferRead = 0u;
 147              		.loc 1 242 0
 148 000c 0022     		movs	r2, #0
 149 000e 0D4B     		ldr	r3, .L14
 150 0010 1A70     		strb	r2, [r3]
 151              	.L11:
 243:.\Generated_Source\PSoC5/Debug_UART_INT.c ****             }
 244:.\Generated_Source\PSoC5/Debug_UART_INT.c **** 
 245:.\Generated_Source\PSoC5/Debug_UART_INT.c ****             Debug_UART_TXDATA_REG = Debug_UART_txBuffer[Debug_UART_txBufferRead];
 152              		.loc 1 245 0
 153 0012 0C4A     		ldr	r2, .L14
 154 0014 1378     		ldrb	r3, [r2]	@ zero_extendqisi2
ARM GAS  C:\Users\Kyle\AppData\Local\Temp\ccgmtfsC.s 			page 8


 155 0016 DBB2     		uxtb	r3, r3
 156 0018 0B49     		ldr	r1, .L14+4
 157 001a CB5C     		ldrb	r3, [r1, r3]	@ zero_extendqisi2
 158 001c DBB2     		uxtb	r3, r3
 159 001e 0B49     		ldr	r1, .L14+8
 160 0020 0B70     		strb	r3, [r1]
 246:.\Generated_Source\PSoC5/Debug_UART_INT.c **** 
 247:.\Generated_Source\PSoC5/Debug_UART_INT.c ****             /* Set next pointer */
 248:.\Generated_Source\PSoC5/Debug_UART_INT.c ****             Debug_UART_txBufferRead++;
 161              		.loc 1 248 0
 162 0022 1378     		ldrb	r3, [r2]	@ zero_extendqisi2
 163 0024 0133     		adds	r3, r3, #1
 164 0026 DBB2     		uxtb	r3, r3
 165 0028 1370     		strb	r3, [r2]
 166              	.L10:
 236:.\Generated_Source\PSoC5/Debug_UART_INT.c ****              ((Debug_UART_TXSTATUS_REG & Debug_UART_TX_STS_FIFO_FULL) == 0u))
 167              		.loc 1 236 0
 168 002a 064B     		ldr	r3, .L14
 169 002c 1B78     		ldrb	r3, [r3]	@ zero_extendqisi2
 170 002e DBB2     		uxtb	r3, r3
 171 0030 074A     		ldr	r2, .L14+12
 172 0032 1278     		ldrb	r2, [r2]	@ zero_extendqisi2
 173 0034 9342     		cmp	r3, r2
 174 0036 04D0     		beq	.L9
 237:.\Generated_Source\PSoC5/Debug_UART_INT.c ****         {
 175              		.loc 1 237 0 discriminator 1
 176 0038 064B     		ldr	r3, .L14+16
 177 003a 1B78     		ldrb	r3, [r3]	@ zero_extendqisi2
 236:.\Generated_Source\PSoC5/Debug_UART_INT.c ****              ((Debug_UART_TXSTATUS_REG & Debug_UART_TX_STS_FIFO_FULL) == 0u))
 178              		.loc 1 236 0 discriminator 1
 179 003c 13F0040F 		tst	r3, #4
 180 0040 DFD0     		beq	.L13
 181              	.L9:
 182 0042 7047     		bx	lr
 183              	.L15:
 184              		.align	2
 185              	.L14:
 186 0044 00000000 		.word	Debug_UART_txBufferRead
 187 0048 00000000 		.word	Debug_UART_txBuffer
 188 004c 49650040 		.word	1073767753
 189 0050 00000000 		.word	Debug_UART_txBufferWrite
 190 0054 69650040 		.word	1073767785
 191              		.cfi_endproc
 192              	.LFE1:
 193              		.size	Debug_UART_TXISR, .-Debug_UART_TXISR
 194              		.text
 195              	.Letext0:
 196              		.file 2 ".\\Generated_Source\\PSoC5\\cytypes.h"
 197              		.file 3 ".\\Generated_Source\\PSoC5\\Debug_UART.h"
 198              		.section	.debug_info,"",%progbits
 199              	.Ldebug_info0:
 200 0000 7A010000 		.4byte	0x17a
 201 0004 0400     		.2byte	0x4
 202 0006 00000000 		.4byte	.Ldebug_abbrev0
 203 000a 04       		.byte	0x4
 204 000b 01       		.uleb128 0x1
 205 000c 0E010000 		.4byte	.LASF27
ARM GAS  C:\Users\Kyle\AppData\Local\Temp\ccgmtfsC.s 			page 9


 206 0010 01       		.byte	0x1
 207 0011 00000000 		.4byte	.LASF28
 208 0015 02020000 		.4byte	.LASF29
 209 0019 00000000 		.4byte	.Ldebug_ranges0+0
 210 001d 00000000 		.4byte	0
 211 0021 00000000 		.4byte	.Ldebug_line0
 212 0025 02       		.uleb128 0x2
 213 0026 01       		.byte	0x1
 214 0027 06       		.byte	0x6
 215 0028 C3020000 		.4byte	.LASF0
 216 002c 02       		.uleb128 0x2
 217 002d 01       		.byte	0x1
 218 002e 08       		.byte	0x8
 219 002f B7000000 		.4byte	.LASF1
 220 0033 02       		.uleb128 0x2
 221 0034 02       		.byte	0x2
 222 0035 05       		.byte	0x5
 223 0036 84020000 		.4byte	.LASF2
 224 003a 02       		.uleb128 0x2
 225 003b 02       		.byte	0x2
 226 003c 07       		.byte	0x7
 227 003d 39000000 		.4byte	.LASF3
 228 0041 02       		.uleb128 0x2
 229 0042 04       		.byte	0x4
 230 0043 05       		.byte	0x5
 231 0044 30000000 		.4byte	.LASF4
 232 0048 02       		.uleb128 0x2
 233 0049 04       		.byte	0x4
 234 004a 07       		.byte	0x7
 235 004b CA000000 		.4byte	.LASF5
 236 004f 02       		.uleb128 0x2
 237 0050 08       		.byte	0x8
 238 0051 05       		.byte	0x5
 239 0052 E2010000 		.4byte	.LASF6
 240 0056 02       		.uleb128 0x2
 241 0057 08       		.byte	0x8
 242 0058 07       		.byte	0x7
 243 0059 C2010000 		.4byte	.LASF7
 244 005d 03       		.uleb128 0x3
 245 005e 04       		.byte	0x4
 246 005f 05       		.byte	0x5
 247 0060 696E7400 		.ascii	"int\000"
 248 0064 02       		.uleb128 0x2
 249 0065 04       		.byte	0x4
 250 0066 07       		.byte	0x7
 251 0067 9C010000 		.4byte	.LASF8
 252 006b 04       		.uleb128 0x4
 253 006c DC000000 		.4byte	.LASF12
 254 0070 02       		.byte	0x2
 255 0071 C2       		.byte	0xc2
 256 0072 2C000000 		.4byte	0x2c
 257 0076 02       		.uleb128 0x2
 258 0077 04       		.byte	0x4
 259 0078 04       		.byte	0x4
 260 0079 2A000000 		.4byte	.LASF9
 261 007d 02       		.uleb128 0x2
 262 007e 08       		.byte	0x8
ARM GAS  C:\Users\Kyle\AppData\Local\Temp\ccgmtfsC.s 			page 10


 263 007f 04       		.byte	0x4
 264 0080 E2000000 		.4byte	.LASF10
 265 0084 02       		.uleb128 0x2
 266 0085 01       		.byte	0x1
 267 0086 08       		.byte	0x8
 268 0087 A5020000 		.4byte	.LASF11
 269 008b 05       		.uleb128 0x5
 270 008c C5000000 		.4byte	.LASF13
 271 0090 02       		.byte	0x2
 272 0091 6C01     		.2byte	0x16c
 273 0093 97000000 		.4byte	0x97
 274 0097 06       		.uleb128 0x6
 275 0098 6B000000 		.4byte	0x6b
 276 009c 02       		.uleb128 0x2
 277 009d 04       		.byte	0x4
 278 009e 07       		.byte	0x7
 279 009f D9010000 		.4byte	.LASF14
 280 00a3 07       		.uleb128 0x7
 281 00a4 E9000000 		.4byte	.LASF30
 282 00a8 01       		.byte	0x1
 283 00a9 3B       		.byte	0x3b
 284 00aa 00000000 		.4byte	.LFB0
 285 00ae 94000000 		.4byte	.LFE0-.LFB0
 286 00b2 01       		.uleb128 0x1
 287 00b3 9C       		.byte	0x9c
 288 00b4 E6000000 		.4byte	0xe6
 289 00b8 08       		.uleb128 0x8
 290 00b9 CF020000 		.4byte	.LASF15
 291 00bd 01       		.byte	0x1
 292 00be 3D       		.byte	0x3d
 293 00bf 6B000000 		.4byte	0x6b
 294 00c3 00000000 		.4byte	.LLST0
 295 00c7 08       		.uleb128 0x8
 296 00c8 94000000 		.4byte	.LASF16
 297 00cc 01       		.byte	0x1
 298 00cd 3E       		.byte	0x3e
 299 00ce 6B000000 		.4byte	0x6b
 300 00d2 1E000000 		.4byte	.LLST1
 301 00d6 08       		.uleb128 0x8
 302 00d7 F0010000 		.4byte	.LASF17
 303 00db 01       		.byte	0x1
 304 00dc 3F       		.byte	0x3f
 305 00dd 6B000000 		.4byte	0x6b
 306 00e1 31000000 		.4byte	.LLST2
 307 00e5 00       		.byte	0
 308 00e6 09       		.uleb128 0x9
 309 00e7 D8020000 		.4byte	.LASF31
 310 00eb 01       		.byte	0x1
 311 00ec D8       		.byte	0xd8
 312 00ed 00000000 		.4byte	.LFB1
 313 00f1 58000000 		.4byte	.LFE1-.LFB1
 314 00f5 01       		.uleb128 0x1
 315 00f6 9C       		.byte	0x9c
 316 00f7 0A       		.uleb128 0xa
 317 00f8 6B000000 		.4byte	0x6b
 318 00fc 07010000 		.4byte	0x107
 319 0100 0B       		.uleb128 0xb
ARM GAS  C:\Users\Kyle\AppData\Local\Temp\ccgmtfsC.s 			page 11


 320 0101 9C000000 		.4byte	0x9c
 321 0105 3F       		.byte	0x3f
 322 0106 00       		.byte	0
 323 0107 0C       		.uleb128 0xc
 324 0108 4C000000 		.4byte	.LASF18
 325 010c 03       		.byte	0x3
 326 010d 3801     		.2byte	0x138
 327 010f 13010000 		.4byte	0x113
 328 0113 06       		.uleb128 0x6
 329 0114 F7000000 		.4byte	0xf7
 330 0118 0C       		.uleb128 0xc
 331 0119 7C000000 		.4byte	.LASF19
 332 011d 03       		.byte	0x3
 333 011e 3901     		.2byte	0x139
 334 0120 97000000 		.4byte	0x97
 335 0124 0C       		.uleb128 0xc
 336 0125 AA020000 		.4byte	.LASF20
 337 0129 03       		.byte	0x3
 338 012a 3A01     		.2byte	0x13a
 339 012c 6B000000 		.4byte	0x6b
 340 0130 0C       		.uleb128 0xc
 341 0131 8E020000 		.4byte	.LASF21
 342 0135 03       		.byte	0x3
 343 0136 3D01     		.2byte	0x13d
 344 0138 6B000000 		.4byte	0x6b
 345 013c 0C       		.uleb128 0xc
 346 013d FA000000 		.4byte	.LASF22
 347 0141 03       		.byte	0x3
 348 0142 3E01     		.2byte	0x13e
 349 0144 48010000 		.4byte	0x148
 350 0148 06       		.uleb128 0x6
 351 0149 F7000000 		.4byte	0xf7
 352 014d 0C       		.uleb128 0xc
 353 014e 9F000000 		.4byte	.LASF23
 354 0152 03       		.byte	0x3
 355 0153 3F01     		.2byte	0x13f
 356 0155 97000000 		.4byte	0x97
 357 0159 0C       		.uleb128 0xc
 358 015a A9010000 		.4byte	.LASF24
 359 015e 03       		.byte	0x3
 360 015f 4001     		.2byte	0x140
 361 0161 97000000 		.4byte	0x97
 362 0165 0C       		.uleb128 0xc
 363 0166 66020000 		.4byte	.LASF25
 364 016a 03       		.byte	0x3
 365 016b 4101     		.2byte	0x141
 366 016d 97000000 		.4byte	0x97
 367 0171 0C       		.uleb128 0xc
 368 0172 60000000 		.4byte	.LASF26
 369 0176 03       		.byte	0x3
 370 0177 4201     		.2byte	0x142
 371 0179 97000000 		.4byte	0x97
 372 017d 00       		.byte	0
 373              		.section	.debug_abbrev,"",%progbits
 374              	.Ldebug_abbrev0:
 375 0000 01       		.uleb128 0x1
 376 0001 11       		.uleb128 0x11
ARM GAS  C:\Users\Kyle\AppData\Local\Temp\ccgmtfsC.s 			page 12


 377 0002 01       		.byte	0x1
 378 0003 25       		.uleb128 0x25
 379 0004 0E       		.uleb128 0xe
 380 0005 13       		.uleb128 0x13
 381 0006 0B       		.uleb128 0xb
 382 0007 03       		.uleb128 0x3
 383 0008 0E       		.uleb128 0xe
 384 0009 1B       		.uleb128 0x1b
 385 000a 0E       		.uleb128 0xe
 386 000b 55       		.uleb128 0x55
 387 000c 17       		.uleb128 0x17
 388 000d 11       		.uleb128 0x11
 389 000e 01       		.uleb128 0x1
 390 000f 10       		.uleb128 0x10
 391 0010 17       		.uleb128 0x17
 392 0011 00       		.byte	0
 393 0012 00       		.byte	0
 394 0013 02       		.uleb128 0x2
 395 0014 24       		.uleb128 0x24
 396 0015 00       		.byte	0
 397 0016 0B       		.uleb128 0xb
 398 0017 0B       		.uleb128 0xb
 399 0018 3E       		.uleb128 0x3e
 400 0019 0B       		.uleb128 0xb
 401 001a 03       		.uleb128 0x3
 402 001b 0E       		.uleb128 0xe
 403 001c 00       		.byte	0
 404 001d 00       		.byte	0
 405 001e 03       		.uleb128 0x3
 406 001f 24       		.uleb128 0x24
 407 0020 00       		.byte	0
 408 0021 0B       		.uleb128 0xb
 409 0022 0B       		.uleb128 0xb
 410 0023 3E       		.uleb128 0x3e
 411 0024 0B       		.uleb128 0xb
 412 0025 03       		.uleb128 0x3
 413 0026 08       		.uleb128 0x8
 414 0027 00       		.byte	0
 415 0028 00       		.byte	0
 416 0029 04       		.uleb128 0x4
 417 002a 16       		.uleb128 0x16
 418 002b 00       		.byte	0
 419 002c 03       		.uleb128 0x3
 420 002d 0E       		.uleb128 0xe
 421 002e 3A       		.uleb128 0x3a
 422 002f 0B       		.uleb128 0xb
 423 0030 3B       		.uleb128 0x3b
 424 0031 0B       		.uleb128 0xb
 425 0032 49       		.uleb128 0x49
 426 0033 13       		.uleb128 0x13
 427 0034 00       		.byte	0
 428 0035 00       		.byte	0
 429 0036 05       		.uleb128 0x5
 430 0037 16       		.uleb128 0x16
 431 0038 00       		.byte	0
 432 0039 03       		.uleb128 0x3
 433 003a 0E       		.uleb128 0xe
ARM GAS  C:\Users\Kyle\AppData\Local\Temp\ccgmtfsC.s 			page 13


 434 003b 3A       		.uleb128 0x3a
 435 003c 0B       		.uleb128 0xb
 436 003d 3B       		.uleb128 0x3b
 437 003e 05       		.uleb128 0x5
 438 003f 49       		.uleb128 0x49
 439 0040 13       		.uleb128 0x13
 440 0041 00       		.byte	0
 441 0042 00       		.byte	0
 442 0043 06       		.uleb128 0x6
 443 0044 35       		.uleb128 0x35
 444 0045 00       		.byte	0
 445 0046 49       		.uleb128 0x49
 446 0047 13       		.uleb128 0x13
 447 0048 00       		.byte	0
 448 0049 00       		.byte	0
 449 004a 07       		.uleb128 0x7
 450 004b 2E       		.uleb128 0x2e
 451 004c 01       		.byte	0x1
 452 004d 3F       		.uleb128 0x3f
 453 004e 19       		.uleb128 0x19
 454 004f 03       		.uleb128 0x3
 455 0050 0E       		.uleb128 0xe
 456 0051 3A       		.uleb128 0x3a
 457 0052 0B       		.uleb128 0xb
 458 0053 3B       		.uleb128 0x3b
 459 0054 0B       		.uleb128 0xb
 460 0055 27       		.uleb128 0x27
 461 0056 19       		.uleb128 0x19
 462 0057 11       		.uleb128 0x11
 463 0058 01       		.uleb128 0x1
 464 0059 12       		.uleb128 0x12
 465 005a 06       		.uleb128 0x6
 466 005b 40       		.uleb128 0x40
 467 005c 18       		.uleb128 0x18
 468 005d 9742     		.uleb128 0x2117
 469 005f 19       		.uleb128 0x19
 470 0060 01       		.uleb128 0x1
 471 0061 13       		.uleb128 0x13
 472 0062 00       		.byte	0
 473 0063 00       		.byte	0
 474 0064 08       		.uleb128 0x8
 475 0065 34       		.uleb128 0x34
 476 0066 00       		.byte	0
 477 0067 03       		.uleb128 0x3
 478 0068 0E       		.uleb128 0xe
 479 0069 3A       		.uleb128 0x3a
 480 006a 0B       		.uleb128 0xb
 481 006b 3B       		.uleb128 0x3b
 482 006c 0B       		.uleb128 0xb
 483 006d 49       		.uleb128 0x49
 484 006e 13       		.uleb128 0x13
 485 006f 02       		.uleb128 0x2
 486 0070 17       		.uleb128 0x17
 487 0071 00       		.byte	0
 488 0072 00       		.byte	0
 489 0073 09       		.uleb128 0x9
 490 0074 2E       		.uleb128 0x2e
ARM GAS  C:\Users\Kyle\AppData\Local\Temp\ccgmtfsC.s 			page 14


 491 0075 00       		.byte	0
 492 0076 3F       		.uleb128 0x3f
 493 0077 19       		.uleb128 0x19
 494 0078 03       		.uleb128 0x3
 495 0079 0E       		.uleb128 0xe
 496 007a 3A       		.uleb128 0x3a
 497 007b 0B       		.uleb128 0xb
 498 007c 3B       		.uleb128 0x3b
 499 007d 0B       		.uleb128 0xb
 500 007e 27       		.uleb128 0x27
 501 007f 19       		.uleb128 0x19
 502 0080 11       		.uleb128 0x11
 503 0081 01       		.uleb128 0x1
 504 0082 12       		.uleb128 0x12
 505 0083 06       		.uleb128 0x6
 506 0084 40       		.uleb128 0x40
 507 0085 18       		.uleb128 0x18
 508 0086 9742     		.uleb128 0x2117
 509 0088 19       		.uleb128 0x19
 510 0089 00       		.byte	0
 511 008a 00       		.byte	0
 512 008b 0A       		.uleb128 0xa
 513 008c 01       		.uleb128 0x1
 514 008d 01       		.byte	0x1
 515 008e 49       		.uleb128 0x49
 516 008f 13       		.uleb128 0x13
 517 0090 01       		.uleb128 0x1
 518 0091 13       		.uleb128 0x13
 519 0092 00       		.byte	0
 520 0093 00       		.byte	0
 521 0094 0B       		.uleb128 0xb
 522 0095 21       		.uleb128 0x21
 523 0096 00       		.byte	0
 524 0097 49       		.uleb128 0x49
 525 0098 13       		.uleb128 0x13
 526 0099 2F       		.uleb128 0x2f
 527 009a 0B       		.uleb128 0xb
 528 009b 00       		.byte	0
 529 009c 00       		.byte	0
 530 009d 0C       		.uleb128 0xc
 531 009e 34       		.uleb128 0x34
 532 009f 00       		.byte	0
 533 00a0 03       		.uleb128 0x3
 534 00a1 0E       		.uleb128 0xe
 535 00a2 3A       		.uleb128 0x3a
 536 00a3 0B       		.uleb128 0xb
 537 00a4 3B       		.uleb128 0x3b
 538 00a5 05       		.uleb128 0x5
 539 00a6 49       		.uleb128 0x49
 540 00a7 13       		.uleb128 0x13
 541 00a8 3F       		.uleb128 0x3f
 542 00a9 19       		.uleb128 0x19
 543 00aa 3C       		.uleb128 0x3c
 544 00ab 19       		.uleb128 0x19
 545 00ac 00       		.byte	0
 546 00ad 00       		.byte	0
 547 00ae 00       		.byte	0
ARM GAS  C:\Users\Kyle\AppData\Local\Temp\ccgmtfsC.s 			page 15


 548              		.section	.debug_loc,"",%progbits
 549              	.Ldebug_loc0:
 550              	.LLST0:
 551 0000 06000000 		.4byte	.LVL0
 552 0004 1C000000 		.4byte	.LVL1
 553 0008 0100     		.2byte	0x1
 554 000a 53       		.byte	0x53
 555 000b 28000000 		.4byte	.LVL2
 556 000f 3E000000 		.4byte	.LVL4
 557 0013 0100     		.2byte	0x1
 558 0015 51       		.byte	0x51
 559 0016 00000000 		.4byte	0
 560 001a 00000000 		.4byte	0
 561              	.LLST1:
 562 001e 06000000 		.4byte	.LVL0
 563 0022 1C000000 		.4byte	.LVL1
 564 0026 0100     		.2byte	0x1
 565 0028 53       		.byte	0x53
 566 0029 00000000 		.4byte	0
 567 002d 00000000 		.4byte	0
 568              	.LLST2:
 569 0031 32000000 		.4byte	.LVL3
 570 0035 6E000000 		.4byte	.LVL5
 571 0039 0200     		.2byte	0x2
 572 003b 31       		.byte	0x31
 573 003c 9F       		.byte	0x9f
 574 003d 00000000 		.4byte	0
 575 0041 00000000 		.4byte	0
 576              		.section	.debug_aranges,"",%progbits
 577 0000 24000000 		.4byte	0x24
 578 0004 0200     		.2byte	0x2
 579 0006 00000000 		.4byte	.Ldebug_info0
 580 000a 04       		.byte	0x4
 581 000b 00       		.byte	0
 582 000c 0000     		.2byte	0
 583 000e 0000     		.2byte	0
 584 0010 00000000 		.4byte	.LFB0
 585 0014 94000000 		.4byte	.LFE0-.LFB0
 586 0018 00000000 		.4byte	.LFB1
 587 001c 58000000 		.4byte	.LFE1-.LFB1
 588 0020 00000000 		.4byte	0
 589 0024 00000000 		.4byte	0
 590              		.section	.debug_ranges,"",%progbits
 591              	.Ldebug_ranges0:
 592 0000 00000000 		.4byte	.LFB0
 593 0004 94000000 		.4byte	.LFE0
 594 0008 00000000 		.4byte	.LFB1
 595 000c 58000000 		.4byte	.LFE1
 596 0010 00000000 		.4byte	0
 597 0014 00000000 		.4byte	0
 598              		.section	.debug_line,"",%progbits
 599              	.Ldebug_line0:
 600 0000 AE000000 		.section	.debug_str,"MS",%progbits,1
 600      02005D00 
 600      00000201 
 600      FB0E0D00 
 600      01010101 
ARM GAS  C:\Users\Kyle\AppData\Local\Temp\ccgmtfsC.s 			page 16


 601              	.LASF28:
 602 0000 2E5C4765 		.ascii	".\\Generated_Source\\PSoC5\\Debug_UART_INT.c\000"
 602      6E657261 
 602      7465645F 
 602      536F7572 
 602      63655C50 
 603              	.LASF9:
 604 002a 666C6F61 		.ascii	"float\000"
 604      7400
 605              	.LASF4:
 606 0030 6C6F6E67 		.ascii	"long int\000"
 606      20696E74 
 606      00
 607              	.LASF3:
 608 0039 73686F72 		.ascii	"short unsigned int\000"
 608      7420756E 
 608      7369676E 
 608      65642069 
 608      6E7400
 609              	.LASF18:
 610 004c 44656275 		.ascii	"Debug_UART_txBuffer\000"
 610      675F5541 
 610      52545F74 
 610      78427566 
 610      66657200 
 611              	.LASF26:
 612 0060 44656275 		.ascii	"Debug_UART_rxBufferOverflow\000"
 612      675F5541 
 612      52545F72 
 612      78427566 
 612      6665724F 
 613              	.LASF19:
 614 007c 44656275 		.ascii	"Debug_UART_txBufferRead\000"
 614      675F5541 
 614      52545F74 
 614      78427566 
 614      66657252 
 615              	.LASF16:
 616 0094 72656164 		.ascii	"readStatus\000"
 616      53746174 
 616      757300
 617              	.LASF23:
 618 009f 44656275 		.ascii	"Debug_UART_rxBufferRead\000"
 618      675F5541 
 618      52545F72 
 618      78427566 
 618      66657252 
 619              	.LASF1:
 620 00b7 756E7369 		.ascii	"unsigned char\000"
 620      676E6564 
 620      20636861 
 620      7200
 621              	.LASF13:
 622 00c5 72656738 		.ascii	"reg8\000"
 622      00
 623              	.LASF5:
 624 00ca 6C6F6E67 		.ascii	"long unsigned int\000"
ARM GAS  C:\Users\Kyle\AppData\Local\Temp\ccgmtfsC.s 			page 17


 624      20756E73 
 624      69676E65 
 624      6420696E 
 624      7400
 625              	.LASF12:
 626 00dc 75696E74 		.ascii	"uint8\000"
 626      3800
 627              	.LASF10:
 628 00e2 646F7562 		.ascii	"double\000"
 628      6C6500
 629              	.LASF30:
 630 00e9 44656275 		.ascii	"Debug_UART_RXISR\000"
 630      675F5541 
 630      52545F52 
 630      58495352 
 630      00
 631              	.LASF22:
 632 00fa 44656275 		.ascii	"Debug_UART_rxBuffer\000"
 632      675F5541 
 632      52545F72 
 632      78427566 
 632      66657200 
 633              	.LASF27:
 634 010e 474E5520 		.ascii	"GNU C 4.9.3 20150303 (release) [ARM/embedded-4_9-br"
 634      4320342E 
 634      392E3320 
 634      32303135 
 634      30333033 
 635 0141 616E6368 		.ascii	"anch revision 221220] -mcpu=cortex-m3 -mthumb -g -O"
 635      20726576 
 635      6973696F 
 635      6E203232 
 635      31323230 
 636 0174 67202D66 		.ascii	"g -ffunction-sections -ffat-lto-objects\000"
 636      66756E63 
 636      74696F6E 
 636      2D736563 
 636      74696F6E 
 637              	.LASF8:
 638 019c 756E7369 		.ascii	"unsigned int\000"
 638      676E6564 
 638      20696E74 
 638      00
 639              	.LASF24:
 640 01a9 44656275 		.ascii	"Debug_UART_rxBufferWrite\000"
 640      675F5541 
 640      52545F72 
 640      78427566 
 640      66657257 
 641              	.LASF7:
 642 01c2 6C6F6E67 		.ascii	"long long unsigned int\000"
 642      206C6F6E 
 642      6720756E 
 642      7369676E 
 642      65642069 
 643              	.LASF14:
 644 01d9 73697A65 		.ascii	"sizetype\000"
ARM GAS  C:\Users\Kyle\AppData\Local\Temp\ccgmtfsC.s 			page 18


 644      74797065 
 644      00
 645              	.LASF6:
 646 01e2 6C6F6E67 		.ascii	"long long int\000"
 646      206C6F6E 
 646      6720696E 
 646      7400
 647              	.LASF17:
 648 01f0 696E6372 		.ascii	"increment_pointer\000"
 648      656D656E 
 648      745F706F 
 648      696E7465 
 648      7200
 649              	.LASF29:
 650 0202 433A5C55 		.ascii	"C:\\Users\\Kyle\\Documents\\PSoC Creator\\Workspace"
 650      73657273 
 650      5C4B796C 
 650      655C446F 
 650      63756D65 
 651 0230 30315C4D 		.ascii	"01\\Microcontroller\\Microcontroller\\SeniorDesign."
 651      6963726F 
 651      636F6E74 
 651      726F6C6C 
 651      65725C4D 
 652 0260 63796473 		.ascii	"cydsn\000"
 652      6E00
 653              	.LASF25:
 654 0266 44656275 		.ascii	"Debug_UART_rxBufferLoopDetect\000"
 654      675F5541 
 654      52545F72 
 654      78427566 
 654      6665724C 
 655              	.LASF2:
 656 0284 73686F72 		.ascii	"short int\000"
 656      7420696E 
 656      7400
 657              	.LASF21:
 658 028e 44656275 		.ascii	"Debug_UART_errorStatus\000"
 658      675F5541 
 658      52545F65 
 658      72726F72 
 658      53746174 
 659              	.LASF11:
 660 02a5 63686172 		.ascii	"char\000"
 660      00
 661              	.LASF20:
 662 02aa 44656275 		.ascii	"Debug_UART_txBufferWrite\000"
 662      675F5541 
 662      52545F74 
 662      78427566 
 662      66657257 
 663              	.LASF0:
 664 02c3 7369676E 		.ascii	"signed char\000"
 664      65642063 
 664      68617200 
 665              	.LASF15:
 666 02cf 72656164 		.ascii	"readData\000"
ARM GAS  C:\Users\Kyle\AppData\Local\Temp\ccgmtfsC.s 			page 19


 666      44617461 
 666      00
 667              	.LASF31:
 668 02d8 44656275 		.ascii	"Debug_UART_TXISR\000"
 668      675F5541 
 668      52545F54 
 668      58495352 
 668      00
 669              		.ident	"GCC: (GNU Tools for ARM Embedded Processors) 4.9.3 20150303 (release) [ARM/embedded-4_9-br
