ARM GAS  C:\Users\Kyle\AppData\Local\Temp\cccon9vp.s 			page 1


   1              		.syntax unified
   2              		.cpu cortex-m3
   3              		.fpu softvfp
   4              		.eabi_attribute 20, 1
   5              		.eabi_attribute 21, 1
   6              		.eabi_attribute 23, 3
   7              		.eabi_attribute 24, 1
   8              		.eabi_attribute 25, 1
   9              		.eabi_attribute 26, 1
  10              		.eabi_attribute 30, 1
  11              		.eabi_attribute 34, 1
  12              		.eabi_attribute 18, 4
  13              		.thumb
  14              		.file	"Row.c"
  15              		.text
  16              	.Ltext0:
  17              		.cfi_sections	.debug_frame
  18              		.section	.text.Row_Write,"ax",%progbits
  19              		.align	2
  20              		.global	Row_Write
  21              		.thumb
  22              		.thumb_func
  23              		.type	Row_Write, %function
  24              	Row_Write:
  25              	.LFB0:
  26              		.file 1 ".\\Generated_Source\\PSoC5\\Row.c"
   1:.\Generated_Source\PSoC5/Row.c **** /*******************************************************************************
   2:.\Generated_Source\PSoC5/Row.c **** * File Name: Row.c  
   3:.\Generated_Source\PSoC5/Row.c **** * Version 2.10
   4:.\Generated_Source\PSoC5/Row.c **** *
   5:.\Generated_Source\PSoC5/Row.c **** * Description:
   6:.\Generated_Source\PSoC5/Row.c **** *  This file contains API to enable firmware control of a Pins component.
   7:.\Generated_Source\PSoC5/Row.c **** *
   8:.\Generated_Source\PSoC5/Row.c **** * Note:
   9:.\Generated_Source\PSoC5/Row.c **** *
  10:.\Generated_Source\PSoC5/Row.c **** ********************************************************************************
  11:.\Generated_Source\PSoC5/Row.c **** * Copyright 2008-2014, Cypress Semiconductor Corporation.  All rights reserved.
  12:.\Generated_Source\PSoC5/Row.c **** * You may use this file only in accordance with the license, terms, conditions, 
  13:.\Generated_Source\PSoC5/Row.c **** * disclaimers, and limitations in the end user license agreement accompanying 
  14:.\Generated_Source\PSoC5/Row.c **** * the software package with which this file was provided.
  15:.\Generated_Source\PSoC5/Row.c **** *******************************************************************************/
  16:.\Generated_Source\PSoC5/Row.c **** 
  17:.\Generated_Source\PSoC5/Row.c **** #include "cytypes.h"
  18:.\Generated_Source\PSoC5/Row.c **** #include "Row.h"
  19:.\Generated_Source\PSoC5/Row.c **** 
  20:.\Generated_Source\PSoC5/Row.c **** /* APIs are not generated for P15[7:6] on PSoC 5 */
  21:.\Generated_Source\PSoC5/Row.c **** #if !(CY_PSOC5A &&\
  22:.\Generated_Source\PSoC5/Row.c **** 	 Row__PORT == 15 && ((Row__MASK & 0xC0) != 0))
  23:.\Generated_Source\PSoC5/Row.c **** 
  24:.\Generated_Source\PSoC5/Row.c **** 
  25:.\Generated_Source\PSoC5/Row.c **** /*******************************************************************************
  26:.\Generated_Source\PSoC5/Row.c **** * Function Name: Row_Write
  27:.\Generated_Source\PSoC5/Row.c **** ********************************************************************************
  28:.\Generated_Source\PSoC5/Row.c **** *
  29:.\Generated_Source\PSoC5/Row.c **** * Summary:
  30:.\Generated_Source\PSoC5/Row.c **** *  Assign a new value to the digital port's data output register.  
  31:.\Generated_Source\PSoC5/Row.c **** *
ARM GAS  C:\Users\Kyle\AppData\Local\Temp\cccon9vp.s 			page 2


  32:.\Generated_Source\PSoC5/Row.c **** * Parameters:  
  33:.\Generated_Source\PSoC5/Row.c **** *  prtValue:  The value to be assigned to the Digital Port. 
  34:.\Generated_Source\PSoC5/Row.c **** *
  35:.\Generated_Source\PSoC5/Row.c **** * Return: 
  36:.\Generated_Source\PSoC5/Row.c **** *  None
  37:.\Generated_Source\PSoC5/Row.c **** *  
  38:.\Generated_Source\PSoC5/Row.c **** *******************************************************************************/
  39:.\Generated_Source\PSoC5/Row.c **** void Row_Write(uint8 value) 
  40:.\Generated_Source\PSoC5/Row.c **** {
  27              		.loc 1 40 0
  28              		.cfi_startproc
  29              		@ args = 0, pretend = 0, frame = 0
  30              		@ frame_needed = 0, uses_anonymous_args = 0
  31              		@ link register save eliminated.
  32              	.LVL0:
  41:.\Generated_Source\PSoC5/Row.c ****     uint8 staticBits = (Row_DR & (uint8)(~Row_MASK));
  33              		.loc 1 41 0
  34 0000 014B     		ldr	r3, .L2
  35 0002 1A78     		ldrb	r2, [r3]	@ zero_extendqisi2
  36              	.LVL1:
  42:.\Generated_Source\PSoC5/Row.c ****     Row_DR = staticBits | ((uint8)(value << Row_SHIFT) & Row_MASK);
  37              		.loc 1 42 0
  38 0004 1870     		strb	r0, [r3]
  39 0006 7047     		bx	lr
  40              	.L3:
  41              		.align	2
  42              	.L2:
  43 0008 30510040 		.word	1073762608
  44              		.cfi_endproc
  45              	.LFE0:
  46              		.size	Row_Write, .-Row_Write
  47              		.section	.text.Row_SetDriveMode,"ax",%progbits
  48              		.align	2
  49              		.global	Row_SetDriveMode
  50              		.thumb
  51              		.thumb_func
  52              		.type	Row_SetDriveMode, %function
  53              	Row_SetDriveMode:
  54              	.LFB1:
  43:.\Generated_Source\PSoC5/Row.c **** }
  44:.\Generated_Source\PSoC5/Row.c **** 
  45:.\Generated_Source\PSoC5/Row.c **** 
  46:.\Generated_Source\PSoC5/Row.c **** /*******************************************************************************
  47:.\Generated_Source\PSoC5/Row.c **** * Function Name: Row_SetDriveMode
  48:.\Generated_Source\PSoC5/Row.c **** ********************************************************************************
  49:.\Generated_Source\PSoC5/Row.c **** *
  50:.\Generated_Source\PSoC5/Row.c **** * Summary:
  51:.\Generated_Source\PSoC5/Row.c **** *  Change the drive mode on the pins of the port.
  52:.\Generated_Source\PSoC5/Row.c **** * 
  53:.\Generated_Source\PSoC5/Row.c **** * Parameters:  
  54:.\Generated_Source\PSoC5/Row.c **** *  mode:  Change the pins to one of the following drive modes.
  55:.\Generated_Source\PSoC5/Row.c **** *
  56:.\Generated_Source\PSoC5/Row.c **** *  Row_DM_STRONG     Strong Drive 
  57:.\Generated_Source\PSoC5/Row.c **** *  Row_DM_OD_HI      Open Drain, Drives High 
  58:.\Generated_Source\PSoC5/Row.c **** *  Row_DM_OD_LO      Open Drain, Drives Low 
  59:.\Generated_Source\PSoC5/Row.c **** *  Row_DM_RES_UP     Resistive Pull Up 
  60:.\Generated_Source\PSoC5/Row.c **** *  Row_DM_RES_DWN    Resistive Pull Down 
ARM GAS  C:\Users\Kyle\AppData\Local\Temp\cccon9vp.s 			page 3


  61:.\Generated_Source\PSoC5/Row.c **** *  Row_DM_RES_UPDWN  Resistive Pull Up/Down 
  62:.\Generated_Source\PSoC5/Row.c **** *  Row_DM_DIG_HIZ    High Impedance Digital 
  63:.\Generated_Source\PSoC5/Row.c **** *  Row_DM_ALG_HIZ    High Impedance Analog 
  64:.\Generated_Source\PSoC5/Row.c **** *
  65:.\Generated_Source\PSoC5/Row.c **** * Return: 
  66:.\Generated_Source\PSoC5/Row.c **** *  None
  67:.\Generated_Source\PSoC5/Row.c **** *
  68:.\Generated_Source\PSoC5/Row.c **** *******************************************************************************/
  69:.\Generated_Source\PSoC5/Row.c **** void Row_SetDriveMode(uint8 mode) 
  70:.\Generated_Source\PSoC5/Row.c **** {
  55              		.loc 1 70 0
  56              		.cfi_startproc
  57              		@ args = 0, pretend = 0, frame = 0
  58              		@ frame_needed = 0, uses_anonymous_args = 0
  59              		@ link register save eliminated.
  60              	.LVL2:
  71:.\Generated_Source\PSoC5/Row.c **** 	CyPins_SetPinDriveMode(Row_0, mode);
  61              		.loc 1 71 0
  62 0000 194A     		ldr	r2, .L5
  63 0002 1378     		ldrb	r3, [r2]	@ zero_extendqisi2
  64 0004 00F00E00 		and	r0, r0, #14
  65              	.LVL3:
  66 0008 03F0F103 		and	r3, r3, #241
  67 000c 0343     		orrs	r3, r3, r0
  68 000e 1370     		strb	r3, [r2]
  72:.\Generated_Source\PSoC5/Row.c **** 	CyPins_SetPinDriveMode(Row_1, mode);
  69              		.loc 1 72 0
  70 0010 0132     		adds	r2, r2, #1
  71 0012 1378     		ldrb	r3, [r2]	@ zero_extendqisi2
  72 0014 03F0F103 		and	r3, r3, #241
  73 0018 0343     		orrs	r3, r3, r0
  74 001a 1370     		strb	r3, [r2]
  73:.\Generated_Source\PSoC5/Row.c **** 	CyPins_SetPinDriveMode(Row_2, mode);
  75              		.loc 1 73 0
  76 001c 0132     		adds	r2, r2, #1
  77 001e 1378     		ldrb	r3, [r2]	@ zero_extendqisi2
  78 0020 03F0F103 		and	r3, r3, #241
  79 0024 0343     		orrs	r3, r3, r0
  80 0026 1370     		strb	r3, [r2]
  74:.\Generated_Source\PSoC5/Row.c **** 	CyPins_SetPinDriveMode(Row_3, mode);
  81              		.loc 1 74 0
  82 0028 0132     		adds	r2, r2, #1
  83 002a 1378     		ldrb	r3, [r2]	@ zero_extendqisi2
  84 002c 03F0F103 		and	r3, r3, #241
  85 0030 0343     		orrs	r3, r3, r0
  86 0032 1370     		strb	r3, [r2]
  75:.\Generated_Source\PSoC5/Row.c **** 	CyPins_SetPinDriveMode(Row_4, mode);
  87              		.loc 1 75 0
  88 0034 0132     		adds	r2, r2, #1
  89 0036 1378     		ldrb	r3, [r2]	@ zero_extendqisi2
  90 0038 03F0F103 		and	r3, r3, #241
  91 003c 0343     		orrs	r3, r3, r0
  92 003e 1370     		strb	r3, [r2]
  76:.\Generated_Source\PSoC5/Row.c **** 	CyPins_SetPinDriveMode(Row_5, mode);
  93              		.loc 1 76 0
  94 0040 0132     		adds	r2, r2, #1
  95 0042 1378     		ldrb	r3, [r2]	@ zero_extendqisi2
ARM GAS  C:\Users\Kyle\AppData\Local\Temp\cccon9vp.s 			page 4


  96 0044 03F0F103 		and	r3, r3, #241
  97 0048 0343     		orrs	r3, r3, r0
  98 004a 1370     		strb	r3, [r2]
  77:.\Generated_Source\PSoC5/Row.c **** 	CyPins_SetPinDriveMode(Row_6, mode);
  99              		.loc 1 77 0
 100 004c 0132     		adds	r2, r2, #1
 101 004e 1378     		ldrb	r3, [r2]	@ zero_extendqisi2
 102 0050 03F0F103 		and	r3, r3, #241
 103 0054 0343     		orrs	r3, r3, r0
 104 0056 1370     		strb	r3, [r2]
  78:.\Generated_Source\PSoC5/Row.c **** 	CyPins_SetPinDriveMode(Row_7, mode);
 105              		.loc 1 78 0
 106 0058 0132     		adds	r2, r2, #1
 107 005a 1378     		ldrb	r3, [r2]	@ zero_extendqisi2
 108 005c 03F0F103 		and	r3, r3, #241
 109 0060 1843     		orrs	r0, r0, r3
 110 0062 1070     		strb	r0, [r2]
 111 0064 7047     		bx	lr
 112              	.L6:
 113 0066 00BF     		.align	2
 114              	.L5:
 115 0068 18500040 		.word	1073762328
 116              		.cfi_endproc
 117              	.LFE1:
 118              		.size	Row_SetDriveMode, .-Row_SetDriveMode
 119              		.section	.text.Row_Read,"ax",%progbits
 120              		.align	2
 121              		.global	Row_Read
 122              		.thumb
 123              		.thumb_func
 124              		.type	Row_Read, %function
 125              	Row_Read:
 126              	.LFB2:
  79:.\Generated_Source\PSoC5/Row.c **** }
  80:.\Generated_Source\PSoC5/Row.c **** 
  81:.\Generated_Source\PSoC5/Row.c **** 
  82:.\Generated_Source\PSoC5/Row.c **** /*******************************************************************************
  83:.\Generated_Source\PSoC5/Row.c **** * Function Name: Row_Read
  84:.\Generated_Source\PSoC5/Row.c **** ********************************************************************************
  85:.\Generated_Source\PSoC5/Row.c **** *
  86:.\Generated_Source\PSoC5/Row.c **** * Summary:
  87:.\Generated_Source\PSoC5/Row.c **** *  Read the current value on the pins of the Digital Port in right justified 
  88:.\Generated_Source\PSoC5/Row.c **** *  form.
  89:.\Generated_Source\PSoC5/Row.c **** *
  90:.\Generated_Source\PSoC5/Row.c **** * Parameters:  
  91:.\Generated_Source\PSoC5/Row.c **** *  None
  92:.\Generated_Source\PSoC5/Row.c **** *
  93:.\Generated_Source\PSoC5/Row.c **** * Return: 
  94:.\Generated_Source\PSoC5/Row.c **** *  Returns the current value of the Digital Port as a right justified number
  95:.\Generated_Source\PSoC5/Row.c **** *  
  96:.\Generated_Source\PSoC5/Row.c **** * Note:
  97:.\Generated_Source\PSoC5/Row.c **** *  Macro Row_ReadPS calls this function. 
  98:.\Generated_Source\PSoC5/Row.c **** *  
  99:.\Generated_Source\PSoC5/Row.c **** *******************************************************************************/
 100:.\Generated_Source\PSoC5/Row.c **** uint8 Row_Read(void) 
 101:.\Generated_Source\PSoC5/Row.c **** {
 127              		.loc 1 101 0
ARM GAS  C:\Users\Kyle\AppData\Local\Temp\cccon9vp.s 			page 5


 128              		.cfi_startproc
 129              		@ args = 0, pretend = 0, frame = 0
 130              		@ frame_needed = 0, uses_anonymous_args = 0
 131              		@ link register save eliminated.
 102:.\Generated_Source\PSoC5/Row.c ****     return (Row_PS & Row_MASK) >> Row_SHIFT;
 132              		.loc 1 102 0
 133 0000 014B     		ldr	r3, .L8
 134 0002 1878     		ldrb	r0, [r3]	@ zero_extendqisi2
 103:.\Generated_Source\PSoC5/Row.c **** }
 135              		.loc 1 103 0
 136 0004 7047     		bx	lr
 137              	.L9:
 138 0006 00BF     		.align	2
 139              	.L8:
 140 0008 31510040 		.word	1073762609
 141              		.cfi_endproc
 142              	.LFE2:
 143              		.size	Row_Read, .-Row_Read
 144              		.section	.text.Row_ReadDataReg,"ax",%progbits
 145              		.align	2
 146              		.global	Row_ReadDataReg
 147              		.thumb
 148              		.thumb_func
 149              		.type	Row_ReadDataReg, %function
 150              	Row_ReadDataReg:
 151              	.LFB3:
 104:.\Generated_Source\PSoC5/Row.c **** 
 105:.\Generated_Source\PSoC5/Row.c **** 
 106:.\Generated_Source\PSoC5/Row.c **** /*******************************************************************************
 107:.\Generated_Source\PSoC5/Row.c **** * Function Name: Row_ReadDataReg
 108:.\Generated_Source\PSoC5/Row.c **** ********************************************************************************
 109:.\Generated_Source\PSoC5/Row.c **** *
 110:.\Generated_Source\PSoC5/Row.c **** * Summary:
 111:.\Generated_Source\PSoC5/Row.c **** *  Read the current value assigned to a Digital Port's data output register
 112:.\Generated_Source\PSoC5/Row.c **** *
 113:.\Generated_Source\PSoC5/Row.c **** * Parameters:  
 114:.\Generated_Source\PSoC5/Row.c **** *  None 
 115:.\Generated_Source\PSoC5/Row.c **** *
 116:.\Generated_Source\PSoC5/Row.c **** * Return: 
 117:.\Generated_Source\PSoC5/Row.c **** *  Returns the current value assigned to the Digital Port's data output register
 118:.\Generated_Source\PSoC5/Row.c **** *  
 119:.\Generated_Source\PSoC5/Row.c **** *******************************************************************************/
 120:.\Generated_Source\PSoC5/Row.c **** uint8 Row_ReadDataReg(void) 
 121:.\Generated_Source\PSoC5/Row.c **** {
 152              		.loc 1 121 0
 153              		.cfi_startproc
 154              		@ args = 0, pretend = 0, frame = 0
 155              		@ frame_needed = 0, uses_anonymous_args = 0
 156              		@ link register save eliminated.
 122:.\Generated_Source\PSoC5/Row.c ****     return (Row_DR & Row_MASK) >> Row_SHIFT;
 157              		.loc 1 122 0
 158 0000 014B     		ldr	r3, .L11
 159 0002 1878     		ldrb	r0, [r3]	@ zero_extendqisi2
 123:.\Generated_Source\PSoC5/Row.c **** }
 160              		.loc 1 123 0
 161 0004 7047     		bx	lr
 162              	.L12:
ARM GAS  C:\Users\Kyle\AppData\Local\Temp\cccon9vp.s 			page 6


 163 0006 00BF     		.align	2
 164              	.L11:
 165 0008 30510040 		.word	1073762608
 166              		.cfi_endproc
 167              	.LFE3:
 168              		.size	Row_ReadDataReg, .-Row_ReadDataReg
 169              		.text
 170              	.Letext0:
 171              		.file 2 ".\\Generated_Source\\PSoC5\\cytypes.h"
 172              		.section	.debug_info,"",%progbits
 173              	.Ldebug_info0:
 174 0000 17010000 		.4byte	0x117
 175 0004 0400     		.2byte	0x4
 176 0006 00000000 		.4byte	.Ldebug_abbrev0
 177 000a 04       		.byte	0x4
 178 000b 01       		.uleb128 0x1
 179 000c 88000000 		.4byte	.LASF20
 180 0010 01       		.byte	0x1
 181 0011 69000000 		.4byte	.LASF21
 182 0015 62010000 		.4byte	.LASF22
 183 0019 00000000 		.4byte	.Ldebug_ranges0+0
 184 001d 00000000 		.4byte	0
 185 0021 00000000 		.4byte	.Ldebug_line0
 186 0025 02       		.uleb128 0x2
 187 0026 01       		.byte	0x1
 188 0027 06       		.byte	0x6
 189 0028 F0010000 		.4byte	.LASF0
 190 002c 02       		.uleb128 0x2
 191 002d 01       		.byte	0x1
 192 002e 08       		.byte	0x8
 193 002f 31000000 		.4byte	.LASF1
 194 0033 02       		.uleb128 0x2
 195 0034 02       		.byte	0x2
 196 0035 05       		.byte	0x5
 197 0036 C6010000 		.4byte	.LASF2
 198 003a 02       		.uleb128 0x2
 199 003b 02       		.byte	0x2
 200 003c 07       		.byte	0x7
 201 003d 56000000 		.4byte	.LASF3
 202 0041 02       		.uleb128 0x2
 203 0042 04       		.byte	0x4
 204 0043 05       		.byte	0x5
 205 0044 D6010000 		.4byte	.LASF4
 206 0048 02       		.uleb128 0x2
 207 0049 04       		.byte	0x4
 208 004a 07       		.byte	0x7
 209 004b 44000000 		.4byte	.LASF5
 210 004f 02       		.uleb128 0x2
 211 0050 08       		.byte	0x8
 212 0051 05       		.byte	0x5
 213 0052 4F010000 		.4byte	.LASF6
 214 0056 02       		.uleb128 0x2
 215 0057 08       		.byte	0x8
 216 0058 07       		.byte	0x7
 217 0059 23010000 		.4byte	.LASF7
 218 005d 03       		.uleb128 0x3
 219 005e 04       		.byte	0x4
ARM GAS  C:\Users\Kyle\AppData\Local\Temp\cccon9vp.s 			page 7


 220 005f 05       		.byte	0x5
 221 0060 696E7400 		.ascii	"int\000"
 222 0064 02       		.uleb128 0x2
 223 0065 04       		.byte	0x4
 224 0066 07       		.byte	0x7
 225 0067 16010000 		.4byte	.LASF8
 226 006b 04       		.uleb128 0x4
 227 006c D0010000 		.4byte	.LASF12
 228 0070 02       		.byte	0x2
 229 0071 C2       		.byte	0xc2
 230 0072 2C000000 		.4byte	0x2c
 231 0076 02       		.uleb128 0x2
 232 0077 04       		.byte	0x4
 233 0078 04       		.byte	0x4
 234 0079 2B000000 		.4byte	.LASF9
 235 007d 02       		.uleb128 0x2
 236 007e 08       		.byte	0x8
 237 007f 04       		.byte	0x4
 238 0080 24000000 		.4byte	.LASF10
 239 0084 02       		.uleb128 0x2
 240 0085 01       		.byte	0x1
 241 0086 08       		.byte	0x8
 242 0087 5D010000 		.4byte	.LASF11
 243 008b 05       		.uleb128 0x5
 244 008c 3F000000 		.4byte	.LASF13
 245 0090 02       		.byte	0x2
 246 0091 6C01     		.2byte	0x16c
 247 0093 97000000 		.4byte	0x97
 248 0097 06       		.uleb128 0x6
 249 0098 6B000000 		.4byte	0x6b
 250 009c 07       		.uleb128 0x7
 251 009d 1A000000 		.4byte	.LASF14
 252 00a1 01       		.byte	0x1
 253 00a2 27       		.byte	0x27
 254 00a3 00000000 		.4byte	.LFB0
 255 00a7 0C000000 		.4byte	.LFE0-.LFB0
 256 00ab 01       		.uleb128 0x1
 257 00ac 9C       		.byte	0x9c
 258 00ad CB000000 		.4byte	0xcb
 259 00b1 08       		.uleb128 0x8
 260 00b2 09000000 		.4byte	.LASF16
 261 00b6 01       		.byte	0x1
 262 00b7 27       		.byte	0x27
 263 00b8 6B000000 		.4byte	0x6b
 264 00bc 01       		.uleb128 0x1
 265 00bd 50       		.byte	0x50
 266 00be 09       		.uleb128 0x9
 267 00bf 0F000000 		.4byte	.LASF23
 268 00c3 01       		.byte	0x1
 269 00c4 29       		.byte	0x29
 270 00c5 6B000000 		.4byte	0x6b
 271 00c9 00       		.byte	0
 272 00ca 00       		.byte	0
 273 00cb 07       		.uleb128 0x7
 274 00cc DF010000 		.4byte	.LASF15
 275 00d0 01       		.byte	0x1
 276 00d1 45       		.byte	0x45
ARM GAS  C:\Users\Kyle\AppData\Local\Temp\cccon9vp.s 			page 8


 277 00d2 00000000 		.4byte	.LFB1
 278 00d6 6C000000 		.4byte	.LFE1-.LFB1
 279 00da 01       		.uleb128 0x1
 280 00db 9C       		.byte	0x9c
 281 00dc F0000000 		.4byte	0xf0
 282 00e0 0A       		.uleb128 0xa
 283 00e1 3A010000 		.4byte	.LASF17
 284 00e5 01       		.byte	0x1
 285 00e6 45       		.byte	0x45
 286 00e7 6B000000 		.4byte	0x6b
 287 00eb 00000000 		.4byte	.LLST0
 288 00ef 00       		.byte	0
 289 00f0 0B       		.uleb128 0xb
 290 00f1 00000000 		.4byte	.LASF18
 291 00f5 01       		.byte	0x1
 292 00f6 64       		.byte	0x64
 293 00f7 6B000000 		.4byte	0x6b
 294 00fb 00000000 		.4byte	.LFB2
 295 00ff 0C000000 		.4byte	.LFE2-.LFB2
 296 0103 01       		.uleb128 0x1
 297 0104 9C       		.byte	0x9c
 298 0105 0B       		.uleb128 0xb
 299 0106 3F010000 		.4byte	.LASF19
 300 010a 01       		.byte	0x1
 301 010b 78       		.byte	0x78
 302 010c 6B000000 		.4byte	0x6b
 303 0110 00000000 		.4byte	.LFB3
 304 0114 0C000000 		.4byte	.LFE3-.LFB3
 305 0118 01       		.uleb128 0x1
 306 0119 9C       		.byte	0x9c
 307 011a 00       		.byte	0
 308              		.section	.debug_abbrev,"",%progbits
 309              	.Ldebug_abbrev0:
 310 0000 01       		.uleb128 0x1
 311 0001 11       		.uleb128 0x11
 312 0002 01       		.byte	0x1
 313 0003 25       		.uleb128 0x25
 314 0004 0E       		.uleb128 0xe
 315 0005 13       		.uleb128 0x13
 316 0006 0B       		.uleb128 0xb
 317 0007 03       		.uleb128 0x3
 318 0008 0E       		.uleb128 0xe
 319 0009 1B       		.uleb128 0x1b
 320 000a 0E       		.uleb128 0xe
 321 000b 55       		.uleb128 0x55
 322 000c 17       		.uleb128 0x17
 323 000d 11       		.uleb128 0x11
 324 000e 01       		.uleb128 0x1
 325 000f 10       		.uleb128 0x10
 326 0010 17       		.uleb128 0x17
 327 0011 00       		.byte	0
 328 0012 00       		.byte	0
 329 0013 02       		.uleb128 0x2
 330 0014 24       		.uleb128 0x24
 331 0015 00       		.byte	0
 332 0016 0B       		.uleb128 0xb
 333 0017 0B       		.uleb128 0xb
ARM GAS  C:\Users\Kyle\AppData\Local\Temp\cccon9vp.s 			page 9


 334 0018 3E       		.uleb128 0x3e
 335 0019 0B       		.uleb128 0xb
 336 001a 03       		.uleb128 0x3
 337 001b 0E       		.uleb128 0xe
 338 001c 00       		.byte	0
 339 001d 00       		.byte	0
 340 001e 03       		.uleb128 0x3
 341 001f 24       		.uleb128 0x24
 342 0020 00       		.byte	0
 343 0021 0B       		.uleb128 0xb
 344 0022 0B       		.uleb128 0xb
 345 0023 3E       		.uleb128 0x3e
 346 0024 0B       		.uleb128 0xb
 347 0025 03       		.uleb128 0x3
 348 0026 08       		.uleb128 0x8
 349 0027 00       		.byte	0
 350 0028 00       		.byte	0
 351 0029 04       		.uleb128 0x4
 352 002a 16       		.uleb128 0x16
 353 002b 00       		.byte	0
 354 002c 03       		.uleb128 0x3
 355 002d 0E       		.uleb128 0xe
 356 002e 3A       		.uleb128 0x3a
 357 002f 0B       		.uleb128 0xb
 358 0030 3B       		.uleb128 0x3b
 359 0031 0B       		.uleb128 0xb
 360 0032 49       		.uleb128 0x49
 361 0033 13       		.uleb128 0x13
 362 0034 00       		.byte	0
 363 0035 00       		.byte	0
 364 0036 05       		.uleb128 0x5
 365 0037 16       		.uleb128 0x16
 366 0038 00       		.byte	0
 367 0039 03       		.uleb128 0x3
 368 003a 0E       		.uleb128 0xe
 369 003b 3A       		.uleb128 0x3a
 370 003c 0B       		.uleb128 0xb
 371 003d 3B       		.uleb128 0x3b
 372 003e 05       		.uleb128 0x5
 373 003f 49       		.uleb128 0x49
 374 0040 13       		.uleb128 0x13
 375 0041 00       		.byte	0
 376 0042 00       		.byte	0
 377 0043 06       		.uleb128 0x6
 378 0044 35       		.uleb128 0x35
 379 0045 00       		.byte	0
 380 0046 49       		.uleb128 0x49
 381 0047 13       		.uleb128 0x13
 382 0048 00       		.byte	0
 383 0049 00       		.byte	0
 384 004a 07       		.uleb128 0x7
 385 004b 2E       		.uleb128 0x2e
 386 004c 01       		.byte	0x1
 387 004d 3F       		.uleb128 0x3f
 388 004e 19       		.uleb128 0x19
 389 004f 03       		.uleb128 0x3
 390 0050 0E       		.uleb128 0xe
ARM GAS  C:\Users\Kyle\AppData\Local\Temp\cccon9vp.s 			page 10


 391 0051 3A       		.uleb128 0x3a
 392 0052 0B       		.uleb128 0xb
 393 0053 3B       		.uleb128 0x3b
 394 0054 0B       		.uleb128 0xb
 395 0055 27       		.uleb128 0x27
 396 0056 19       		.uleb128 0x19
 397 0057 11       		.uleb128 0x11
 398 0058 01       		.uleb128 0x1
 399 0059 12       		.uleb128 0x12
 400 005a 06       		.uleb128 0x6
 401 005b 40       		.uleb128 0x40
 402 005c 18       		.uleb128 0x18
 403 005d 9742     		.uleb128 0x2117
 404 005f 19       		.uleb128 0x19
 405 0060 01       		.uleb128 0x1
 406 0061 13       		.uleb128 0x13
 407 0062 00       		.byte	0
 408 0063 00       		.byte	0
 409 0064 08       		.uleb128 0x8
 410 0065 05       		.uleb128 0x5
 411 0066 00       		.byte	0
 412 0067 03       		.uleb128 0x3
 413 0068 0E       		.uleb128 0xe
 414 0069 3A       		.uleb128 0x3a
 415 006a 0B       		.uleb128 0xb
 416 006b 3B       		.uleb128 0x3b
 417 006c 0B       		.uleb128 0xb
 418 006d 49       		.uleb128 0x49
 419 006e 13       		.uleb128 0x13
 420 006f 02       		.uleb128 0x2
 421 0070 18       		.uleb128 0x18
 422 0071 00       		.byte	0
 423 0072 00       		.byte	0
 424 0073 09       		.uleb128 0x9
 425 0074 34       		.uleb128 0x34
 426 0075 00       		.byte	0
 427 0076 03       		.uleb128 0x3
 428 0077 0E       		.uleb128 0xe
 429 0078 3A       		.uleb128 0x3a
 430 0079 0B       		.uleb128 0xb
 431 007a 3B       		.uleb128 0x3b
 432 007b 0B       		.uleb128 0xb
 433 007c 49       		.uleb128 0x49
 434 007d 13       		.uleb128 0x13
 435 007e 1C       		.uleb128 0x1c
 436 007f 0B       		.uleb128 0xb
 437 0080 00       		.byte	0
 438 0081 00       		.byte	0
 439 0082 0A       		.uleb128 0xa
 440 0083 05       		.uleb128 0x5
 441 0084 00       		.byte	0
 442 0085 03       		.uleb128 0x3
 443 0086 0E       		.uleb128 0xe
 444 0087 3A       		.uleb128 0x3a
 445 0088 0B       		.uleb128 0xb
 446 0089 3B       		.uleb128 0x3b
 447 008a 0B       		.uleb128 0xb
ARM GAS  C:\Users\Kyle\AppData\Local\Temp\cccon9vp.s 			page 11


 448 008b 49       		.uleb128 0x49
 449 008c 13       		.uleb128 0x13
 450 008d 02       		.uleb128 0x2
 451 008e 17       		.uleb128 0x17
 452 008f 00       		.byte	0
 453 0090 00       		.byte	0
 454 0091 0B       		.uleb128 0xb
 455 0092 2E       		.uleb128 0x2e
 456 0093 00       		.byte	0
 457 0094 3F       		.uleb128 0x3f
 458 0095 19       		.uleb128 0x19
 459 0096 03       		.uleb128 0x3
 460 0097 0E       		.uleb128 0xe
 461 0098 3A       		.uleb128 0x3a
 462 0099 0B       		.uleb128 0xb
 463 009a 3B       		.uleb128 0x3b
 464 009b 0B       		.uleb128 0xb
 465 009c 27       		.uleb128 0x27
 466 009d 19       		.uleb128 0x19
 467 009e 49       		.uleb128 0x49
 468 009f 13       		.uleb128 0x13
 469 00a0 11       		.uleb128 0x11
 470 00a1 01       		.uleb128 0x1
 471 00a2 12       		.uleb128 0x12
 472 00a3 06       		.uleb128 0x6
 473 00a4 40       		.uleb128 0x40
 474 00a5 18       		.uleb128 0x18
 475 00a6 9742     		.uleb128 0x2117
 476 00a8 19       		.uleb128 0x19
 477 00a9 00       		.byte	0
 478 00aa 00       		.byte	0
 479 00ab 00       		.byte	0
 480              		.section	.debug_loc,"",%progbits
 481              	.Ldebug_loc0:
 482              	.LLST0:
 483 0000 00000000 		.4byte	.LVL2
 484 0004 08000000 		.4byte	.LVL3
 485 0008 0100     		.2byte	0x1
 486 000a 50       		.byte	0x50
 487 000b 08000000 		.4byte	.LVL3
 488 000f 6C000000 		.4byte	.LFE1
 489 0013 0400     		.2byte	0x4
 490 0015 F3       		.byte	0xf3
 491 0016 01       		.uleb128 0x1
 492 0017 50       		.byte	0x50
 493 0018 9F       		.byte	0x9f
 494 0019 00000000 		.4byte	0
 495 001d 00000000 		.4byte	0
 496              		.section	.debug_aranges,"",%progbits
 497 0000 34000000 		.4byte	0x34
 498 0004 0200     		.2byte	0x2
 499 0006 00000000 		.4byte	.Ldebug_info0
 500 000a 04       		.byte	0x4
 501 000b 00       		.byte	0
 502 000c 0000     		.2byte	0
 503 000e 0000     		.2byte	0
 504 0010 00000000 		.4byte	.LFB0
ARM GAS  C:\Users\Kyle\AppData\Local\Temp\cccon9vp.s 			page 12


 505 0014 0C000000 		.4byte	.LFE0-.LFB0
 506 0018 00000000 		.4byte	.LFB1
 507 001c 6C000000 		.4byte	.LFE1-.LFB1
 508 0020 00000000 		.4byte	.LFB2
 509 0024 0C000000 		.4byte	.LFE2-.LFB2
 510 0028 00000000 		.4byte	.LFB3
 511 002c 0C000000 		.4byte	.LFE3-.LFB3
 512 0030 00000000 		.4byte	0
 513 0034 00000000 		.4byte	0
 514              		.section	.debug_ranges,"",%progbits
 515              	.Ldebug_ranges0:
 516 0000 00000000 		.4byte	.LFB0
 517 0004 0C000000 		.4byte	.LFE0
 518 0008 00000000 		.4byte	.LFB1
 519 000c 6C000000 		.4byte	.LFE1
 520 0010 00000000 		.4byte	.LFB2
 521 0014 0C000000 		.4byte	.LFE2
 522 0018 00000000 		.4byte	.LFB3
 523 001c 0C000000 		.4byte	.LFE3
 524 0020 00000000 		.4byte	0
 525 0024 00000000 		.4byte	0
 526              		.section	.debug_line,"",%progbits
 527              	.Ldebug_line0:
 528 0000 95000000 		.section	.debug_str,"MS",%progbits,1
 528      02004200 
 528      00000201 
 528      FB0E0D00 
 528      01010101 
 529              	.LASF18:
 530 0000 526F775F 		.ascii	"Row_Read\000"
 530      52656164 
 530      00
 531              	.LASF16:
 532 0009 76616C75 		.ascii	"value\000"
 532      6500
 533              	.LASF23:
 534 000f 73746174 		.ascii	"staticBits\000"
 534      69634269 
 534      747300
 535              	.LASF14:
 536 001a 526F775F 		.ascii	"Row_Write\000"
 536      57726974 
 536      6500
 537              	.LASF10:
 538 0024 646F7562 		.ascii	"double\000"
 538      6C6500
 539              	.LASF9:
 540 002b 666C6F61 		.ascii	"float\000"
 540      7400
 541              	.LASF1:
 542 0031 756E7369 		.ascii	"unsigned char\000"
 542      676E6564 
 542      20636861 
 542      7200
 543              	.LASF13:
 544 003f 72656738 		.ascii	"reg8\000"
 544      00
ARM GAS  C:\Users\Kyle\AppData\Local\Temp\cccon9vp.s 			page 13


 545              	.LASF5:
 546 0044 6C6F6E67 		.ascii	"long unsigned int\000"
 546      20756E73 
 546      69676E65 
 546      6420696E 
 546      7400
 547              	.LASF3:
 548 0056 73686F72 		.ascii	"short unsigned int\000"
 548      7420756E 
 548      7369676E 
 548      65642069 
 548      6E7400
 549              	.LASF21:
 550 0069 2E5C4765 		.ascii	".\\Generated_Source\\PSoC5\\Row.c\000"
 550      6E657261 
 550      7465645F 
 550      536F7572 
 550      63655C50 
 551              	.LASF20:
 552 0088 474E5520 		.ascii	"GNU C 4.9.3 20150303 (release) [ARM/embedded-4_9-br"
 552      4320342E 
 552      392E3320 
 552      32303135 
 552      30333033 
 553 00bb 616E6368 		.ascii	"anch revision 221220] -mcpu=cortex-m3 -mthumb -g -O"
 553      20726576 
 553      6973696F 
 553      6E203232 
 553      31323230 
 554 00ee 67202D66 		.ascii	"g -ffunction-sections -ffat-lto-objects\000"
 554      66756E63 
 554      74696F6E 
 554      2D736563 
 554      74696F6E 
 555              	.LASF8:
 556 0116 756E7369 		.ascii	"unsigned int\000"
 556      676E6564 
 556      20696E74 
 556      00
 557              	.LASF7:
 558 0123 6C6F6E67 		.ascii	"long long unsigned int\000"
 558      206C6F6E 
 558      6720756E 
 558      7369676E 
 558      65642069 
 559              	.LASF17:
 560 013a 6D6F6465 		.ascii	"mode\000"
 560      00
 561              	.LASF19:
 562 013f 526F775F 		.ascii	"Row_ReadDataReg\000"
 562      52656164 
 562      44617461 
 562      52656700 
 563              	.LASF6:
 564 014f 6C6F6E67 		.ascii	"long long int\000"
 564      206C6F6E 
 564      6720696E 
ARM GAS  C:\Users\Kyle\AppData\Local\Temp\cccon9vp.s 			page 14


 564      7400
 565              	.LASF11:
 566 015d 63686172 		.ascii	"char\000"
 566      00
 567              	.LASF22:
 568 0162 433A5C55 		.ascii	"C:\\Users\\Kyle\\Documents\\PSoC Creator\\Workspace"
 568      73657273 
 568      5C4B796C 
 568      655C446F 
 568      63756D65 
 569 0190 30315C4D 		.ascii	"01\\Microcontroller\\Microcontroller\\SeniorDesign."
 569      6963726F 
 569      636F6E74 
 569      726F6C6C 
 569      65725C4D 
 570 01c0 63796473 		.ascii	"cydsn\000"
 570      6E00
 571              	.LASF2:
 572 01c6 73686F72 		.ascii	"short int\000"
 572      7420696E 
 572      7400
 573              	.LASF12:
 574 01d0 75696E74 		.ascii	"uint8\000"
 574      3800
 575              	.LASF4:
 576 01d6 6C6F6E67 		.ascii	"long int\000"
 576      20696E74 
 576      00
 577              	.LASF15:
 578 01df 526F775F 		.ascii	"Row_SetDriveMode\000"
 578      53657444 
 578      72697665 
 578      4D6F6465 
 578      00
 579              	.LASF0:
 580 01f0 7369676E 		.ascii	"signed char\000"
 580      65642063 
 580      68617200 
 581              		.ident	"GCC: (GNU Tools for ARM Embedded Processors) 4.9.3 20150303 (release) [ARM/embedded-4_9-br
