--------------- Rebuild Started: 03/29/2016 02:18:05 Project: Bootloader, Configuration: DP8051 Keil 9.51 Debug ---------------
Deleting file ".\Bootloader.cycdx"
Deleting file ".\Bootloader.svd"
Deleting file ".\Bootloader.rpt"
Deleting file ".\Bootloader_timing.html"
cydsfit.exe -.appdatapath "C:\Users\Nick\AppData\Local\Cypress Semiconductor\PSoC Creator\3.3" -.fdsnotice -.fdswarpdepfile=warp_dependencies.txt -.fdselabdepfile=elab_dependencies.txt -.fdsbldfile=generated_files.txt -p E:\Projects\WiFiChessBoard\Micro\Bootloader.cydsn\Bootloader.cyprj -d CY8C3866AXI-040 -s E:\Projects\WiFiChessBoard\Micro\Bootloader.cydsn\Generated_Source\PSoC3 -- -yv2 -q10 -ygs -o2 -v3 -.fftcfgtype=BE
Elaborating Design...
HDL Generation ...
Synthesis ...
Place and Route ...
Tech mapping ...
Analog Placement ...
Analog Routing ...
Analog Code Generation ...
Digital Placement ...
Digital Routing ...
Bitstream Generation ...
Static timing analysis ...
API Generation ...
Dependency Generation ...
Clean Temporary Files ...
c51.exe .\main.c NOIV LARGE MODDP2 OMF2 VB(1) NOIP "INCDIR(., Generated_Source\PSoC3)" FF(3) DB DF(DEBUG) WL(2) PR(.\DP8051\DP8051_Keil_951\Debug/main.lst) CD OT(2 ,Size) OJ(.\DP8051\DP8051_Keil_951\Debug\main.obj)
ERROR: .\main.c:25: syntax error near 'char'
ERROR: .\main.c:25: 'num': undefined identifier
ERROR: .\main.c:31: 'num': undefined identifier
ERROR: .\main.c:33: 'num': undefined identifier
ERROR: .\main.c:35: 'num': undefined identifier
ERROR: .\main.c:37: 'num': undefined identifier
ERROR: .\main.c:45: 'num': undefined identifier
ERROR: .\main.c:47: 'num': undefined identifier
ERROR: .\main.c:49: 'num': undefined identifier
ERROR: .\main.c:51: 'num': undefined identifier
The command 'c51.exe' failed with exit code '2'.
--------------- Rebuild Failed: 03/29/2016 02:18:29 ---------------
