ARM GAS  C:\Users\Nick\AppData\Local\Temp\ccZKUGvo.s 			page 1


   1              		.syntax unified
   2              		.cpu cortex-m3
   3              		.fpu softvfp
   4              		.eabi_attribute 20, 1
   5              		.eabi_attribute 21, 1
   6              		.eabi_attribute 23, 3
   7              		.eabi_attribute 24, 1
   8              		.eabi_attribute 25, 1
   9              		.eabi_attribute 26, 1
  10              		.eabi_attribute 30, 1
  11              		.eabi_attribute 34, 1
  12              		.eabi_attribute 18, 4
  13              		.thumb
  14              		.file	"board.c"
  15              		.text
  16              	.Ltext0:
  17              		.cfi_sections	.debug_frame
  18              		.section	.text.home,"ax",%progbits
  19              		.align	2
  20              		.global	home
  21              		.thumb
  22              		.thumb_func
  23              		.type	home, %function
  24              	home:
  25              	.LFB63:
  26              		.file 1 ".\\board.c"
   1:.\board.c     **** #include "board.h"
   2:.\board.c     **** 
   3:.\board.c     **** void home() {
  27              		.loc 1 3 0
  28              		.cfi_startproc
  29              		@ args = 0, pretend = 0, frame = 0
  30              		@ frame_needed = 0, uses_anonymous_args = 0
  31              		@ link register save eliminated.
  32 0000 7047     		bx	lr
  33              		.cfi_endproc
  34              	.LFE63:
  35              		.size	home, .-home
  36 0002 00BF     		.section	.text.move_home,"ax",%progbits
  37              		.align	2
  38              		.global	move_home
  39              		.thumb
  40              		.thumb_func
  41              		.type	move_home, %function
  42              	move_home:
  43              	.LFB64:
   4:.\board.c     ****     
   5:.\board.c     **** }
   6:.\board.c     **** /*
   7:.\board.c     **** void step(uint8 mm, char dir) {
   8:.\board.c     ****     if(dir == 'F') DIR_Write(0);
   9:.\board.c     ****     if(dir == 'B') DIR_Write(1);
  10:.\board.c     ****     int i, j;
  11:.\board.c     ****     for(i = 0; i < mm; i++) {
  12:.\board.c     ****         for(j = 0; j < STEPS_PER_MM; j++) {
  13:.\board.c     ****             STEP_Write(0);
  14:.\board.c     ****             STEP_Write(1);
ARM GAS  C:\Users\Nick\AppData\Local\Temp\ccZKUGvo.s 			page 2


  15:.\board.c     ****             CyDelay(5);
  16:.\board.c     ****         }
  17:.\board.c     ****     }
  18:.\board.c     **** }*/
  19:.\board.c     **** 
  20:.\board.c     **** void move_home() {
  44              		.loc 1 20 0
  45              		.cfi_startproc
  46              		@ args = 0, pretend = 0, frame = 0
  47              		@ frame_needed = 0, uses_anonymous_args = 0
  48              		.loc 1 20 0
  49 0000 38B5     		push	{r3, r4, r5, lr}
  50              		.cfi_def_cfa_offset 16
  51              		.cfi_offset 3, -16
  52              		.cfi_offset 4, -12
  53              		.cfi_offset 5, -8
  54              		.cfi_offset 14, -4
  21:.\board.c     ****     Slp_1_Write(1);
  55              		.loc 1 21 0
  56 0002 0120     		movs	r0, #1
  57 0004 FFF7FEFF 		bl	Slp_1_Write
  58              	.LVL0:
  22:.\board.c     ****     Slp_2_Write(1);
  59              		.loc 1 22 0
  60 0008 0120     		movs	r0, #1
  61 000a FFF7FEFF 		bl	Slp_2_Write
  62              	.LVL1:
  23:.\board.c     ****     
  24:.\board.c     ****     uint8 x = Lim_1_Read(), y = Lim_2_Read();
  63              		.loc 1 24 0
  64 000e FFF7FEFF 		bl	Lim_1_Read
  65              	.LVL2:
  66 0012 0446     		mov	r4, r0
  67              	.LVL3:
  68 0014 FFF7FEFF 		bl	Lim_2_Read
  69              	.LVL4:
  70 0018 0546     		mov	r5, r0
  71              	.LVL5:
  25:.\board.c     ****     Debug_UART_PutString("limit start");
  72              		.loc 1 25 0
  73 001a 2748     		ldr	r0, .L10
  74 001c FFF7FEFF 		bl	Debug_UART_PutString
  75              	.LVL6:
  26:.\board.c     ****     
  27:.\board.c     ****     while(!x || !y) {    
  76              		.loc 1 27 0
  77 0020 3AE0     		b	.L3
  78              	.L8:
  28:.\board.c     ****         if(!y){
  79              		.loc 1 28 0
  80 0022 ADB9     		cbnz	r5, .L4
  29:.\board.c     ****             Dir_1_Write(1);
  81              		.loc 1 29 0
  82 0024 0120     		movs	r0, #1
  83 0026 FFF7FEFF 		bl	Dir_1_Write
  84              	.LVL7:
  30:.\board.c     ****             Dir_2_Write(1);
ARM GAS  C:\Users\Nick\AppData\Local\Temp\ccZKUGvo.s 			page 3


  85              		.loc 1 30 0
  86 002a 0120     		movs	r0, #1
  87 002c FFF7FEFF 		bl	Dir_2_Write
  88              	.LVL8:
  31:.\board.c     ****             
  32:.\board.c     ****             Stp_1_Write(0);
  89              		.loc 1 32 0
  90 0030 0020     		movs	r0, #0
  91 0032 FFF7FEFF 		bl	Stp_1_Write
  92              	.LVL9:
  33:.\board.c     ****             Stp_1_Write(1);
  93              		.loc 1 33 0
  94 0036 0120     		movs	r0, #1
  95 0038 FFF7FEFF 		bl	Stp_1_Write
  96              	.LVL10:
  34:.\board.c     ****             Stp_2_Write(0);
  97              		.loc 1 34 0
  98 003c 0020     		movs	r0, #0
  99 003e FFF7FEFF 		bl	Stp_2_Write
 100              	.LVL11:
  35:.\board.c     ****             Stp_2_Write(1);
 101              		.loc 1 35 0
 102 0042 0120     		movs	r0, #1
 103 0044 FFF7FEFF 		bl	Stp_2_Write
 104              	.LVL12:
  36:.\board.c     ****             CyDelay(10);
 105              		.loc 1 36 0
 106 0048 0A20     		movs	r0, #10
 107 004a FFF7FEFF 		bl	CyDelay
 108              	.LVL13:
 109 004e 15E0     		b	.L5
 110              	.L4:
  37:.\board.c     ****         }      
  38:.\board.c     ****         else if(!x){
 111              		.loc 1 38 0
 112 0050 A4B9     		cbnz	r4, .L5
  39:.\board.c     ****             Dir_1_Write(0);
 113              		.loc 1 39 0
 114 0052 0020     		movs	r0, #0
 115 0054 FFF7FEFF 		bl	Dir_1_Write
 116              	.LVL14:
  40:.\board.c     ****             Dir_2_Write(1);
 117              		.loc 1 40 0
 118 0058 0120     		movs	r0, #1
 119 005a FFF7FEFF 		bl	Dir_2_Write
 120              	.LVL15:
  41:.\board.c     ****             
  42:.\board.c     ****             Stp_1_Write(0);
 121              		.loc 1 42 0
 122 005e 0020     		movs	r0, #0
 123 0060 FFF7FEFF 		bl	Stp_1_Write
 124              	.LVL16:
  43:.\board.c     ****             Stp_1_Write(1);
 125              		.loc 1 43 0
 126 0064 0120     		movs	r0, #1
 127 0066 FFF7FEFF 		bl	Stp_1_Write
 128              	.LVL17:
ARM GAS  C:\Users\Nick\AppData\Local\Temp\ccZKUGvo.s 			page 4


  44:.\board.c     ****             Stp_2_Write(0);
 129              		.loc 1 44 0
 130 006a 0020     		movs	r0, #0
 131 006c FFF7FEFF 		bl	Stp_2_Write
 132              	.LVL18:
  45:.\board.c     ****             Stp_2_Write(1);
 133              		.loc 1 45 0
 134 0070 0120     		movs	r0, #1
 135 0072 FFF7FEFF 		bl	Stp_2_Write
 136              	.LVL19:
  46:.\board.c     ****             CyDelay(10);
 137              		.loc 1 46 0
 138 0076 0A20     		movs	r0, #10
 139 0078 FFF7FEFF 		bl	CyDelay
 140              	.LVL20:
 141              	.L5:
  47:.\board.c     ****         }
  48:.\board.c     ****         x = Lim_1_Read();
 142              		.loc 1 48 0
 143 007c FFF7FEFF 		bl	Lim_1_Read
 144              	.LVL21:
 145 0080 0446     		mov	r4, r0
 146              	.LVL22:
  49:.\board.c     ****         y = Lim_2_Read();
 147              		.loc 1 49 0
 148 0082 FFF7FEFF 		bl	Lim_2_Read
 149              	.LVL23:
 150 0086 0546     		mov	r5, r0
 151              	.LVL24:
  50:.\board.c     ****         
  51:.\board.c     ****         if(x){
 152              		.loc 1 51 0
 153 0088 14B1     		cbz	r4, .L6
  52:.\board.c     ****          Debug_UART_PutString("limit 1 read");   
 154              		.loc 1 52 0
 155 008a 0C48     		ldr	r0, .L10+4
 156 008c FFF7FEFF 		bl	Debug_UART_PutString
 157              	.LVL25:
 158              	.L6:
  53:.\board.c     ****         }
  54:.\board.c     ****         if(y){
 159              		.loc 1 54 0
 160 0090 15B1     		cbz	r5, .L3
  55:.\board.c     ****          Debug_UART_PutString("limit 2 read");   
 161              		.loc 1 55 0
 162 0092 0B48     		ldr	r0, .L10+8
 163 0094 FFF7FEFF 		bl	Debug_UART_PutString
 164              	.LVL26:
 165              	.L3:
  27:.\board.c     ****         if(!y){
 166              		.loc 1 27 0
 167 0098 002C     		cmp	r4, #0
 168 009a C2D0     		beq	.L8
  27:.\board.c     ****         if(!y){
 169              		.loc 1 27 0 is_stmt 0 discriminator 1
 170 009c 002D     		cmp	r5, #0
 171 009e C0D0     		beq	.L8
ARM GAS  C:\Users\Nick\AppData\Local\Temp\ccZKUGvo.s 			page 5


  56:.\board.c     ****         }
  57:.\board.c     ****     }
  58:.\board.c     ****     Slp_1_Write(0);
 172              		.loc 1 58 0 is_stmt 1
 173 00a0 0020     		movs	r0, #0
 174 00a2 FFF7FEFF 		bl	Slp_1_Write
 175              	.LVL27:
  59:.\board.c     ****     Slp_2_Write(0);
 176              		.loc 1 59 0
 177 00a6 0020     		movs	r0, #0
 178 00a8 FFF7FEFF 		bl	Slp_2_Write
 179              	.LVL28:
  60:.\board.c     ****     
  61:.\board.c     ****     x_pos = 0;
 180              		.loc 1 61 0
 181 00ac 0023     		movs	r3, #0
 182 00ae 054A     		ldr	r2, .L10+12
 183 00b0 1380     		strh	r3, [r2]	@ movhi
  62:.\board.c     ****     y_pos = 0;
 184              		.loc 1 62 0
 185 00b2 054A     		ldr	r2, .L10+16
 186 00b4 1380     		strh	r3, [r2]	@ movhi
 187 00b6 38BD     		pop	{r3, r4, r5, pc}
 188              	.LVL29:
 189              	.L11:
 190              		.align	2
 191              	.L10:
 192 00b8 00000000 		.word	.LC0
 193 00bc 0C000000 		.word	.LC1
 194 00c0 1C000000 		.word	.LC2
 195 00c4 00000000 		.word	x_pos
 196 00c8 00000000 		.word	y_pos
 197              		.cfi_endproc
 198              	.LFE64:
 199              		.size	move_home, .-move_home
 200              		.section	.text.limitTest,"ax",%progbits
 201              		.align	2
 202              		.global	limitTest
 203              		.thumb
 204              		.thumb_func
 205              		.type	limitTest, %function
 206              	limitTest:
 207              	.LFB65:
  63:.\board.c     **** }
  64:.\board.c     **** 
  65:.\board.c     **** void limitTest() {
 208              		.loc 1 65 0
 209              		.cfi_startproc
 210              		@ args = 0, pretend = 0, frame = 0
 211              		@ frame_needed = 0, uses_anonymous_args = 0
 212 0000 08B5     		push	{r3, lr}
 213              		.cfi_def_cfa_offset 8
 214              		.cfi_offset 3, -8
 215              		.cfi_offset 14, -4
  66:.\board.c     ****     Debug_UART_PutChar((char) (Lim_1_Read() + 65));
 216              		.loc 1 66 0
 217 0002 FFF7FEFF 		bl	Lim_1_Read
ARM GAS  C:\Users\Nick\AppData\Local\Temp\ccZKUGvo.s 			page 6


 218              	.LVL30:
 219 0006 4130     		adds	r0, r0, #65
 220 0008 C0B2     		uxtb	r0, r0
 221 000a FFF7FEFF 		bl	Debug_UART_PutChar
 222              	.LVL31:
  67:.\board.c     ****     Debug_UART_PutString(" ");
 223              		.loc 1 67 0
 224 000e 0848     		ldr	r0, .L14
 225 0010 FFF7FEFF 		bl	Debug_UART_PutString
 226              	.LVL32:
  68:.\board.c     ****     Debug_UART_PutChar((char) (Lim_2_Read() + 65));
 227              		.loc 1 68 0
 228 0014 FFF7FEFF 		bl	Lim_2_Read
 229              	.LVL33:
 230 0018 4130     		adds	r0, r0, #65
 231 001a C0B2     		uxtb	r0, r0
 232 001c FFF7FEFF 		bl	Debug_UART_PutChar
 233              	.LVL34:
  69:.\board.c     ****     Debug_UART_PutString("\n");
 234              		.loc 1 69 0
 235 0020 0448     		ldr	r0, .L14+4
 236 0022 FFF7FEFF 		bl	Debug_UART_PutString
 237              	.LVL35:
  70:.\board.c     ****     CyDelay(1000);
 238              		.loc 1 70 0
 239 0026 4FF47A70 		mov	r0, #1000
 240 002a FFF7FEFF 		bl	CyDelay
 241              	.LVL36:
 242 002e 08BD     		pop	{r3, pc}
 243              	.L15:
 244              		.align	2
 245              	.L14:
 246 0030 2C000000 		.word	.LC3
 247 0034 30000000 		.word	.LC4
 248              		.cfi_endproc
 249              	.LFE65:
 250              		.size	limitTest, .-limitTest
 251              		.global	__aeabi_i2d
 252              		.global	__aeabi_dmul
 253              		.global	__aeabi_dcmplt
 254              		.section	.text.move_x,"ax",%progbits
 255              		.align	2
 256              		.global	move_x
 257              		.thumb
 258              		.thumb_func
 259              		.type	move_x, %function
 260              	move_x:
 261              	.LFB66:
  71:.\board.c     **** }
  72:.\board.c     **** 
  73:.\board.c     **** void move_x(int16 mm) { 
 262              		.loc 1 73 0
 263              		.cfi_startproc
 264              		@ args = 0, pretend = 0, frame = 0
 265              		@ frame_needed = 0, uses_anonymous_args = 0
 266              	.LVL37:
 267 0000 F8B5     		push	{r3, r4, r5, r6, r7, lr}
ARM GAS  C:\Users\Nick\AppData\Local\Temp\ccZKUGvo.s 			page 7


 268              		.cfi_def_cfa_offset 24
 269              		.cfi_offset 3, -24
 270              		.cfi_offset 4, -20
 271              		.cfi_offset 5, -16
 272              		.cfi_offset 6, -12
 273              		.cfi_offset 7, -8
 274              		.cfi_offset 14, -4
 275 0002 0546     		mov	r5, r0
  74:.\board.c     ****     
  75:.\board.c     ****     if(x_pos + mm > MAX_X_POS || x_pos + mm < MIN_X_POS) {
 276              		.loc 1 75 0
 277 0004 2C4B     		ldr	r3, .L23+8
 278 0006 1A88     		ldrh	r2, [r3]
 279 0008 13B2     		sxth	r3, r2
 280 000a 0344     		add	r3, r3, r0
 281 000c B3F57A7F 		cmp	r3, #1000
 282 0010 4AD8     		bhi	.L16
  76:.\board.c     ****         return;
  77:.\board.c     ****     }
  78:.\board.c     ****     
  79:.\board.c     ****     x_pos += mm;
 283              		.loc 1 79 0
 284 0012 84B2     		uxth	r4, r0
 285 0014 2244     		add	r2, r2, r4
 286 0016 284B     		ldr	r3, .L23+8
 287 0018 1A80     		strh	r2, [r3]	@ movhi
  80:.\board.c     ****     
  81:.\board.c     ****     Slp_1_Write(1);
 288              		.loc 1 81 0
 289 001a 0120     		movs	r0, #1
 290              	.LVL38:
 291 001c FFF7FEFF 		bl	Slp_1_Write
 292              	.LVL39:
  82:.\board.c     ****     Slp_2_Write(1);
 293              		.loc 1 82 0
 294 0020 0120     		movs	r0, #1
 295 0022 FFF7FEFF 		bl	Slp_2_Write
 296              	.LVL40:
  83:.\board.c     ****     if(mm < 0) {
 297              		.loc 1 83 0
 298 0026 002D     		cmp	r5, #0
 299 0028 08DA     		bge	.L18
  84:.\board.c     ****         Dir_1_Write(1);
 300              		.loc 1 84 0
 301 002a 0120     		movs	r0, #1
 302 002c FFF7FEFF 		bl	Dir_1_Write
 303              	.LVL41:
  85:.\board.c     ****         Dir_2_Write(1);
 304              		.loc 1 85 0
 305 0030 0120     		movs	r0, #1
 306 0032 FFF7FEFF 		bl	Dir_2_Write
 307              	.LVL42:
  86:.\board.c     ****         mm *= -1;
 308              		.loc 1 86 0
 309 0036 6542     		negs	r5, r4
 310 0038 2DB2     		sxth	r5, r5
 311              	.LVL43:
ARM GAS  C:\Users\Nick\AppData\Local\Temp\ccZKUGvo.s 			page 8


 312 003a 05E0     		b	.L19
 313              	.LVL44:
 314              	.L18:
  87:.\board.c     ****     } else {
  88:.\board.c     ****         Dir_1_Write(0);
 315              		.loc 1 88 0
 316 003c 0020     		movs	r0, #0
 317 003e FFF7FEFF 		bl	Dir_1_Write
 318              	.LVL45:
  89:.\board.c     ****         Dir_2_Write(0);
 319              		.loc 1 89 0
 320 0042 0020     		movs	r0, #0
 321 0044 FFF7FEFF 		bl	Dir_2_Write
 322              	.LVL46:
 323              	.L19:
  90:.\board.c     ****     }
  91:.\board.c     ****     int j;
  92:.\board.c     ****     
  93:.\board.c     ****     for(j = 0; j < STEPS_PER_MM * mm * .5; j++) {
 324              		.loc 1 93 0
 325 0048 0024     		movs	r4, #0
 326 004a 0FE0     		b	.L20
 327              	.LVL47:
 328              	.L21:
  94:.\board.c     ****         Stp_1_Write(0);
 329              		.loc 1 94 0 discriminator 3
 330 004c 0020     		movs	r0, #0
 331 004e FFF7FEFF 		bl	Stp_1_Write
 332              	.LVL48:
  95:.\board.c     ****         Stp_1_Write(1);
 333              		.loc 1 95 0 discriminator 3
 334 0052 0120     		movs	r0, #1
 335 0054 FFF7FEFF 		bl	Stp_1_Write
 336              	.LVL49:
  96:.\board.c     ****         Stp_2_Write(0);
 337              		.loc 1 96 0 discriminator 3
 338 0058 0020     		movs	r0, #0
 339 005a FFF7FEFF 		bl	Stp_2_Write
 340              	.LVL50:
  97:.\board.c     ****         Stp_2_Write(1);
 341              		.loc 1 97 0 discriminator 3
 342 005e 0120     		movs	r0, #1
 343 0060 FFF7FEFF 		bl	Stp_2_Write
 344              	.LVL51:
  98:.\board.c     ****         CyDelay(10);
 345              		.loc 1 98 0 discriminator 3
 346 0064 0A20     		movs	r0, #10
 347 0066 FFF7FEFF 		bl	CyDelay
 348              	.LVL52:
  93:.\board.c     ****         Stp_1_Write(0);
 349              		.loc 1 93 0 discriminator 3
 350 006a 0134     		adds	r4, r4, #1
 351              	.LVL53:
 352              	.L20:
  93:.\board.c     ****         Stp_1_Write(0);
 353              		.loc 1 93 0 is_stmt 0 discriminator 1
 354 006c 2046     		mov	r0, r4
ARM GAS  C:\Users\Nick\AppData\Local\Temp\ccZKUGvo.s 			page 9


 355 006e FFF7FEFF 		bl	__aeabi_i2d
 356              	.LVL54:
 357 0072 0646     		mov	r6, r0
 358 0074 0F46     		mov	r7, r1
 359 0076 2846     		mov	r0, r5
 360 0078 FFF7FEFF 		bl	__aeabi_i2d
 361              	.LVL55:
 362 007c 0CA3     		adr	r3, .L23
 363 007e D3E90023 		ldrd	r2, [r3]
 364 0082 FFF7FEFF 		bl	__aeabi_dmul
 365              	.LVL56:
 366 0086 0022     		movs	r2, #0
 367 0088 0C4B     		ldr	r3, .L23+12
 368 008a FFF7FEFF 		bl	__aeabi_dmul
 369              	.LVL57:
 370 008e 0246     		mov	r2, r0
 371 0090 0B46     		mov	r3, r1
 372 0092 3046     		mov	r0, r6
 373 0094 3946     		mov	r1, r7
 374 0096 FFF7FEFF 		bl	__aeabi_dcmplt
 375              	.LVL58:
 376 009a 0028     		cmp	r0, #0
 377 009c D6D1     		bne	.L21
  99:.\board.c     ****     }
 100:.\board.c     ****     
 101:.\board.c     ****     Slp_1_Write(0);
 378              		.loc 1 101 0 is_stmt 1
 379 009e FFF7FEFF 		bl	Slp_1_Write
 380              	.LVL59:
 102:.\board.c     ****     Slp_2_Write(0);
 381              		.loc 1 102 0
 382 00a2 0020     		movs	r0, #0
 383 00a4 FFF7FEFF 		bl	Slp_2_Write
 384              	.LVL60:
 385              	.L16:
 386 00a8 F8BD     		pop	{r3, r4, r5, r6, r7, pc}
 387              	.L24:
 388 00aa 00BFAFF3 		.align	3
 388      0080
 389              	.L23:
 390 00b0 33333333 		.word	858993459
 391 00b4 33B35140 		.word	1079096115
 392 00b8 00000000 		.word	x_pos
 393 00bc 0000E03F 		.word	1071644672
 394              		.cfi_endproc
 395              	.LFE66:
 396              		.size	move_x, .-move_x
 397              		.section	.text.move_y,"ax",%progbits
 398              		.align	2
 399              		.global	move_y
 400              		.thumb
 401              		.thumb_func
 402              		.type	move_y, %function
 403              	move_y:
 404              	.LFB67:
 103:.\board.c     **** }
 104:.\board.c     ****     
ARM GAS  C:\Users\Nick\AppData\Local\Temp\ccZKUGvo.s 			page 10


 105:.\board.c     **** void move_y(int16 mm) { 
 405              		.loc 1 105 0
 406              		.cfi_startproc
 407              		@ args = 0, pretend = 0, frame = 0
 408              		@ frame_needed = 0, uses_anonymous_args = 0
 409              	.LVL61:
 410 0000 F8B5     		push	{r3, r4, r5, r6, r7, lr}
 411              		.cfi_def_cfa_offset 24
 412              		.cfi_offset 3, -24
 413              		.cfi_offset 4, -20
 414              		.cfi_offset 5, -16
 415              		.cfi_offset 6, -12
 416              		.cfi_offset 7, -8
 417              		.cfi_offset 14, -4
 418 0002 0546     		mov	r5, r0
 106:.\board.c     ****         
 107:.\board.c     ****     if(y_pos + mm > MAX_Y_POS || y_pos + mm < MIN_Y_POS) {
 419              		.loc 1 107 0
 420 0004 2C4B     		ldr	r3, .L32+8
 421 0006 B3F90030 		ldrsh	r3, [r3]
 422 000a 0344     		add	r3, r3, r0
 423 000c B3F57A7F 		cmp	r3, #1000
 424 0010 4BD8     		bhi	.L25
 108:.\board.c     ****         return;
 109:.\board.c     ****     }
 110:.\board.c     ****     
 111:.\board.c     ****     Slp_1_Write(1);
 425              		.loc 1 111 0
 426 0012 0120     		movs	r0, #1
 427              	.LVL62:
 428 0014 FFF7FEFF 		bl	Slp_1_Write
 429              	.LVL63:
 112:.\board.c     ****     Slp_2_Write(1);
 430              		.loc 1 112 0
 431 0018 0120     		movs	r0, #1
 432 001a FFF7FEFF 		bl	Slp_2_Write
 433              	.LVL64:
 113:.\board.c     ****     
 114:.\board.c     ****     y_pos += mm;
 434              		.loc 1 114 0
 435 001e ACB2     		uxth	r4, r5
 436 0020 254A     		ldr	r2, .L32+8
 437 0022 1388     		ldrh	r3, [r2]
 438 0024 2344     		add	r3, r3, r4
 439 0026 1380     		strh	r3, [r2]	@ movhi
 115:.\board.c     ****     
 116:.\board.c     ****     if(mm < 0) {
 440              		.loc 1 116 0
 441 0028 002D     		cmp	r5, #0
 442 002a 08DA     		bge	.L27
 117:.\board.c     ****         Dir_1_Write(0);
 443              		.loc 1 117 0
 444 002c 0020     		movs	r0, #0
 445 002e FFF7FEFF 		bl	Dir_1_Write
 446              	.LVL65:
 118:.\board.c     ****         Dir_2_Write(1);
 447              		.loc 1 118 0
ARM GAS  C:\Users\Nick\AppData\Local\Temp\ccZKUGvo.s 			page 11


 448 0032 0120     		movs	r0, #1
 449 0034 FFF7FEFF 		bl	Dir_2_Write
 450              	.LVL66:
 119:.\board.c     ****         mm *= -1;
 451              		.loc 1 119 0
 452 0038 6542     		negs	r5, r4
 453 003a 2DB2     		sxth	r5, r5
 454              	.LVL67:
 455 003c 05E0     		b	.L28
 456              	.LVL68:
 457              	.L27:
 120:.\board.c     ****     } else {
 121:.\board.c     ****         Dir_1_Write(1);
 458              		.loc 1 121 0
 459 003e 0120     		movs	r0, #1
 460 0040 FFF7FEFF 		bl	Dir_1_Write
 461              	.LVL69:
 122:.\board.c     ****         Dir_2_Write(0);
 462              		.loc 1 122 0
 463 0044 0020     		movs	r0, #0
 464 0046 FFF7FEFF 		bl	Dir_2_Write
 465              	.LVL70:
 466              	.L28:
 123:.\board.c     ****     }
 124:.\board.c     ****     int j;
 125:.\board.c     ****     
 126:.\board.c     ****     for(j = 0; j < STEPS_PER_MM * mm * .5; j++) {
 467              		.loc 1 126 0
 468 004a 0024     		movs	r4, #0
 469 004c 0FE0     		b	.L29
 470              	.LVL71:
 471              	.L30:
 127:.\board.c     ****         Stp_1_Write(0);
 472              		.loc 1 127 0 discriminator 3
 473 004e 0020     		movs	r0, #0
 474 0050 FFF7FEFF 		bl	Stp_1_Write
 475              	.LVL72:
 128:.\board.c     ****         Stp_1_Write(1);
 476              		.loc 1 128 0 discriminator 3
 477 0054 0120     		movs	r0, #1
 478 0056 FFF7FEFF 		bl	Stp_1_Write
 479              	.LVL73:
 129:.\board.c     ****         Stp_2_Write(0);
 480              		.loc 1 129 0 discriminator 3
 481 005a 0020     		movs	r0, #0
 482 005c FFF7FEFF 		bl	Stp_2_Write
 483              	.LVL74:
 130:.\board.c     ****         Stp_2_Write(1);
 484              		.loc 1 130 0 discriminator 3
 485 0060 0120     		movs	r0, #1
 486 0062 FFF7FEFF 		bl	Stp_2_Write
 487              	.LVL75:
 131:.\board.c     ****         CyDelay(20);
 488              		.loc 1 131 0 discriminator 3
 489 0066 1420     		movs	r0, #20
 490 0068 FFF7FEFF 		bl	CyDelay
 491              	.LVL76:
ARM GAS  C:\Users\Nick\AppData\Local\Temp\ccZKUGvo.s 			page 12


 126:.\board.c     ****         Stp_1_Write(0);
 492              		.loc 1 126 0 discriminator 3
 493 006c 0134     		adds	r4, r4, #1
 494              	.LVL77:
 495              	.L29:
 126:.\board.c     ****         Stp_1_Write(0);
 496              		.loc 1 126 0 is_stmt 0 discriminator 1
 497 006e 2046     		mov	r0, r4
 498 0070 FFF7FEFF 		bl	__aeabi_i2d
 499              	.LVL78:
 500 0074 0646     		mov	r6, r0
 501 0076 0F46     		mov	r7, r1
 502 0078 2846     		mov	r0, r5
 503 007a FFF7FEFF 		bl	__aeabi_i2d
 504              	.LVL79:
 505 007e 0CA3     		adr	r3, .L32
 506 0080 D3E90023 		ldrd	r2, [r3]
 507 0084 FFF7FEFF 		bl	__aeabi_dmul
 508              	.LVL80:
 509 0088 0022     		movs	r2, #0
 510 008a 0C4B     		ldr	r3, .L32+12
 511 008c FFF7FEFF 		bl	__aeabi_dmul
 512              	.LVL81:
 513 0090 0246     		mov	r2, r0
 514 0092 0B46     		mov	r3, r1
 515 0094 3046     		mov	r0, r6
 516 0096 3946     		mov	r1, r7
 517 0098 FFF7FEFF 		bl	__aeabi_dcmplt
 518              	.LVL82:
 519 009c 0028     		cmp	r0, #0
 520 009e D6D1     		bne	.L30
 132:.\board.c     ****     }
 133:.\board.c     ****     
 134:.\board.c     ****     Slp_1_Write(0);
 521              		.loc 1 134 0 is_stmt 1
 522 00a0 FFF7FEFF 		bl	Slp_1_Write
 523              	.LVL83:
 135:.\board.c     ****     Slp_2_Write(0);
 524              		.loc 1 135 0
 525 00a4 0020     		movs	r0, #0
 526 00a6 FFF7FEFF 		bl	Slp_2_Write
 527              	.LVL84:
 528              	.L25:
 529 00aa F8BD     		pop	{r3, r4, r5, r6, r7, pc}
 530              	.L33:
 531 00ac AFF30080 		.align	3
 532              	.L32:
 533 00b0 33333333 		.word	858993459
 534 00b4 33B35140 		.word	1079096115
 535 00b8 00000000 		.word	y_pos
 536 00bc 0000E03F 		.word	1071644672
 537              		.cfi_endproc
 538              	.LFE67:
 539              		.size	move_y, .-move_y
 540              		.section	.text.read_reed_switches,"ax",%progbits
 541              		.align	2
 542              		.global	read_reed_switches
ARM GAS  C:\Users\Nick\AppData\Local\Temp\ccZKUGvo.s 			page 13


 543              		.thumb
 544              		.thumb_func
 545              		.type	read_reed_switches, %function
 546              	read_reed_switches:
 547              	.LFB68:
 136:.\board.c     **** }
 137:.\board.c     **** 
 138:.\board.c     **** char** read_reed_switches() {
 548              		.loc 1 138 0
 549              		.cfi_startproc
 550              		@ args = 0, pretend = 0, frame = 0
 551              		@ frame_needed = 0, uses_anonymous_args = 0
 552 0000 70B5     		push	{r4, r5, r6, lr}
 553              		.cfi_def_cfa_offset 16
 554              		.cfi_offset 4, -16
 555              		.cfi_offset 5, -12
 556              		.cfi_offset 6, -8
 557              		.cfi_offset 14, -4
 558              	.LVL85:
 139:.\board.c     ****     
 140:.\board.c     ****     static char board[8][12];
 141:.\board.c     ****     
 142:.\board.c     ****     int i, j = 1;
 559              		.loc 1 142 0
 560 0002 0126     		movs	r6, #1
 143:.\board.c     ****     
 144:.\board.c     ****     for(i = 0; i < 8; i++) {
 561              		.loc 1 144 0
 562 0004 0025     		movs	r5, #0
 563 0006 2DE0     		b	.L35
 564              	.LVL86:
 565              	.L36:
 145:.\board.c     ****         Row_Write(j);
 566              		.loc 1 145 0 discriminator 3
 567 0008 F0B2     		uxtb	r0, r6
 568 000a FFF7FEFF 		bl	Row_Write
 569              	.LVL87:
 146:.\board.c     ****         j = j*2;
 570              		.loc 1 146 0 discriminator 3
 571 000e 7600     		lsls	r6, r6, #1
 572              	.LVL88:
 147:.\board.c     ****         board[i][0] = (char) Col_0_Read();
 573              		.loc 1 147 0 discriminator 3
 574 0010 FFF7FEFF 		bl	Col_0_Read
 575              	.LVL89:
 576 0014 154A     		ldr	r2, .L38
 577 0016 6B00     		lsls	r3, r5, #1
 578 0018 2B44     		add	r3, r3, r5
 579 001a 9B00     		lsls	r3, r3, #2
 580 001c D418     		adds	r4, r2, r3
 581 001e D054     		strb	r0, [r2, r3]
 148:.\board.c     ****         board[i][1] = (char) Col_1_Read();
 582              		.loc 1 148 0 discriminator 3
 583 0020 FFF7FEFF 		bl	Col_1_Read
 584              	.LVL90:
 585 0024 6070     		strb	r0, [r4, #1]
 149:.\board.c     ****         board[i][2] = (char) Col_2_Read();
ARM GAS  C:\Users\Nick\AppData\Local\Temp\ccZKUGvo.s 			page 14


 586              		.loc 1 149 0 discriminator 3
 587 0026 FFF7FEFF 		bl	Col_2_Read
 588              	.LVL91:
 589 002a A070     		strb	r0, [r4, #2]
 150:.\board.c     ****         board[i][3] = (char) Col_3_Read();
 590              		.loc 1 150 0 discriminator 3
 591 002c FFF7FEFF 		bl	Col_3_Read
 592              	.LVL92:
 593 0030 E070     		strb	r0, [r4, #3]
 151:.\board.c     ****         board[i][4] = (char) Col_4_Read();
 594              		.loc 1 151 0 discriminator 3
 595 0032 FFF7FEFF 		bl	Col_4_Read
 596              	.LVL93:
 597 0036 2071     		strb	r0, [r4, #4]
 152:.\board.c     ****         board[i][5] = (char) Col_5_Read();
 598              		.loc 1 152 0 discriminator 3
 599 0038 FFF7FEFF 		bl	Col_5_Read
 600              	.LVL94:
 601 003c 6071     		strb	r0, [r4, #5]
 153:.\board.c     ****         board[i][6] = (char) Col_6_Read();
 602              		.loc 1 153 0 discriminator 3
 603 003e FFF7FEFF 		bl	Col_6_Read
 604              	.LVL95:
 605 0042 A071     		strb	r0, [r4, #6]
 154:.\board.c     ****         board[i][7] = (char) Col_7_Read();
 606              		.loc 1 154 0 discriminator 3
 607 0044 FFF7FEFF 		bl	Col_7_Read
 608              	.LVL96:
 609 0048 E071     		strb	r0, [r4, #7]
 155:.\board.c     ****         board[i][8] = (char) Col_8_Read();
 610              		.loc 1 155 0 discriminator 3
 611 004a FFF7FEFF 		bl	Col_8_Read
 612              	.LVL97:
 613 004e 2072     		strb	r0, [r4, #8]
 156:.\board.c     ****         board[i][9] = (char) Col_9_Read();
 614              		.loc 1 156 0 discriminator 3
 615 0050 FFF7FEFF 		bl	Col_9_Read
 616              	.LVL98:
 617 0054 6072     		strb	r0, [r4, #9]
 157:.\board.c     ****         board[i][10] = (char) Col_10_Read();
 618              		.loc 1 157 0 discriminator 3
 619 0056 FFF7FEFF 		bl	Col_10_Read
 620              	.LVL99:
 621 005a A072     		strb	r0, [r4, #10]
 158:.\board.c     ****         board[i][11] = (char) Col_11_Read();
 622              		.loc 1 158 0 discriminator 3
 623 005c FFF7FEFF 		bl	Col_11_Read
 624              	.LVL100:
 625 0060 E072     		strb	r0, [r4, #11]
 144:.\board.c     ****         Row_Write(j);
 626              		.loc 1 144 0 discriminator 3
 627 0062 0135     		adds	r5, r5, #1
 628              	.LVL101:
 629              	.L35:
 144:.\board.c     ****         Row_Write(j);
 630              		.loc 1 144 0 is_stmt 0 discriminator 1
 631 0064 072D     		cmp	r5, #7
ARM GAS  C:\Users\Nick\AppData\Local\Temp\ccZKUGvo.s 			page 15


 632 0066 CFDD     		ble	.L36
 159:.\board.c     ****     }
 160:.\board.c     ****     
 161:.\board.c     ****     return board;
 162:.\board.c     ****     
 163:.\board.c     **** }
 633              		.loc 1 163 0 is_stmt 1
 634 0068 0048     		ldr	r0, .L38
 635 006a 70BD     		pop	{r4, r5, r6, pc}
 636              	.LVL102:
 637              	.L39:
 638              		.align	2
 639              	.L38:
 640 006c 00000000 		.word	.LANCHOR0
 641              		.cfi_endproc
 642              	.LFE68:
 643              		.size	read_reed_switches, .-read_reed_switches
 644              		.comm	y_pos,2,2
 645              		.comm	x_pos,2,2
 646              		.section	.rodata.str1.4,"aMS",%progbits,1
 647              		.align	2
 648              	.LC0:
 649 0000 6C696D69 		.ascii	"limit start\000"
 649      74207374 
 649      61727400 
 650              	.LC1:
 651 000c 6C696D69 		.ascii	"limit 1 read\000"
 651      74203120 
 651      72656164 
 651      00
 652 0019 000000   		.space	3
 653              	.LC2:
 654 001c 6C696D69 		.ascii	"limit 2 read\000"
 654      74203220 
 654      72656164 
 654      00
 655 0029 000000   		.space	3
 656              	.LC3:
 657 002c 2000     		.ascii	" \000"
 658 002e 0000     		.space	2
 659              	.LC4:
 660 0030 0A00     		.ascii	"\012\000"
 661 0032 0000     		.bss
 662              		.align	2
 663              		.set	.LANCHOR0,. + 0
 664              		.type	board.5889, %object
 665              		.size	board.5889, 96
 666              	board.5889:
 667 0000 00000000 		.space	96
 667      00000000 
 667      00000000 
 667      00000000 
 667      00000000 
 668              		.text
 669              	.Letext0:
 670              		.file 2 "c:\\program files (x86)\\cypress\\psoc creator\\3.3\\psoc creator\\import\\gnu\\arm\\4.9.
 671              		.file 3 "c:\\program files (x86)\\cypress\\psoc creator\\3.3\\psoc creator\\import\\gnu\\arm\\4.9.
ARM GAS  C:\Users\Nick\AppData\Local\Temp\ccZKUGvo.s 			page 16


 672              		.file 4 "Generated_Source\\PSoC5/cytypes.h"
 673              		.file 5 "Generated_Source\\PSoC5/core_cm3.h"
 674              		.file 6 ".\\board.h"
 675              		.file 7 "Generated_Source\\PSoC5/Slp_1.h"
 676              		.file 8 "Generated_Source\\PSoC5/Slp_2.h"
 677              		.file 9 "Generated_Source\\PSoC5/Lim_1.h"
 678              		.file 10 "Generated_Source\\PSoC5/Lim_2.h"
 679              		.file 11 "Generated_Source\\PSoC5/Debug_UART.h"
 680              		.file 12 "Generated_Source\\PSoC5/Dir_1.h"
 681              		.file 13 "Generated_Source\\PSoC5/Dir_2.h"
 682              		.file 14 "Generated_Source\\PSoC5/Stp_1.h"
 683              		.file 15 "Generated_Source\\PSoC5/Stp_2.h"
 684              		.file 16 "Generated_Source\\PSoC5/CyLib.h"
 685              		.file 17 "Generated_Source\\PSoC5/Row.h"
 686              		.file 18 "Generated_Source\\PSoC5/Col_0.h"
 687              		.file 19 "Generated_Source\\PSoC5/Col_1.h"
 688              		.file 20 "Generated_Source\\PSoC5/Col_2.h"
 689              		.file 21 "Generated_Source\\PSoC5/Col_3.h"
 690              		.file 22 "Generated_Source\\PSoC5/Col_4.h"
 691              		.file 23 "Generated_Source\\PSoC5/Col_5.h"
 692              		.file 24 "Generated_Source\\PSoC5/Col_6.h"
 693              		.file 25 "Generated_Source\\PSoC5/Col_7.h"
 694              		.file 26 "Generated_Source\\PSoC5/Col_8.h"
 695              		.file 27 "Generated_Source\\PSoC5/Col_9.h"
 696              		.file 28 "Generated_Source\\PSoC5/Col_10.h"
 697              		.file 29 "Generated_Source\\PSoC5/Col_11.h"
 698              		.section	.debug_info,"",%progbits
 699              	.Ldebug_info0:
 700 0000 D8070000 		.4byte	0x7d8
 701 0004 0400     		.2byte	0x4
 702 0006 00000000 		.4byte	.Ldebug_abbrev0
 703 000a 04       		.byte	0x4
 704 000b 01       		.uleb128 0x1
 705 000c A9010000 		.4byte	.LASF52
 706 0010 01       		.byte	0x1
 707 0011 37020000 		.4byte	.LASF53
 708 0015 0C010000 		.4byte	.LASF54
 709 0019 00000000 		.4byte	.Ldebug_ranges0+0
 710 001d 00000000 		.4byte	0
 711 0021 00000000 		.4byte	.Ldebug_line0
 712 0025 02       		.uleb128 0x2
 713 0026 01       		.byte	0x1
 714 0027 06       		.byte	0x6
 715 0028 72000000 		.4byte	.LASF0
 716 002c 02       		.uleb128 0x2
 717 002d 01       		.byte	0x1
 718 002e 08       		.byte	0x8
 719 002f 7E000000 		.4byte	.LASF1
 720 0033 02       		.uleb128 0x2
 721 0034 02       		.byte	0x2
 722 0035 05       		.byte	0x5
 723 0036 9B020000 		.4byte	.LASF2
 724 003a 02       		.uleb128 0x2
 725 003b 02       		.byte	0x2
 726 003c 07       		.byte	0x7
 727 003d 15000000 		.4byte	.LASF3
 728 0041 03       		.uleb128 0x3
ARM GAS  C:\Users\Nick\AppData\Local\Temp\ccZKUGvo.s 			page 17


 729 0042 0B000000 		.4byte	.LASF9
 730 0046 02       		.byte	0x2
 731 0047 3F       		.byte	0x3f
 732 0048 4C000000 		.4byte	0x4c
 733 004c 02       		.uleb128 0x2
 734 004d 04       		.byte	0x4
 735 004e 05       		.byte	0x5
 736 004f D1020000 		.4byte	.LASF4
 737 0053 02       		.uleb128 0x2
 738 0054 04       		.byte	0x4
 739 0055 07       		.byte	0x7
 740 0056 BA000000 		.4byte	.LASF5
 741 005a 02       		.uleb128 0x2
 742 005b 08       		.byte	0x8
 743 005c 05       		.byte	0x5
 744 005d 65020000 		.4byte	.LASF6
 745 0061 02       		.uleb128 0x2
 746 0062 08       		.byte	0x8
 747 0063 07       		.byte	0x7
 748 0064 87010000 		.4byte	.LASF7
 749 0068 04       		.uleb128 0x4
 750 0069 04       		.byte	0x4
 751 006a 05       		.byte	0x5
 752 006b 696E7400 		.ascii	"int\000"
 753 006f 02       		.uleb128 0x2
 754 0070 04       		.byte	0x4
 755 0071 07       		.byte	0x7
 756 0072 7A010000 		.4byte	.LASF8
 757 0076 03       		.uleb128 0x3
 758 0077 54020000 		.4byte	.LASF10
 759 007b 03       		.byte	0x3
 760 007c 2C       		.byte	0x2c
 761 007d 41000000 		.4byte	0x41
 762 0081 03       		.uleb128 0x3
 763 0082 41020000 		.4byte	.LASF11
 764 0086 04       		.byte	0x4
 765 0087 C2       		.byte	0xc2
 766 0088 2C000000 		.4byte	0x2c
 767 008c 03       		.uleb128 0x3
 768 008d 67010000 		.4byte	.LASF12
 769 0091 04       		.byte	0x4
 770 0092 C4       		.byte	0xc4
 771 0093 53000000 		.4byte	0x53
 772 0097 03       		.uleb128 0x3
 773 0098 B4000000 		.4byte	.LASF13
 774 009c 04       		.byte	0x4
 775 009d C6       		.byte	0xc6
 776 009e 33000000 		.4byte	0x33
 777 00a2 02       		.uleb128 0x2
 778 00a3 04       		.byte	0x4
 779 00a4 04       		.byte	0x4
 780 00a5 60000000 		.4byte	.LASF14
 781 00a9 02       		.uleb128 0x2
 782 00aa 08       		.byte	0x8
 783 00ab 04       		.byte	0x4
 784 00ac 05010000 		.4byte	.LASF15
 785 00b0 03       		.uleb128 0x3
ARM GAS  C:\Users\Nick\AppData\Local\Temp\ccZKUGvo.s 			page 18


 786 00b1 A2000000 		.4byte	.LASF16
 787 00b5 04       		.byte	0x4
 788 00b6 D3       		.byte	0xd3
 789 00b7 BB000000 		.4byte	0xbb
 790 00bb 02       		.uleb128 0x2
 791 00bc 01       		.byte	0x1
 792 00bd 08       		.byte	0x8
 793 00be DA020000 		.4byte	.LASF17
 794 00c2 02       		.uleb128 0x2
 795 00c3 04       		.byte	0x4
 796 00c4 07       		.byte	0x7
 797 00c5 5C020000 		.4byte	.LASF18
 798 00c9 05       		.uleb128 0x5
 799 00ca 04       		.byte	0x4
 800 00cb BB000000 		.4byte	0xbb
 801 00cf 06       		.uleb128 0x6
 802 00d0 DF000000 		.4byte	.LASF55
 803 00d4 01       		.byte	0x1
 804 00d5 03       		.byte	0x3
 805 00d6 00000000 		.4byte	.LFB63
 806 00da 02000000 		.4byte	.LFE63-.LFB63
 807 00de 01       		.uleb128 0x1
 808 00df 9C       		.byte	0x9c
 809 00e0 07       		.uleb128 0x7
 810 00e1 98000000 		.4byte	.LASF19
 811 00e5 01       		.byte	0x1
 812 00e6 14       		.byte	0x14
 813 00e7 00000000 		.4byte	.LFB64
 814 00eb CC000000 		.4byte	.LFE64-.LFB64
 815 00ef 01       		.uleb128 0x1
 816 00f0 9C       		.byte	0x9c
 817 00f1 CB020000 		.4byte	0x2cb
 818 00f5 08       		.uleb128 0x8
 819 00f6 7800     		.ascii	"x\000"
 820 00f8 01       		.byte	0x1
 821 00f9 18       		.byte	0x18
 822 00fa 81000000 		.4byte	0x81
 823 00fe 00000000 		.4byte	.LLST0
 824 0102 08       		.uleb128 0x8
 825 0103 7900     		.ascii	"y\000"
 826 0105 01       		.byte	0x1
 827 0106 18       		.byte	0x18
 828 0107 81000000 		.4byte	0x81
 829 010b 13000000 		.4byte	.LLST1
 830 010f 09       		.uleb128 0x9
 831 0110 08000000 		.4byte	.LVL0
 832 0114 8C060000 		.4byte	0x68c
 833 0118 22010000 		.4byte	0x122
 834 011c 0A       		.uleb128 0xa
 835 011d 01       		.uleb128 0x1
 836 011e 50       		.byte	0x50
 837 011f 01       		.uleb128 0x1
 838 0120 31       		.byte	0x31
 839 0121 00       		.byte	0
 840 0122 09       		.uleb128 0x9
 841 0123 0E000000 		.4byte	.LVL1
 842 0127 9D060000 		.4byte	0x69d
ARM GAS  C:\Users\Nick\AppData\Local\Temp\ccZKUGvo.s 			page 19


 843 012b 35010000 		.4byte	0x135
 844 012f 0A       		.uleb128 0xa
 845 0130 01       		.uleb128 0x1
 846 0131 50       		.byte	0x50
 847 0132 01       		.uleb128 0x1
 848 0133 31       		.byte	0x31
 849 0134 00       		.byte	0
 850 0135 0B       		.uleb128 0xb
 851 0136 12000000 		.4byte	.LVL2
 852 013a AE060000 		.4byte	0x6ae
 853 013e 0B       		.uleb128 0xb
 854 013f 18000000 		.4byte	.LVL4
 855 0143 B9060000 		.4byte	0x6b9
 856 0147 09       		.uleb128 0x9
 857 0148 20000000 		.4byte	.LVL6
 858 014c C4060000 		.4byte	0x6c4
 859 0150 5E010000 		.4byte	0x15e
 860 0154 0A       		.uleb128 0xa
 861 0155 01       		.uleb128 0x1
 862 0156 50       		.byte	0x50
 863 0157 05       		.uleb128 0x5
 864 0158 03       		.byte	0x3
 865 0159 00000000 		.4byte	.LC0
 866 015d 00       		.byte	0
 867 015e 09       		.uleb128 0x9
 868 015f 2A000000 		.4byte	.LVL7
 869 0163 E0060000 		.4byte	0x6e0
 870 0167 71010000 		.4byte	0x171
 871 016b 0A       		.uleb128 0xa
 872 016c 01       		.uleb128 0x1
 873 016d 50       		.byte	0x50
 874 016e 01       		.uleb128 0x1
 875 016f 31       		.byte	0x31
 876 0170 00       		.byte	0
 877 0171 09       		.uleb128 0x9
 878 0172 30000000 		.4byte	.LVL8
 879 0176 F1060000 		.4byte	0x6f1
 880 017a 84010000 		.4byte	0x184
 881 017e 0A       		.uleb128 0xa
 882 017f 01       		.uleb128 0x1
 883 0180 50       		.byte	0x50
 884 0181 01       		.uleb128 0x1
 885 0182 31       		.byte	0x31
 886 0183 00       		.byte	0
 887 0184 09       		.uleb128 0x9
 888 0185 36000000 		.4byte	.LVL9
 889 0189 02070000 		.4byte	0x702
 890 018d 97010000 		.4byte	0x197
 891 0191 0A       		.uleb128 0xa
 892 0192 01       		.uleb128 0x1
 893 0193 50       		.byte	0x50
 894 0194 01       		.uleb128 0x1
 895 0195 30       		.byte	0x30
 896 0196 00       		.byte	0
 897 0197 09       		.uleb128 0x9
 898 0198 3C000000 		.4byte	.LVL10
 899 019c 02070000 		.4byte	0x702
ARM GAS  C:\Users\Nick\AppData\Local\Temp\ccZKUGvo.s 			page 20


 900 01a0 AA010000 		.4byte	0x1aa
 901 01a4 0A       		.uleb128 0xa
 902 01a5 01       		.uleb128 0x1
 903 01a6 50       		.byte	0x50
 904 01a7 01       		.uleb128 0x1
 905 01a8 31       		.byte	0x31
 906 01a9 00       		.byte	0
 907 01aa 09       		.uleb128 0x9
 908 01ab 42000000 		.4byte	.LVL11
 909 01af 13070000 		.4byte	0x713
 910 01b3 BD010000 		.4byte	0x1bd
 911 01b7 0A       		.uleb128 0xa
 912 01b8 01       		.uleb128 0x1
 913 01b9 50       		.byte	0x50
 914 01ba 01       		.uleb128 0x1
 915 01bb 30       		.byte	0x30
 916 01bc 00       		.byte	0
 917 01bd 09       		.uleb128 0x9
 918 01be 48000000 		.4byte	.LVL12
 919 01c2 13070000 		.4byte	0x713
 920 01c6 D0010000 		.4byte	0x1d0
 921 01ca 0A       		.uleb128 0xa
 922 01cb 01       		.uleb128 0x1
 923 01cc 50       		.byte	0x50
 924 01cd 01       		.uleb128 0x1
 925 01ce 31       		.byte	0x31
 926 01cf 00       		.byte	0
 927 01d0 09       		.uleb128 0x9
 928 01d1 4E000000 		.4byte	.LVL13
 929 01d5 24070000 		.4byte	0x724
 930 01d9 E3010000 		.4byte	0x1e3
 931 01dd 0A       		.uleb128 0xa
 932 01de 01       		.uleb128 0x1
 933 01df 50       		.byte	0x50
 934 01e0 01       		.uleb128 0x1
 935 01e1 3A       		.byte	0x3a
 936 01e2 00       		.byte	0
 937 01e3 09       		.uleb128 0x9
 938 01e4 58000000 		.4byte	.LVL14
 939 01e8 E0060000 		.4byte	0x6e0
 940 01ec F6010000 		.4byte	0x1f6
 941 01f0 0A       		.uleb128 0xa
 942 01f1 01       		.uleb128 0x1
 943 01f2 50       		.byte	0x50
 944 01f3 01       		.uleb128 0x1
 945 01f4 30       		.byte	0x30
 946 01f5 00       		.byte	0
 947 01f6 09       		.uleb128 0x9
 948 01f7 5E000000 		.4byte	.LVL15
 949 01fb F1060000 		.4byte	0x6f1
 950 01ff 09020000 		.4byte	0x209
 951 0203 0A       		.uleb128 0xa
 952 0204 01       		.uleb128 0x1
 953 0205 50       		.byte	0x50
 954 0206 01       		.uleb128 0x1
 955 0207 31       		.byte	0x31
 956 0208 00       		.byte	0
ARM GAS  C:\Users\Nick\AppData\Local\Temp\ccZKUGvo.s 			page 21


 957 0209 09       		.uleb128 0x9
 958 020a 64000000 		.4byte	.LVL16
 959 020e 02070000 		.4byte	0x702
 960 0212 1C020000 		.4byte	0x21c
 961 0216 0A       		.uleb128 0xa
 962 0217 01       		.uleb128 0x1
 963 0218 50       		.byte	0x50
 964 0219 01       		.uleb128 0x1
 965 021a 30       		.byte	0x30
 966 021b 00       		.byte	0
 967 021c 09       		.uleb128 0x9
 968 021d 6A000000 		.4byte	.LVL17
 969 0221 02070000 		.4byte	0x702
 970 0225 2F020000 		.4byte	0x22f
 971 0229 0A       		.uleb128 0xa
 972 022a 01       		.uleb128 0x1
 973 022b 50       		.byte	0x50
 974 022c 01       		.uleb128 0x1
 975 022d 31       		.byte	0x31
 976 022e 00       		.byte	0
 977 022f 09       		.uleb128 0x9
 978 0230 70000000 		.4byte	.LVL18
 979 0234 13070000 		.4byte	0x713
 980 0238 42020000 		.4byte	0x242
 981 023c 0A       		.uleb128 0xa
 982 023d 01       		.uleb128 0x1
 983 023e 50       		.byte	0x50
 984 023f 01       		.uleb128 0x1
 985 0240 30       		.byte	0x30
 986 0241 00       		.byte	0
 987 0242 09       		.uleb128 0x9
 988 0243 76000000 		.4byte	.LVL19
 989 0247 13070000 		.4byte	0x713
 990 024b 55020000 		.4byte	0x255
 991 024f 0A       		.uleb128 0xa
 992 0250 01       		.uleb128 0x1
 993 0251 50       		.byte	0x50
 994 0252 01       		.uleb128 0x1
 995 0253 31       		.byte	0x31
 996 0254 00       		.byte	0
 997 0255 09       		.uleb128 0x9
 998 0256 7C000000 		.4byte	.LVL20
 999 025a 24070000 		.4byte	0x724
 1000 025e 68020000 		.4byte	0x268
 1001 0262 0A       		.uleb128 0xa
 1002 0263 01       		.uleb128 0x1
 1003 0264 50       		.byte	0x50
 1004 0265 01       		.uleb128 0x1
 1005 0266 3A       		.byte	0x3a
 1006 0267 00       		.byte	0
 1007 0268 0B       		.uleb128 0xb
 1008 0269 80000000 		.4byte	.LVL21
 1009 026d AE060000 		.4byte	0x6ae
 1010 0271 0B       		.uleb128 0xb
 1011 0272 86000000 		.4byte	.LVL23
 1012 0276 B9060000 		.4byte	0x6b9
 1013 027a 09       		.uleb128 0x9
ARM GAS  C:\Users\Nick\AppData\Local\Temp\ccZKUGvo.s 			page 22


 1014 027b 90000000 		.4byte	.LVL25
 1015 027f C4060000 		.4byte	0x6c4
 1016 0283 91020000 		.4byte	0x291
 1017 0287 0A       		.uleb128 0xa
 1018 0288 01       		.uleb128 0x1
 1019 0289 50       		.byte	0x50
 1020 028a 05       		.uleb128 0x5
 1021 028b 03       		.byte	0x3
 1022 028c 0C000000 		.4byte	.LC1
 1023 0290 00       		.byte	0
 1024 0291 09       		.uleb128 0x9
 1025 0292 98000000 		.4byte	.LVL26
 1026 0296 C4060000 		.4byte	0x6c4
 1027 029a A8020000 		.4byte	0x2a8
 1028 029e 0A       		.uleb128 0xa
 1029 029f 01       		.uleb128 0x1
 1030 02a0 50       		.byte	0x50
 1031 02a1 05       		.uleb128 0x5
 1032 02a2 03       		.byte	0x3
 1033 02a3 1C000000 		.4byte	.LC2
 1034 02a7 00       		.byte	0
 1035 02a8 09       		.uleb128 0x9
 1036 02a9 A6000000 		.4byte	.LVL27
 1037 02ad 8C060000 		.4byte	0x68c
 1038 02b1 BB020000 		.4byte	0x2bb
 1039 02b5 0A       		.uleb128 0xa
 1040 02b6 01       		.uleb128 0x1
 1041 02b7 50       		.byte	0x50
 1042 02b8 01       		.uleb128 0x1
 1043 02b9 30       		.byte	0x30
 1044 02ba 00       		.byte	0
 1045 02bb 0C       		.uleb128 0xc
 1046 02bc AC000000 		.4byte	.LVL28
 1047 02c0 9D060000 		.4byte	0x69d
 1048 02c4 0A       		.uleb128 0xa
 1049 02c5 01       		.uleb128 0x1
 1050 02c6 50       		.byte	0x50
 1051 02c7 01       		.uleb128 0x1
 1052 02c8 30       		.byte	0x30
 1053 02c9 00       		.byte	0
 1054 02ca 00       		.byte	0
 1055 02cb 07       		.uleb128 0x7
 1056 02cc 4A000000 		.4byte	.LASF20
 1057 02d0 01       		.byte	0x1
 1058 02d1 41       		.byte	0x41
 1059 02d2 00000000 		.4byte	.LFB65
 1060 02d6 38000000 		.4byte	.LFE65-.LFB65
 1061 02da 01       		.uleb128 0x1
 1062 02db 9C       		.byte	0x9c
 1063 02dc 44030000 		.4byte	0x344
 1064 02e0 0B       		.uleb128 0xb
 1065 02e1 06000000 		.4byte	.LVL30
 1066 02e5 AE060000 		.4byte	0x6ae
 1067 02e9 0B       		.uleb128 0xb
 1068 02ea 0E000000 		.4byte	.LVL31
 1069 02ee 35070000 		.4byte	0x735
 1070 02f2 09       		.uleb128 0x9
ARM GAS  C:\Users\Nick\AppData\Local\Temp\ccZKUGvo.s 			page 23


 1071 02f3 14000000 		.4byte	.LVL32
 1072 02f7 C4060000 		.4byte	0x6c4
 1073 02fb 09030000 		.4byte	0x309
 1074 02ff 0A       		.uleb128 0xa
 1075 0300 01       		.uleb128 0x1
 1076 0301 50       		.byte	0x50
 1077 0302 05       		.uleb128 0x5
 1078 0303 03       		.byte	0x3
 1079 0304 2C000000 		.4byte	.LC3
 1080 0308 00       		.byte	0
 1081 0309 0B       		.uleb128 0xb
 1082 030a 18000000 		.4byte	.LVL33
 1083 030e B9060000 		.4byte	0x6b9
 1084 0312 0B       		.uleb128 0xb
 1085 0313 20000000 		.4byte	.LVL34
 1086 0317 35070000 		.4byte	0x735
 1087 031b 09       		.uleb128 0x9
 1088 031c 26000000 		.4byte	.LVL35
 1089 0320 C4060000 		.4byte	0x6c4
 1090 0324 32030000 		.4byte	0x332
 1091 0328 0A       		.uleb128 0xa
 1092 0329 01       		.uleb128 0x1
 1093 032a 50       		.byte	0x50
 1094 032b 05       		.uleb128 0x5
 1095 032c 03       		.byte	0x3
 1096 032d 30000000 		.4byte	.LC4
 1097 0331 00       		.byte	0
 1098 0332 0C       		.uleb128 0xc
 1099 0333 2E000000 		.4byte	.LVL36
 1100 0337 24070000 		.4byte	0x724
 1101 033b 0A       		.uleb128 0xa
 1102 033c 01       		.uleb128 0x1
 1103 033d 50       		.byte	0x50
 1104 033e 03       		.uleb128 0x3
 1105 033f 0A       		.byte	0xa
 1106 0340 E803     		.2byte	0x3e8
 1107 0342 00       		.byte	0
 1108 0343 00       		.byte	0
 1109 0344 0D       		.uleb128 0xd
 1110 0345 A5020000 		.4byte	.LASF21
 1111 0349 01       		.byte	0x1
 1112 034a 49       		.byte	0x49
 1113 034b 00000000 		.4byte	.LFB66
 1114 034f C0000000 		.4byte	.LFE66-.LFB66
 1115 0353 01       		.uleb128 0x1
 1116 0354 9C       		.byte	0x9c
 1117 0355 5E040000 		.4byte	0x45e
 1118 0359 0E       		.uleb128 0xe
 1119 035a 6D6D00   		.ascii	"mm\000"
 1120 035d 01       		.byte	0x1
 1121 035e 49       		.byte	0x49
 1122 035f 97000000 		.4byte	0x97
 1123 0363 26000000 		.4byte	.LLST2
 1124 0367 08       		.uleb128 0x8
 1125 0368 6A00     		.ascii	"j\000"
 1126 036a 01       		.byte	0x1
 1127 036b 5B       		.byte	0x5b
ARM GAS  C:\Users\Nick\AppData\Local\Temp\ccZKUGvo.s 			page 24


 1128 036c 68000000 		.4byte	0x68
 1129 0370 65000000 		.4byte	.LLST3
 1130 0374 09       		.uleb128 0x9
 1131 0375 20000000 		.4byte	.LVL39
 1132 0379 8C060000 		.4byte	0x68c
 1133 037d 87030000 		.4byte	0x387
 1134 0381 0A       		.uleb128 0xa
 1135 0382 01       		.uleb128 0x1
 1136 0383 50       		.byte	0x50
 1137 0384 01       		.uleb128 0x1
 1138 0385 31       		.byte	0x31
 1139 0386 00       		.byte	0
 1140 0387 09       		.uleb128 0x9
 1141 0388 26000000 		.4byte	.LVL40
 1142 038c 9D060000 		.4byte	0x69d
 1143 0390 9A030000 		.4byte	0x39a
 1144 0394 0A       		.uleb128 0xa
 1145 0395 01       		.uleb128 0x1
 1146 0396 50       		.byte	0x50
 1147 0397 01       		.uleb128 0x1
 1148 0398 31       		.byte	0x31
 1149 0399 00       		.byte	0
 1150 039a 09       		.uleb128 0x9
 1151 039b 30000000 		.4byte	.LVL41
 1152 039f E0060000 		.4byte	0x6e0
 1153 03a3 AD030000 		.4byte	0x3ad
 1154 03a7 0A       		.uleb128 0xa
 1155 03a8 01       		.uleb128 0x1
 1156 03a9 50       		.byte	0x50
 1157 03aa 01       		.uleb128 0x1
 1158 03ab 31       		.byte	0x31
 1159 03ac 00       		.byte	0
 1160 03ad 09       		.uleb128 0x9
 1161 03ae 36000000 		.4byte	.LVL42
 1162 03b2 F1060000 		.4byte	0x6f1
 1163 03b6 C0030000 		.4byte	0x3c0
 1164 03ba 0A       		.uleb128 0xa
 1165 03bb 01       		.uleb128 0x1
 1166 03bc 50       		.byte	0x50
 1167 03bd 01       		.uleb128 0x1
 1168 03be 31       		.byte	0x31
 1169 03bf 00       		.byte	0
 1170 03c0 09       		.uleb128 0x9
 1171 03c1 42000000 		.4byte	.LVL45
 1172 03c5 E0060000 		.4byte	0x6e0
 1173 03c9 D3030000 		.4byte	0x3d3
 1174 03cd 0A       		.uleb128 0xa
 1175 03ce 01       		.uleb128 0x1
 1176 03cf 50       		.byte	0x50
 1177 03d0 01       		.uleb128 0x1
 1178 03d1 30       		.byte	0x30
 1179 03d2 00       		.byte	0
 1180 03d3 09       		.uleb128 0x9
 1181 03d4 48000000 		.4byte	.LVL46
 1182 03d8 F1060000 		.4byte	0x6f1
 1183 03dc E6030000 		.4byte	0x3e6
 1184 03e0 0A       		.uleb128 0xa
ARM GAS  C:\Users\Nick\AppData\Local\Temp\ccZKUGvo.s 			page 25


 1185 03e1 01       		.uleb128 0x1
 1186 03e2 50       		.byte	0x50
 1187 03e3 01       		.uleb128 0x1
 1188 03e4 30       		.byte	0x30
 1189 03e5 00       		.byte	0
 1190 03e6 09       		.uleb128 0x9
 1191 03e7 52000000 		.4byte	.LVL48
 1192 03eb 02070000 		.4byte	0x702
 1193 03ef F9030000 		.4byte	0x3f9
 1194 03f3 0A       		.uleb128 0xa
 1195 03f4 01       		.uleb128 0x1
 1196 03f5 50       		.byte	0x50
 1197 03f6 01       		.uleb128 0x1
 1198 03f7 30       		.byte	0x30
 1199 03f8 00       		.byte	0
 1200 03f9 09       		.uleb128 0x9
 1201 03fa 58000000 		.4byte	.LVL49
 1202 03fe 02070000 		.4byte	0x702
 1203 0402 0C040000 		.4byte	0x40c
 1204 0406 0A       		.uleb128 0xa
 1205 0407 01       		.uleb128 0x1
 1206 0408 50       		.byte	0x50
 1207 0409 01       		.uleb128 0x1
 1208 040a 31       		.byte	0x31
 1209 040b 00       		.byte	0
 1210 040c 09       		.uleb128 0x9
 1211 040d 5E000000 		.4byte	.LVL50
 1212 0411 13070000 		.4byte	0x713
 1213 0415 1F040000 		.4byte	0x41f
 1214 0419 0A       		.uleb128 0xa
 1215 041a 01       		.uleb128 0x1
 1216 041b 50       		.byte	0x50
 1217 041c 01       		.uleb128 0x1
 1218 041d 30       		.byte	0x30
 1219 041e 00       		.byte	0
 1220 041f 09       		.uleb128 0x9
 1221 0420 64000000 		.4byte	.LVL51
 1222 0424 13070000 		.4byte	0x713
 1223 0428 32040000 		.4byte	0x432
 1224 042c 0A       		.uleb128 0xa
 1225 042d 01       		.uleb128 0x1
 1226 042e 50       		.byte	0x50
 1227 042f 01       		.uleb128 0x1
 1228 0430 31       		.byte	0x31
 1229 0431 00       		.byte	0
 1230 0432 09       		.uleb128 0x9
 1231 0433 6A000000 		.4byte	.LVL52
 1232 0437 24070000 		.4byte	0x724
 1233 043b 45040000 		.4byte	0x445
 1234 043f 0A       		.uleb128 0xa
 1235 0440 01       		.uleb128 0x1
 1236 0441 50       		.byte	0x50
 1237 0442 01       		.uleb128 0x1
 1238 0443 3A       		.byte	0x3a
 1239 0444 00       		.byte	0
 1240 0445 0B       		.uleb128 0xb
 1241 0446 A2000000 		.4byte	.LVL59
ARM GAS  C:\Users\Nick\AppData\Local\Temp\ccZKUGvo.s 			page 26


 1242 044a 8C060000 		.4byte	0x68c
 1243 044e 0C       		.uleb128 0xc
 1244 044f A8000000 		.4byte	.LVL60
 1245 0453 9D060000 		.4byte	0x69d
 1246 0457 0A       		.uleb128 0xa
 1247 0458 01       		.uleb128 0x1
 1248 0459 50       		.byte	0x50
 1249 045a 01       		.uleb128 0x1
 1250 045b 30       		.byte	0x30
 1251 045c 00       		.byte	0
 1252 045d 00       		.byte	0
 1253 045e 0D       		.uleb128 0xd
 1254 045f AC020000 		.4byte	.LASF22
 1255 0463 01       		.byte	0x1
 1256 0464 69       		.byte	0x69
 1257 0465 00000000 		.4byte	.LFB67
 1258 0469 C0000000 		.4byte	.LFE67-.LFB67
 1259 046d 01       		.uleb128 0x1
 1260 046e 9C       		.byte	0x9c
 1261 046f 78050000 		.4byte	0x578
 1262 0473 0E       		.uleb128 0xe
 1263 0474 6D6D00   		.ascii	"mm\000"
 1264 0477 01       		.byte	0x1
 1265 0478 69       		.byte	0x69
 1266 0479 97000000 		.4byte	0x97
 1267 047d 84000000 		.4byte	.LLST4
 1268 0481 08       		.uleb128 0x8
 1269 0482 6A00     		.ascii	"j\000"
 1270 0484 01       		.byte	0x1
 1271 0485 7C       		.byte	0x7c
 1272 0486 68000000 		.4byte	0x68
 1273 048a C9000000 		.4byte	.LLST5
 1274 048e 09       		.uleb128 0x9
 1275 048f 18000000 		.4byte	.LVL63
 1276 0493 8C060000 		.4byte	0x68c
 1277 0497 A1040000 		.4byte	0x4a1
 1278 049b 0A       		.uleb128 0xa
 1279 049c 01       		.uleb128 0x1
 1280 049d 50       		.byte	0x50
 1281 049e 01       		.uleb128 0x1
 1282 049f 31       		.byte	0x31
 1283 04a0 00       		.byte	0
 1284 04a1 09       		.uleb128 0x9
 1285 04a2 1E000000 		.4byte	.LVL64
 1286 04a6 9D060000 		.4byte	0x69d
 1287 04aa B4040000 		.4byte	0x4b4
 1288 04ae 0A       		.uleb128 0xa
 1289 04af 01       		.uleb128 0x1
 1290 04b0 50       		.byte	0x50
 1291 04b1 01       		.uleb128 0x1
 1292 04b2 31       		.byte	0x31
 1293 04b3 00       		.byte	0
 1294 04b4 09       		.uleb128 0x9
 1295 04b5 32000000 		.4byte	.LVL65
 1296 04b9 E0060000 		.4byte	0x6e0
 1297 04bd C7040000 		.4byte	0x4c7
 1298 04c1 0A       		.uleb128 0xa
ARM GAS  C:\Users\Nick\AppData\Local\Temp\ccZKUGvo.s 			page 27


 1299 04c2 01       		.uleb128 0x1
 1300 04c3 50       		.byte	0x50
 1301 04c4 01       		.uleb128 0x1
 1302 04c5 30       		.byte	0x30
 1303 04c6 00       		.byte	0
 1304 04c7 09       		.uleb128 0x9
 1305 04c8 38000000 		.4byte	.LVL66
 1306 04cc F1060000 		.4byte	0x6f1
 1307 04d0 DA040000 		.4byte	0x4da
 1308 04d4 0A       		.uleb128 0xa
 1309 04d5 01       		.uleb128 0x1
 1310 04d6 50       		.byte	0x50
 1311 04d7 01       		.uleb128 0x1
 1312 04d8 31       		.byte	0x31
 1313 04d9 00       		.byte	0
 1314 04da 09       		.uleb128 0x9
 1315 04db 44000000 		.4byte	.LVL69
 1316 04df E0060000 		.4byte	0x6e0
 1317 04e3 ED040000 		.4byte	0x4ed
 1318 04e7 0A       		.uleb128 0xa
 1319 04e8 01       		.uleb128 0x1
 1320 04e9 50       		.byte	0x50
 1321 04ea 01       		.uleb128 0x1
 1322 04eb 31       		.byte	0x31
 1323 04ec 00       		.byte	0
 1324 04ed 09       		.uleb128 0x9
 1325 04ee 4A000000 		.4byte	.LVL70
 1326 04f2 F1060000 		.4byte	0x6f1
 1327 04f6 00050000 		.4byte	0x500
 1328 04fa 0A       		.uleb128 0xa
 1329 04fb 01       		.uleb128 0x1
 1330 04fc 50       		.byte	0x50
 1331 04fd 01       		.uleb128 0x1
 1332 04fe 30       		.byte	0x30
 1333 04ff 00       		.byte	0
 1334 0500 09       		.uleb128 0x9
 1335 0501 54000000 		.4byte	.LVL72
 1336 0505 02070000 		.4byte	0x702
 1337 0509 13050000 		.4byte	0x513
 1338 050d 0A       		.uleb128 0xa
 1339 050e 01       		.uleb128 0x1
 1340 050f 50       		.byte	0x50
 1341 0510 01       		.uleb128 0x1
 1342 0511 30       		.byte	0x30
 1343 0512 00       		.byte	0
 1344 0513 09       		.uleb128 0x9
 1345 0514 5A000000 		.4byte	.LVL73
 1346 0518 02070000 		.4byte	0x702
 1347 051c 26050000 		.4byte	0x526
 1348 0520 0A       		.uleb128 0xa
 1349 0521 01       		.uleb128 0x1
 1350 0522 50       		.byte	0x50
 1351 0523 01       		.uleb128 0x1
 1352 0524 31       		.byte	0x31
 1353 0525 00       		.byte	0
 1354 0526 09       		.uleb128 0x9
 1355 0527 60000000 		.4byte	.LVL74
ARM GAS  C:\Users\Nick\AppData\Local\Temp\ccZKUGvo.s 			page 28


 1356 052b 13070000 		.4byte	0x713
 1357 052f 39050000 		.4byte	0x539
 1358 0533 0A       		.uleb128 0xa
 1359 0534 01       		.uleb128 0x1
 1360 0535 50       		.byte	0x50
 1361 0536 01       		.uleb128 0x1
 1362 0537 30       		.byte	0x30
 1363 0538 00       		.byte	0
 1364 0539 09       		.uleb128 0x9
 1365 053a 66000000 		.4byte	.LVL75
 1366 053e 13070000 		.4byte	0x713
 1367 0542 4C050000 		.4byte	0x54c
 1368 0546 0A       		.uleb128 0xa
 1369 0547 01       		.uleb128 0x1
 1370 0548 50       		.byte	0x50
 1371 0549 01       		.uleb128 0x1
 1372 054a 31       		.byte	0x31
 1373 054b 00       		.byte	0
 1374 054c 09       		.uleb128 0x9
 1375 054d 6C000000 		.4byte	.LVL76
 1376 0551 24070000 		.4byte	0x724
 1377 0555 5F050000 		.4byte	0x55f
 1378 0559 0A       		.uleb128 0xa
 1379 055a 01       		.uleb128 0x1
 1380 055b 50       		.byte	0x50
 1381 055c 01       		.uleb128 0x1
 1382 055d 44       		.byte	0x44
 1383 055e 00       		.byte	0
 1384 055f 0B       		.uleb128 0xb
 1385 0560 A4000000 		.4byte	.LVL83
 1386 0564 8C060000 		.4byte	0x68c
 1387 0568 0C       		.uleb128 0xc
 1388 0569 AA000000 		.4byte	.LVL84
 1389 056d 9D060000 		.4byte	0x69d
 1390 0571 0A       		.uleb128 0xa
 1391 0572 01       		.uleb128 0x1
 1392 0573 50       		.byte	0x50
 1393 0574 01       		.uleb128 0x1
 1394 0575 30       		.byte	0x30
 1395 0576 00       		.byte	0
 1396 0577 00       		.byte	0
 1397 0578 0F       		.uleb128 0xf
 1398 0579 BE020000 		.4byte	.LASF23
 1399 057d 01       		.byte	0x1
 1400 057e 8A       		.byte	0x8a
 1401 057f 3D060000 		.4byte	0x63d
 1402 0583 00000000 		.4byte	.LFB68
 1403 0587 70000000 		.4byte	.LFE68-.LFB68
 1404 058b 01       		.uleb128 0x1
 1405 058c 9C       		.byte	0x9c
 1406 058d 3D060000 		.4byte	0x63d
 1407 0591 10       		.uleb128 0x10
 1408 0592 F4020000 		.4byte	.LASF24
 1409 0596 01       		.byte	0x1
 1410 0597 8C       		.byte	0x8c
 1411 0598 43060000 		.4byte	0x643
 1412 059c 05       		.uleb128 0x5
ARM GAS  C:\Users\Nick\AppData\Local\Temp\ccZKUGvo.s 			page 29


 1413 059d 03       		.byte	0x3
 1414 059e 00000000 		.4byte	board.5889
 1415 05a2 08       		.uleb128 0x8
 1416 05a3 6900     		.ascii	"i\000"
 1417 05a5 01       		.byte	0x1
 1418 05a6 8E       		.byte	0x8e
 1419 05a7 68000000 		.4byte	0x68
 1420 05ab E8000000 		.4byte	.LLST6
 1421 05af 08       		.uleb128 0x8
 1422 05b0 6A00     		.ascii	"j\000"
 1423 05b2 01       		.byte	0x1
 1424 05b3 8E       		.byte	0x8e
 1425 05b4 68000000 		.4byte	0x68
 1426 05b8 07010000 		.4byte	.LLST7
 1427 05bc 09       		.uleb128 0x9
 1428 05bd 0E000000 		.4byte	.LVL87
 1429 05c1 46070000 		.4byte	0x746
 1430 05c5 D0050000 		.4byte	0x5d0
 1431 05c9 0A       		.uleb128 0xa
 1432 05ca 01       		.uleb128 0x1
 1433 05cb 50       		.byte	0x50
 1434 05cc 02       		.uleb128 0x2
 1435 05cd 76       		.byte	0x76
 1436 05ce 00       		.sleb128 0
 1437 05cf 00       		.byte	0
 1438 05d0 0B       		.uleb128 0xb
 1439 05d1 14000000 		.4byte	.LVL89
 1440 05d5 57070000 		.4byte	0x757
 1441 05d9 0B       		.uleb128 0xb
 1442 05da 24000000 		.4byte	.LVL90
 1443 05de 62070000 		.4byte	0x762
 1444 05e2 0B       		.uleb128 0xb
 1445 05e3 2A000000 		.4byte	.LVL91
 1446 05e7 6D070000 		.4byte	0x76d
 1447 05eb 0B       		.uleb128 0xb
 1448 05ec 30000000 		.4byte	.LVL92
 1449 05f0 78070000 		.4byte	0x778
 1450 05f4 0B       		.uleb128 0xb
 1451 05f5 36000000 		.4byte	.LVL93
 1452 05f9 83070000 		.4byte	0x783
 1453 05fd 0B       		.uleb128 0xb
 1454 05fe 3C000000 		.4byte	.LVL94
 1455 0602 8E070000 		.4byte	0x78e
 1456 0606 0B       		.uleb128 0xb
 1457 0607 42000000 		.4byte	.LVL95
 1458 060b 99070000 		.4byte	0x799
 1459 060f 0B       		.uleb128 0xb
 1460 0610 48000000 		.4byte	.LVL96
 1461 0614 A4070000 		.4byte	0x7a4
 1462 0618 0B       		.uleb128 0xb
 1463 0619 4E000000 		.4byte	.LVL97
 1464 061d AF070000 		.4byte	0x7af
 1465 0621 0B       		.uleb128 0xb
 1466 0622 54000000 		.4byte	.LVL98
 1467 0626 BA070000 		.4byte	0x7ba
 1468 062a 0B       		.uleb128 0xb
 1469 062b 5A000000 		.4byte	.LVL99
ARM GAS  C:\Users\Nick\AppData\Local\Temp\ccZKUGvo.s 			page 30


 1470 062f C5070000 		.4byte	0x7c5
 1471 0633 0B       		.uleb128 0xb
 1472 0634 60000000 		.4byte	.LVL100
 1473 0638 D0070000 		.4byte	0x7d0
 1474 063c 00       		.byte	0
 1475 063d 05       		.uleb128 0x5
 1476 063e 04       		.byte	0x4
 1477 063f C9000000 		.4byte	0xc9
 1478 0643 11       		.uleb128 0x11
 1479 0644 BB000000 		.4byte	0xbb
 1480 0648 59060000 		.4byte	0x659
 1481 064c 12       		.uleb128 0x12
 1482 064d C2000000 		.4byte	0xc2
 1483 0651 07       		.byte	0x7
 1484 0652 12       		.uleb128 0x12
 1485 0653 C2000000 		.4byte	0xc2
 1486 0657 0B       		.byte	0xb
 1487 0658 00       		.byte	0
 1488 0659 13       		.uleb128 0x13
 1489 065a 47020000 		.4byte	.LASF25
 1490 065e 05       		.byte	0x5
 1491 065f 2A06     		.2byte	0x62a
 1492 0661 65060000 		.4byte	0x665
 1493 0665 14       		.uleb128 0x14
 1494 0666 76000000 		.4byte	0x76
 1495 066a 15       		.uleb128 0x15
 1496 066b 56010000 		.4byte	.LASF26
 1497 066f 06       		.byte	0x6
 1498 0670 11       		.byte	0x11
 1499 0671 97000000 		.4byte	0x97
 1500 0675 05       		.uleb128 0x5
 1501 0676 03       		.byte	0x3
 1502 0677 00000000 		.4byte	x_pos
 1503 067b 15       		.uleb128 0x15
 1504 067c 7F020000 		.4byte	.LASF27
 1505 0680 06       		.byte	0x6
 1506 0681 12       		.byte	0x12
 1507 0682 97000000 		.4byte	0x97
 1508 0686 05       		.uleb128 0x5
 1509 0687 03       		.byte	0x3
 1510 0688 00000000 		.4byte	y_pos
 1511 068c 16       		.uleb128 0x16
 1512 068d 8C000000 		.4byte	.LASF28
 1513 0691 07       		.byte	0x7
 1514 0692 28       		.byte	0x28
 1515 0693 9D060000 		.4byte	0x69d
 1516 0697 17       		.uleb128 0x17
 1517 0698 81000000 		.4byte	0x81
 1518 069c 00       		.byte	0
 1519 069d 16       		.uleb128 0x16
 1520 069e 73020000 		.4byte	.LASF29
 1521 06a2 08       		.byte	0x8
 1522 06a3 28       		.byte	0x28
 1523 06a4 AE060000 		.4byte	0x6ae
 1524 06a8 17       		.uleb128 0x17
 1525 06a9 81000000 		.4byte	0x81
 1526 06ad 00       		.byte	0
ARM GAS  C:\Users\Nick\AppData\Local\Temp\ccZKUGvo.s 			page 31


 1527 06ae 18       		.uleb128 0x18
 1528 06af 40010000 		.4byte	.LASF30
 1529 06b3 09       		.byte	0x9
 1530 06b4 2B       		.byte	0x2b
 1531 06b5 81000000 		.4byte	0x81
 1532 06b9 18       		.uleb128 0x18
 1533 06ba 00000000 		.4byte	.LASF31
 1534 06be 0A       		.byte	0xa
 1535 06bf 2B       		.byte	0x2b
 1536 06c0 81000000 		.4byte	0x81
 1537 06c4 16       		.uleb128 0x16
 1538 06c5 F0000000 		.4byte	.LASF32
 1539 06c9 0B       		.byte	0xb
 1540 06ca 8B       		.byte	0x8b
 1541 06cb D5060000 		.4byte	0x6d5
 1542 06cf 17       		.uleb128 0x17
 1543 06d0 D5060000 		.4byte	0x6d5
 1544 06d4 00       		.byte	0
 1545 06d5 05       		.uleb128 0x5
 1546 06d6 04       		.byte	0x4
 1547 06d7 DB060000 		.4byte	0x6db
 1548 06db 19       		.uleb128 0x19
 1549 06dc B0000000 		.4byte	0xb0
 1550 06e0 16       		.uleb128 0x16
 1551 06e1 E4000000 		.4byte	.LASF33
 1552 06e5 0C       		.byte	0xc
 1553 06e6 28       		.byte	0x28
 1554 06e7 F1060000 		.4byte	0x6f1
 1555 06eb 17       		.uleb128 0x17
 1556 06ec 81000000 		.4byte	0x81
 1557 06f0 00       		.byte	0
 1558 06f1 16       		.uleb128 0x16
 1559 06f2 66000000 		.4byte	.LASF34
 1560 06f6 0D       		.byte	0xd
 1561 06f7 28       		.byte	0x28
 1562 06f8 02070000 		.4byte	0x702
 1563 06fc 17       		.uleb128 0x17
 1564 06fd 81000000 		.4byte	0x81
 1565 0701 00       		.byte	0
 1566 0702 16       		.uleb128 0x16
 1567 0703 54000000 		.4byte	.LASF35
 1568 0707 0E       		.byte	0xe
 1569 0708 28       		.byte	0x28
 1570 0709 13070000 		.4byte	0x713
 1571 070d 17       		.uleb128 0x17
 1572 070e 81000000 		.4byte	0x81
 1573 0712 00       		.byte	0
 1574 0713 16       		.uleb128 0x16
 1575 0714 A8000000 		.4byte	.LASF36
 1576 0718 0F       		.byte	0xf
 1577 0719 28       		.byte	0x28
 1578 071a 24070000 		.4byte	0x724
 1579 071e 17       		.uleb128 0x17
 1580 071f 81000000 		.4byte	0x81
 1581 0723 00       		.byte	0
 1582 0724 16       		.uleb128 0x16
 1583 0725 05030000 		.4byte	.LASF37
ARM GAS  C:\Users\Nick\AppData\Local\Temp\ccZKUGvo.s 			page 32


 1584 0729 10       		.byte	0x10
 1585 072a 77       		.byte	0x77
 1586 072b 35070000 		.4byte	0x735
 1587 072f 17       		.uleb128 0x17
 1588 0730 8C000000 		.4byte	0x8c
 1589 0734 00       		.byte	0
 1590 0735 16       		.uleb128 0x16
 1591 0736 CC000000 		.4byte	.LASF38
 1592 073a 0B       		.byte	0xb
 1593 073b 8A       		.byte	0x8a
 1594 073c 46070000 		.4byte	0x746
 1595 0740 17       		.uleb128 0x17
 1596 0741 81000000 		.4byte	0x81
 1597 0745 00       		.byte	0
 1598 0746 16       		.uleb128 0x16
 1599 0747 EA020000 		.4byte	.LASF39
 1600 074b 11       		.byte	0x11
 1601 074c 28       		.byte	0x28
 1602 074d 57070000 		.4byte	0x757
 1603 0751 17       		.uleb128 0x17
 1604 0752 81000000 		.4byte	0x81
 1605 0756 00       		.byte	0
 1606 0757 18       		.uleb128 0x18
 1607 0758 FA020000 		.4byte	.LASF40
 1608 075c 12       		.byte	0x12
 1609 075d 2B       		.byte	0x2b
 1610 075e 81000000 		.4byte	0x81
 1611 0762 18       		.uleb128 0x18
 1612 0763 28000000 		.4byte	.LASF41
 1613 0767 13       		.byte	0x13
 1614 0768 2B       		.byte	0x2b
 1615 0769 81000000 		.4byte	0x81
 1616 076d 18       		.uleb128 0x18
 1617 076e 5C010000 		.4byte	.LASF42
 1618 0772 14       		.byte	0x14
 1619 0773 2B       		.byte	0x2b
 1620 0774 81000000 		.4byte	0x81
 1621 0778 18       		.uleb128 0x18
 1622 0779 33000000 		.4byte	.LASF43
 1623 077d 15       		.byte	0x15
 1624 077e 2B       		.byte	0x2b
 1625 077f 81000000 		.4byte	0x81
 1626 0783 18       		.uleb128 0x18
 1627 0784 85020000 		.4byte	.LASF44
 1628 0788 16       		.byte	0x16
 1629 0789 2B       		.byte	0x2b
 1630 078a 81000000 		.4byte	0x81
 1631 078e 18       		.uleb128 0x18
 1632 078f 4B010000 		.4byte	.LASF45
 1633 0793 17       		.byte	0x17
 1634 0794 2B       		.byte	0x2b
 1635 0795 81000000 		.4byte	0x81
 1636 0799 18       		.uleb128 0x18
 1637 079a B3020000 		.4byte	.LASF46
 1638 079e 18       		.byte	0x18
 1639 079f 2B       		.byte	0x2b
 1640 07a0 81000000 		.4byte	0x81
ARM GAS  C:\Users\Nick\AppData\Local\Temp\ccZKUGvo.s 			page 33


 1641 07a4 18       		.uleb128 0x18
 1642 07a5 DF020000 		.4byte	.LASF47
 1643 07a9 19       		.byte	0x19
 1644 07aa 2B       		.byte	0x2b
 1645 07ab 81000000 		.4byte	0x81
 1646 07af 18       		.uleb128 0x18
 1647 07b0 9E010000 		.4byte	.LASF48
 1648 07b4 1A       		.byte	0x1a
 1649 07b5 2B       		.byte	0x2b
 1650 07b6 81000000 		.4byte	0x81
 1651 07ba 18       		.uleb128 0x18
 1652 07bb 90020000 		.4byte	.LASF49
 1653 07bf 1B       		.byte	0x1b
 1654 07c0 2B       		.byte	0x2b
 1655 07c1 81000000 		.4byte	0x81
 1656 07c5 18       		.uleb128 0x18
 1657 07c6 3E000000 		.4byte	.LASF50
 1658 07ca 1C       		.byte	0x1c
 1659 07cb 2B       		.byte	0x2b
 1660 07cc 81000000 		.4byte	0x81
 1661 07d0 18       		.uleb128 0x18
 1662 07d1 6E010000 		.4byte	.LASF51
 1663 07d5 1D       		.byte	0x1d
 1664 07d6 2B       		.byte	0x2b
 1665 07d7 81000000 		.4byte	0x81
 1666 07db 00       		.byte	0
 1667              		.section	.debug_abbrev,"",%progbits
 1668              	.Ldebug_abbrev0:
 1669 0000 01       		.uleb128 0x1
 1670 0001 11       		.uleb128 0x11
 1671 0002 01       		.byte	0x1
 1672 0003 25       		.uleb128 0x25
 1673 0004 0E       		.uleb128 0xe
 1674 0005 13       		.uleb128 0x13
 1675 0006 0B       		.uleb128 0xb
 1676 0007 03       		.uleb128 0x3
 1677 0008 0E       		.uleb128 0xe
 1678 0009 1B       		.uleb128 0x1b
 1679 000a 0E       		.uleb128 0xe
 1680 000b 55       		.uleb128 0x55
 1681 000c 17       		.uleb128 0x17
 1682 000d 11       		.uleb128 0x11
 1683 000e 01       		.uleb128 0x1
 1684 000f 10       		.uleb128 0x10
 1685 0010 17       		.uleb128 0x17
 1686 0011 00       		.byte	0
 1687 0012 00       		.byte	0
 1688 0013 02       		.uleb128 0x2
 1689 0014 24       		.uleb128 0x24
 1690 0015 00       		.byte	0
 1691 0016 0B       		.uleb128 0xb
 1692 0017 0B       		.uleb128 0xb
 1693 0018 3E       		.uleb128 0x3e
 1694 0019 0B       		.uleb128 0xb
 1695 001a 03       		.uleb128 0x3
 1696 001b 0E       		.uleb128 0xe
 1697 001c 00       		.byte	0
ARM GAS  C:\Users\Nick\AppData\Local\Temp\ccZKUGvo.s 			page 34


 1698 001d 00       		.byte	0
 1699 001e 03       		.uleb128 0x3
 1700 001f 16       		.uleb128 0x16
 1701 0020 00       		.byte	0
 1702 0021 03       		.uleb128 0x3
 1703 0022 0E       		.uleb128 0xe
 1704 0023 3A       		.uleb128 0x3a
 1705 0024 0B       		.uleb128 0xb
 1706 0025 3B       		.uleb128 0x3b
 1707 0026 0B       		.uleb128 0xb
 1708 0027 49       		.uleb128 0x49
 1709 0028 13       		.uleb128 0x13
 1710 0029 00       		.byte	0
 1711 002a 00       		.byte	0
 1712 002b 04       		.uleb128 0x4
 1713 002c 24       		.uleb128 0x24
 1714 002d 00       		.byte	0
 1715 002e 0B       		.uleb128 0xb
 1716 002f 0B       		.uleb128 0xb
 1717 0030 3E       		.uleb128 0x3e
 1718 0031 0B       		.uleb128 0xb
 1719 0032 03       		.uleb128 0x3
 1720 0033 08       		.uleb128 0x8
 1721 0034 00       		.byte	0
 1722 0035 00       		.byte	0
 1723 0036 05       		.uleb128 0x5
 1724 0037 0F       		.uleb128 0xf
 1725 0038 00       		.byte	0
 1726 0039 0B       		.uleb128 0xb
 1727 003a 0B       		.uleb128 0xb
 1728 003b 49       		.uleb128 0x49
 1729 003c 13       		.uleb128 0x13
 1730 003d 00       		.byte	0
 1731 003e 00       		.byte	0
 1732 003f 06       		.uleb128 0x6
 1733 0040 2E       		.uleb128 0x2e
 1734 0041 00       		.byte	0
 1735 0042 3F       		.uleb128 0x3f
 1736 0043 19       		.uleb128 0x19
 1737 0044 03       		.uleb128 0x3
 1738 0045 0E       		.uleb128 0xe
 1739 0046 3A       		.uleb128 0x3a
 1740 0047 0B       		.uleb128 0xb
 1741 0048 3B       		.uleb128 0x3b
 1742 0049 0B       		.uleb128 0xb
 1743 004a 11       		.uleb128 0x11
 1744 004b 01       		.uleb128 0x1
 1745 004c 12       		.uleb128 0x12
 1746 004d 06       		.uleb128 0x6
 1747 004e 40       		.uleb128 0x40
 1748 004f 18       		.uleb128 0x18
 1749 0050 9742     		.uleb128 0x2117
 1750 0052 19       		.uleb128 0x19
 1751 0053 00       		.byte	0
 1752 0054 00       		.byte	0
 1753 0055 07       		.uleb128 0x7
 1754 0056 2E       		.uleb128 0x2e
ARM GAS  C:\Users\Nick\AppData\Local\Temp\ccZKUGvo.s 			page 35


 1755 0057 01       		.byte	0x1
 1756 0058 3F       		.uleb128 0x3f
 1757 0059 19       		.uleb128 0x19
 1758 005a 03       		.uleb128 0x3
 1759 005b 0E       		.uleb128 0xe
 1760 005c 3A       		.uleb128 0x3a
 1761 005d 0B       		.uleb128 0xb
 1762 005e 3B       		.uleb128 0x3b
 1763 005f 0B       		.uleb128 0xb
 1764 0060 11       		.uleb128 0x11
 1765 0061 01       		.uleb128 0x1
 1766 0062 12       		.uleb128 0x12
 1767 0063 06       		.uleb128 0x6
 1768 0064 40       		.uleb128 0x40
 1769 0065 18       		.uleb128 0x18
 1770 0066 9742     		.uleb128 0x2117
 1771 0068 19       		.uleb128 0x19
 1772 0069 01       		.uleb128 0x1
 1773 006a 13       		.uleb128 0x13
 1774 006b 00       		.byte	0
 1775 006c 00       		.byte	0
 1776 006d 08       		.uleb128 0x8
 1777 006e 34       		.uleb128 0x34
 1778 006f 00       		.byte	0
 1779 0070 03       		.uleb128 0x3
 1780 0071 08       		.uleb128 0x8
 1781 0072 3A       		.uleb128 0x3a
 1782 0073 0B       		.uleb128 0xb
 1783 0074 3B       		.uleb128 0x3b
 1784 0075 0B       		.uleb128 0xb
 1785 0076 49       		.uleb128 0x49
 1786 0077 13       		.uleb128 0x13
 1787 0078 02       		.uleb128 0x2
 1788 0079 17       		.uleb128 0x17
 1789 007a 00       		.byte	0
 1790 007b 00       		.byte	0
 1791 007c 09       		.uleb128 0x9
 1792 007d 898201   		.uleb128 0x4109
 1793 0080 01       		.byte	0x1
 1794 0081 11       		.uleb128 0x11
 1795 0082 01       		.uleb128 0x1
 1796 0083 31       		.uleb128 0x31
 1797 0084 13       		.uleb128 0x13
 1798 0085 01       		.uleb128 0x1
 1799 0086 13       		.uleb128 0x13
 1800 0087 00       		.byte	0
 1801 0088 00       		.byte	0
 1802 0089 0A       		.uleb128 0xa
 1803 008a 8A8201   		.uleb128 0x410a
 1804 008d 00       		.byte	0
 1805 008e 02       		.uleb128 0x2
 1806 008f 18       		.uleb128 0x18
 1807 0090 9142     		.uleb128 0x2111
 1808 0092 18       		.uleb128 0x18
 1809 0093 00       		.byte	0
 1810 0094 00       		.byte	0
 1811 0095 0B       		.uleb128 0xb
ARM GAS  C:\Users\Nick\AppData\Local\Temp\ccZKUGvo.s 			page 36


 1812 0096 898201   		.uleb128 0x4109
 1813 0099 00       		.byte	0
 1814 009a 11       		.uleb128 0x11
 1815 009b 01       		.uleb128 0x1
 1816 009c 31       		.uleb128 0x31
 1817 009d 13       		.uleb128 0x13
 1818 009e 00       		.byte	0
 1819 009f 00       		.byte	0
 1820 00a0 0C       		.uleb128 0xc
 1821 00a1 898201   		.uleb128 0x4109
 1822 00a4 01       		.byte	0x1
 1823 00a5 11       		.uleb128 0x11
 1824 00a6 01       		.uleb128 0x1
 1825 00a7 31       		.uleb128 0x31
 1826 00a8 13       		.uleb128 0x13
 1827 00a9 00       		.byte	0
 1828 00aa 00       		.byte	0
 1829 00ab 0D       		.uleb128 0xd
 1830 00ac 2E       		.uleb128 0x2e
 1831 00ad 01       		.byte	0x1
 1832 00ae 3F       		.uleb128 0x3f
 1833 00af 19       		.uleb128 0x19
 1834 00b0 03       		.uleb128 0x3
 1835 00b1 0E       		.uleb128 0xe
 1836 00b2 3A       		.uleb128 0x3a
 1837 00b3 0B       		.uleb128 0xb
 1838 00b4 3B       		.uleb128 0x3b
 1839 00b5 0B       		.uleb128 0xb
 1840 00b6 27       		.uleb128 0x27
 1841 00b7 19       		.uleb128 0x19
 1842 00b8 11       		.uleb128 0x11
 1843 00b9 01       		.uleb128 0x1
 1844 00ba 12       		.uleb128 0x12
 1845 00bb 06       		.uleb128 0x6
 1846 00bc 40       		.uleb128 0x40
 1847 00bd 18       		.uleb128 0x18
 1848 00be 9642     		.uleb128 0x2116
 1849 00c0 19       		.uleb128 0x19
 1850 00c1 01       		.uleb128 0x1
 1851 00c2 13       		.uleb128 0x13
 1852 00c3 00       		.byte	0
 1853 00c4 00       		.byte	0
 1854 00c5 0E       		.uleb128 0xe
 1855 00c6 05       		.uleb128 0x5
 1856 00c7 00       		.byte	0
 1857 00c8 03       		.uleb128 0x3
 1858 00c9 08       		.uleb128 0x8
 1859 00ca 3A       		.uleb128 0x3a
 1860 00cb 0B       		.uleb128 0xb
 1861 00cc 3B       		.uleb128 0x3b
 1862 00cd 0B       		.uleb128 0xb
 1863 00ce 49       		.uleb128 0x49
 1864 00cf 13       		.uleb128 0x13
 1865 00d0 02       		.uleb128 0x2
 1866 00d1 17       		.uleb128 0x17
 1867 00d2 00       		.byte	0
 1868 00d3 00       		.byte	0
ARM GAS  C:\Users\Nick\AppData\Local\Temp\ccZKUGvo.s 			page 37


 1869 00d4 0F       		.uleb128 0xf
 1870 00d5 2E       		.uleb128 0x2e
 1871 00d6 01       		.byte	0x1
 1872 00d7 3F       		.uleb128 0x3f
 1873 00d8 19       		.uleb128 0x19
 1874 00d9 03       		.uleb128 0x3
 1875 00da 0E       		.uleb128 0xe
 1876 00db 3A       		.uleb128 0x3a
 1877 00dc 0B       		.uleb128 0xb
 1878 00dd 3B       		.uleb128 0x3b
 1879 00de 0B       		.uleb128 0xb
 1880 00df 49       		.uleb128 0x49
 1881 00e0 13       		.uleb128 0x13
 1882 00e1 11       		.uleb128 0x11
 1883 00e2 01       		.uleb128 0x1
 1884 00e3 12       		.uleb128 0x12
 1885 00e4 06       		.uleb128 0x6
 1886 00e5 40       		.uleb128 0x40
 1887 00e6 18       		.uleb128 0x18
 1888 00e7 9742     		.uleb128 0x2117
 1889 00e9 19       		.uleb128 0x19
 1890 00ea 01       		.uleb128 0x1
 1891 00eb 13       		.uleb128 0x13
 1892 00ec 00       		.byte	0
 1893 00ed 00       		.byte	0
 1894 00ee 10       		.uleb128 0x10
 1895 00ef 34       		.uleb128 0x34
 1896 00f0 00       		.byte	0
 1897 00f1 03       		.uleb128 0x3
 1898 00f2 0E       		.uleb128 0xe
 1899 00f3 3A       		.uleb128 0x3a
 1900 00f4 0B       		.uleb128 0xb
 1901 00f5 3B       		.uleb128 0x3b
 1902 00f6 0B       		.uleb128 0xb
 1903 00f7 49       		.uleb128 0x49
 1904 00f8 13       		.uleb128 0x13
 1905 00f9 02       		.uleb128 0x2
 1906 00fa 18       		.uleb128 0x18
 1907 00fb 00       		.byte	0
 1908 00fc 00       		.byte	0
 1909 00fd 11       		.uleb128 0x11
 1910 00fe 01       		.uleb128 0x1
 1911 00ff 01       		.byte	0x1
 1912 0100 49       		.uleb128 0x49
 1913 0101 13       		.uleb128 0x13
 1914 0102 01       		.uleb128 0x1
 1915 0103 13       		.uleb128 0x13
 1916 0104 00       		.byte	0
 1917 0105 00       		.byte	0
 1918 0106 12       		.uleb128 0x12
 1919 0107 21       		.uleb128 0x21
 1920 0108 00       		.byte	0
 1921 0109 49       		.uleb128 0x49
 1922 010a 13       		.uleb128 0x13
 1923 010b 2F       		.uleb128 0x2f
 1924 010c 0B       		.uleb128 0xb
 1925 010d 00       		.byte	0
ARM GAS  C:\Users\Nick\AppData\Local\Temp\ccZKUGvo.s 			page 38


 1926 010e 00       		.byte	0
 1927 010f 13       		.uleb128 0x13
 1928 0110 34       		.uleb128 0x34
 1929 0111 00       		.byte	0
 1930 0112 03       		.uleb128 0x3
 1931 0113 0E       		.uleb128 0xe
 1932 0114 3A       		.uleb128 0x3a
 1933 0115 0B       		.uleb128 0xb
 1934 0116 3B       		.uleb128 0x3b
 1935 0117 05       		.uleb128 0x5
 1936 0118 49       		.uleb128 0x49
 1937 0119 13       		.uleb128 0x13
 1938 011a 3F       		.uleb128 0x3f
 1939 011b 19       		.uleb128 0x19
 1940 011c 3C       		.uleb128 0x3c
 1941 011d 19       		.uleb128 0x19
 1942 011e 00       		.byte	0
 1943 011f 00       		.byte	0
 1944 0120 14       		.uleb128 0x14
 1945 0121 35       		.uleb128 0x35
 1946 0122 00       		.byte	0
 1947 0123 49       		.uleb128 0x49
 1948 0124 13       		.uleb128 0x13
 1949 0125 00       		.byte	0
 1950 0126 00       		.byte	0
 1951 0127 15       		.uleb128 0x15
 1952 0128 34       		.uleb128 0x34
 1953 0129 00       		.byte	0
 1954 012a 03       		.uleb128 0x3
 1955 012b 0E       		.uleb128 0xe
 1956 012c 3A       		.uleb128 0x3a
 1957 012d 0B       		.uleb128 0xb
 1958 012e 3B       		.uleb128 0x3b
 1959 012f 0B       		.uleb128 0xb
 1960 0130 49       		.uleb128 0x49
 1961 0131 13       		.uleb128 0x13
 1962 0132 3F       		.uleb128 0x3f
 1963 0133 19       		.uleb128 0x19
 1964 0134 02       		.uleb128 0x2
 1965 0135 18       		.uleb128 0x18
 1966 0136 00       		.byte	0
 1967 0137 00       		.byte	0
 1968 0138 16       		.uleb128 0x16
 1969 0139 2E       		.uleb128 0x2e
 1970 013a 01       		.byte	0x1
 1971 013b 3F       		.uleb128 0x3f
 1972 013c 19       		.uleb128 0x19
 1973 013d 03       		.uleb128 0x3
 1974 013e 0E       		.uleb128 0xe
 1975 013f 3A       		.uleb128 0x3a
 1976 0140 0B       		.uleb128 0xb
 1977 0141 3B       		.uleb128 0x3b
 1978 0142 0B       		.uleb128 0xb
 1979 0143 27       		.uleb128 0x27
 1980 0144 19       		.uleb128 0x19
 1981 0145 3C       		.uleb128 0x3c
 1982 0146 19       		.uleb128 0x19
ARM GAS  C:\Users\Nick\AppData\Local\Temp\ccZKUGvo.s 			page 39


 1983 0147 01       		.uleb128 0x1
 1984 0148 13       		.uleb128 0x13
 1985 0149 00       		.byte	0
 1986 014a 00       		.byte	0
 1987 014b 17       		.uleb128 0x17
 1988 014c 05       		.uleb128 0x5
 1989 014d 00       		.byte	0
 1990 014e 49       		.uleb128 0x49
 1991 014f 13       		.uleb128 0x13
 1992 0150 00       		.byte	0
 1993 0151 00       		.byte	0
 1994 0152 18       		.uleb128 0x18
 1995 0153 2E       		.uleb128 0x2e
 1996 0154 00       		.byte	0
 1997 0155 3F       		.uleb128 0x3f
 1998 0156 19       		.uleb128 0x19
 1999 0157 03       		.uleb128 0x3
 2000 0158 0E       		.uleb128 0xe
 2001 0159 3A       		.uleb128 0x3a
 2002 015a 0B       		.uleb128 0xb
 2003 015b 3B       		.uleb128 0x3b
 2004 015c 0B       		.uleb128 0xb
 2005 015d 27       		.uleb128 0x27
 2006 015e 19       		.uleb128 0x19
 2007 015f 49       		.uleb128 0x49
 2008 0160 13       		.uleb128 0x13
 2009 0161 3C       		.uleb128 0x3c
 2010 0162 19       		.uleb128 0x19
 2011 0163 00       		.byte	0
 2012 0164 00       		.byte	0
 2013 0165 19       		.uleb128 0x19
 2014 0166 26       		.uleb128 0x26
 2015 0167 00       		.byte	0
 2016 0168 49       		.uleb128 0x49
 2017 0169 13       		.uleb128 0x13
 2018 016a 00       		.byte	0
 2019 016b 00       		.byte	0
 2020 016c 00       		.byte	0
 2021              		.section	.debug_loc,"",%progbits
 2022              	.Ldebug_loc0:
 2023              	.LLST0:
 2024 0000 14000000 		.4byte	.LVL3
 2025 0004 B8000000 		.4byte	.LVL29
 2026 0008 0100     		.2byte	0x1
 2027 000a 54       		.byte	0x54
 2028 000b 00000000 		.4byte	0
 2029 000f 00000000 		.4byte	0
 2030              	.LLST1:
 2031 0013 1A000000 		.4byte	.LVL5
 2032 0017 B8000000 		.4byte	.LVL29
 2033 001b 0100     		.2byte	0x1
 2034 001d 55       		.byte	0x55
 2035 001e 00000000 		.4byte	0
 2036 0022 00000000 		.4byte	0
 2037              	.LLST2:
 2038 0026 00000000 		.4byte	.LVL37
 2039 002a 1C000000 		.4byte	.LVL38
ARM GAS  C:\Users\Nick\AppData\Local\Temp\ccZKUGvo.s 			page 40


 2040 002e 0100     		.2byte	0x1
 2041 0030 50       		.byte	0x50
 2042 0031 1C000000 		.4byte	.LVL38
 2043 0035 3A000000 		.4byte	.LVL43
 2044 0039 0100     		.2byte	0x1
 2045 003b 54       		.byte	0x54
 2046 003c 3A000000 		.4byte	.LVL43
 2047 0040 3C000000 		.4byte	.LVL44
 2048 0044 0100     		.2byte	0x1
 2049 0046 55       		.byte	0x55
 2050 0047 3C000000 		.4byte	.LVL44
 2051 004b 48000000 		.4byte	.LVL46
 2052 004f 0100     		.2byte	0x1
 2053 0051 54       		.byte	0x54
 2054 0052 48000000 		.4byte	.LVL46
 2055 0056 A8000000 		.4byte	.LVL60
 2056 005a 0100     		.2byte	0x1
 2057 005c 55       		.byte	0x55
 2058 005d 00000000 		.4byte	0
 2059 0061 00000000 		.4byte	0
 2060              	.LLST3:
 2061 0065 48000000 		.4byte	.LVL46
 2062 0069 4C000000 		.4byte	.LVL47
 2063 006d 0200     		.2byte	0x2
 2064 006f 30       		.byte	0x30
 2065 0070 9F       		.byte	0x9f
 2066 0071 4C000000 		.4byte	.LVL47
 2067 0075 A8000000 		.4byte	.LVL60
 2068 0079 0100     		.2byte	0x1
 2069 007b 54       		.byte	0x54
 2070 007c 00000000 		.4byte	0
 2071 0080 00000000 		.4byte	0
 2072              	.LLST4:
 2073 0084 00000000 		.4byte	.LVL61
 2074 0088 14000000 		.4byte	.LVL62
 2075 008c 0100     		.2byte	0x1
 2076 008e 50       		.byte	0x50
 2077 008f 14000000 		.4byte	.LVL62
 2078 0093 3C000000 		.4byte	.LVL67
 2079 0097 0400     		.2byte	0x4
 2080 0099 F3       		.byte	0xf3
 2081 009a 01       		.uleb128 0x1
 2082 009b 50       		.byte	0x50
 2083 009c 9F       		.byte	0x9f
 2084 009d 3C000000 		.4byte	.LVL67
 2085 00a1 3E000000 		.4byte	.LVL68
 2086 00a5 0100     		.2byte	0x1
 2087 00a7 55       		.byte	0x55
 2088 00a8 3E000000 		.4byte	.LVL68
 2089 00ac 4A000000 		.4byte	.LVL70
 2090 00b0 0400     		.2byte	0x4
 2091 00b2 F3       		.byte	0xf3
 2092 00b3 01       		.uleb128 0x1
 2093 00b4 50       		.byte	0x50
 2094 00b5 9F       		.byte	0x9f
 2095 00b6 4A000000 		.4byte	.LVL70
 2096 00ba AA000000 		.4byte	.LVL84
ARM GAS  C:\Users\Nick\AppData\Local\Temp\ccZKUGvo.s 			page 41


 2097 00be 0100     		.2byte	0x1
 2098 00c0 55       		.byte	0x55
 2099 00c1 00000000 		.4byte	0
 2100 00c5 00000000 		.4byte	0
 2101              	.LLST5:
 2102 00c9 4A000000 		.4byte	.LVL70
 2103 00cd 4E000000 		.4byte	.LVL71
 2104 00d1 0200     		.2byte	0x2
 2105 00d3 30       		.byte	0x30
 2106 00d4 9F       		.byte	0x9f
 2107 00d5 4E000000 		.4byte	.LVL71
 2108 00d9 AA000000 		.4byte	.LVL84
 2109 00dd 0100     		.2byte	0x1
 2110 00df 54       		.byte	0x54
 2111 00e0 00000000 		.4byte	0
 2112 00e4 00000000 		.4byte	0
 2113              	.LLST6:
 2114 00e8 02000000 		.4byte	.LVL85
 2115 00ec 08000000 		.4byte	.LVL86
 2116 00f0 0200     		.2byte	0x2
 2117 00f2 30       		.byte	0x30
 2118 00f3 9F       		.byte	0x9f
 2119 00f4 08000000 		.4byte	.LVL86
 2120 00f8 6C000000 		.4byte	.LVL102
 2121 00fc 0100     		.2byte	0x1
 2122 00fe 55       		.byte	0x55
 2123 00ff 00000000 		.4byte	0
 2124 0103 00000000 		.4byte	0
 2125              	.LLST7:
 2126 0107 02000000 		.4byte	.LVL85
 2127 010b 08000000 		.4byte	.LVL86
 2128 010f 0200     		.2byte	0x2
 2129 0111 31       		.byte	0x31
 2130 0112 9F       		.byte	0x9f
 2131 0113 08000000 		.4byte	.LVL86
 2132 0117 6C000000 		.4byte	.LVL102
 2133 011b 0100     		.2byte	0x1
 2134 011d 56       		.byte	0x56
 2135 011e 00000000 		.4byte	0
 2136 0122 00000000 		.4byte	0
 2137              		.section	.debug_aranges,"",%progbits
 2138 0000 44000000 		.4byte	0x44
 2139 0004 0200     		.2byte	0x2
 2140 0006 00000000 		.4byte	.Ldebug_info0
 2141 000a 04       		.byte	0x4
 2142 000b 00       		.byte	0
 2143 000c 0000     		.2byte	0
 2144 000e 0000     		.2byte	0
 2145 0010 00000000 		.4byte	.LFB63
 2146 0014 02000000 		.4byte	.LFE63-.LFB63
 2147 0018 00000000 		.4byte	.LFB64
 2148 001c CC000000 		.4byte	.LFE64-.LFB64
 2149 0020 00000000 		.4byte	.LFB65
 2150 0024 38000000 		.4byte	.LFE65-.LFB65
 2151 0028 00000000 		.4byte	.LFB66
 2152 002c C0000000 		.4byte	.LFE66-.LFB66
 2153 0030 00000000 		.4byte	.LFB67
ARM GAS  C:\Users\Nick\AppData\Local\Temp\ccZKUGvo.s 			page 42


 2154 0034 C0000000 		.4byte	.LFE67-.LFB67
 2155 0038 00000000 		.4byte	.LFB68
 2156 003c 70000000 		.4byte	.LFE68-.LFB68
 2157 0040 00000000 		.4byte	0
 2158 0044 00000000 		.4byte	0
 2159              		.section	.debug_ranges,"",%progbits
 2160              	.Ldebug_ranges0:
 2161 0000 00000000 		.4byte	.LFB63
 2162 0004 02000000 		.4byte	.LFE63
 2163 0008 00000000 		.4byte	.LFB64
 2164 000c CC000000 		.4byte	.LFE64
 2165 0010 00000000 		.4byte	.LFB65
 2166 0014 38000000 		.4byte	.LFE65
 2167 0018 00000000 		.4byte	.LFB66
 2168 001c C0000000 		.4byte	.LFE66
 2169 0020 00000000 		.4byte	.LFB67
 2170 0024 C0000000 		.4byte	.LFE67
 2171 0028 00000000 		.4byte	.LFB68
 2172 002c 70000000 		.4byte	.LFE68
 2173 0030 00000000 		.4byte	0
 2174 0034 00000000 		.4byte	0
 2175              		.section	.debug_line,"",%progbits
 2176              	.Ldebug_line0:
 2177 0000 AB030000 		.section	.debug_str,"MS",%progbits,1
 2177      02005902 
 2177      00000201 
 2177      FB0E0D00 
 2177      01010101 
 2178              	.LASF31:
 2179 0000 4C696D5F 		.ascii	"Lim_2_Read\000"
 2179      325F5265 
 2179      616400
 2180              	.LASF9:
 2181 000b 5F5F696E 		.ascii	"__int32_t\000"
 2181      7433325F 
 2181      7400
 2182              	.LASF3:
 2183 0015 73686F72 		.ascii	"short unsigned int\000"
 2183      7420756E 
 2183      7369676E 
 2183      65642069 
 2183      6E7400
 2184              	.LASF41:
 2185 0028 436F6C5F 		.ascii	"Col_1_Read\000"
 2185      315F5265 
 2185      616400
 2186              	.LASF43:
 2187 0033 436F6C5F 		.ascii	"Col_3_Read\000"
 2187      335F5265 
 2187      616400
 2188              	.LASF50:
 2189 003e 436F6C5F 		.ascii	"Col_10_Read\000"
 2189      31305F52 
 2189      65616400 
 2190              	.LASF20:
 2191 004a 6C696D69 		.ascii	"limitTest\000"
 2191      74546573 
ARM GAS  C:\Users\Nick\AppData\Local\Temp\ccZKUGvo.s 			page 43


 2191      7400
 2192              	.LASF35:
 2193 0054 5374705F 		.ascii	"Stp_1_Write\000"
 2193      315F5772 
 2193      69746500 
 2194              	.LASF14:
 2195 0060 666C6F61 		.ascii	"float\000"
 2195      7400
 2196              	.LASF34:
 2197 0066 4469725F 		.ascii	"Dir_2_Write\000"
 2197      325F5772 
 2197      69746500 
 2198              	.LASF0:
 2199 0072 7369676E 		.ascii	"signed char\000"
 2199      65642063 
 2199      68617200 
 2200              	.LASF1:
 2201 007e 756E7369 		.ascii	"unsigned char\000"
 2201      676E6564 
 2201      20636861 
 2201      7200
 2202              	.LASF28:
 2203 008c 536C705F 		.ascii	"Slp_1_Write\000"
 2203      315F5772 
 2203      69746500 
 2204              	.LASF19:
 2205 0098 6D6F7665 		.ascii	"move_home\000"
 2205      5F686F6D 
 2205      6500
 2206              	.LASF16:
 2207 00a2 63686172 		.ascii	"char8\000"
 2207      3800
 2208              	.LASF36:
 2209 00a8 5374705F 		.ascii	"Stp_2_Write\000"
 2209      325F5772 
 2209      69746500 
 2210              	.LASF13:
 2211 00b4 696E7431 		.ascii	"int16\000"
 2211      3600
 2212              	.LASF5:
 2213 00ba 6C6F6E67 		.ascii	"long unsigned int\000"
 2213      20756E73 
 2213      69676E65 
 2213      6420696E 
 2213      7400
 2214              	.LASF38:
 2215 00cc 44656275 		.ascii	"Debug_UART_PutChar\000"
 2215      675F5541 
 2215      52545F50 
 2215      75744368 
 2215      617200
 2216              	.LASF55:
 2217 00df 686F6D65 		.ascii	"home\000"
 2217      00
 2218              	.LASF33:
 2219 00e4 4469725F 		.ascii	"Dir_1_Write\000"
 2219      315F5772 
ARM GAS  C:\Users\Nick\AppData\Local\Temp\ccZKUGvo.s 			page 44


 2219      69746500 
 2220              	.LASF32:
 2221 00f0 44656275 		.ascii	"Debug_UART_PutString\000"
 2221      675F5541 
 2221      52545F50 
 2221      75745374 
 2221      72696E67 
 2222              	.LASF15:
 2223 0105 646F7562 		.ascii	"double\000"
 2223      6C6500
 2224              	.LASF54:
 2225 010c 453A5C50 		.ascii	"E:\\Projects\\WiFiChessBoard\\Micro\\Bootloadable.c"
 2225      726F6A65 
 2225      6374735C 
 2225      57694669 
 2225      43686573 
 2226 013b 7964736E 		.ascii	"ydsn\000"
 2226      00
 2227              	.LASF30:
 2228 0140 4C696D5F 		.ascii	"Lim_1_Read\000"
 2228      315F5265 
 2228      616400
 2229              	.LASF45:
 2230 014b 436F6C5F 		.ascii	"Col_5_Read\000"
 2230      355F5265 
 2230      616400
 2231              	.LASF26:
 2232 0156 785F706F 		.ascii	"x_pos\000"
 2232      7300
 2233              	.LASF42:
 2234 015c 436F6C5F 		.ascii	"Col_2_Read\000"
 2234      325F5265 
 2234      616400
 2235              	.LASF12:
 2236 0167 75696E74 		.ascii	"uint32\000"
 2236      333200
 2237              	.LASF51:
 2238 016e 436F6C5F 		.ascii	"Col_11_Read\000"
 2238      31315F52 
 2238      65616400 
 2239              	.LASF8:
 2240 017a 756E7369 		.ascii	"unsigned int\000"
 2240      676E6564 
 2240      20696E74 
 2240      00
 2241              	.LASF7:
 2242 0187 6C6F6E67 		.ascii	"long long unsigned int\000"
 2242      206C6F6E 
 2242      6720756E 
 2242      7369676E 
 2242      65642069 
 2243              	.LASF48:
 2244 019e 436F6C5F 		.ascii	"Col_8_Read\000"
 2244      385F5265 
 2244      616400
 2245              	.LASF52:
 2246 01a9 474E5520 		.ascii	"GNU C 4.9.3 20150303 (release) [ARM/embedded-4_9-br"
ARM GAS  C:\Users\Nick\AppData\Local\Temp\ccZKUGvo.s 			page 45


 2246      4320342E 
 2246      392E3320 
 2246      32303135 
 2246      30333033 
 2247 01dc 616E6368 		.ascii	"anch revision 221220] -mcpu=cortex-m3 -mthumb -g -O"
 2247      20726576 
 2247      6973696F 
 2247      6E203232 
 2247      31323230 
 2248 020f 67202D66 		.ascii	"g -ffunction-sections -ffat-lto-objects\000"
 2248      66756E63 
 2248      74696F6E 
 2248      2D736563 
 2248      74696F6E 
 2249              	.LASF53:
 2250 0237 2E5C626F 		.ascii	".\\board.c\000"
 2250      6172642E 
 2250      6300
 2251              	.LASF11:
 2252 0241 75696E74 		.ascii	"uint8\000"
 2252      3800
 2253              	.LASF25:
 2254 0247 49544D5F 		.ascii	"ITM_RxBuffer\000"
 2254      52784275 
 2254      66666572 
 2254      00
 2255              	.LASF10:
 2256 0254 696E7433 		.ascii	"int32_t\000"
 2256      325F7400 
 2257              	.LASF18:
 2258 025c 73697A65 		.ascii	"sizetype\000"
 2258      74797065 
 2258      00
 2259              	.LASF6:
 2260 0265 6C6F6E67 		.ascii	"long long int\000"
 2260      206C6F6E 
 2260      6720696E 
 2260      7400
 2261              	.LASF29:
 2262 0273 536C705F 		.ascii	"Slp_2_Write\000"
 2262      325F5772 
 2262      69746500 
 2263              	.LASF27:
 2264 027f 795F706F 		.ascii	"y_pos\000"
 2264      7300
 2265              	.LASF44:
 2266 0285 436F6C5F 		.ascii	"Col_4_Read\000"
 2266      345F5265 
 2266      616400
 2267              	.LASF49:
 2268 0290 436F6C5F 		.ascii	"Col_9_Read\000"
 2268      395F5265 
 2268      616400
 2269              	.LASF2:
 2270 029b 73686F72 		.ascii	"short int\000"
 2270      7420696E 
 2270      7400
ARM GAS  C:\Users\Nick\AppData\Local\Temp\ccZKUGvo.s 			page 46


 2271              	.LASF21:
 2272 02a5 6D6F7665 		.ascii	"move_x\000"
 2272      5F7800
 2273              	.LASF22:
 2274 02ac 6D6F7665 		.ascii	"move_y\000"
 2274      5F7900
 2275              	.LASF46:
 2276 02b3 436F6C5F 		.ascii	"Col_6_Read\000"
 2276      365F5265 
 2276      616400
 2277              	.LASF23:
 2278 02be 72656164 		.ascii	"read_reed_switches\000"
 2278      5F726565 
 2278      645F7377 
 2278      69746368 
 2278      657300
 2279              	.LASF4:
 2280 02d1 6C6F6E67 		.ascii	"long int\000"
 2280      20696E74 
 2280      00
 2281              	.LASF17:
 2282 02da 63686172 		.ascii	"char\000"
 2282      00
 2283              	.LASF47:
 2284 02df 436F6C5F 		.ascii	"Col_7_Read\000"
 2284      375F5265 
 2284      616400
 2285              	.LASF39:
 2286 02ea 526F775F 		.ascii	"Row_Write\000"
 2286      57726974 
 2286      6500
 2287              	.LASF24:
 2288 02f4 626F6172 		.ascii	"board\000"
 2288      6400
 2289              	.LASF40:
 2290 02fa 436F6C5F 		.ascii	"Col_0_Read\000"
 2290      305F5265 
 2290      616400
 2291              	.LASF37:
 2292 0305 43794465 		.ascii	"CyDelay\000"
 2292      6C617900 
 2293              		.ident	"GCC: (GNU Tools for ARM Embedded Processors) 4.9.3 20150303 (release) [ARM/embedded-4_9-br
