ARM GAS  C:\Users\Mark\AppData\Local\Temp\cciPlD3W.s 			page 1


   1              		.syntax unified
   2              		.cpu cortex-m3
   3              		.fpu softvfp
   4              		.eabi_attribute 20, 1
   5              		.eabi_attribute 21, 1
   6              		.eabi_attribute 23, 3
   7              		.eabi_attribute 24, 1
   8              		.eabi_attribute 25, 1
   9              		.eabi_attribute 26, 1
  10              		.eabi_attribute 30, 1
  11              		.eabi_attribute 34, 1
  12              		.eabi_attribute 18, 4
  13              		.thumb
  14              		.file	"Bootloadable.c"
  15              		.text
  16              	.Ltext0:
  17              		.cfi_sections	.debug_frame
  18              		.section	.text.Bootloadable_Load,"ax",%progbits
  19              		.align	2
  20              		.global	Bootloadable_Load
  21              		.thumb
  22              		.thumb_func
  23              		.type	Bootloadable_Load, %function
  24              	Bootloadable_Load:
  25              	.LFB0:
  26              		.file 1 ".\\Generated_Source\\PSoC5\\Bootloadable.c"
   1:.\Generated_Source\PSoC5/Bootloadable.c **** /****************************************************************************//**
   2:.\Generated_Source\PSoC5/Bootloadable.c **** * \file Bootloadable.c
   3:.\Generated_Source\PSoC5/Bootloadable.c **** * \version 1.40
   4:.\Generated_Source\PSoC5/Bootloadable.c **** *
   5:.\Generated_Source\PSoC5/Bootloadable.c **** * \brief
   6:.\Generated_Source\PSoC5/Bootloadable.c **** *   Provides an API for the Bootloadable application.
   7:.\Generated_Source\PSoC5/Bootloadable.c **** *
   8:.\Generated_Source\PSoC5/Bootloadable.c **** ********************************************************************************
   9:.\Generated_Source\PSoC5/Bootloadable.c **** * \copyright
  10:.\Generated_Source\PSoC5/Bootloadable.c **** * Copyright 2008-2015, Cypress Semiconductor Corporation.  All rights reserved.
  11:.\Generated_Source\PSoC5/Bootloadable.c **** * You may use this file only in accordance with the license, terms, conditions,
  12:.\Generated_Source\PSoC5/Bootloadable.c **** * disclaimers, and limitations in the end user license agreement accompanying
  13:.\Generated_Source\PSoC5/Bootloadable.c **** * the software package with which this file was provided.
  14:.\Generated_Source\PSoC5/Bootloadable.c **** *******************************************************************************/
  15:.\Generated_Source\PSoC5/Bootloadable.c **** 
  16:.\Generated_Source\PSoC5/Bootloadable.c **** #include "Bootloadable.h"
  17:.\Generated_Source\PSoC5/Bootloadable.c **** 
  18:.\Generated_Source\PSoC5/Bootloadable.c **** /**
  19:.\Generated_Source\PSoC5/Bootloadable.c ****  \defgroup functions_group Functions
  20:.\Generated_Source\PSoC5/Bootloadable.c ****  @{
  21:.\Generated_Source\PSoC5/Bootloadable.c **** */
  22:.\Generated_Source\PSoC5/Bootloadable.c **** 
  23:.\Generated_Source\PSoC5/Bootloadable.c **** #if (CYDEV_PROJ_TYPE == CYDEV_PROJ_TYPE_LOADABLEANDBOOTLOADER)
  24:.\Generated_Source\PSoC5/Bootloadable.c **** static cystatus Bootloadable_WriteFlashByte(const uint32 address, const uint8 inputValue) CYLARGE \
  25:.\Generated_Source\PSoC5/Bootloadable.c ****                                ;
  26:.\Generated_Source\PSoC5/Bootloadable.c **** #endif /*(CYDEV_PROJ_TYPE == CYDEV_PROJ_TYPE_LOADABLEANDBOOTLOADER)*/
  27:.\Generated_Source\PSoC5/Bootloadable.c **** 
  28:.\Generated_Source\PSoC5/Bootloadable.c **** /*******************************************************************************
  29:.\Generated_Source\PSoC5/Bootloadable.c **** * Function Name: Bootloadable_Load
  30:.\Generated_Source\PSoC5/Bootloadable.c **** ****************************************************************************//**
  31:.\Generated_Source\PSoC5/Bootloadable.c **** *
ARM GAS  C:\Users\Mark\AppData\Local\Temp\cciPlD3W.s 			page 2


  32:.\Generated_Source\PSoC5/Bootloadable.c **** * \brief
  33:.\Generated_Source\PSoC5/Bootloadable.c **** *  Schedules the Bootloader/Launcher to be launched and then performs
  34:.\Generated_Source\PSoC5/Bootloadable.c **** *  a software reset to launch it
  35:.\Generated_Source\PSoC5/Bootloadable.c **** *
  36:.\Generated_Source\PSoC5/Bootloadable.c **** * \return
  37:.\Generated_Source\PSoC5/Bootloadable.c **** *  This method will never return. It will load a new application and reset
  38:.\Generated_Source\PSoC5/Bootloadable.c **** *  the device.
  39:.\Generated_Source\PSoC5/Bootloadable.c **** *
  40:.\Generated_Source\PSoC5/Bootloadable.c **** *******************************************************************************/
  41:.\Generated_Source\PSoC5/Bootloadable.c **** void Bootloadable_Load(void) 
  42:.\Generated_Source\PSoC5/Bootloadable.c **** {
  27              		.loc 1 42 0
  28              		.cfi_startproc
  29              		@ args = 0, pretend = 0, frame = 0
  30              		@ frame_needed = 0, uses_anonymous_args = 0
  31 0000 08B5     		push	{r3, lr}
  32              		.cfi_def_cfa_offset 8
  33              		.cfi_offset 3, -8
  34              		.cfi_offset 14, -4
  43:.\Generated_Source\PSoC5/Bootloadable.c ****     /* Schedule Bootloader to start after reset */
  44:.\Generated_Source\PSoC5/Bootloadable.c ****     Bootloadable_SET_RUN_TYPE(Bootloadable_SCHEDULE_BTLDR);
  35              		.loc 1 44 0
  36 0002 4022     		movs	r2, #64
  37 0004 024B     		ldr	r3, .L3
  38 0006 1A70     		strb	r2, [r3]
  45:.\Generated_Source\PSoC5/Bootloadable.c **** 
  46:.\Generated_Source\PSoC5/Bootloadable.c ****     CySoftwareReset();
  39              		.loc 1 46 0
  40 0008 FFF7FEFF 		bl	CySoftwareReset
  41              	.LVL0:
  42 000c 08BD     		pop	{r3, pc}
  43              	.L4:
  44 000e 00BF     		.align	2
  45              	.L3:
  46 0010 FA460040 		.word	1073759994
  47              		.cfi_endproc
  48              	.LFE0:
  49              		.size	Bootloadable_Load, .-Bootloadable_Load
  50              		.section	.text.Bootloadable_SetFlashByte,"ax",%progbits
  51              		.align	2
  52              		.global	Bootloadable_SetFlashByte
  53              		.thumb
  54              		.thumb_func
  55              		.type	Bootloadable_SetFlashByte, %function
  56              	Bootloadable_SetFlashByte:
  57              	.LFB1:
  47:.\Generated_Source\PSoC5/Bootloadable.c **** }
  48:.\Generated_Source\PSoC5/Bootloadable.c **** 
  49:.\Generated_Source\PSoC5/Bootloadable.c **** #if (CYDEV_PROJ_TYPE == CYDEV_PROJ_TYPE_LOADABLEANDBOOTLOADER)
  50:.\Generated_Source\PSoC5/Bootloadable.c **** /*******************************************************************************
  51:.\Generated_Source\PSoC5/Bootloadable.c **** * Function Name: Bootloadable_GetActiveApplication
  52:.\Generated_Source\PSoC5/Bootloadable.c **** ****************************************************************************//**
  53:.\Generated_Source\PSoC5/Bootloadable.c **** *
  54:.\Generated_Source\PSoC5/Bootloadable.c **** * \brief
  55:.\Generated_Source\PSoC5/Bootloadable.c **** *   Gets the application which will be loaded after a next reset event.
  56:.\Generated_Source\PSoC5/Bootloadable.c **** *   NOTE Intended for the combination project type ONLY!
  57:.\Generated_Source\PSoC5/Bootloadable.c **** *
ARM GAS  C:\Users\Mark\AppData\Local\Temp\cciPlD3W.s 			page 3


  58:.\Generated_Source\PSoC5/Bootloadable.c **** * \return 
  59:.\Generated_Source\PSoC5/Bootloadable.c **** *  A number of the current active application set in the metadata section.
  60:.\Generated_Source\PSoC5/Bootloadable.c **** *  \n  0 - app#0 is set as active.
  61:.\Generated_Source\PSoC5/Bootloadable.c **** *  \n  1 - app#1 is set as active.
  62:.\Generated_Source\PSoC5/Bootloadable.c **** *
  63:.\Generated_Source\PSoC5/Bootloadable.c **** * \note If neither of the applications is set active, then the API returns 0x02.
  64:.\Generated_Source\PSoC5/Bootloadable.c **** *
  65:.\Generated_Source\PSoC5/Bootloadable.c **** *******************************************************************************/
  66:.\Generated_Source\PSoC5/Bootloadable.c **** uint8 Bootloadable_GetActiveApplication(void) CYSMALL \
  67:.\Generated_Source\PSoC5/Bootloadable.c ****                           
  68:.\Generated_Source\PSoC5/Bootloadable.c **** {   
  69:.\Generated_Source\PSoC5/Bootloadable.c ****     uint8 result = Bootloadable_MD_BTLDB_ACTIVE_NONE;
  70:.\Generated_Source\PSoC5/Bootloadable.c ****     
  71:.\Generated_Source\PSoC5/Bootloadable.c ****     if (0u != Bootloadable_GET_CODE_DATA( \
  72:.\Generated_Source\PSoC5/Bootloadable.c ****               Bootloadable_MD_BTLDB_ACTIVE_OFFSET(Bootloadable_MD_BTLDB_ACTIVE_0))) 
  73:.\Generated_Source\PSoC5/Bootloadable.c ****     {
  74:.\Generated_Source\PSoC5/Bootloadable.c ****         result = Bootloadable_MD_BTLDB_ACTIVE_0;
  75:.\Generated_Source\PSoC5/Bootloadable.c ****     }
  76:.\Generated_Source\PSoC5/Bootloadable.c ****     else if (0u != Bootloadable_GET_CODE_DATA( \
  77:.\Generated_Source\PSoC5/Bootloadable.c ****                    Bootloadable_MD_BTLDB_ACTIVE_OFFSET(Bootloadable_MD_BTLDB_ACTIVE_1)))
  78:.\Generated_Source\PSoC5/Bootloadable.c ****     {
  79:.\Generated_Source\PSoC5/Bootloadable.c ****         result = Bootloadable_MD_BTLDB_ACTIVE_1;    
  80:.\Generated_Source\PSoC5/Bootloadable.c ****     }
  81:.\Generated_Source\PSoC5/Bootloadable.c ****     else
  82:.\Generated_Source\PSoC5/Bootloadable.c ****     {
  83:.\Generated_Source\PSoC5/Bootloadable.c ****         /*Do nothing, result is none*/
  84:.\Generated_Source\PSoC5/Bootloadable.c ****     }
  85:.\Generated_Source\PSoC5/Bootloadable.c ****     
  86:.\Generated_Source\PSoC5/Bootloadable.c ****     return (result);
  87:.\Generated_Source\PSoC5/Bootloadable.c **** }
  88:.\Generated_Source\PSoC5/Bootloadable.c **** 
  89:.\Generated_Source\PSoC5/Bootloadable.c **** /*******************************************************************************
  90:.\Generated_Source\PSoC5/Bootloadable.c **** * Function Name: Bootloadable_SetActiveApplication
  91:.\Generated_Source\PSoC5/Bootloadable.c **** ****************************************************************************//**
  92:.\Generated_Source\PSoC5/Bootloadable.c **** *
  93:.\Generated_Source\PSoC5/Bootloadable.c **** * \brief 
  94:.\Generated_Source\PSoC5/Bootloadable.c **** *   Sets the application which will be loaded after a next reset event.          
  95:.\Generated_Source\PSoC5/Bootloadable.c **** *   
  96:.\Generated_Source\PSoC5/Bootloadable.c **** * \details
  97:.\Generated_Source\PSoC5/Bootloadable.c **** * Theory: 
  98:.\Generated_Source\PSoC5/Bootloadable.c **** *   This API sets in the Flash (metadata section) the given active application 
  99:.\Generated_Source\PSoC5/Bootloadable.c **** *   number.
 100:.\Generated_Source\PSoC5/Bootloadable.c **** *          
 101:.\Generated_Source\PSoC5/Bootloadable.c **** *   NOTE The active application number is not set directly, but the boolean 
 102:.\Generated_Source\PSoC5/Bootloadable.c **** *   mark instead means that the application is active or not for the relative 
 103:.\Generated_Source\PSoC5/Bootloadable.c **** *   metadata. Both metadata sections are updated. For example, if the second 
 104:.\Generated_Source\PSoC5/Bootloadable.c **** *   application is to be set active, then in the metadata section for the first 
 105:.\Generated_Source\PSoC5/Bootloadable.c **** *   application there will be a "0" written, which means that it is not active, and 
 106:.\Generated_Source\PSoC5/Bootloadable.c **** *   for the second metadata section there will be a "1" written, which means that it is 
 107:.\Generated_Source\PSoC5/Bootloadable.c **** *   active. 
 108:.\Generated_Source\PSoC5/Bootloadable.c **** *
 109:.\Generated_Source\PSoC5/Bootloadable.c **** *   NOTE Intended for the combination project type ONLY!
 110:.\Generated_Source\PSoC5/Bootloadable.c **** *
 111:.\Generated_Source\PSoC5/Bootloadable.c **** * \param appId  
 112:.\Generated_Source\PSoC5/Bootloadable.c **** *   The active application number to be written to flash (metadata section) 
 113:.\Generated_Source\PSoC5/Bootloadable.c **** *   NOTE Possible values are:
 114:.\Generated_Source\PSoC5/Bootloadable.c **** *   0 - for the first application
ARM GAS  C:\Users\Mark\AppData\Local\Temp\cciPlD3W.s 			page 4


 115:.\Generated_Source\PSoC5/Bootloadable.c **** *   1 - for the second application.
 116:.\Generated_Source\PSoC5/Bootloadable.c **** *   Any other number is considered invalid. 
 117:.\Generated_Source\PSoC5/Bootloadable.c **** *
 118:.\Generated_Source\PSoC5/Bootloadable.c **** * \return 
 119:.\Generated_Source\PSoC5/Bootloadable.c **** *   A status of writing to flash operation.
 120:.\Generated_Source\PSoC5/Bootloadable.c **** *   \n CYRET_SUCCESS - Returned if appId was successfully changed. 
 121:.\Generated_Source\PSoC5/Bootloadable.c **** *   \n CYRET_BAD_PARAM - Returned if the parameter appID passed to the function has the 
 122:.\Generated_Source\PSoC5/Bootloadable.c **** *                       same value as the active application ID. 
 123:.\Generated_Source\PSoC5/Bootloadable.c **** *   \note - The other non-zero value is considered as a failure during writing to flash.  
 124:.\Generated_Source\PSoC5/Bootloadable.c **** *
 125:.\Generated_Source\PSoC5/Bootloadable.c **** *   \note - This API does not update Bootloader_activeApp variable.
 126:.\Generated_Source\PSoC5/Bootloadable.c **** *
 127:.\Generated_Source\PSoC5/Bootloadable.c **** *******************************************************************************/
 128:.\Generated_Source\PSoC5/Bootloadable.c **** cystatus Bootloadable_SetActiveApplication(uint8 appId) CYSMALL \
 129:.\Generated_Source\PSoC5/Bootloadable.c ****                 
 130:.\Generated_Source\PSoC5/Bootloadable.c **** {
 131:.\Generated_Source\PSoC5/Bootloadable.c ****     cystatus result = CYRET_SUCCESS;
 132:.\Generated_Source\PSoC5/Bootloadable.c **** 
 133:.\Generated_Source\PSoC5/Bootloadable.c ****     uint8 CYDATA idx;
 134:.\Generated_Source\PSoC5/Bootloadable.c ****     
 135:.\Generated_Source\PSoC5/Bootloadable.c ****     /* If invalid application number */
 136:.\Generated_Source\PSoC5/Bootloadable.c ****     if (appId > Bootloadable_MD_BTLDB_ACTIVE_1)
 137:.\Generated_Source\PSoC5/Bootloadable.c ****     {
 138:.\Generated_Source\PSoC5/Bootloadable.c ****         result = CYRET_BAD_PARAM;
 139:.\Generated_Source\PSoC5/Bootloadable.c ****     }
 140:.\Generated_Source\PSoC5/Bootloadable.c ****     else
 141:.\Generated_Source\PSoC5/Bootloadable.c ****     {
 142:.\Generated_Source\PSoC5/Bootloadable.c ****         /* If appID has same value as active application ID */
 143:.\Generated_Source\PSoC5/Bootloadable.c ****         if (1u == Bootloadable_GET_CODE_DATA(Bootloadable_MD_BTLDB_ACTIVE_OFFSET(appId)))
 144:.\Generated_Source\PSoC5/Bootloadable.c ****         {
 145:.\Generated_Source\PSoC5/Bootloadable.c ****             result = CYRET_BAD_PARAM;
 146:.\Generated_Source\PSoC5/Bootloadable.c ****         }
 147:.\Generated_Source\PSoC5/Bootloadable.c ****         else
 148:.\Generated_Source\PSoC5/Bootloadable.c ****         {
 149:.\Generated_Source\PSoC5/Bootloadable.c ****             /* Updating metadata section */
 150:.\Generated_Source\PSoC5/Bootloadable.c ****             for(idx = 0u; idx < Bootloadable_MAX_NUM_OF_BTLDB; idx++)
 151:.\Generated_Source\PSoC5/Bootloadable.c ****             {
 152:.\Generated_Source\PSoC5/Bootloadable.c ****                 result |= Bootloadable_WriteFlashByte((uint32) Bootloadable_MD_BTLDB_ACTIVE_OFFSET(
 153:.\Generated_Source\PSoC5/Bootloadable.c ****                                                                                             (uint8)
 154:.\Generated_Source\PSoC5/Bootloadable.c ****             }
 155:.\Generated_Source\PSoC5/Bootloadable.c ****         }
 156:.\Generated_Source\PSoC5/Bootloadable.c ****     }
 157:.\Generated_Source\PSoC5/Bootloadable.c ****     
 158:.\Generated_Source\PSoC5/Bootloadable.c ****     return (result);
 159:.\Generated_Source\PSoC5/Bootloadable.c **** }
 160:.\Generated_Source\PSoC5/Bootloadable.c **** 
 161:.\Generated_Source\PSoC5/Bootloadable.c **** /*******************************************************************************
 162:.\Generated_Source\PSoC5/Bootloadable.c **** * Function Name: Bootloadable_WriteFlashByte
 163:.\Generated_Source\PSoC5/Bootloadable.c **** ****************************************************************************//**
 164:.\Generated_Source\PSoC5/Bootloadable.c **** *
 165:.\Generated_Source\PSoC5/Bootloadable.c **** * \brief 
 166:.\Generated_Source\PSoC5/Bootloadable.c **** *   This API writes to flash the specified data.
 167:.\Generated_Source\PSoC5/Bootloadable.c **** *
 168:.\Generated_Source\PSoC5/Bootloadable.c **** * \param address 
 169:.\Generated_Source\PSoC5/Bootloadable.c **** *   The address in flash.
 170:.\Generated_Source\PSoC5/Bootloadable.c **** *
 171:.\Generated_Source\PSoC5/Bootloadable.c **** * \param inputValue 
ARM GAS  C:\Users\Mark\AppData\Local\Temp\cciPlD3W.s 			page 5


 172:.\Generated_Source\PSoC5/Bootloadable.c **** *   One-byte data.
 173:.\Generated_Source\PSoC5/Bootloadable.c **** *
 174:.\Generated_Source\PSoC5/Bootloadable.c **** * \return 
 175:.\Generated_Source\PSoC5/Bootloadable.c **** *   A status of the writing to flash procedure.
 176:.\Generated_Source\PSoC5/Bootloadable.c **** *
 177:.\Generated_Source\PSoC5/Bootloadable.c **** *******************************************************************************/
 178:.\Generated_Source\PSoC5/Bootloadable.c **** static cystatus Bootloadable_WriteFlashByte(const uint32 address, const uint8 inputValue) CYLARGE \
 179:.\Generated_Source\PSoC5/Bootloadable.c ****                                
 180:.\Generated_Source\PSoC5/Bootloadable.c **** {
 181:.\Generated_Source\PSoC5/Bootloadable.c ****     cystatus result = CYRET_SUCCESS;
 182:.\Generated_Source\PSoC5/Bootloadable.c ****     uint32 flsAddr = address - CYDEV_FLASH_BASE;
 183:.\Generated_Source\PSoC5/Bootloadable.c ****     uint8  rowData[CYDEV_FLS_ROW_SIZE];
 184:.\Generated_Source\PSoC5/Bootloadable.c **** 
 185:.\Generated_Source\PSoC5/Bootloadable.c ****     #if !(CY_PSOC4)
 186:.\Generated_Source\PSoC5/Bootloadable.c ****         uint8 arrayId = ( uint8 )(flsAddr / CYDEV_FLS_SECTOR_SIZE);
 187:.\Generated_Source\PSoC5/Bootloadable.c ****     #endif  /* !(CY_PSOC4) */
 188:.\Generated_Source\PSoC5/Bootloadable.c **** 
 189:.\Generated_Source\PSoC5/Bootloadable.c ****     #if (CY_PSOC4)
 190:.\Generated_Source\PSoC5/Bootloadable.c ****         uint16 rowNum = ( uint16 )(flsAddr / CYDEV_FLS_ROW_SIZE);
 191:.\Generated_Source\PSoC5/Bootloadable.c ****     #else
 192:.\Generated_Source\PSoC5/Bootloadable.c ****         uint16 rowNum = ( uint16 )((flsAddr % CYDEV_FLS_SECTOR_SIZE) / CYDEV_FLS_ROW_SIZE);
 193:.\Generated_Source\PSoC5/Bootloadable.c ****     #endif  /* (CY_PSOC4) */
 194:.\Generated_Source\PSoC5/Bootloadable.c **** 
 195:.\Generated_Source\PSoC5/Bootloadable.c ****     uint32 baseAddr = address - (address % CYDEV_FLS_ROW_SIZE);
 196:.\Generated_Source\PSoC5/Bootloadable.c ****     uint16 idx;
 197:.\Generated_Source\PSoC5/Bootloadable.c **** 
 198:.\Generated_Source\PSoC5/Bootloadable.c ****     for(idx = 0u; idx < CYDEV_FLS_ROW_SIZE; idx++)
 199:.\Generated_Source\PSoC5/Bootloadable.c ****     {
 200:.\Generated_Source\PSoC5/Bootloadable.c ****         rowData[idx] = (uint8)Bootloadable_GET_CODE_DATA(baseAddr + idx);
 201:.\Generated_Source\PSoC5/Bootloadable.c ****     }
 202:.\Generated_Source\PSoC5/Bootloadable.c **** 
 203:.\Generated_Source\PSoC5/Bootloadable.c ****     rowData[address % CYDEV_FLS_ROW_SIZE] = inputValue;
 204:.\Generated_Source\PSoC5/Bootloadable.c **** 
 205:.\Generated_Source\PSoC5/Bootloadable.c ****     #if(CY_PSOC4)
 206:.\Generated_Source\PSoC5/Bootloadable.c ****         result = CySysFlashWriteRow((uint32) rowNum, rowData);
 207:.\Generated_Source\PSoC5/Bootloadable.c ****     #else
 208:.\Generated_Source\PSoC5/Bootloadable.c ****         result = CyWriteRowData(arrayId, rowNum, rowData);
 209:.\Generated_Source\PSoC5/Bootloadable.c ****     #endif  /* (CY_PSOC4) */
 210:.\Generated_Source\PSoC5/Bootloadable.c **** 
 211:.\Generated_Source\PSoC5/Bootloadable.c ****     #if(CY_PSOC5)
 212:.\Generated_Source\PSoC5/Bootloadable.c ****         /***************************************************************************
 213:.\Generated_Source\PSoC5/Bootloadable.c ****         * When writing to flash, data in the instruction cache can become stale.
 214:.\Generated_Source\PSoC5/Bootloadable.c ****         * Therefore, the cache data does not correlate to the data just written to
 215:.\Generated_Source\PSoC5/Bootloadable.c ****         * flash. A call to CyFlushCache() is required to invalidate the data in the
 216:.\Generated_Source\PSoC5/Bootloadable.c ****         * cache and force fresh information to be loaded from flash.
 217:.\Generated_Source\PSoC5/Bootloadable.c ****         ***************************************************************************/
 218:.\Generated_Source\PSoC5/Bootloadable.c ****         CyFlushCache();
 219:.\Generated_Source\PSoC5/Bootloadable.c ****     #endif /* (CY_PSOC5) */
 220:.\Generated_Source\PSoC5/Bootloadable.c ****     return (result);
 221:.\Generated_Source\PSoC5/Bootloadable.c **** }
 222:.\Generated_Source\PSoC5/Bootloadable.c **** #endif /*(CYDEV_PROJ_TYPE == CYDEV_PROJ_TYPE_LOADABLEANDBOOTLOADER)*/
 223:.\Generated_Source\PSoC5/Bootloadable.c **** /** @} functions_group */
 224:.\Generated_Source\PSoC5/Bootloadable.c **** 
 225:.\Generated_Source\PSoC5/Bootloadable.c **** /*******************************************************************************
 226:.\Generated_Source\PSoC5/Bootloadable.c **** * The following code is OBSOLETE and must not be used.
 227:.\Generated_Source\PSoC5/Bootloadable.c **** *******************************************************************************/
 228:.\Generated_Source\PSoC5/Bootloadable.c **** void Bootloadable_SetFlashByte(uint32 address, uint8 runType) 
ARM GAS  C:\Users\Mark\AppData\Local\Temp\cciPlD3W.s 			page 6


 229:.\Generated_Source\PSoC5/Bootloadable.c **** {
  58              		.loc 1 229 0
  59              		.cfi_startproc
  60              		@ args = 0, pretend = 0, frame = 256
  61              		@ frame_needed = 0, uses_anonymous_args = 0
  62              	.LVL1:
  63 0000 70B5     		push	{r4, r5, r6, lr}
  64              		.cfi_def_cfa_offset 16
  65              		.cfi_offset 4, -16
  66              		.cfi_offset 5, -12
  67              		.cfi_offset 6, -8
  68              		.cfi_offset 14, -4
  69 0002 C0B0     		sub	sp, sp, #256
  70              		.cfi_def_cfa_offset 272
  71 0004 0E46     		mov	r6, r1
  72              	.LVL2:
 230:.\Generated_Source\PSoC5/Bootloadable.c ****     uint32 flsAddr = address - CYDEV_FLASH_BASE;
 231:.\Generated_Source\PSoC5/Bootloadable.c ****     uint8  rowData[CYDEV_FLS_ROW_SIZE];
 232:.\Generated_Source\PSoC5/Bootloadable.c **** 
 233:.\Generated_Source\PSoC5/Bootloadable.c ****     #if !(CY_PSOC4)
 234:.\Generated_Source\PSoC5/Bootloadable.c ****         uint8 arrayId = ( uint8 )(flsAddr / CYDEV_FLS_SECTOR_SIZE);
  73              		.loc 1 234 0
  74 0006 C0F30745 		ubfx	r5, r0, #16, #8
  75              	.LVL3:
 235:.\Generated_Source\PSoC5/Bootloadable.c ****     #endif  /* !(CY_PSOC4) */
 236:.\Generated_Source\PSoC5/Bootloadable.c **** 
 237:.\Generated_Source\PSoC5/Bootloadable.c ****     #if (CY_PSOC4)
 238:.\Generated_Source\PSoC5/Bootloadable.c ****         uint16 rowNum = ( uint16 )(flsAddr / CYDEV_FLS_ROW_SIZE);
 239:.\Generated_Source\PSoC5/Bootloadable.c ****     #else
 240:.\Generated_Source\PSoC5/Bootloadable.c ****         uint16 rowNum = ( uint16 )((flsAddr % CYDEV_FLS_SECTOR_SIZE) / CYDEV_FLS_ROW_SIZE);
  76              		.loc 1 240 0
  77 000a C0F30721 		ubfx	r1, r0, #8, #8
  78              	.LVL4:
 241:.\Generated_Source\PSoC5/Bootloadable.c ****     #endif  /* (CY_PSOC4) */
 242:.\Generated_Source\PSoC5/Bootloadable.c **** 
 243:.\Generated_Source\PSoC5/Bootloadable.c ****     uint32 baseAddr = address - (address % CYDEV_FLS_ROW_SIZE);
  79              		.loc 1 243 0
  80 000e 20F0FF04 		bic	r4, r0, #255
  81              	.LVL5:
 244:.\Generated_Source\PSoC5/Bootloadable.c ****     uint16 idx;
 245:.\Generated_Source\PSoC5/Bootloadable.c **** 
 246:.\Generated_Source\PSoC5/Bootloadable.c **** 
 247:.\Generated_Source\PSoC5/Bootloadable.c ****     for (idx = 0u; idx < CYDEV_FLS_ROW_SIZE; idx++)
  82              		.loc 1 247 0
  83 0012 0023     		movs	r3, #0
  84 0014 04E0     		b	.L6
  85              	.LVL6:
  86              	.L7:
 248:.\Generated_Source\PSoC5/Bootloadable.c ****     {
 249:.\Generated_Source\PSoC5/Bootloadable.c ****         rowData[idx] = Bootloadable_GET_CODE_DATA(baseAddr + idx);
  87              		.loc 1 249 0 discriminator 3
  88 0016 1A5D     		ldrb	r2, [r3, r4]	@ zero_extendqisi2
  89 0018 0DF80320 		strb	r2, [sp, r3]
 247:.\Generated_Source\PSoC5/Bootloadable.c ****     {
  90              		.loc 1 247 0 discriminator 3
  91 001c 0133     		adds	r3, r3, #1
  92              	.LVL7:
ARM GAS  C:\Users\Mark\AppData\Local\Temp\cciPlD3W.s 			page 7


  93 001e 9BB2     		uxth	r3, r3
  94              	.LVL8:
  95              	.L6:
 247:.\Generated_Source\PSoC5/Bootloadable.c ****     {
  96              		.loc 1 247 0 is_stmt 0 discriminator 1
  97 0020 FF2B     		cmp	r3, #255
  98 0022 F8D9     		bls	.L7
 250:.\Generated_Source\PSoC5/Bootloadable.c ****     }
 251:.\Generated_Source\PSoC5/Bootloadable.c ****     rowData[address % CYDEV_FLS_ROW_SIZE] = runType;
  99              		.loc 1 251 0 is_stmt 1
 100 0024 C3B2     		uxtb	r3, r0
 101              	.LVL9:
 102 0026 0DF80360 		strb	r6, [sp, r3]
 252:.\Generated_Source\PSoC5/Bootloadable.c **** 
 253:.\Generated_Source\PSoC5/Bootloadable.c ****     #if(CY_PSOC4)
 254:.\Generated_Source\PSoC5/Bootloadable.c ****         (void) CySysFlashWriteRow((uint32) rowNum, rowData);
 255:.\Generated_Source\PSoC5/Bootloadable.c ****     #else
 256:.\Generated_Source\PSoC5/Bootloadable.c ****         (void) CyWriteRowData(arrayId, rowNum, rowData);
 103              		.loc 1 256 0
 104 002a 2846     		mov	r0, r5
 105              	.LVL10:
 106 002c 6A46     		mov	r2, sp
 107 002e FFF7FEFF 		bl	CyWriteRowData
 108              	.LVL11:
 257:.\Generated_Source\PSoC5/Bootloadable.c ****     #endif  /* (CY_PSOC4) */
 258:.\Generated_Source\PSoC5/Bootloadable.c **** 
 259:.\Generated_Source\PSoC5/Bootloadable.c ****     #if(CY_PSOC5)
 260:.\Generated_Source\PSoC5/Bootloadable.c ****         /***************************************************************************
 261:.\Generated_Source\PSoC5/Bootloadable.c ****         * When writing to flash, data in the instruction cache can become obsolete.
 262:.\Generated_Source\PSoC5/Bootloadable.c ****         * Therefore, the cache data does not correlate to the data just written to
 263:.\Generated_Source\PSoC5/Bootloadable.c ****         * flash. A call to CyFlushCache() is required to invalidate the data in the
 264:.\Generated_Source\PSoC5/Bootloadable.c ****         * cache and force fresh information to be loaded from flash.
 265:.\Generated_Source\PSoC5/Bootloadable.c ****         ***************************************************************************/
 266:.\Generated_Source\PSoC5/Bootloadable.c ****         CyFlushCache();
 109              		.loc 1 266 0
 110 0032 FFF7FEFF 		bl	CyFlushCache
 111              	.LVL12:
 267:.\Generated_Source\PSoC5/Bootloadable.c ****     #endif /* (CY_PSOC5) */
 268:.\Generated_Source\PSoC5/Bootloadable.c **** }
 112              		.loc 1 268 0
 113 0036 40B0     		add	sp, sp, #256
 114              		.cfi_def_cfa_offset 16
 115              		@ sp needed
 116 0038 70BD     		pop	{r4, r5, r6, pc}
 117              		.cfi_endproc
 118              	.LFE1:
 119              		.size	Bootloadable_SetFlashByte, .-Bootloadable_SetFlashByte
 120 003a 00BF     		.text
 121              	.Letext0:
 122              		.file 2 ".\\Generated_Source\\PSoC5\\cytypes.h"
 123              		.file 3 ".\\Generated_Source\\PSoC5\\CyLib.h"
 124              		.file 4 ".\\Generated_Source\\PSoC5\\CyFlash.h"
 125              		.section	.debug_info,"",%progbits
 126              	.Ldebug_info0:
 127 0000 D6010000 		.4byte	0x1d6
 128 0004 0400     		.2byte	0x4
 129 0006 00000000 		.4byte	.Ldebug_abbrev0
ARM GAS  C:\Users\Mark\AppData\Local\Temp\cciPlD3W.s 			page 8


 130 000a 04       		.byte	0x4
 131 000b 01       		.uleb128 0x1
 132 000c 84010000 		.4byte	.LASF29
 133 0010 01       		.byte	0x1
 134 0011 15010000 		.4byte	.LASF30
 135 0015 23000000 		.4byte	.LASF31
 136 0019 00000000 		.4byte	.Ldebug_ranges0+0
 137 001d 00000000 		.4byte	0
 138 0021 00000000 		.4byte	.Ldebug_line0
 139 0025 02       		.uleb128 0x2
 140 0026 01       		.byte	0x1
 141 0027 06       		.byte	0x6
 142 0028 26020000 		.4byte	.LASF0
 143 002c 02       		.uleb128 0x2
 144 002d 01       		.byte	0x1
 145 002e 08       		.byte	0x8
 146 002f 65000000 		.4byte	.LASF1
 147 0033 02       		.uleb128 0x2
 148 0034 02       		.byte	0x2
 149 0035 05       		.byte	0x5
 150 0036 6A010000 		.4byte	.LASF2
 151 003a 02       		.uleb128 0x2
 152 003b 02       		.byte	0x2
 153 003c 07       		.byte	0x7
 154 003d 10000000 		.4byte	.LASF3
 155 0041 02       		.uleb128 0x2
 156 0042 04       		.byte	0x4
 157 0043 05       		.byte	0x5
 158 0044 1D020000 		.4byte	.LASF4
 159 0048 02       		.uleb128 0x2
 160 0049 04       		.byte	0x4
 161 004a 07       		.byte	0x7
 162 004b 80000000 		.4byte	.LASF5
 163 004f 02       		.uleb128 0x2
 164 0050 08       		.byte	0x8
 165 0051 05       		.byte	0x5
 166 0052 3D010000 		.4byte	.LASF6
 167 0056 02       		.uleb128 0x2
 168 0057 08       		.byte	0x8
 169 0058 07       		.byte	0x7
 170 0059 E4000000 		.4byte	.LASF7
 171 005d 03       		.uleb128 0x3
 172 005e 04       		.byte	0x4
 173 005f 05       		.byte	0x5
 174 0060 696E7400 		.ascii	"int\000"
 175 0064 02       		.uleb128 0x2
 176 0065 04       		.byte	0x4
 177 0066 07       		.byte	0x7
 178 0067 CF000000 		.4byte	.LASF8
 179 006b 04       		.uleb128 0x4
 180 006c 92000000 		.4byte	.LASF9
 181 0070 02       		.byte	0x2
 182 0071 C2       		.byte	0xc2
 183 0072 2C000000 		.4byte	0x2c
 184 0076 04       		.uleb128 0x4
 185 0077 C1000000 		.4byte	.LASF10
 186 007b 02       		.byte	0x2
ARM GAS  C:\Users\Mark\AppData\Local\Temp\cciPlD3W.s 			page 9


 187 007c C3       		.byte	0xc3
 188 007d 3A000000 		.4byte	0x3a
 189 0081 04       		.uleb128 0x4
 190 0082 C8000000 		.4byte	.LASF11
 191 0086 02       		.byte	0x2
 192 0087 C4       		.byte	0xc4
 193 0088 48000000 		.4byte	0x48
 194 008c 02       		.uleb128 0x2
 195 008d 04       		.byte	0x4
 196 008e 04       		.byte	0x4
 197 008f 5F000000 		.4byte	.LASF12
 198 0093 02       		.uleb128 0x2
 199 0094 08       		.byte	0x8
 200 0095 04       		.byte	0x4
 201 0096 B2000000 		.4byte	.LASF13
 202 009a 02       		.uleb128 0x2
 203 009b 01       		.byte	0x1
 204 009c 08       		.byte	0x8
 205 009d 4B010000 		.4byte	.LASF14
 206 00a1 05       		.uleb128 0x5
 207 00a2 00000000 		.4byte	.LASF15
 208 00a6 02       		.byte	0x2
 209 00a7 6401     		.2byte	0x164
 210 00a9 48000000 		.4byte	0x48
 211 00ad 05       		.uleb128 0x5
 212 00ae 7B000000 		.4byte	.LASF16
 213 00b2 02       		.byte	0x2
 214 00b3 6C01     		.2byte	0x16c
 215 00b5 B9000000 		.4byte	0xb9
 216 00b9 06       		.uleb128 0x6
 217 00ba 6B000000 		.4byte	0x6b
 218 00be 02       		.uleb128 0x2
 219 00bf 04       		.byte	0x4
 220 00c0 07       		.byte	0x7
 221 00c1 0C010000 		.4byte	.LASF17
 222 00c5 07       		.uleb128 0x7
 223 00c6 A0000000 		.4byte	.LASF18
 224 00ca 01       		.byte	0x1
 225 00cb 29       		.byte	0x29
 226 00cc 00000000 		.4byte	.LFB0
 227 00d0 14000000 		.4byte	.LFE0-.LFB0
 228 00d4 01       		.uleb128 0x1
 229 00d5 9C       		.byte	0x9c
 230 00d6 E4000000 		.4byte	0xe4
 231 00da 08       		.uleb128 0x8
 232 00db 0C000000 		.4byte	.LVL0
 233 00df A1010000 		.4byte	0x1a1
 234 00e3 00       		.byte	0
 235 00e4 07       		.uleb128 0x7
 236 00e5 50010000 		.4byte	.LASF19
 237 00e9 01       		.byte	0x1
 238 00ea E4       		.byte	0xe4
 239 00eb 00000000 		.4byte	.LFB1
 240 00ef 3A000000 		.4byte	.LFE1-.LFB1
 241 00f3 01       		.uleb128 0x1
 242 00f4 9C       		.byte	0x9c
 243 00f5 91010000 		.4byte	0x191
ARM GAS  C:\Users\Mark\AppData\Local\Temp\cciPlD3W.s 			page 10


 244 00f9 09       		.uleb128 0x9
 245 00fa DC000000 		.4byte	.LASF20
 246 00fe 01       		.byte	0x1
 247 00ff E4       		.byte	0xe4
 248 0100 81000000 		.4byte	0x81
 249 0104 00000000 		.4byte	.LLST0
 250 0108 09       		.uleb128 0x9
 251 0109 FB000000 		.4byte	.LASF21
 252 010d 01       		.byte	0x1
 253 010e E4       		.byte	0xe4
 254 010f 6B000000 		.4byte	0x6b
 255 0113 21000000 		.4byte	.LLST1
 256 0117 0A       		.uleb128 0xa
 257 0118 B9000000 		.4byte	.LASF22
 258 011c 01       		.byte	0x1
 259 011d E6       		.byte	0xe6
 260 011e 81000000 		.4byte	0x81
 261 0122 42000000 		.4byte	.LLST2
 262 0126 0B       		.uleb128 0xb
 263 0127 73000000 		.4byte	.LASF23
 264 012b 01       		.byte	0x1
 265 012c E7       		.byte	0xe7
 266 012d 91010000 		.4byte	0x191
 267 0131 03       		.uleb128 0x3
 268 0132 91       		.byte	0x91
 269 0133 F07D     		.sleb128 -272
 270 0135 0B       		.uleb128 0xb
 271 0136 98000000 		.4byte	.LASF24
 272 013a 01       		.byte	0x1
 273 013b EA       		.byte	0xea
 274 013c 6B000000 		.4byte	0x6b
 275 0140 01       		.uleb128 0x1
 276 0141 55       		.byte	0x55
 277 0142 0A       		.uleb128 0xa
 278 0143 09000000 		.4byte	.LASF25
 279 0147 01       		.byte	0x1
 280 0148 F0       		.byte	0xf0
 281 0149 76000000 		.4byte	0x76
 282 014d 63000000 		.4byte	.LLST3
 283 0151 0B       		.uleb128 0xb
 284 0152 03010000 		.4byte	.LASF26
 285 0156 01       		.byte	0x1
 286 0157 F3       		.byte	0xf3
 287 0158 81000000 		.4byte	0x81
 288 015c 01       		.uleb128 0x1
 289 015d 54       		.byte	0x54
 290 015e 0C       		.uleb128 0xc
 291 015f 69647800 		.ascii	"idx\000"
 292 0163 01       		.byte	0x1
 293 0164 F4       		.byte	0xf4
 294 0165 76000000 		.4byte	0x76
 295 0169 8A000000 		.4byte	.LLST4
 296 016d 0D       		.uleb128 0xd
 297 016e 32000000 		.4byte	.LVL11
 298 0172 A8010000 		.4byte	0x1a8
 299 0176 87010000 		.4byte	0x187
 300 017a 0E       		.uleb128 0xe
ARM GAS  C:\Users\Mark\AppData\Local\Temp\cciPlD3W.s 			page 11


 301 017b 01       		.uleb128 0x1
 302 017c 52       		.byte	0x52
 303 017d 02       		.uleb128 0x2
 304 017e 7D       		.byte	0x7d
 305 017f 00       		.sleb128 0
 306 0180 0E       		.uleb128 0xe
 307 0181 01       		.uleb128 0x1
 308 0182 50       		.byte	0x50
 309 0183 02       		.uleb128 0x2
 310 0184 75       		.byte	0x75
 311 0185 00       		.sleb128 0
 312 0186 00       		.byte	0
 313 0187 08       		.uleb128 0x8
 314 0188 36000000 		.4byte	.LVL12
 315 018c D2010000 		.4byte	0x1d2
 316 0190 00       		.byte	0
 317 0191 0F       		.uleb128 0xf
 318 0192 6B000000 		.4byte	0x6b
 319 0196 A1010000 		.4byte	0x1a1
 320 019a 10       		.uleb128 0x10
 321 019b BE000000 		.4byte	0xbe
 322 019f FF       		.byte	0xff
 323 01a0 00       		.byte	0
 324 01a1 11       		.uleb128 0x11
 325 01a2 74010000 		.4byte	.LASF27
 326 01a6 03       		.byte	0x3
 327 01a7 7C       		.byte	0x7c
 328 01a8 12       		.uleb128 0x12
 329 01a9 3F020000 		.4byte	.LASF32
 330 01ad 04       		.byte	0x4
 331 01ae 4A       		.byte	0x4a
 332 01af A1000000 		.4byte	0xa1
 333 01b3 C7010000 		.4byte	0x1c7
 334 01b7 13       		.uleb128 0x13
 335 01b8 6B000000 		.4byte	0x6b
 336 01bc 13       		.uleb128 0x13
 337 01bd 76000000 		.4byte	0x76
 338 01c1 13       		.uleb128 0x13
 339 01c2 C7010000 		.4byte	0x1c7
 340 01c6 00       		.byte	0
 341 01c7 14       		.uleb128 0x14
 342 01c8 04       		.byte	0x4
 343 01c9 CD010000 		.4byte	0x1cd
 344 01cd 15       		.uleb128 0x15
 345 01ce 6B000000 		.4byte	0x6b
 346 01d2 11       		.uleb128 0x11
 347 01d3 32020000 		.4byte	.LASF28
 348 01d7 03       		.byte	0x3
 349 01d8 96       		.byte	0x96
 350 01d9 00       		.byte	0
 351              		.section	.debug_abbrev,"",%progbits
 352              	.Ldebug_abbrev0:
 353 0000 01       		.uleb128 0x1
 354 0001 11       		.uleb128 0x11
 355 0002 01       		.byte	0x1
 356 0003 25       		.uleb128 0x25
 357 0004 0E       		.uleb128 0xe
ARM GAS  C:\Users\Mark\AppData\Local\Temp\cciPlD3W.s 			page 12


 358 0005 13       		.uleb128 0x13
 359 0006 0B       		.uleb128 0xb
 360 0007 03       		.uleb128 0x3
 361 0008 0E       		.uleb128 0xe
 362 0009 1B       		.uleb128 0x1b
 363 000a 0E       		.uleb128 0xe
 364 000b 55       		.uleb128 0x55
 365 000c 17       		.uleb128 0x17
 366 000d 11       		.uleb128 0x11
 367 000e 01       		.uleb128 0x1
 368 000f 10       		.uleb128 0x10
 369 0010 17       		.uleb128 0x17
 370 0011 00       		.byte	0
 371 0012 00       		.byte	0
 372 0013 02       		.uleb128 0x2
 373 0014 24       		.uleb128 0x24
 374 0015 00       		.byte	0
 375 0016 0B       		.uleb128 0xb
 376 0017 0B       		.uleb128 0xb
 377 0018 3E       		.uleb128 0x3e
 378 0019 0B       		.uleb128 0xb
 379 001a 03       		.uleb128 0x3
 380 001b 0E       		.uleb128 0xe
 381 001c 00       		.byte	0
 382 001d 00       		.byte	0
 383 001e 03       		.uleb128 0x3
 384 001f 24       		.uleb128 0x24
 385 0020 00       		.byte	0
 386 0021 0B       		.uleb128 0xb
 387 0022 0B       		.uleb128 0xb
 388 0023 3E       		.uleb128 0x3e
 389 0024 0B       		.uleb128 0xb
 390 0025 03       		.uleb128 0x3
 391 0026 08       		.uleb128 0x8
 392 0027 00       		.byte	0
 393 0028 00       		.byte	0
 394 0029 04       		.uleb128 0x4
 395 002a 16       		.uleb128 0x16
 396 002b 00       		.byte	0
 397 002c 03       		.uleb128 0x3
 398 002d 0E       		.uleb128 0xe
 399 002e 3A       		.uleb128 0x3a
 400 002f 0B       		.uleb128 0xb
 401 0030 3B       		.uleb128 0x3b
 402 0031 0B       		.uleb128 0xb
 403 0032 49       		.uleb128 0x49
 404 0033 13       		.uleb128 0x13
 405 0034 00       		.byte	0
 406 0035 00       		.byte	0
 407 0036 05       		.uleb128 0x5
 408 0037 16       		.uleb128 0x16
 409 0038 00       		.byte	0
 410 0039 03       		.uleb128 0x3
 411 003a 0E       		.uleb128 0xe
 412 003b 3A       		.uleb128 0x3a
 413 003c 0B       		.uleb128 0xb
 414 003d 3B       		.uleb128 0x3b
ARM GAS  C:\Users\Mark\AppData\Local\Temp\cciPlD3W.s 			page 13


 415 003e 05       		.uleb128 0x5
 416 003f 49       		.uleb128 0x49
 417 0040 13       		.uleb128 0x13
 418 0041 00       		.byte	0
 419 0042 00       		.byte	0
 420 0043 06       		.uleb128 0x6
 421 0044 35       		.uleb128 0x35
 422 0045 00       		.byte	0
 423 0046 49       		.uleb128 0x49
 424 0047 13       		.uleb128 0x13
 425 0048 00       		.byte	0
 426 0049 00       		.byte	0
 427 004a 07       		.uleb128 0x7
 428 004b 2E       		.uleb128 0x2e
 429 004c 01       		.byte	0x1
 430 004d 3F       		.uleb128 0x3f
 431 004e 19       		.uleb128 0x19
 432 004f 03       		.uleb128 0x3
 433 0050 0E       		.uleb128 0xe
 434 0051 3A       		.uleb128 0x3a
 435 0052 0B       		.uleb128 0xb
 436 0053 3B       		.uleb128 0x3b
 437 0054 0B       		.uleb128 0xb
 438 0055 27       		.uleb128 0x27
 439 0056 19       		.uleb128 0x19
 440 0057 11       		.uleb128 0x11
 441 0058 01       		.uleb128 0x1
 442 0059 12       		.uleb128 0x12
 443 005a 06       		.uleb128 0x6
 444 005b 40       		.uleb128 0x40
 445 005c 18       		.uleb128 0x18
 446 005d 9742     		.uleb128 0x2117
 447 005f 19       		.uleb128 0x19
 448 0060 01       		.uleb128 0x1
 449 0061 13       		.uleb128 0x13
 450 0062 00       		.byte	0
 451 0063 00       		.byte	0
 452 0064 08       		.uleb128 0x8
 453 0065 898201   		.uleb128 0x4109
 454 0068 00       		.byte	0
 455 0069 11       		.uleb128 0x11
 456 006a 01       		.uleb128 0x1
 457 006b 31       		.uleb128 0x31
 458 006c 13       		.uleb128 0x13
 459 006d 00       		.byte	0
 460 006e 00       		.byte	0
 461 006f 09       		.uleb128 0x9
 462 0070 05       		.uleb128 0x5
 463 0071 00       		.byte	0
 464 0072 03       		.uleb128 0x3
 465 0073 0E       		.uleb128 0xe
 466 0074 3A       		.uleb128 0x3a
 467 0075 0B       		.uleb128 0xb
 468 0076 3B       		.uleb128 0x3b
 469 0077 0B       		.uleb128 0xb
 470 0078 49       		.uleb128 0x49
 471 0079 13       		.uleb128 0x13
ARM GAS  C:\Users\Mark\AppData\Local\Temp\cciPlD3W.s 			page 14


 472 007a 02       		.uleb128 0x2
 473 007b 17       		.uleb128 0x17
 474 007c 00       		.byte	0
 475 007d 00       		.byte	0
 476 007e 0A       		.uleb128 0xa
 477 007f 34       		.uleb128 0x34
 478 0080 00       		.byte	0
 479 0081 03       		.uleb128 0x3
 480 0082 0E       		.uleb128 0xe
 481 0083 3A       		.uleb128 0x3a
 482 0084 0B       		.uleb128 0xb
 483 0085 3B       		.uleb128 0x3b
 484 0086 0B       		.uleb128 0xb
 485 0087 49       		.uleb128 0x49
 486 0088 13       		.uleb128 0x13
 487 0089 02       		.uleb128 0x2
 488 008a 17       		.uleb128 0x17
 489 008b 00       		.byte	0
 490 008c 00       		.byte	0
 491 008d 0B       		.uleb128 0xb
 492 008e 34       		.uleb128 0x34
 493 008f 00       		.byte	0
 494 0090 03       		.uleb128 0x3
 495 0091 0E       		.uleb128 0xe
 496 0092 3A       		.uleb128 0x3a
 497 0093 0B       		.uleb128 0xb
 498 0094 3B       		.uleb128 0x3b
 499 0095 0B       		.uleb128 0xb
 500 0096 49       		.uleb128 0x49
 501 0097 13       		.uleb128 0x13
 502 0098 02       		.uleb128 0x2
 503 0099 18       		.uleb128 0x18
 504 009a 00       		.byte	0
 505 009b 00       		.byte	0
 506 009c 0C       		.uleb128 0xc
 507 009d 34       		.uleb128 0x34
 508 009e 00       		.byte	0
 509 009f 03       		.uleb128 0x3
 510 00a0 08       		.uleb128 0x8
 511 00a1 3A       		.uleb128 0x3a
 512 00a2 0B       		.uleb128 0xb
 513 00a3 3B       		.uleb128 0x3b
 514 00a4 0B       		.uleb128 0xb
 515 00a5 49       		.uleb128 0x49
 516 00a6 13       		.uleb128 0x13
 517 00a7 02       		.uleb128 0x2
 518 00a8 17       		.uleb128 0x17
 519 00a9 00       		.byte	0
 520 00aa 00       		.byte	0
 521 00ab 0D       		.uleb128 0xd
 522 00ac 898201   		.uleb128 0x4109
 523 00af 01       		.byte	0x1
 524 00b0 11       		.uleb128 0x11
 525 00b1 01       		.uleb128 0x1
 526 00b2 31       		.uleb128 0x31
 527 00b3 13       		.uleb128 0x13
 528 00b4 01       		.uleb128 0x1
ARM GAS  C:\Users\Mark\AppData\Local\Temp\cciPlD3W.s 			page 15


 529 00b5 13       		.uleb128 0x13
 530 00b6 00       		.byte	0
 531 00b7 00       		.byte	0
 532 00b8 0E       		.uleb128 0xe
 533 00b9 8A8201   		.uleb128 0x410a
 534 00bc 00       		.byte	0
 535 00bd 02       		.uleb128 0x2
 536 00be 18       		.uleb128 0x18
 537 00bf 9142     		.uleb128 0x2111
 538 00c1 18       		.uleb128 0x18
 539 00c2 00       		.byte	0
 540 00c3 00       		.byte	0
 541 00c4 0F       		.uleb128 0xf
 542 00c5 01       		.uleb128 0x1
 543 00c6 01       		.byte	0x1
 544 00c7 49       		.uleb128 0x49
 545 00c8 13       		.uleb128 0x13
 546 00c9 01       		.uleb128 0x1
 547 00ca 13       		.uleb128 0x13
 548 00cb 00       		.byte	0
 549 00cc 00       		.byte	0
 550 00cd 10       		.uleb128 0x10
 551 00ce 21       		.uleb128 0x21
 552 00cf 00       		.byte	0
 553 00d0 49       		.uleb128 0x49
 554 00d1 13       		.uleb128 0x13
 555 00d2 2F       		.uleb128 0x2f
 556 00d3 0B       		.uleb128 0xb
 557 00d4 00       		.byte	0
 558 00d5 00       		.byte	0
 559 00d6 11       		.uleb128 0x11
 560 00d7 2E       		.uleb128 0x2e
 561 00d8 00       		.byte	0
 562 00d9 3F       		.uleb128 0x3f
 563 00da 19       		.uleb128 0x19
 564 00db 03       		.uleb128 0x3
 565 00dc 0E       		.uleb128 0xe
 566 00dd 3A       		.uleb128 0x3a
 567 00de 0B       		.uleb128 0xb
 568 00df 3B       		.uleb128 0x3b
 569 00e0 0B       		.uleb128 0xb
 570 00e1 27       		.uleb128 0x27
 571 00e2 19       		.uleb128 0x19
 572 00e3 3C       		.uleb128 0x3c
 573 00e4 19       		.uleb128 0x19
 574 00e5 00       		.byte	0
 575 00e6 00       		.byte	0
 576 00e7 12       		.uleb128 0x12
 577 00e8 2E       		.uleb128 0x2e
 578 00e9 01       		.byte	0x1
 579 00ea 3F       		.uleb128 0x3f
 580 00eb 19       		.uleb128 0x19
 581 00ec 03       		.uleb128 0x3
 582 00ed 0E       		.uleb128 0xe
 583 00ee 3A       		.uleb128 0x3a
 584 00ef 0B       		.uleb128 0xb
 585 00f0 3B       		.uleb128 0x3b
ARM GAS  C:\Users\Mark\AppData\Local\Temp\cciPlD3W.s 			page 16


 586 00f1 0B       		.uleb128 0xb
 587 00f2 27       		.uleb128 0x27
 588 00f3 19       		.uleb128 0x19
 589 00f4 49       		.uleb128 0x49
 590 00f5 13       		.uleb128 0x13
 591 00f6 3C       		.uleb128 0x3c
 592 00f7 19       		.uleb128 0x19
 593 00f8 01       		.uleb128 0x1
 594 00f9 13       		.uleb128 0x13
 595 00fa 00       		.byte	0
 596 00fb 00       		.byte	0
 597 00fc 13       		.uleb128 0x13
 598 00fd 05       		.uleb128 0x5
 599 00fe 00       		.byte	0
 600 00ff 49       		.uleb128 0x49
 601 0100 13       		.uleb128 0x13
 602 0101 00       		.byte	0
 603 0102 00       		.byte	0
 604 0103 14       		.uleb128 0x14
 605 0104 0F       		.uleb128 0xf
 606 0105 00       		.byte	0
 607 0106 0B       		.uleb128 0xb
 608 0107 0B       		.uleb128 0xb
 609 0108 49       		.uleb128 0x49
 610 0109 13       		.uleb128 0x13
 611 010a 00       		.byte	0
 612 010b 00       		.byte	0
 613 010c 15       		.uleb128 0x15
 614 010d 26       		.uleb128 0x26
 615 010e 00       		.byte	0
 616 010f 49       		.uleb128 0x49
 617 0110 13       		.uleb128 0x13
 618 0111 00       		.byte	0
 619 0112 00       		.byte	0
 620 0113 00       		.byte	0
 621              		.section	.debug_loc,"",%progbits
 622              	.Ldebug_loc0:
 623              	.LLST0:
 624 0000 00000000 		.4byte	.LVL1
 625 0004 2C000000 		.4byte	.LVL10
 626 0008 0100     		.2byte	0x1
 627 000a 50       		.byte	0x50
 628 000b 2C000000 		.4byte	.LVL10
 629 000f 3A000000 		.4byte	.LFE1
 630 0013 0400     		.2byte	0x4
 631 0015 F3       		.byte	0xf3
 632 0016 01       		.uleb128 0x1
 633 0017 50       		.byte	0x50
 634 0018 9F       		.byte	0x9f
 635 0019 00000000 		.4byte	0
 636 001d 00000000 		.4byte	0
 637              	.LLST1:
 638 0021 00000000 		.4byte	.LVL1
 639 0025 0E000000 		.4byte	.LVL4
 640 0029 0100     		.2byte	0x1
 641 002b 51       		.byte	0x51
 642 002c 0E000000 		.4byte	.LVL4
ARM GAS  C:\Users\Mark\AppData\Local\Temp\cciPlD3W.s 			page 17


 643 0030 3A000000 		.4byte	.LFE1
 644 0034 0400     		.2byte	0x4
 645 0036 F3       		.byte	0xf3
 646 0037 01       		.uleb128 0x1
 647 0038 51       		.byte	0x51
 648 0039 9F       		.byte	0x9f
 649 003a 00000000 		.4byte	0
 650 003e 00000000 		.4byte	0
 651              	.LLST2:
 652 0042 06000000 		.4byte	.LVL2
 653 0046 2C000000 		.4byte	.LVL10
 654 004a 0100     		.2byte	0x1
 655 004c 50       		.byte	0x50
 656 004d 2C000000 		.4byte	.LVL10
 657 0051 3A000000 		.4byte	.LFE1
 658 0055 0400     		.2byte	0x4
 659 0057 F3       		.byte	0xf3
 660 0058 01       		.uleb128 0x1
 661 0059 50       		.byte	0x50
 662 005a 9F       		.byte	0x9f
 663 005b 00000000 		.4byte	0
 664 005f 00000000 		.4byte	0
 665              	.LLST3:
 666 0063 0E000000 		.4byte	.LVL4
 667 0067 31000000 		.4byte	.LVL11-1
 668 006b 0100     		.2byte	0x1
 669 006d 51       		.byte	0x51
 670 006e 31000000 		.4byte	.LVL11-1
 671 0072 3A000000 		.4byte	.LFE1
 672 0076 0A00     		.2byte	0xa
 673 0078 F3       		.byte	0xf3
 674 0079 01       		.uleb128 0x1
 675 007a 50       		.byte	0x50
 676 007b 09       		.byte	0x9
 677 007c F4       		.byte	0xf4
 678 007d 24       		.byte	0x24
 679 007e 09       		.byte	0x9
 680 007f FC       		.byte	0xfc
 681 0080 25       		.byte	0x25
 682 0081 9F       		.byte	0x9f
 683 0082 00000000 		.4byte	0
 684 0086 00000000 		.4byte	0
 685              	.LLST4:
 686 008a 12000000 		.4byte	.LVL5
 687 008e 16000000 		.4byte	.LVL6
 688 0092 0200     		.2byte	0x2
 689 0094 30       		.byte	0x30
 690 0095 9F       		.byte	0x9f
 691 0096 16000000 		.4byte	.LVL6
 692 009a 1E000000 		.4byte	.LVL7
 693 009e 0100     		.2byte	0x1
 694 00a0 53       		.byte	0x53
 695 00a1 20000000 		.4byte	.LVL8
 696 00a5 26000000 		.4byte	.LVL9
 697 00a9 0100     		.2byte	0x1
 698 00ab 53       		.byte	0x53
 699 00ac 00000000 		.4byte	0
ARM GAS  C:\Users\Mark\AppData\Local\Temp\cciPlD3W.s 			page 18


 700 00b0 00000000 		.4byte	0
 701              		.section	.debug_aranges,"",%progbits
 702 0000 24000000 		.4byte	0x24
 703 0004 0200     		.2byte	0x2
 704 0006 00000000 		.4byte	.Ldebug_info0
 705 000a 04       		.byte	0x4
 706 000b 00       		.byte	0
 707 000c 0000     		.2byte	0
 708 000e 0000     		.2byte	0
 709 0010 00000000 		.4byte	.LFB0
 710 0014 14000000 		.4byte	.LFE0-.LFB0
 711 0018 00000000 		.4byte	.LFB1
 712 001c 3A000000 		.4byte	.LFE1-.LFB1
 713 0020 00000000 		.4byte	0
 714 0024 00000000 		.4byte	0
 715              		.section	.debug_ranges,"",%progbits
 716              	.Ldebug_ranges0:
 717 0000 00000000 		.4byte	.LFB0
 718 0004 14000000 		.4byte	.LFE0
 719 0008 00000000 		.4byte	.LFB1
 720 000c 3A000000 		.4byte	.LFE1
 721 0010 00000000 		.4byte	0
 722 0014 00000000 		.4byte	0
 723              		.section	.debug_line,"",%progbits
 724              	.Ldebug_line0:
 725 0000 A5000000 		.section	.debug_str,"MS",%progbits,1
 725      02006300 
 725      00000201 
 725      FB0E0D00 
 725      01010101 
 726              	.LASF15:
 727 0000 63797374 		.ascii	"cystatus\000"
 727      61747573 
 727      00
 728              	.LASF25:
 729 0009 726F774E 		.ascii	"rowNum\000"
 729      756D00
 730              	.LASF3:
 731 0010 73686F72 		.ascii	"short unsigned int\000"
 731      7420756E 
 731      7369676E 
 731      65642069 
 731      6E7400
 732              	.LASF31:
 733 0023 453A5C44 		.ascii	"E:\\Documents\\GitHub\\WiFiChessBoard\\Micro\\Bootl"
 733      6F63756D 
 733      656E7473 
 733      5C476974 
 733      4875625C 
 734 0051 6F616461 		.ascii	"oadable.cydsn\000"
 734      626C652E 
 734      63796473 
 734      6E00
 735              	.LASF12:
 736 005f 666C6F61 		.ascii	"float\000"
 736      7400
 737              	.LASF1:
ARM GAS  C:\Users\Mark\AppData\Local\Temp\cciPlD3W.s 			page 19


 738 0065 756E7369 		.ascii	"unsigned char\000"
 738      676E6564 
 738      20636861 
 738      7200
 739              	.LASF23:
 740 0073 726F7744 		.ascii	"rowData\000"
 740      61746100 
 741              	.LASF16:
 742 007b 72656738 		.ascii	"reg8\000"
 742      00
 743              	.LASF5:
 744 0080 6C6F6E67 		.ascii	"long unsigned int\000"
 744      20756E73 
 744      69676E65 
 744      6420696E 
 744      7400
 745              	.LASF9:
 746 0092 75696E74 		.ascii	"uint8\000"
 746      3800
 747              	.LASF24:
 748 0098 61727261 		.ascii	"arrayId\000"
 748      79496400 
 749              	.LASF18:
 750 00a0 426F6F74 		.ascii	"Bootloadable_Load\000"
 750      6C6F6164 
 750      61626C65 
 750      5F4C6F61 
 750      6400
 751              	.LASF13:
 752 00b2 646F7562 		.ascii	"double\000"
 752      6C6500
 753              	.LASF22:
 754 00b9 666C7341 		.ascii	"flsAddr\000"
 754      64647200 
 755              	.LASF10:
 756 00c1 75696E74 		.ascii	"uint16\000"
 756      313600
 757              	.LASF11:
 758 00c8 75696E74 		.ascii	"uint32\000"
 758      333200
 759              	.LASF8:
 760 00cf 756E7369 		.ascii	"unsigned int\000"
 760      676E6564 
 760      20696E74 
 760      00
 761              	.LASF20:
 762 00dc 61646472 		.ascii	"address\000"
 762      65737300 
 763              	.LASF7:
 764 00e4 6C6F6E67 		.ascii	"long long unsigned int\000"
 764      206C6F6E 
 764      6720756E 
 764      7369676E 
 764      65642069 
 765              	.LASF21:
 766 00fb 72756E54 		.ascii	"runType\000"
 766      79706500 
ARM GAS  C:\Users\Mark\AppData\Local\Temp\cciPlD3W.s 			page 20


 767              	.LASF26:
 768 0103 62617365 		.ascii	"baseAddr\000"
 768      41646472 
 768      00
 769              	.LASF17:
 770 010c 73697A65 		.ascii	"sizetype\000"
 770      74797065 
 770      00
 771              	.LASF30:
 772 0115 2E5C4765 		.ascii	".\\Generated_Source\\PSoC5\\Bootloadable.c\000"
 772      6E657261 
 772      7465645F 
 772      536F7572 
 772      63655C50 
 773              	.LASF6:
 774 013d 6C6F6E67 		.ascii	"long long int\000"
 774      206C6F6E 
 774      6720696E 
 774      7400
 775              	.LASF14:
 776 014b 63686172 		.ascii	"char\000"
 776      00
 777              	.LASF19:
 778 0150 426F6F74 		.ascii	"Bootloadable_SetFlashByte\000"
 778      6C6F6164 
 778      61626C65 
 778      5F536574 
 778      466C6173 
 779              	.LASF2:
 780 016a 73686F72 		.ascii	"short int\000"
 780      7420696E 
 780      7400
 781              	.LASF27:
 782 0174 4379536F 		.ascii	"CySoftwareReset\000"
 782      66747761 
 782      72655265 
 782      73657400 
 783              	.LASF29:
 784 0184 474E5520 		.ascii	"GNU C 4.9.3 20150303 (release) [ARM/embedded-4_9-br"
 784      4320342E 
 784      392E3320 
 784      32303135 
 784      30333033 
 785 01b7 616E6368 		.ascii	"anch revision 221220] -mcpu=cortex-m3 -mthumb -g -O"
 785      20726576 
 785      6973696F 
 785      6E203232 
 785      31323230 
 786 01ea 67202D73 		.ascii	"g -std=gnu99 -ffunction-sections -ffat-lto-objects\000"
 786      74643D67 
 786      6E753939 
 786      202D6666 
 786      756E6374 
 787              	.LASF4:
 788 021d 6C6F6E67 		.ascii	"long int\000"
 788      20696E74 
 788      00
ARM GAS  C:\Users\Mark\AppData\Local\Temp\cciPlD3W.s 			page 21


 789              	.LASF0:
 790 0226 7369676E 		.ascii	"signed char\000"
 790      65642063 
 790      68617200 
 791              	.LASF28:
 792 0232 4379466C 		.ascii	"CyFlushCache\000"
 792      75736843 
 792      61636865 
 792      00
 793              	.LASF32:
 794 023f 43795772 		.ascii	"CyWriteRowData\000"
 794      69746552 
 794      6F774461 
 794      746100
 795              		.ident	"GCC: (GNU Tools for ARM Embedded Processors) 4.9.3 20150303 (release) [ARM/embedded-4_9-br
