--------------- Build Started: 04/11/2016 20:13:37 Project: Bootloadable, Configuration: ARM GCC 4.9-2015-q1-update Debug ---------------
cydsfit.exe -.appdatapath "C:\Users\Kyle\AppData\Local\Cypress Semiconductor\PSoC Creator\3.3" -.fdsnotice -.fdswarpdepfile=warp_dependencies.txt -.fdselabdepfile=elab_dependencies.txt -.fdsbldfile=generated_files.txt -p C:\Users\Kyle\Downloads\classes\Senior_Design\WiFiChessBoard\Micro\Bootloadable.cydsn\Bootloadable.cyprj -d CY8C5287AXI-LP095 -s C:\Users\Kyle\Downloads\classes\Senior_Design\WiFiChessBoard\Micro\Bootloadable.cydsn\Generated_Source\PSoC5 -- -yv2 -q10 -ygs -o2 -v3 -.fftcfgtype=LE
Elaborating Design...
HDL Generation ...
Synthesis ...
Place and Route ...
Tech mapping ...
Analog Placement ...
Analog Routing ...
Analog Code Generation ...
Digital Placement ...
Digital Routing ...
Bitstream Generation ...
Static timing analysis ...
API Generation ...
Dependency Generation ...
Clean Temporary Files ...
arm-none-eabi-gcc.exe -mcpu=cortex-m3 -mthumb -Wno-main -I. -IGenerated_Source\PSoC5 -Wa,-alh=.\CortexM3\ARM_GCC_493\Debug/main.lst -g -D DEBUG -Wall -ffunction-sections -Og -ffat-lto-objects -std=gnu99 -c .\main.c -o .\CortexM3\ARM_GCC_493\Debug\main.o
arm-none-eabi-gcc.exe -mcpu=cortex-m3 -mthumb -Wno-main -I. -IGenerated_Source\PSoC5 -Wa,-alh=.\CortexM3\ARM_GCC_493\Debug/cybootloader.lst -g -D DEBUG -Wall -ffunction-sections -Og -ffat-lto-objects -std=gnu99 -c .\Generated_Source\PSoC5\cybootloader.c -o .\CortexM3\ARM_GCC_493\Debug\cybootloader.o
arm-none-eabi-ar.exe -rs .\CortexM3\ARM_GCC_493\Debug\Bootloadable.a .\CortexM3\ARM_GCC_493\Debug\cyfitter_cfg.o .\CortexM3\ARM_GCC_493\Debug\LCD.o .\CortexM3\ARM_GCC_493\Debug\LCD_PM.o .\CortexM3\ARM_GCC_493\Debug\Esp_UART.o .\CortexM3\ARM_GCC_493\Debug\Esp_UART_PM.o .\CortexM3\ARM_GCC_493\Debug\Esp_UART_INT.o .\CortexM3\ARM_GCC_493\Debug\Esp_UART_BOOT.o .\CortexM3\ARM_GCC_493\Debug\Debug_UART.o .\CortexM3\ARM_GCC_493\Debug\Debug_UART_PM.o .\CortexM3\ARM_GCC_493\Debug\Debug_UART_INT.o .\CortexM3\ARM_GCC_493\Debug\Debug_UART_BOOT.o .\CortexM3\ARM_GCC_493\Debug\Esp_Rst.o .\CortexM3\ARM_GCC_493\Debug\Slp_1.o .\CortexM3\ARM_GCC_493\Debug\Stp_1.o .\CortexM3\ARM_GCC_493\Debug\Dir_1.o .\CortexM3\ARM_GCC_493\Debug\Slp_2.o .\CortexM3\ARM_GCC_493\Debug\Stp_2.o .\CortexM3\ARM_GCC_493\Debug\Dir_2.o .\CortexM3\ARM_GCC_493\Debug\Lim_1.o .\CortexM3\ARM_GCC_493\Debug\Lim_2.o .\CortexM3\ARM_GCC_493\Debug\En_A.o .\CortexM3\ARM_GCC_493\Debug\En_Sw.o .\CortexM3\ARM_GCC_493\Debug\Em.o .\CortexM3\ARM_GCC_493\Debug\En_B.o .\CortexM3\ARM_GCC_493\Debug\Bootloadable.o .\CortexM3\ARM_GCC_493\Debug\Col_0.o .\CortexM3\ARM_GCC_493\Debug\Col_1.o .\CortexM3\ARM_GCC_493\Debug\Col_2.o .\CortexM3\ARM_GCC_493\Debug\Col_3.o .\CortexM3\ARM_GCC_493\Debug\Col_4.o .\CortexM3\ARM_GCC_493\Debug\Col_5.o .\CortexM3\ARM_GCC_493\Debug\Col_6.o .\CortexM3\ARM_GCC_493\Debug\Col_7.o .\CortexM3\ARM_GCC_493\Debug\Col_8.o .\CortexM3\ARM_GCC_493\Debug\Col_9.o .\CortexM3\ARM_GCC_493\Debug\Col_10.o .\CortexM3\ARM_GCC_493\Debug\Col_11.o .\CortexM3\ARM_GCC_493\Debug\LCD_LCDPort.o .\CortexM3\ARM_GCC_493\Debug\Esp_UART_IntClock.o .\CortexM3\ARM_GCC_493\Debug\Debug_UART_IntClock.o .\CortexM3\ARM_GCC_493\Debug\CyBootAsmGnu.o .\CortexM3\ARM_GCC_493\Debug\CyDmac.o .\CortexM3\ARM_GCC_493\Debug\CyFlash.o .\CortexM3\ARM_GCC_493\Debug\CyLib.o .\CortexM3\ARM_GCC_493\Debug\cyPm.o .\CortexM3\ARM_GCC_493\Debug\CySpc.o .\CortexM3\ARM_GCC_493\Debug\cyutils.o .\CortexM3\ARM_GCC_493\Debug\Row_0.o .\CortexM3\ARM_GCC_493\Debug\Row_1.o .\CortexM3\ARM_GCC_493\Debug\Row_2.o .\CortexM3\ARM_GCC_493\Debug\Row_3.o .\CortexM3\ARM_GCC_493\Debug\Row_4.o .\CortexM3\ARM_GCC_493\Debug\Row_5.o .\CortexM3\ARM_GCC_493\Debug\Row_6.o .\CortexM3\ARM_GCC_493\Debug\Row_7.o
arm-none-eabi-ar.exe: creating .\CortexM3\ARM_GCC_493\Debug\Bootloadable.a
arm-none-eabi-gcc.exe -Wl,--start-group -o .\CortexM3\ARM_GCC_493\Debug\Bootloadable.elf .\CortexM3\ARM_GCC_493\Debug\main.o .\CortexM3\ARM_GCC_493\Debug\board.o .\CortexM3\ARM_GCC_493\Debug\cybootloader.o .\CortexM3\ARM_GCC_493\Debug\cymetadata.o .\CortexM3\ARM_GCC_493\Debug\Cm3Start.o .\CortexM3\ARM_GCC_493\Debug\Bootloadable.a "C:\Program Files (x86)\Cypress\PSoC Creator\3.3\PSoC Creator\psoc\content\cycomponentlibrary\CyComponentLibrary.cylib\CortexM3\ARM_GCC_493\Debug\CyComponentLibrary.a" -mcpu=cortex-m3 -mthumb -g -ffunction-sections -Og -L Generated_Source\PSoC5 -Wl,-Map,.\CortexM3\ARM_GCC_493\Debug/Bootloadable.map -T Generated_Source\PSoC5\cm3gcc.ld -specs=nano.specs -Wl,--gc-sections -Wl,--end-group
cyelftool.exe -B C:\Users\Kyle\Downloads\classes\Senior_Design\WiFiChessBoard\Micro\Bootloadable.cydsn\CortexM3\ARM_GCC_493\Debug\Bootloadable.elf --flash_row_size 256 --flash_size 262144 --flash_array_size 65536 --ee_array 64 --ee_row_size 16
cyelftool.exe -S C:\Users\Kyle\Downloads\classes\Senior_Design\WiFiChessBoard\Micro\Bootloadable.cydsn\CortexM3\ARM_GCC_493\Debug\Bootloadable.elf
Flash used: 24320 of 262144 bytes (9.3 %). Bootloader: 14592 bytes. Application: 9472 bytes. Metadata: 256 bytes.
SRAM used: 3069 of 65536 bytes (4.7 %). Stack: 2048 bytes. Heap: 128 bytes.
--------------- Build Succeeded: 04/11/2016 20:13:57 ---------------
