--------------- Clean Started: 04/18/2016 15:43:53 Project: Bootloadable, Configuration: ARM GCC 4.9-2015-q1-update Debug ---------------
Deleting file ".\CortexM3\ARM_GCC_493\Debug\main.o"
Deleting file ".\CortexM3\ARM_GCC_493\Debug\board.o"
Deleting file ".\CortexM3\ARM_GCC_493\Debug\cyfitter_cfg.o"
Deleting file ".\CortexM3\ARM_GCC_493\Debug\cybootloader.o"
Deleting file ".\CortexM3\ARM_GCC_493\Debug\cymetadata.o"
Deleting file ".\CortexM3\ARM_GCC_493\Debug\LCD.o"
Deleting file ".\CortexM3\ARM_GCC_493\Debug\LCD_PM.o"
Deleting file ".\CortexM3\ARM_GCC_493\Debug\Esp_UART.o"
Deleting file ".\CortexM3\ARM_GCC_493\Debug\Esp_UART_PM.o"
Deleting file ".\CortexM3\ARM_GCC_493\Debug\Esp_UART_INT.o"
Deleting file ".\CortexM3\ARM_GCC_493\Debug\Esp_UART_BOOT.o"
Deleting file ".\CortexM3\ARM_GCC_493\Debug\Debug_UART.o"
Deleting file ".\CortexM3\ARM_GCC_493\Debug\Debug_UART_PM.o"
Deleting file ".\CortexM3\ARM_GCC_493\Debug\Debug_UART_INT.o"
Deleting file ".\CortexM3\ARM_GCC_493\Debug\Debug_UART_BOOT.o"
Deleting file ".\CortexM3\ARM_GCC_493\Debug\Esp_Rst.o"
Deleting file ".\CortexM3\ARM_GCC_493\Debug\Slp_1.o"
Deleting file ".\CortexM3\ARM_GCC_493\Debug\Stp_1.o"
Deleting file ".\CortexM3\ARM_GCC_493\Debug\Dir_1.o"
Deleting file ".\CortexM3\ARM_GCC_493\Debug\Slp_2.o"
Deleting file ".\CortexM3\ARM_GCC_493\Debug\Stp_2.o"
Deleting file ".\CortexM3\ARM_GCC_493\Debug\Dir_2.o"
Deleting file ".\CortexM3\ARM_GCC_493\Debug\Lim_1.o"
Deleting file ".\CortexM3\ARM_GCC_493\Debug\Lim_2.o"
Deleting file ".\CortexM3\ARM_GCC_493\Debug\En_A.o"
Deleting file ".\CortexM3\ARM_GCC_493\Debug\En_Sw.o"
Deleting file ".\CortexM3\ARM_GCC_493\Debug\Em.o"
Deleting file ".\CortexM3\ARM_GCC_493\Debug\En_B.o"
Deleting file ".\CortexM3\ARM_GCC_493\Debug\Bootloadable.o"
Deleting file ".\CortexM3\ARM_GCC_493\Debug\Col_0.o"
Deleting file ".\CortexM3\ARM_GCC_493\Debug\Col_1.o"
Deleting file ".\CortexM3\ARM_GCC_493\Debug\Col_2.o"
Deleting file ".\CortexM3\ARM_GCC_493\Debug\Col_3.o"
Deleting file ".\CortexM3\ARM_GCC_493\Debug\Col_4.o"
Deleting file ".\CortexM3\ARM_GCC_493\Debug\Col_5.o"
Deleting file ".\CortexM3\ARM_GCC_493\Debug\Col_6.o"
Deleting file ".\CortexM3\ARM_GCC_493\Debug\Col_7.o"
Deleting file ".\CortexM3\ARM_GCC_493\Debug\Col_8.o"
Deleting file ".\CortexM3\ARM_GCC_493\Debug\Col_9.o"
Deleting file ".\CortexM3\ARM_GCC_493\Debug\Col_10.o"
Deleting file ".\CortexM3\ARM_GCC_493\Debug\Col_11.o"
Deleting file ".\CortexM3\ARM_GCC_493\Debug\LCD_LCDPort.o"
Deleting file ".\CortexM3\ARM_GCC_493\Debug\Esp_UART_IntClock.o"
Deleting file ".\CortexM3\ARM_GCC_493\Debug\Debug_UART_IntClock.o"
Deleting file ".\CortexM3\ARM_GCC_493\Debug\Cm3Start.o"
Deleting file ".\CortexM3\ARM_GCC_493\Debug\CyBootAsmGnu.o"
Deleting file ".\CortexM3\ARM_GCC_493\Debug\CyDmac.o"
Deleting file ".\CortexM3\ARM_GCC_493\Debug\CyFlash.o"
Deleting file ".\CortexM3\ARM_GCC_493\Debug\CyLib.o"
Deleting file ".\CortexM3\ARM_GCC_493\Debug\cyPm.o"
Deleting file ".\CortexM3\ARM_GCC_493\Debug\CySpc.o"
Deleting file ".\CortexM3\ARM_GCC_493\Debug\cyutils.o"
Deleting file ".\CortexM3\ARM_GCC_493\Debug\Row_0.o"
Deleting file ".\CortexM3\ARM_GCC_493\Debug\Row_1.o"
Deleting file ".\CortexM3\ARM_GCC_493\Debug\Row_2.o"
Deleting file ".\CortexM3\ARM_GCC_493\Debug\Row_3.o"
Deleting file ".\CortexM3\ARM_GCC_493\Debug\Row_4.o"
Deleting file ".\CortexM3\ARM_GCC_493\Debug\Row_5.o"
Deleting file ".\CortexM3\ARM_GCC_493\Debug\Row_6.o"
Deleting file ".\CortexM3\ARM_GCC_493\Debug\Row_7.o"
Deleting file ".\CortexM3\ARM_GCC_493\Debug\Bootloadable.hex"
Deleting file ".\CortexM3\ARM_GCC_493\Debug\Bootloadable.elf"
Deleting file ".\CortexM3\ARM_GCC_493\Debug\Bootloadable.map"
Deleting file ".\CortexM3\ARM_GCC_493\Debug\Bootloadable.cyacd"
Deleting file ".\Bootloadable.cycdx"
Deleting file ".\Bootloadable.svd"
Deleting file ".\Bootloadable.rpt"
Deleting file ".\Bootloadable_timing.html"
Deleting file ".\CortexM3\ARM_GCC_493\Debug\.deps\C_FILE.P"
Deleting file ".\CortexM3\ARM_GCC_493\Debug\.deps\ARM_C_FILE.P"
Deleting file ".\CortexM3\ARM_GCC_493\Debug\.deps\GNU_ARM_ASM_FILE.P"
--------------- Clean Succeeded: 04/18/2016 15:43:54 ---------------
