ARM GAS  C:\Users\Kyle\AppData\Local\Temp\ccAAnvPR.s 			page 1


   1              		.syntax unified
   2              		.cpu cortex-m3
   3              		.fpu softvfp
   4              		.eabi_attribute 20, 1
   5              		.eabi_attribute 21, 1
   6              		.eabi_attribute 23, 3
   7              		.eabi_attribute 24, 1
   8              		.eabi_attribute 25, 1
   9              		.eabi_attribute 26, 1
  10              		.eabi_attribute 30, 1
  11              		.eabi_attribute 34, 1
  12              		.eabi_attribute 18, 4
  13              		.thumb
  14              		.file	"cymetadata.c"
  15              		.text
  16              	.Ltext0:
  17              		.cfi_sections	.debug_frame
  18              		.global	cy_meta_configecc
  19              		.global	cy_meta_loadable
  20              		.section	.cyconfigecc,"a",%progbits
  21              		.align	2
  22              		.type	cy_meta_configecc, %object
  23              		.size	cy_meta_configecc, 1608
  24              	cy_meta_configecc:
  25 0000 08       		.byte	8
  26 0001 52       		.byte	82
  27 0002 00       		.byte	0
  28 0003 40       		.byte	64
  29 0004 03       		.byte	3
  30 0005 64       		.byte	100
  31 0006 00       		.byte	0
  32 0007 40       		.byte	64
  33 0008 03       		.byte	3
  34 0009 65       		.byte	101
  35 000a 00       		.byte	0
  36 000b 40       		.byte	64
  37 000c 02       		.byte	2
  38 000d 07       		.byte	7
  39 000e 01       		.byte	1
  40 000f 40       		.byte	64
  41 0010 66       		.byte	102
  42 0011 08       		.byte	8
  43 0012 01       		.byte	1
  44 0013 40       		.byte	64
  45 0014 48       		.byte	72
  46 0015 09       		.byte	9
  47 0016 01       		.byte	1
  48 0017 40       		.byte	64
  49 0018 18       		.byte	24
  50 0019 0A       		.byte	10
  51 001a 01       		.byte	1
  52 001b 40       		.byte	64
  53 001c 3C       		.byte	60
  54 001d 0B       		.byte	11
  55 001e 01       		.byte	1
  56 001f 40       		.byte	64
  57 0020 02       		.byte	2
ARM GAS  C:\Users\Kyle\AppData\Local\Temp\ccAAnvPR.s 			page 2


  58 0021 17       		.byte	23
  59 0022 01       		.byte	1
  60 0023 40       		.byte	64
  61 0024 68       		.byte	104
  62 0025 18       		.byte	24
  63 0026 01       		.byte	1
  64 0027 40       		.byte	64
  65 0028 47       		.byte	71
  66 0029 19       		.byte	25
  67 002a 01       		.byte	1
  68 002b 40       		.byte	64
  69 002c 17       		.byte	23
  70 002d 1A       		.byte	26
  71 002e 01       		.byte	1
  72 002f 40       		.byte	64
  73 0030 3F       		.byte	63
  74 0031 1B       		.byte	27
  75 0032 01       		.byte	1
  76 0033 40       		.byte	64
  77 0034 05       		.byte	5
  78 0035 40       		.byte	64
  79 0036 01       		.byte	1
  80 0037 40       		.byte	64
  81 0038 04       		.byte	4
  82 0039 41       		.byte	65
  83 003a 01       		.byte	1
  84 003b 40       		.byte	64
  85 003c 04       		.byte	4
  86 003d 42       		.byte	66
  87 003e 01       		.byte	1
  88 003f 40       		.byte	64
  89 0040 07       		.byte	7
  90 0041 43       		.byte	67
  91 0042 01       		.byte	1
  92 0043 40       		.byte	64
  93 0044 04       		.byte	4
  94 0045 47       		.byte	71
  95 0046 01       		.byte	1
  96 0047 40       		.byte	64
  97 0048 06       		.byte	6
  98 0049 48       		.byte	72
  99 004a 01       		.byte	1
 100 004b 40       		.byte	64
 101 004c 06       		.byte	6
 102 004d 4C       		.byte	76
 103 004e 01       		.byte	1
 104 004f 40       		.byte	64
 105 0050 0B       		.byte	11
 106 0051 4D       		.byte	77
 107 0052 01       		.byte	1
 108 0053 40       		.byte	64
 109 0054 08       		.byte	8
 110 0055 50       		.byte	80
 111 0056 01       		.byte	1
 112 0057 40       		.byte	64
 113 0058 01       		.byte	1
 114 0059 51       		.byte	81
ARM GAS  C:\Users\Kyle\AppData\Local\Temp\ccAAnvPR.s 			page 3


 115 005a 01       		.byte	1
 116 005b 40       		.byte	64
 117 005c 04       		.byte	4
 118 005d FF       		.byte	-1
 119 005e 08       		.byte	8
 120 005f 40       		.byte	64
 121 0060 09       		.byte	9
 122 0061 40       		.byte	64
 123 0062 24       		.byte	36
 124 0063 0F       		.byte	15
 125 0064 28       		.byte	40
 126 0065 02       		.byte	2
 127 0066 29       		.byte	41
 128 0067 02       		.byte	2
 129 0068 34       		.byte	52
 130 0069 C0       		.byte	-64
 131 006a 64       		.byte	100
 132 006b 07       		.byte	7
 133 006c 88       		.byte	-120
 134 006d 0F       		.byte	15
 135 006e 89       		.byte	-119
 136 006f 38       		.byte	56
 137 0070 8A       		.byte	-118
 138 0071 72       		.byte	114
 139 0072 88       		.byte	-120
 140 0073 38       		.byte	56
 141 0074 89       		.byte	-119
 142 0075 0F       		.byte	15
 143 0076 8B       		.byte	-117
 144 0077 72       		.byte	114
 145 0078 E2       		.byte	-30
 146 0079 02       		.byte	2
 147 007a E6       		.byte	-26
 148 007b 40       		.byte	64
 149 007c 00       		.byte	0
 150 007d 10       		.byte	16
 151 007e 02       		.byte	2
 152 007f 40       		.byte	64
 153 0080 04       		.byte	4
 154 0081 10       		.byte	16
 155 0082 06       		.byte	6
 156 0083 AC       		.byte	-84
 157 0084 0A       		.byte	10
 158 0085 03       		.byte	3
 159 0086 0C       		.byte	12
 160 0087 09       		.byte	9
 161 0088 0D       		.byte	13
 162 0089 18       		.byte	24
 163 008a 0E       		.byte	14
 164 008b D0       		.byte	-48
 165 008c 0F       		.byte	15
 166 008d 24       		.byte	36
 167 008e 14       		.byte	20
 168 008f 0C       		.byte	12
 169 0090 15       		.byte	21
 170 0091 52       		.byte	82
 171 0092 16       		.byte	22
ARM GAS  C:\Users\Kyle\AppData\Local\Temp\ccAAnvPR.s 			page 4


 172 0093 71       		.byte	113
 173 0094 17       		.byte	23
 174 0095 24       		.byte	36
 175 0096 18       		.byte	24
 176 0097 14       		.byte	20
 177 0098 19       		.byte	25
 178 0099 1F       		.byte	31
 179 009a 1B       		.byte	27
 180 009b 60       		.byte	96
 181 009c 1F       		.byte	31
 182 009d 40       		.byte	64
 183 009e 24       		.byte	36
 184 009f DC       		.byte	-36
 185 00a0 26       		.byte	38
 186 00a1 22       		.byte	34
 187 00a2 29       		.byte	41
 188 00a3 1F       		.byte	31
 189 00a4 2B       		.byte	43
 190 00a5 20       		.byte	32
 191 00a6 2E       		.byte	46
 192 00a7 20       		.byte	32
 193 00a8 2F       		.byte	47
 194 00a9 2D       		.byte	45
 195 00aa 31       		.byte	49
 196 00ab 04       		.byte	4
 197 00ac 32       		.byte	50
 198 00ad E0       		.byte	-32
 199 00ae 33       		.byte	51
 200 00af 78       		.byte	120
 201 00b0 34       		.byte	52
 202 00b1 1F       		.byte	31
 203 00b2 37       		.byte	55
 204 00b3 03       		.byte	3
 205 00b4 39       		.byte	57
 206 00b5 80       		.byte	-128
 207 00b6 3A       		.byte	58
 208 00b7 08       		.byte	8
 209 00b8 3B       		.byte	59
 210 00b9 08       		.byte	8
 211 00ba 3F       		.byte	63
 212 00bb 41       		.byte	65
 213 00bc 40       		.byte	64
 214 00bd 25       		.byte	37
 215 00be 41       		.byte	65
 216 00bf 03       		.byte	3
 217 00c0 45       		.byte	69
 218 00c1 0B       		.byte	11
 219 00c2 46       		.byte	70
 220 00c3 0C       		.byte	12
 221 00c4 47       		.byte	71
 222 00c5 0E       		.byte	14
 223 00c6 48       		.byte	72
 224 00c7 15       		.byte	21
 225 00c8 49       		.byte	73
 226 00c9 FF       		.byte	-1
 227 00ca 4A       		.byte	74
 228 00cb FF       		.byte	-1
ARM GAS  C:\Users\Kyle\AppData\Local\Temp\ccAAnvPR.s 			page 5


 229 00cc 4B       		.byte	75
 230 00cd FF       		.byte	-1
 231 00ce 4E       		.byte	78
 232 00cf F0       		.byte	-16
 233 00d0 4F       		.byte	79
 234 00d1 44       		.byte	68
 235 00d2 50       		.byte	80
 236 00d3 0C       		.byte	12
 237 00d4 54       		.byte	84
 238 00d5 01       		.byte	1
 239 00d6 56       		.byte	86
 240 00d7 04       		.byte	4
 241 00d8 58       		.byte	88
 242 00d9 04       		.byte	4
 243 00da 59       		.byte	89
 244 00db 04       		.byte	4
 245 00dc 5A       		.byte	90
 246 00dd 04       		.byte	4
 247 00de 5B       		.byte	91
 248 00df 04       		.byte	4
 249 00e0 5F       		.byte	95
 250 00e1 01       		.byte	1
 251 00e2 66       		.byte	102
 252 00e3 C0       		.byte	-64
 253 00e4 6A       		.byte	106
 254 00e5 40       		.byte	64
 255 00e6 6B       		.byte	107
 256 00e7 02       		.byte	2
 257 00e8 84       		.byte	-124
 258 00e9 50       		.byte	80
 259 00ea 85       		.byte	-123
 260 00eb 02       		.byte	2
 261 00ec 88       		.byte	-120
 262 00ed 02       		.byte	2
 263 00ee 8A       		.byte	-118
 264 00ef 0C       		.byte	12
 265 00f0 8B       		.byte	-117
 266 00f1 01       		.byte	1
 267 00f2 8C       		.byte	-116
 268 00f3 30       		.byte	48
 269 00f4 8E       		.byte	-114
 270 00f5 44       		.byte	68
 271 00f6 8F       		.byte	-113
 272 00f7 01       		.byte	1
 273 00f8 90       		.byte	-112
 274 00f9 24       		.byte	36
 275 00fa 92       		.byte	-110
 276 00fb 40       		.byte	64
 277 00fc 94       		.byte	-108
 278 00fd 40       		.byte	64
 279 00fe 96       		.byte	-106
 280 00ff 30       		.byte	48
 281 0100 9A       		.byte	-102
 282 0101 01       		.byte	1
 283 0102 9C       		.byte	-100
 284 0103 40       		.byte	64
 285 0104 A2       		.byte	-94
ARM GAS  C:\Users\Kyle\AppData\Local\Temp\ccAAnvPR.s 			page 6


 286 0105 01       		.byte	1
 287 0106 A8       		.byte	-88
 288 0107 70       		.byte	112
 289 0108 AA       		.byte	-86
 290 0109 08       		.byte	8
 291 010a B0       		.byte	-80
 292 010b 01       		.byte	1
 293 010c B2       		.byte	-78
 294 010d 7C       		.byte	124
 295 010e B3       		.byte	-77
 296 010f 01       		.byte	1
 297 0110 B4       		.byte	-76
 298 0111 02       		.byte	2
 299 0112 B5       		.byte	-75
 300 0113 02       		.byte	2
 301 0114 BB       		.byte	-69
 302 0115 02       		.byte	2
 303 0116 BE       		.byte	-66
 304 0117 11       		.byte	17
 305 0118 BF       		.byte	-65
 306 0119 14       		.byte	20
 307 011a C0       		.byte	-64
 308 011b 03       		.byte	3
 309 011c C5       		.byte	-59
 310 011d 40       		.byte	64
 311 011e C9       		.byte	-55
 312 011f FF       		.byte	-1
 313 0120 CA       		.byte	-54
 314 0121 07       		.byte	7
 315 0122 CB       		.byte	-53
 316 0123 FF       		.byte	-1
 317 0124 CC       		.byte	-52
 318 0125 40       		.byte	64
 319 0126 CD       		.byte	-51
 320 0127 20       		.byte	32
 321 0128 CE       		.byte	-50
 322 0129 F0       		.byte	-16
 323 012a CF       		.byte	-49
 324 012b 05       		.byte	5
 325 012c D0       		.byte	-48
 326 012d 08       		.byte	8
 327 012e D4       		.byte	-44
 328 012f 18       		.byte	24
 329 0130 D6       		.byte	-42
 330 0131 04       		.byte	4
 331 0132 D8       		.byte	-40
 332 0133 04       		.byte	4
 333 0134 D9       		.byte	-39
 334 0135 04       		.byte	4
 335 0136 DA       		.byte	-38
 336 0137 04       		.byte	4
 337 0138 DB       		.byte	-37
 338 0139 04       		.byte	4
 339 013a DC       		.byte	-36
 340 013b 01       		.byte	1
 341 013c DD       		.byte	-35
 342 013d 01       		.byte	1
ARM GAS  C:\Users\Kyle\AppData\Local\Temp\ccAAnvPR.s 			page 7


 343 013e DF       		.byte	-33
 344 013f 01       		.byte	1
 345 0140 E0       		.byte	-32
 346 0141 40       		.byte	64
 347 0142 E1       		.byte	-31
 348 0143 A8       		.byte	-88
 349 0144 E2       		.byte	-30
 350 0145 40       		.byte	64
 351 0146 E3       		.byte	-29
 352 0147 20       		.byte	32
 353 0148 00       		.byte	0
 354 0149 50       		.byte	80
 355 014a 02       		.byte	2
 356 014b 20       		.byte	32
 357 014c 05       		.byte	5
 358 014d 50       		.byte	80
 359 014e 06       		.byte	6
 360 014f 40       		.byte	64
 361 0150 07       		.byte	7
 362 0151 10       		.byte	16
 363 0152 09       		.byte	9
 364 0153 20       		.byte	32
 365 0154 0A       		.byte	10
 366 0155 A0       		.byte	-96
 367 0156 0B       		.byte	11
 368 0157 02       		.byte	2
 369 0158 0E       		.byte	14
 370 0159 20       		.byte	32
 371 015a 0F       		.byte	15
 372 015b 08       		.byte	8
 373 015c 11       		.byte	17
 374 015d 10       		.byte	16
 375 015e 12       		.byte	18
 376 015f 80       		.byte	-128
 377 0160 15       		.byte	21
 378 0161 40       		.byte	64
 379 0162 17       		.byte	23
 380 0163 04       		.byte	4
 381 0164 18       		.byte	24
 382 0165 10       		.byte	16
 383 0166 1A       		.byte	26
 384 0167 08       		.byte	8
 385 0168 1B       		.byte	27
 386 0169 01       		.byte	1
 387 016a 1D       		.byte	29
 388 016b 10       		.byte	16
 389 016c 1E       		.byte	30
 390 016d 20       		.byte	32
 391 016e 1F       		.byte	31
 392 016f 04       		.byte	4
 393 0170 20       		.byte	32
 394 0171 04       		.byte	4
 395 0172 21       		.byte	33
 396 0173 06       		.byte	6
 397 0174 27       		.byte	39
 398 0175 91       		.byte	-111
 399 0176 2D       		.byte	45
ARM GAS  C:\Users\Kyle\AppData\Local\Temp\ccAAnvPR.s 			page 8


 400 0177 C0       		.byte	-64
 401 0178 2E       		.byte	46
 402 0179 20       		.byte	32
 403 017a 2F       		.byte	47
 404 017b 06       		.byte	6
 405 017c 35       		.byte	53
 406 017d 40       		.byte	64
 407 017e 36       		.byte	54
 408 017f 04       		.byte	4
 409 0180 37       		.byte	55
 410 0181 14       		.byte	20
 411 0182 39       		.byte	57
 412 0183 A0       		.byte	-96
 413 0184 3A       		.byte	58
 414 0185 04       		.byte	4
 415 0186 3F       		.byte	63
 416 0187 80       		.byte	-128
 417 0188 43       		.byte	67
 418 0189 08       		.byte	8
 419 018a 46       		.byte	70
 420 018b 20       		.byte	32
 421 018c 47       		.byte	71
 422 018d 10       		.byte	16
 423 018e 49       		.byte	73
 424 018f 02       		.byte	2
 425 0190 4B       		.byte	75
 426 0191 02       		.byte	2
 427 0192 4D       		.byte	77
 428 0193 80       		.byte	-128
 429 0194 4F       		.byte	79
 430 0195 08       		.byte	8
 431 0196 50       		.byte	80
 432 0197 08       		.byte	8
 433 0198 54       		.byte	84
 434 0199 80       		.byte	-128
 435 019a 56       		.byte	86
 436 019b 04       		.byte	4
 437 019c 57       		.byte	87
 438 019d 40       		.byte	64
 439 019e 5A       		.byte	90
 440 019f 02       		.byte	2
 441 01a0 5C       		.byte	92
 442 01a1 04       		.byte	4
 443 01a2 5F       		.byte	95
 444 01a3 91       		.byte	-111
 445 01a4 60       		.byte	96
 446 01a5 08       		.byte	8
 447 01a6 62       		.byte	98
 448 01a7 02       		.byte	2
 449 01a8 63       		.byte	99
 450 01a9 02       		.byte	2
 451 01aa 66       		.byte	102
 452 01ab 01       		.byte	1
 453 01ac 78       		.byte	120
 454 01ad 08       		.byte	8
 455 01ae 79       		.byte	121
 456 01af 08       		.byte	8
ARM GAS  C:\Users\Kyle\AppData\Local\Temp\ccAAnvPR.s 			page 9


 457 01b0 86       		.byte	-122
 458 01b1 06       		.byte	6
 459 01b2 8E       		.byte	-114
 460 01b3 01       		.byte	1
 461 01b4 91       		.byte	-111
 462 01b5 A0       		.byte	-96
 463 01b6 92       		.byte	-110
 464 01b7 02       		.byte	2
 465 01b8 A1       		.byte	-95
 466 01b9 20       		.byte	32
 467 01ba A2       		.byte	-94
 468 01bb 80       		.byte	-128
 469 01bc A5       		.byte	-91
 470 01bd 02       		.byte	2
 471 01be B4       		.byte	-76
 472 01bf 80       		.byte	-128
 473 01c0 C0       		.byte	-64
 474 01c1 F7       		.byte	-9
 475 01c2 C2       		.byte	-62
 476 01c3 6F       		.byte	111
 477 01c4 C4       		.byte	-60
 478 01c5 AA       		.byte	-86
 479 01c6 CA       		.byte	-54
 480 01c7 30       		.byte	48
 481 01c8 CC       		.byte	-52
 482 01c9 70       		.byte	112
 483 01ca CE       		.byte	-50
 484 01cb 1E       		.byte	30
 485 01cc D0       		.byte	-48
 486 01cd 62       		.byte	98
 487 01ce D2       		.byte	-46
 488 01cf 10       		.byte	16
 489 01d0 D6       		.byte	-42
 490 01d1 F1       		.byte	-15
 491 01d2 D8       		.byte	-40
 492 01d3 8D       		.byte	-115
 493 01d4 E4       		.byte	-28
 494 01d5 08       		.byte	8
 495 01d6 E6       		.byte	-26
 496 01d7 40       		.byte	64
 497 01d8 83       		.byte	-125
 498 01d9 01       		.byte	1
 499 01da 85       		.byte	-123
 500 01db 02       		.byte	2
 501 01dc 89       		.byte	-119
 502 01dd 02       		.byte	2
 503 01de 8C       		.byte	-116
 504 01df 01       		.byte	1
 505 01e0 8E       		.byte	-114
 506 01e1 0E       		.byte	14
 507 01e2 91       		.byte	-111
 508 01e3 02       		.byte	2
 509 01e4 98       		.byte	-104
 510 01e5 22       		.byte	34
 511 01e6 9A       		.byte	-102
 512 01e7 51       		.byte	81
 513 01e8 9C       		.byte	-100
ARM GAS  C:\Users\Kyle\AppData\Local\Temp\ccAAnvPR.s 			page 10


 514 01e9 44       		.byte	68
 515 01ea 9E       		.byte	-98
 516 01eb 31       		.byte	49
 517 01ec A4       		.byte	-92
 518 01ed 67       		.byte	103
 519 01ee A8       		.byte	-88
 520 01ef 67       		.byte	103
 521 01f0 B1       		.byte	-79
 522 01f1 02       		.byte	2
 523 01f2 B2       		.byte	-78
 524 01f3 18       		.byte	24
 525 01f4 B4       		.byte	-76
 526 01f5 60       		.byte	96
 527 01f6 B5       		.byte	-75
 528 01f7 01       		.byte	1
 529 01f8 B6       		.byte	-74
 530 01f9 07       		.byte	7
 531 01fa BE       		.byte	-66
 532 01fb 04       		.byte	4
 533 01fc D6       		.byte	-42
 534 01fd 08       		.byte	8
 535 01fe D8       		.byte	-40
 536 01ff 04       		.byte	4
 537 0200 D9       		.byte	-39
 538 0201 04       		.byte	4
 539 0202 DB       		.byte	-37
 540 0203 04       		.byte	4
 541 0204 DD       		.byte	-35
 542 0205 90       		.byte	-112
 543 0206 DF       		.byte	-33
 544 0207 01       		.byte	1
 545 0208 00       		.byte	0
 546 0209 44       		.byte	68
 547 020a 01       		.byte	1
 548 020b 02       		.byte	2
 549 020c 03       		.byte	3
 550 020d 04       		.byte	4
 551 020e 05       		.byte	5
 552 020f 40       		.byte	64
 553 0210 06       		.byte	6
 554 0211 01       		.byte	1
 555 0212 08       		.byte	8
 556 0213 10       		.byte	16
 557 0214 09       		.byte	9
 558 0215 02       		.byte	2
 559 0216 0A       		.byte	10
 560 0217 20       		.byte	32
 561 0218 0B       		.byte	11
 562 0219 01       		.byte	1
 563 021a 0C       		.byte	12
 564 021b 10       		.byte	16
 565 021c 0E       		.byte	14
 566 021d 08       		.byte	8
 567 021e 0F       		.byte	15
 568 021f 01       		.byte	1
 569 0220 10       		.byte	16
 570 0221 A8       		.byte	-88
ARM GAS  C:\Users\Kyle\AppData\Local\Temp\ccAAnvPR.s 			page 11


 571 0222 12       		.byte	18
 572 0223 01       		.byte	1
 573 0224 17       		.byte	23
 574 0225 28       		.byte	40
 575 0226 18       		.byte	24
 576 0227 04       		.byte	4
 577 0228 19       		.byte	25
 578 0229 17       		.byte	23
 579 022a 1A       		.byte	26
 580 022b 20       		.byte	32
 581 022c 1D       		.byte	29
 582 022d 48       		.byte	72
 583 022e 1E       		.byte	30
 584 022f 08       		.byte	8
 585 0230 1F       		.byte	31
 586 0231 20       		.byte	32
 587 0232 21       		.byte	33
 588 0233 60       		.byte	96
 589 0234 22       		.byte	34
 590 0235 05       		.byte	5
 591 0236 24       		.byte	36
 592 0237 40       		.byte	64
 593 0238 27       		.byte	39
 594 0239 44       		.byte	68
 595 023a 29       		.byte	41
 596 023b 51       		.byte	81
 597 023c 30       		.byte	48
 598 023d 02       		.byte	2
 599 023e 31       		.byte	49
 600 023f 06       		.byte	6
 601 0240 33       		.byte	51
 602 0241 60       		.byte	96
 603 0242 37       		.byte	55
 604 0243 02       		.byte	2
 605 0244 38       		.byte	56
 606 0245 28       		.byte	40
 607 0246 3A       		.byte	58
 608 0247 42       		.byte	66
 609 0248 3E       		.byte	62
 610 0249 14       		.byte	20
 611 024a 3F       		.byte	63
 612 024b 01       		.byte	1
 613 024c 40       		.byte	64
 614 024d 40       		.byte	64
 615 024e 41       		.byte	65
 616 024f 28       		.byte	40
 617 0250 48       		.byte	72
 618 0251 02       		.byte	2
 619 0252 4A       		.byte	74
 620 0253 08       		.byte	8
 621 0254 51       		.byte	81
 622 0255 10       		.byte	16
 623 0256 52       		.byte	82
 624 0257 80       		.byte	-128
 625 0258 5A       		.byte	90
 626 0259 08       		.byte	8
 627 025a 5C       		.byte	92
ARM GAS  C:\Users\Kyle\AppData\Local\Temp\ccAAnvPR.s 			page 12


 628 025b 80       		.byte	-128
 629 025c 66       		.byte	102
 630 025d 40       		.byte	64
 631 025e 67       		.byte	103
 632 025f 01       		.byte	1
 633 0260 6A       		.byte	106
 634 0261 14       		.byte	20
 635 0262 6B       		.byte	107
 636 0263 2A       		.byte	42
 637 0264 70       		.byte	112
 638 0265 BC       		.byte	-68
 639 0266 72       		.byte	114
 640 0267 02       		.byte	2
 641 0268 8D       		.byte	-115
 642 0269 01       		.byte	1
 643 026a 8E       		.byte	-114
 644 026b 08       		.byte	8
 645 026c C0       		.byte	-64
 646 026d 8F       		.byte	-113
 647 026e C2       		.byte	-62
 648 026f CF       		.byte	-49
 649 0270 C4       		.byte	-60
 650 0271 6F       		.byte	111
 651 0272 CA       		.byte	-54
 652 0273 0D       		.byte	13
 653 0274 CC       		.byte	-52
 654 0275 8F       		.byte	-113
 655 0276 CE       		.byte	-50
 656 0277 EF       		.byte	-17
 657 0278 D0       		.byte	-48
 658 0279 07       		.byte	7
 659 027a D2       		.byte	-46
 660 027b 0C       		.byte	12
 661 027c D6       		.byte	-42
 662 027d 12       		.byte	18
 663 027e D8       		.byte	-40
 664 027f 10       		.byte	16
 665 0280 E2       		.byte	-30
 666 0281 04       		.byte	4
 667 0282 E6       		.byte	-26
 668 0283 08       		.byte	8
 669 0284 02       		.byte	2
 670 0285 40       		.byte	64
 671 0286 04       		.byte	4
 672 0287 30       		.byte	48
 673 0288 06       		.byte	6
 674 0289 0D       		.byte	13
 675 028a 0A       		.byte	10
 676 028b 80       		.byte	-128
 677 028c 0E       		.byte	14
 678 028d 30       		.byte	48
 679 028e 14       		.byte	20
 680 028f 05       		.byte	5
 681 0290 16       		.byte	22
 682 0291 38       		.byte	56
 683 0292 19       		.byte	25
 684 0293 01       		.byte	1
ARM GAS  C:\Users\Kyle\AppData\Local\Temp\ccAAnvPR.s 			page 13


 685 0294 1E       		.byte	30
 686 0295 80       		.byte	-128
 687 0296 22       		.byte	34
 688 0297 20       		.byte	32
 689 0298 26       		.byte	38
 690 0299 40       		.byte	64
 691 029a 28       		.byte	40
 692 029b 05       		.byte	5
 693 029c 2A       		.byte	42
 694 029d 18       		.byte	24
 695 029e 2C       		.byte	44
 696 029f 02       		.byte	2
 697 02a0 2E       		.byte	46
 698 02a1 0C       		.byte	12
 699 02a2 30       		.byte	48
 700 02a3 80       		.byte	-128
 701 02a4 31       		.byte	49
 702 02a5 01       		.byte	1
 703 02a6 32       		.byte	50
 704 02a7 40       		.byte	64
 705 02a8 34       		.byte	52
 706 02a9 3C       		.byte	60
 707 02aa 36       		.byte	54
 708 02ab 03       		.byte	3
 709 02ac 38       		.byte	56
 710 02ad 80       		.byte	-128
 711 02ae 3A       		.byte	58
 712 02af 20       		.byte	32
 713 02b0 3E       		.byte	62
 714 02b1 05       		.byte	5
 715 02b2 3F       		.byte	63
 716 02b3 01       		.byte	1
 717 02b4 40       		.byte	64
 718 02b5 04       		.byte	4
 719 02b6 46       		.byte	70
 720 02b7 04       		.byte	4
 721 02b8 49       		.byte	73
 722 02b9 FF       		.byte	-1
 723 02ba 4A       		.byte	74
 724 02bb 07       		.byte	7
 725 02bc 4B       		.byte	75
 726 02bd FF       		.byte	-1
 727 02be 4C       		.byte	76
 728 02bf 40       		.byte	64
 729 02c0 4D       		.byte	77
 730 02c1 20       		.byte	32
 731 02c2 4E       		.byte	78
 732 02c3 F0       		.byte	-16
 733 02c4 4F       		.byte	79
 734 02c5 05       		.byte	5
 735 02c6 50       		.byte	80
 736 02c7 08       		.byte	8
 737 02c8 54       		.byte	84
 738 02c9 18       		.byte	24
 739 02ca 56       		.byte	86
 740 02cb 04       		.byte	4
 741 02cc 58       		.byte	88
ARM GAS  C:\Users\Kyle\AppData\Local\Temp\ccAAnvPR.s 			page 14


 742 02cd 04       		.byte	4
 743 02ce 59       		.byte	89
 744 02cf 04       		.byte	4
 745 02d0 5A       		.byte	90
 746 02d1 04       		.byte	4
 747 02d2 5B       		.byte	91
 748 02d3 04       		.byte	4
 749 02d4 5D       		.byte	93
 750 02d5 10       		.byte	16
 751 02d6 5F       		.byte	95
 752 02d7 01       		.byte	1
 753 02d8 60       		.byte	96
 754 02d9 40       		.byte	64
 755 02da 61       		.byte	97
 756 02db A8       		.byte	-88
 757 02dc 62       		.byte	98
 758 02dd 40       		.byte	64
 759 02de 63       		.byte	99
 760 02df 20       		.byte	32
 761 02e0 82       		.byte	-126
 762 02e1 02       		.byte	2
 763 02e2 84       		.byte	-124
 764 02e3 B8       		.byte	-72
 765 02e4 86       		.byte	-122
 766 02e5 45       		.byte	69
 767 02e6 88       		.byte	-120
 768 02e7 56       		.byte	86
 769 02e8 89       		.byte	-119
 770 02e9 13       		.byte	19
 771 02ea 8A       		.byte	-118
 772 02eb A1       		.byte	-95
 773 02ec 8B       		.byte	-117
 774 02ed 0C       		.byte	12
 775 02ee 8D       		.byte	-115
 776 02ef 13       		.byte	19
 777 02f0 8F       		.byte	-113
 778 02f1 04       		.byte	4
 779 02f2 92       		.byte	-110
 780 02f3 46       		.byte	70
 781 02f4 95       		.byte	-107
 782 02f5 20       		.byte	32
 783 02f6 97       		.byte	-105
 784 02f7 05       		.byte	5
 785 02f8 99       		.byte	-103
 786 02f9 03       		.byte	3
 787 02fa 9B       		.byte	-101
 788 02fb 04       		.byte	4
 789 02fc 9C       		.byte	-100
 790 02fd B8       		.byte	-72
 791 02fe 9E       		.byte	-98
 792 02ff 43       		.byte	67
 793 0300 9F       		.byte	-97
 794 0301 08       		.byte	8
 795 0302 A1       		.byte	-95
 796 0303 40       		.byte	64
 797 0304 A6       		.byte	-90
 798 0305 80       		.byte	-128
ARM GAS  C:\Users\Kyle\AppData\Local\Temp\ccAAnvPR.s 			page 15


 799 0306 A9       		.byte	-87
 800 0307 0A       		.byte	10
 801 0308 AA       		.byte	-86
 802 0309 A9       		.byte	-87
 803 030a AB       		.byte	-85
 804 030b 14       		.byte	20
 805 030c B0       		.byte	-80
 806 030d 80       		.byte	-128
 807 030e B2       		.byte	-78
 808 030f 18       		.byte	24
 809 0310 B3       		.byte	-77
 810 0311 40       		.byte	64
 811 0312 B4       		.byte	-76
 812 0313 63       		.byte	99
 813 0314 B5       		.byte	-75
 814 0315 0F       		.byte	15
 815 0316 B6       		.byte	-74
 816 0317 07       		.byte	7
 817 0318 B7       		.byte	-73
 818 0319 30       		.byte	48
 819 031a B8       		.byte	-72
 820 031b 08       		.byte	8
 821 031c B9       		.byte	-71
 822 031d 80       		.byte	-128
 823 031e BA       		.byte	-70
 824 031f A0       		.byte	-96
 825 0320 BB       		.byte	-69
 826 0321 20       		.byte	32
 827 0322 BE       		.byte	-66
 828 0323 05       		.byte	5
 829 0324 BF       		.byte	-65
 830 0325 04       		.byte	4
 831 0326 C0       		.byte	-64
 832 0327 26       		.byte	38
 833 0328 C1       		.byte	-63
 834 0329 04       		.byte	4
 835 032a C5       		.byte	-59
 836 032b 0C       		.byte	12
 837 032c C6       		.byte	-58
 838 032d BE       		.byte	-66
 839 032e C8       		.byte	-56
 840 032f 0D       		.byte	13
 841 0330 C9       		.byte	-55
 842 0331 FF       		.byte	-1
 843 0332 CA       		.byte	-54
 844 0333 FF       		.byte	-1
 845 0334 CB       		.byte	-53
 846 0335 FF       		.byte	-1
 847 0336 CE       		.byte	-50
 848 0337 F0       		.byte	-16
 849 0338 CF       		.byte	-49
 850 0339 44       		.byte	68
 851 033a D0       		.byte	-48
 852 033b 0C       		.byte	12
 853 033c D4       		.byte	-44
 854 033d 01       		.byte	1
 855 033e D6       		.byte	-42
ARM GAS  C:\Users\Kyle\AppData\Local\Temp\ccAAnvPR.s 			page 16


 856 033f 04       		.byte	4
 857 0340 D8       		.byte	-40
 858 0341 04       		.byte	4
 859 0342 D9       		.byte	-39
 860 0343 04       		.byte	4
 861 0344 DA       		.byte	-38
 862 0345 04       		.byte	4
 863 0346 DB       		.byte	-37
 864 0347 04       		.byte	4
 865 0348 DC       		.byte	-36
 866 0349 11       		.byte	17
 867 034a DD       		.byte	-35
 868 034b 11       		.byte	17
 869 034c DF       		.byte	-33
 870 034d 01       		.byte	1
 871 034e E6       		.byte	-26
 872 034f C0       		.byte	-64
 873 0350 EA       		.byte	-22
 874 0351 40       		.byte	64
 875 0352 EB       		.byte	-21
 876 0353 02       		.byte	2
 877 0354 00       		.byte	0
 878 0355 08       		.byte	8
 879 0356 01       		.byte	1
 880 0357 32       		.byte	50
 881 0358 04       		.byte	4
 882 0359 26       		.byte	38
 883 035a 05       		.byte	5
 884 035b 40       		.byte	64
 885 035c 08       		.byte	8
 886 035d 80       		.byte	-128
 887 035e 0A       		.byte	10
 888 035f 82       		.byte	-126
 889 0360 0E       		.byte	14
 890 0361 20       		.byte	32
 891 0362 0F       		.byte	15
 892 0363 02       		.byte	2
 893 0364 10       		.byte	16
 894 0365 38       		.byte	56
 895 0366 16       		.byte	22
 896 0367 51       		.byte	81
 897 0368 17       		.byte	23
 898 0369 10       		.byte	16
 899 036a 19       		.byte	25
 900 036b 20       		.byte	32
 901 036c 1A       		.byte	26
 902 036d 42       		.byte	66
 903 036e 1B       		.byte	27
 904 036f 08       		.byte	8
 905 0370 1C       		.byte	28
 906 0371 04       		.byte	4
 907 0372 1D       		.byte	29
 908 0373 40       		.byte	64
 909 0374 1E       		.byte	30
 910 0375 08       		.byte	8
 911 0376 1F       		.byte	31
 912 0377 05       		.byte	5
ARM GAS  C:\Users\Kyle\AppData\Local\Temp\ccAAnvPR.s 			page 17


 913 0378 20       		.byte	32
 914 0379 08       		.byte	8
 915 037a 21       		.byte	33
 916 037b 10       		.byte	16
 917 037c 22       		.byte	34
 918 037d 54       		.byte	84
 919 037e 25       		.byte	37
 920 037f 01       		.byte	1
 921 0380 29       		.byte	41
 922 0381 21       		.byte	33
 923 0382 2B       		.byte	43
 924 0383 80       		.byte	-128
 925 0384 30       		.byte	48
 926 0385 28       		.byte	40
 927 0386 32       		.byte	50
 928 0387 40       		.byte	64
 929 0388 35       		.byte	53
 930 0389 10       		.byte	16
 931 038a 38       		.byte	56
 932 038b 40       		.byte	64
 933 038c 39       		.byte	57
 934 038d 20       		.byte	32
 935 038e 40       		.byte	64
 936 038f C0       		.byte	-64
 937 0390 41       		.byte	65
 938 0391 10       		.byte	16
 939 0392 47       		.byte	71
 940 0393 01       		.byte	1
 941 0394 48       		.byte	72
 942 0395 28       		.byte	40
 943 0396 52       		.byte	82
 944 0397 20       		.byte	32
 945 0398 53       		.byte	83
 946 0399 80       		.byte	-128
 947 039a 56       		.byte	86
 948 039b 41       		.byte	65
 949 039c 57       		.byte	87
 950 039d 02       		.byte	2
 951 039e 58       		.byte	88
 952 039f 10       		.byte	16
 953 03a0 59       		.byte	89
 954 03a1 01       		.byte	1
 955 03a2 5A       		.byte	90
 956 03a3 48       		.byte	72
 957 03a4 5E       		.byte	94
 958 03a5 02       		.byte	2
 959 03a6 63       		.byte	99
 960 03a7 80       		.byte	-128
 961 03a8 66       		.byte	102
 962 03a9 02       		.byte	2
 963 03aa 67       		.byte	103
 964 03ab 0A       		.byte	10
 965 03ac 83       		.byte	-125
 966 03ad 40       		.byte	64
 967 03ae 86       		.byte	-122
 968 03af 02       		.byte	2
 969 03b0 94       		.byte	-108
ARM GAS  C:\Users\Kyle\AppData\Local\Temp\ccAAnvPR.s 			page 18


 970 03b1 40       		.byte	64
 971 03b2 95       		.byte	-107
 972 03b3 10       		.byte	16
 973 03b4 96       		.byte	-106
 974 03b5 A0       		.byte	-96
 975 03b6 99       		.byte	-103
 976 03b7 12       		.byte	18
 977 03b8 9B       		.byte	-101
 978 03b9 11       		.byte	17
 979 03ba 9D       		.byte	-99
 980 03bb 40       		.byte	64
 981 03bc 9E       		.byte	-98
 982 03bd 40       		.byte	64
 983 03be A0       		.byte	-96
 984 03bf 08       		.byte	8
 985 03c0 A2       		.byte	-94
 986 03c1 10       		.byte	16
 987 03c2 A6       		.byte	-90
 988 03c3 24       		.byte	36
 989 03c4 A7       		.byte	-89
 990 03c5 0A       		.byte	10
 991 03c6 AA       		.byte	-86
 992 03c7 04       		.byte	4
 993 03c8 AB       		.byte	-85
 994 03c9 01       		.byte	1
 995 03ca B0       		.byte	-80
 996 03cb 80       		.byte	-128
 997 03cc B3       		.byte	-77
 998 03cd 10       		.byte	16
 999 03ce C0       		.byte	-64
 1000 03cf FE       		.byte	-2
 1001 03d0 C2       		.byte	-62
 1002 03d1 A9       		.byte	-87
 1003 03d2 C4       		.byte	-60
 1004 03d3 F6       		.byte	-10
 1005 03d4 CA       		.byte	-54
 1006 03d5 05       		.byte	5
 1007 03d6 CC       		.byte	-52
 1008 03d7 2E       		.byte	46
 1009 03d8 CE       		.byte	-50
 1010 03d9 0C       		.byte	12
 1011 03da D0       		.byte	-48
 1012 03db 85       		.byte	-123
 1013 03dc D2       		.byte	-46
 1014 03dd 04       		.byte	4
 1015 03de D6       		.byte	-42
 1016 03df 8F       		.byte	-113
 1017 03e0 D8       		.byte	-40
 1018 03e1 B1       		.byte	-79
 1019 03e2 04       		.byte	4
 1020 03e3 01       		.byte	1
 1021 03e4 06       		.byte	6
 1022 03e5 26       		.byte	38
 1023 03e6 0C       		.byte	12
 1024 03e7 0A       		.byte	10
 1025 03e8 0E       		.byte	14
 1026 03e9 51       		.byte	81
ARM GAS  C:\Users\Kyle\AppData\Local\Temp\ccAAnvPR.s 			page 19


 1027 03ea 1C       		.byte	28
 1028 03eb 14       		.byte	20
 1029 03ec 1E       		.byte	30
 1030 03ed 49       		.byte	73
 1031 03ee 1F       		.byte	31
 1032 03ef 01       		.byte	1
 1033 03f0 24       		.byte	36
 1034 03f1 9F       		.byte	-97
 1035 03f2 28       		.byte	40
 1036 03f3 9F       		.byte	-97
 1037 03f4 2C       		.byte	44
 1038 03f5 80       		.byte	-128
 1039 03f6 30       		.byte	48
 1040 03f7 18       		.byte	24
 1041 03f8 31       		.byte	49
 1042 03f9 01       		.byte	1
 1043 03fa 32       		.byte	50
 1044 03fb 07       		.byte	7
 1045 03fc 34       		.byte	52
 1046 03fd 60       		.byte	96
 1047 03fe 36       		.byte	54
 1048 03ff 80       		.byte	-128
 1049 0400 3E       		.byte	62
 1050 0401 10       		.byte	16
 1051 0402 56       		.byte	86
 1052 0403 08       		.byte	8
 1053 0404 58       		.byte	88
 1054 0405 04       		.byte	4
 1055 0406 59       		.byte	89
 1056 0407 04       		.byte	4
 1057 0408 5B       		.byte	91
 1058 0409 04       		.byte	4
 1059 040a 5C       		.byte	92
 1060 040b 11       		.byte	17
 1061 040c 5D       		.byte	93
 1062 040d 90       		.byte	-112
 1063 040e 5F       		.byte	95
 1064 040f 01       		.byte	1
 1065 0410 00       		.byte	0
 1066 0411 40       		.byte	64
 1067 0412 01       		.byte	1
 1068 0413 08       		.byte	8
 1069 0414 02       		.byte	2
 1070 0415 20       		.byte	32
 1071 0416 03       		.byte	3
 1072 0417 10       		.byte	16
 1073 0418 05       		.byte	5
 1074 0419 42       		.byte	66
 1075 041a 07       		.byte	7
 1076 041b 28       		.byte	40
 1077 041c 09       		.byte	9
 1078 041d 80       		.byte	-128
 1079 041e 0C       		.byte	12
 1080 041f 80       		.byte	-128
 1081 0420 0D       		.byte	13
 1082 0421 28       		.byte	40
 1083 0422 0E       		.byte	14
ARM GAS  C:\Users\Kyle\AppData\Local\Temp\ccAAnvPR.s 			page 20


 1084 0423 40       		.byte	64
 1085 0424 10       		.byte	16
 1086 0425 2A       		.byte	42
 1087 0426 15       		.byte	21
 1088 0427 42       		.byte	66
 1089 0428 17       		.byte	23
 1090 0429 14       		.byte	20
 1091 042a 18       		.byte	24
 1092 042b 40       		.byte	64
 1093 042c 19       		.byte	25
 1094 042d 0A       		.byte	10
 1095 042e 1B       		.byte	27
 1096 042f 50       		.byte	80
 1097 0430 1C       		.byte	28
 1098 0431 01       		.byte	1
 1099 0432 1D       		.byte	29
 1100 0433 28       		.byte	40
 1101 0434 1E       		.byte	30
 1102 0435 40       		.byte	64
 1103 0436 1F       		.byte	31
 1104 0437 28       		.byte	40
 1105 0438 21       		.byte	33
 1106 0439 01       		.byte	1
 1107 043a 24       		.byte	36
 1108 043b 22       		.byte	34
 1109 043c 25       		.byte	37
 1110 043d 04       		.byte	4
 1111 043e 26       		.byte	38
 1112 043f 11       		.byte	17
 1113 0440 2C       		.byte	44
 1114 0441 80       		.byte	-128
 1115 0442 2D       		.byte	45
 1116 0443 40       		.byte	64
 1117 0444 2F       		.byte	47
 1118 0445 28       		.byte	40
 1119 0446 31       		.byte	49
 1120 0447 80       		.byte	-128
 1121 0448 35       		.byte	53
 1122 0449 42       		.byte	66
 1123 044a 36       		.byte	54
 1124 044b 20       		.byte	32
 1125 044c 3C       		.byte	60
 1126 044d 01       		.byte	1
 1127 044e 3E       		.byte	62
 1128 044f 68       		.byte	104
 1129 0450 45       		.byte	69
 1130 0451 24       		.byte	36
 1131 0452 47       		.byte	71
 1132 0453 40       		.byte	64
 1133 0454 4D       		.byte	77
 1134 0455 40       		.byte	64
 1135 0456 4F       		.byte	79
 1136 0457 A0       		.byte	-96
 1137 0458 56       		.byte	86
 1138 0459 10       		.byte	16
 1139 045a 57       		.byte	87
 1140 045b 01       		.byte	1
ARM GAS  C:\Users\Kyle\AppData\Local\Temp\ccAAnvPR.s 			page 21


 1141 045c 5A       		.byte	90
 1142 045d 80       		.byte	-128
 1143 045e 5E       		.byte	94
 1144 045f 20       		.byte	32
 1145 0460 61       		.byte	97
 1146 0461 C0       		.byte	-64
 1147 0462 6C       		.byte	108
 1148 0463 2A       		.byte	42
 1149 0464 74       		.byte	116
 1150 0465 80       		.byte	-128
 1151 0466 76       		.byte	118
 1152 0467 28       		.byte	40
 1153 0468 77       		.byte	119
 1154 0469 28       		.byte	40
 1155 046a 80       		.byte	-128
 1156 046b 01       		.byte	1
 1157 046c 83       		.byte	-125
 1158 046d 4C       		.byte	76
 1159 046e 8E       		.byte	-114
 1160 046f 40       		.byte	64
 1161 0470 94       		.byte	-108
 1162 0471 22       		.byte	34
 1163 0472 9E       		.byte	-98
 1164 0473 10       		.byte	16
 1165 0474 A6       		.byte	-90
 1166 0475 01       		.byte	1
 1167 0476 A7       		.byte	-89
 1168 0477 01       		.byte	1
 1169 0478 B5       		.byte	-75
 1170 0479 01       		.byte	1
 1171 047a C0       		.byte	-64
 1172 047b F5       		.byte	-11
 1173 047c C2       		.byte	-62
 1174 047d F1       		.byte	-15
 1175 047e C4       		.byte	-60
 1176 047f F7       		.byte	-9
 1177 0480 CA       		.byte	-54
 1178 0481 F0       		.byte	-16
 1179 0482 CC       		.byte	-52
 1180 0483 B8       		.byte	-72
 1181 0484 CE       		.byte	-50
 1182 0485 F0       		.byte	-16
 1183 0486 D0       		.byte	-48
 1184 0487 70       		.byte	112
 1185 0488 D2       		.byte	-46
 1186 0489 30       		.byte	48
 1187 048a D6       		.byte	-42
 1188 048b 28       		.byte	40
 1189 048c D8       		.byte	-40
 1190 048d 08       		.byte	8
 1191 048e 32       		.byte	50
 1192 048f 02       		.byte	2
 1193 0490 33       		.byte	51
 1194 0491 80       		.byte	-128
 1195 0492 35       		.byte	53
 1196 0493 80       		.byte	-128
 1197 0494 37       		.byte	55
ARM GAS  C:\Users\Kyle\AppData\Local\Temp\ccAAnvPR.s 			page 22


 1198 0495 08       		.byte	8
 1199 0496 CC       		.byte	-52
 1200 0497 F0       		.byte	-16
 1201 0498 9D       		.byte	-99
 1202 0499 80       		.byte	-128
 1203 049a 9F       		.byte	-97
 1204 049b 08       		.byte	8
 1205 049c A6       		.byte	-90
 1206 049d 02       		.byte	2
 1207 049e A7       		.byte	-89
 1208 049f 80       		.byte	-128
 1209 04a0 9D       		.byte	-99
 1210 04a1 80       		.byte	-128
 1211 04a2 9F       		.byte	-97
 1212 04a3 08       		.byte	8
 1213 04a4 A6       		.byte	-90
 1214 04a5 02       		.byte	2
 1215 04a6 A7       		.byte	-89
 1216 04a7 80       		.byte	-128
 1217 04a8 86       		.byte	-122
 1218 04a9 02       		.byte	2
 1219 04aa 8F       		.byte	-113
 1220 04ab 08       		.byte	8
 1221 04ac 9D       		.byte	-99
 1222 04ad 80       		.byte	-128
 1223 04ae 9F       		.byte	-97
 1224 04af 08       		.byte	8
 1225 04b0 A6       		.byte	-90
 1226 04b1 02       		.byte	2
 1227 04b2 A7       		.byte	-89
 1228 04b3 80       		.byte	-128
 1229 04b4 E2       		.byte	-30
 1230 04b5 40       		.byte	64
 1231 04b6 86       		.byte	-122
 1232 04b7 02       		.byte	2
 1233 04b8 A6       		.byte	-90
 1234 04b9 20       		.byte	32
 1235 04ba B6       		.byte	-74
 1236 04bb 20       		.byte	32
 1237 04bc EA       		.byte	-22
 1238 04bd 08       		.byte	8
 1239 04be 81       		.byte	-127
 1240 04bf 80       		.byte	-128
 1241 04c0 87       		.byte	-121
 1242 04c1 80       		.byte	-128
 1243 04c2 9D       		.byte	-99
 1244 04c3 80       		.byte	-128
 1245 04c4 A7       		.byte	-89
 1246 04c5 80       		.byte	-128
 1247 04c6 E2       		.byte	-30
 1248 04c7 20       		.byte	32
 1249 04c8 E6       		.byte	-26
 1250 04c9 10       		.byte	16
 1251 04ca 0D       		.byte	13
 1252 04cb 80       		.byte	-128
 1253 04cc 66       		.byte	102
 1254 04cd 02       		.byte	2
ARM GAS  C:\Users\Kyle\AppData\Local\Temp\ccAAnvPR.s 			page 23


 1255 04ce 9A       		.byte	-102
 1256 04cf 02       		.byte	2
 1257 04d0 A6       		.byte	-90
 1258 04d1 20       		.byte	32
 1259 04d2 C2       		.byte	-62
 1260 04d3 01       		.byte	1
 1261 04d4 D8       		.byte	-40
 1262 04d5 01       		.byte	1
 1263 04d6 02       		.byte	2
 1264 04d7 20       		.byte	32
 1265 04d8 5C       		.byte	92
 1266 04d9 10       		.byte	16
 1267 04da 8D       		.byte	-115
 1268 04db 80       		.byte	-128
 1269 04dc 90       		.byte	-112
 1270 04dd 10       		.byte	16
 1271 04de A1       		.byte	-95
 1272 04df 80       		.byte	-128
 1273 04e0 A6       		.byte	-90
 1274 04e1 20       		.byte	32
 1275 04e2 B4       		.byte	-76
 1276 04e3 10       		.byte	16
 1277 04e4 C0       		.byte	-64
 1278 04e5 08       		.byte	8
 1279 04e6 D6       		.byte	-42
 1280 04e7 04       		.byte	4
 1281 04e8 E2       		.byte	-30
 1282 04e9 08       		.byte	8
 1283 04ea E8       		.byte	-24
 1284 04eb 08       		.byte	8
 1285 04ec 00       		.byte	0
 1286 04ed 03       		.byte	3
 1287 04ee 01       		.byte	1
 1288 04ef 01       		.byte	1
 1289 04f0 0C       		.byte	12
 1290 04f1 03       		.byte	3
 1291 04f2 0D       		.byte	13
 1292 04f3 01       		.byte	1
 1293 04f4 10       		.byte	16
 1294 04f5 03       		.byte	3
 1295 04f6 11       		.byte	17
 1296 04f7 01       		.byte	1
 1297 04f8 1C       		.byte	28
 1298 04f9 03       		.byte	3
 1299 04fa 1D       		.byte	29
 1300 04fb 01       		.byte	1
 1301 04fc 00       		.byte	0
 1302 04fd FF       		.byte	-1
 1303 04fe 00       		.byte	0
 1304 04ff 00       		.byte	0
 1305 0500 F3       		.byte	-13
 1306 0501 20       		.byte	32
 1307 0502 0C       		.byte	12
 1308 0503 00       		.byte	0
 1309 0504 4C       		.byte	76
 1310 0505 30       		.byte	48
 1311 0506 A3       		.byte	-93
ARM GAS  C:\Users\Kyle\AppData\Local\Temp\ccAAnvPR.s 			page 24


 1312 0507 00       		.byte	0
 1313 0508 00       		.byte	0
 1314 0509 10       		.byte	16
 1315 050a 40       		.byte	64
 1316 050b 00       		.byte	0
 1317 050c 00       		.byte	0
 1318 050d 02       		.byte	2
 1319 050e B3       		.byte	-77
 1320 050f 00       		.byte	0
 1321 0510 FF       		.byte	-1
 1322 0511 7F       		.byte	127
 1323 0512 00       		.byte	0
 1324 0513 00       		.byte	0
 1325 0514 4F       		.byte	79
 1326 0515 70       		.byte	112
 1327 0516 90       		.byte	-112
 1328 0517 0F       		.byte	15
 1329 0518 01       		.byte	1
 1330 0519 01       		.byte	1
 1331 051a 00       		.byte	0
 1332 051b 00       		.byte	0
 1333 051c 42       		.byte	66
 1334 051d 00       		.byte	0
 1335 051e 00       		.byte	0
 1336 051f 0B       		.byte	11
 1337 0520 08       		.byte	8
 1338 0521 4F       		.byte	79
 1339 0522 00       		.byte	0
 1340 0523 30       		.byte	48
 1341 0524 04       		.byte	4
 1342 0525 00       		.byte	0
 1343 0526 00       		.byte	0
 1344 0527 00       		.byte	0
 1345 0528 0C       		.byte	12
 1346 0529 78       		.byte	120
 1347 052a 00       		.byte	0
 1348 052b 07       		.byte	7
 1349 052c 03       		.byte	3
 1350 052d 03       		.byte	3
 1351 052e 00       		.byte	0
 1352 052f 00       		.byte	0
 1353 0530 0F       		.byte	15
 1354 0531 03       		.byte	3
 1355 0532 8C       		.byte	-116
 1356 0533 40       		.byte	64
 1357 0534 7C       		.byte	124
 1358 0535 38       		.byte	56
 1359 0536 00       		.byte	0
 1360 0537 04       		.byte	4
 1361 0538 00       		.byte	0
 1362 0539 80       		.byte	-128
 1363 053a 2A       		.byte	42
 1364 053b 00       		.byte	0
 1365 053c 00       		.byte	0
 1366 053d 00       		.byte	0
 1367 053e 00       		.byte	0
 1368 053f 04       		.byte	4
ARM GAS  C:\Users\Kyle\AppData\Local\Temp\ccAAnvPR.s 			page 25


 1369 0540 64       		.byte	100
 1370 0541 05       		.byte	5
 1371 0542 02       		.byte	2
 1372 0543 00       		.byte	0
 1373 0544 03       		.byte	3
 1374 0545 00       		.byte	0
 1375 0546 EC       		.byte	-20
 1376 0547 00       		.byte	0
 1377 0548 0C       		.byte	12
 1378 0549 FF       		.byte	-1
 1379 054a FF       		.byte	-1
 1380 054b FF       		.byte	-1
 1381 054c 62       		.byte	98
 1382 054d A0       		.byte	-96
 1383 054e F0       		.byte	-16
 1384 054f 41       		.byte	65
 1385 0550 0C       		.byte	12
 1386 0551 00       		.byte	0
 1387 0552 00       		.byte	0
 1388 0553 00       		.byte	0
 1389 0554 00       		.byte	0
 1390 0555 00       		.byte	0
 1391 0556 02       		.byte	2
 1392 0557 12       		.byte	18
 1393 0558 04       		.byte	4
 1394 0559 04       		.byte	4
 1395 055a 04       		.byte	4
 1396 055b 04       		.byte	4
 1397 055c 00       		.byte	0
 1398 055d 00       		.byte	0
 1399 055e 00       		.byte	0
 1400 055f 01       		.byte	1
 1401 0560 00       		.byte	0
 1402 0561 00       		.byte	0
 1403 0562 00       		.byte	0
 1404 0563 00       		.byte	0
 1405 0564 00       		.byte	0
 1406 0565 00       		.byte	0
 1407 0566 40       		.byte	64
 1408 0567 02       		.byte	2
 1409 0568 00       		.byte	0
 1410 0569 10       		.byte	16
 1411 056a 30       		.byte	48
 1412 056b 10       		.byte	16
 1413 056c 00       		.byte	0
 1414 056d 10       		.byte	16
 1415 056e 10       		.byte	16
 1416 056f 12       		.byte	18
 1417 0570 00       		.byte	0
 1418 0571 00       		.byte	0
 1419 0572 00       		.byte	0
 1420 0573 00       		.byte	0
 1421 0574 00       		.byte	0
 1422 0575 00       		.byte	0
 1423 0576 00       		.byte	0
 1424 0577 00       		.byte	0
 1425 0578 00       		.byte	0
ARM GAS  C:\Users\Kyle\AppData\Local\Temp\ccAAnvPR.s 			page 26


 1426 0579 00       		.byte	0
 1427 057a 00       		.byte	0
 1428 057b 00       		.byte	0
 1429 057c 00       		.byte	0
 1430 057d 00       		.byte	0
 1431 057e 00       		.byte	0
 1432 057f 00       		.byte	0
 1433 0580 01       		.byte	1
 1434 0581 78       		.byte	120
 1435 0582 00       		.byte	0
 1436 0583 07       		.byte	7
 1437 0584 0C       		.byte	12
 1438 0585 10       		.byte	16
 1439 0586 00       		.byte	0
 1440 0587 00       		.byte	0
 1441 0588 04       		.byte	4
 1442 0589 30       		.byte	48
 1443 058a 00       		.byte	0
 1444 058b 00       		.byte	0
 1445 058c 42       		.byte	66
 1446 058d 70       		.byte	112
 1447 058e 00       		.byte	0
 1448 058f 0F       		.byte	15
 1449 0590 4F       		.byte	79
 1450 0591 01       		.byte	1
 1451 0592 90       		.byte	-112
 1452 0593 00       		.byte	0
 1453 0594 FF       		.byte	-1
 1454 0595 00       		.byte	0
 1455 0596 00       		.byte	0
 1456 0597 00       		.byte	0
 1457 0598 F3       		.byte	-13
 1458 0599 03       		.byte	3
 1459 059a 0C       		.byte	12
 1460 059b 00       		.byte	0
 1461 059c 08       		.byte	8
 1462 059d 02       		.byte	2
 1463 059e 00       		.byte	0
 1464 059f 00       		.byte	0
 1465 05a0 00       		.byte	0
 1466 05a1 20       		.byte	32
 1467 05a2 40       		.byte	64
 1468 05a3 00       		.byte	0
 1469 05a4 4C       		.byte	76
 1470 05a5 4F       		.byte	79
 1471 05a6 A3       		.byte	-93
 1472 05a7 30       		.byte	48
 1473 05a8 03       		.byte	3
 1474 05a9 7F       		.byte	127
 1475 05aa 00       		.byte	0
 1476 05ab 00       		.byte	0
 1477 05ac 00       		.byte	0
 1478 05ad 00       		.byte	0
 1479 05ae B3       		.byte	-77
 1480 05af 0B       		.byte	11
 1481 05b0 8C       		.byte	-116
 1482 05b1 03       		.byte	3
ARM GAS  C:\Users\Kyle\AppData\Local\Temp\ccAAnvPR.s 			page 27


 1483 05b2 00       		.byte	0
 1484 05b3 38       		.byte	56
 1485 05b4 0F       		.byte	15
 1486 05b5 40       		.byte	64
 1487 05b6 7C       		.byte	124
 1488 05b7 04       		.byte	4
 1489 05b8 00       		.byte	0
 1490 05b9 80       		.byte	-128
 1491 05ba AA       		.byte	-86
 1492 05bb 00       		.byte	0
 1493 05bc 00       		.byte	0
 1494 05bd 00       		.byte	0
 1495 05be 00       		.byte	0
 1496 05bf 10       		.byte	16
 1497 05c0 25       		.byte	37
 1498 05c1 01       		.byte	1
 1499 05c2 03       		.byte	3
 1500 05c3 00       		.byte	0
 1501 05c4 06       		.byte	6
 1502 05c5 00       		.byte	0
 1503 05c6 E0       		.byte	-32
 1504 05c7 C0       		.byte	-64
 1505 05c8 28       		.byte	40
 1506 05c9 FF       		.byte	-1
 1507 05ca FF       		.byte	-1
 1508 05cb FF       		.byte	-1
 1509 05cc 62       		.byte	98
 1510 05cd A0       		.byte	-96
 1511 05ce F0       		.byte	-16
 1512 05cf 41       		.byte	65
 1513 05d0 0C       		.byte	12
 1514 05d1 00       		.byte	0
 1515 05d2 00       		.byte	0
 1516 05d3 00       		.byte	0
 1517 05d4 00       		.byte	0
 1518 05d5 00       		.byte	0
 1519 05d6 02       		.byte	2
 1520 05d7 11       		.byte	17
 1521 05d8 04       		.byte	4
 1522 05d9 04       		.byte	4
 1523 05da 04       		.byte	4
 1524 05db 04       		.byte	4
 1525 05dc 11       		.byte	17
 1526 05dd 11       		.byte	17
 1527 05de 00       		.byte	0
 1528 05df 01       		.byte	1
 1529 05e0 00       		.byte	0
 1530 05e1 00       		.byte	0
 1531 05e2 00       		.byte	0
 1532 05e3 00       		.byte	0
 1533 05e4 00       		.byte	0
 1534 05e5 00       		.byte	0
 1535 05e6 40       		.byte	64
 1536 05e7 02       		.byte	2
 1537 05e8 00       		.byte	0
 1538 05e9 10       		.byte	16
 1539 05ea 30       		.byte	48
ARM GAS  C:\Users\Kyle\AppData\Local\Temp\ccAAnvPR.s 			page 28


 1540 05eb 10       		.byte	16
 1541 05ec 00       		.byte	0
 1542 05ed 10       		.byte	16
 1543 05ee 10       		.byte	16
 1544 05ef 12       		.byte	18
 1545 05f0 00       		.byte	0
 1546 05f1 00       		.byte	0
 1547 05f2 00       		.byte	0
 1548 05f3 00       		.byte	0
 1549 05f4 00       		.byte	0
 1550 05f5 00       		.byte	0
 1551 05f6 00       		.byte	0
 1552 05f7 00       		.byte	0
 1553 05f8 00       		.byte	0
 1554 05f9 00       		.byte	0
 1555 05fa 00       		.byte	0
 1556 05fb 00       		.byte	0
 1557 05fc 00       		.byte	0
 1558 05fd 00       		.byte	0
 1559 05fe 00       		.byte	0
 1560 05ff 00       		.byte	0
 1561 0600 FF       		.byte	-1
 1562 0601 00       		.byte	0
 1563 0602 00       		.byte	0
 1564 0603 00       		.byte	0
 1565 0604 00       		.byte	0
 1566 0605 00       		.byte	0
 1567 0606 00       		.byte	0
 1568 0607 00       		.byte	0
 1569 0608 07       		.byte	7
 1570 0609 08       		.byte	8
 1571 060a 08       		.byte	8
 1572 060b 00       		.byte	0
 1573 060c 00       		.byte	0
 1574 060d 00       		.byte	0
 1575 060e 00       		.byte	0
 1576 060f 00       		.byte	0
 1577 0610 40       		.byte	64
 1578 0611 00       		.byte	0
 1579 0612 80       		.byte	-128
 1580 0613 40       		.byte	64
 1581 0614 40       		.byte	64
 1582 0615 00       		.byte	0
 1583 0616 40       		.byte	64
 1584 0617 00       		.byte	0
 1585 0618 00       		.byte	0
 1586 0619 00       		.byte	0
 1587 061a 00       		.byte	0
 1588 061b 00       		.byte	0
 1589 061c 00       		.byte	0
 1590 061d 7F       		.byte	127
 1591 061e 7F       		.byte	127
 1592 061f 00       		.byte	0
 1593 0620 00       		.byte	0
 1594 0621 00       		.byte	0
 1595 0622 00       		.byte	0
 1596 0623 00       		.byte	0
ARM GAS  C:\Users\Kyle\AppData\Local\Temp\ccAAnvPR.s 			page 29


 1597 0624 00       		.byte	0
 1598 0625 FF       		.byte	-1
 1599 0626 FF       		.byte	-1
 1600 0627 00       		.byte	0
 1601 0628 00       		.byte	0
 1602 0629 00       		.byte	0
 1603 062a 00       		.byte	0
 1604 062b 00       		.byte	0
 1605 062c 0F       		.byte	15
 1606 062d 00       		.byte	0
 1607 062e 00       		.byte	0
 1608 062f 00       		.byte	0
 1609 0630 00       		.byte	0
 1610 0631 00       		.byte	0
 1611 0632 00       		.byte	0
 1612 0633 00       		.byte	0
 1613 0634 02       		.byte	2
 1614 0635 00       		.byte	0
 1615 0636 05       		.byte	5
 1616 0637 02       		.byte	2
 1617 0638 02       		.byte	2
 1618 0639 00       		.byte	0
 1619 063a 02       		.byte	2
 1620 063b 00       		.byte	0
 1621 063c 00       		.byte	0
 1622 063d 00       		.byte	0
 1623 063e 00       		.byte	0
 1624 063f 00       		.byte	0
 1625 0640 C0       		.byte	-64
 1626 0641 FF       		.byte	-1
 1627 0642 3F       		.byte	63
 1628 0643 00       		.byte	0
 1629 0644 00       		.byte	0
 1630 0645 00       		.byte	0
 1631 0646 00       		.byte	0
 1632 0647 00       		.byte	0
 1633              		.section	.cyloadablemeta,"a",%progbits
 1634              		.align	2
 1635              		.type	cy_meta_loadable, %object
 1636              		.size	cy_meta_loadable, 64
 1637              	cy_meta_loadable:
 1638 0000 00000000 		.space	64
 1638      00000000 
 1638      00000000 
 1638      00000000 
 1638      00000000 
 1639              		.text
 1640              	.Letext0:
 1641              		.file 1 ".\\Generated_Source\\PSoC5\\cymetadata.c"
 1642              		.file 2 ".\\Generated_Source\\PSoC5\\cytypes.h"
 1643              		.section	.debug_info,"",%progbits
 1644              	.Ldebug_info0:
 1645 0000 D4000000 		.4byte	0xd4
 1646 0004 0400     		.2byte	0x4
 1647 0006 00000000 		.4byte	.Ldebug_abbrev0
 1648 000a 04       		.byte	0x4
 1649 000b 01       		.uleb128 0x1
ARM GAS  C:\Users\Kyle\AppData\Local\Temp\ccAAnvPR.s 			page 30


 1650 000c 2F010000 		.4byte	.LASF15
 1651 0010 01       		.byte	0x1
 1652 0011 56000000 		.4byte	.LASF16
 1653 0015 00000000 		.4byte	.LASF17
 1654 0019 00000000 		.4byte	.Ldebug_line0
 1655 001d 02       		.uleb128 0x2
 1656 001e 01       		.byte	0x1
 1657 001f 06       		.byte	0x6
 1658 0020 D1010000 		.4byte	.LASF0
 1659 0024 02       		.uleb128 0x2
 1660 0025 01       		.byte	0x1
 1661 0026 08       		.byte	0x8
 1662 0027 82000000 		.4byte	.LASF1
 1663 002b 02       		.uleb128 0x2
 1664 002c 02       		.byte	0x2
 1665 002d 05       		.byte	0x5
 1666 002e 1F010000 		.4byte	.LASF2
 1667 0032 02       		.uleb128 0x2
 1668 0033 02       		.byte	0x2
 1669 0034 07       		.byte	0x7
 1670 0035 A2000000 		.4byte	.LASF3
 1671 0039 02       		.uleb128 0x2
 1672 003a 04       		.byte	0x4
 1673 003b 05       		.byte	0x5
 1674 003c C8010000 		.4byte	.LASF4
 1675 0040 02       		.uleb128 0x2
 1676 0041 04       		.byte	0x4
 1677 0042 07       		.byte	0x7
 1678 0043 90000000 		.4byte	.LASF5
 1679 0047 02       		.uleb128 0x2
 1680 0048 08       		.byte	0x8
 1681 0049 05       		.byte	0x5
 1682 004a 0C010000 		.4byte	.LASF6
 1683 004e 02       		.uleb128 0x2
 1684 004f 08       		.byte	0x8
 1685 0050 07       		.byte	0x7
 1686 0051 DB000000 		.4byte	.LASF7
 1687 0055 03       		.uleb128 0x3
 1688 0056 04       		.byte	0x4
 1689 0057 05       		.byte	0x5
 1690 0058 696E7400 		.ascii	"int\000"
 1691 005c 02       		.uleb128 0x2
 1692 005d 04       		.byte	0x4
 1693 005e 07       		.byte	0x7
 1694 005f CE000000 		.4byte	.LASF8
 1695 0063 04       		.uleb128 0x4
 1696 0064 29010000 		.4byte	.LASF18
 1697 0068 02       		.byte	0x2
 1698 0069 C2       		.byte	0xc2
 1699 006a 24000000 		.4byte	0x24
 1700 006e 02       		.uleb128 0x2
 1701 006f 04       		.byte	0x4
 1702 0070 04       		.byte	0x4
 1703 0071 7C000000 		.4byte	.LASF9
 1704 0075 02       		.uleb128 0x2
 1705 0076 08       		.byte	0x8
 1706 0077 04       		.byte	0x4
ARM GAS  C:\Users\Kyle\AppData\Local\Temp\ccAAnvPR.s 			page 31


 1707 0078 B5000000 		.4byte	.LASF10
 1708 007c 02       		.uleb128 0x2
 1709 007d 01       		.byte	0x1
 1710 007e 08       		.byte	0x8
 1711 007f 1A010000 		.4byte	.LASF11
 1712 0083 05       		.uleb128 0x5
 1713 0084 63000000 		.4byte	0x63
 1714 0088 93000000 		.4byte	0x93
 1715 008c 06       		.uleb128 0x6
 1716 008d 93000000 		.4byte	0x93
 1717 0091 3F       		.byte	0x3f
 1718 0092 00       		.byte	0
 1719 0093 02       		.uleb128 0x2
 1720 0094 04       		.byte	0x4
 1721 0095 07       		.byte	0x7
 1722 0096 03010000 		.4byte	.LASF12
 1723 009a 07       		.uleb128 0x7
 1724 009b F2000000 		.4byte	.LASF13
 1725 009f 01       		.byte	0x1
 1726 00a0 1F       		.byte	0x1f
 1727 00a1 AB000000 		.4byte	0xab
 1728 00a5 05       		.uleb128 0x5
 1729 00a6 03       		.byte	0x3
 1730 00a7 00000000 		.4byte	cy_meta_loadable
 1731 00ab 08       		.uleb128 0x8
 1732 00ac 83000000 		.4byte	0x83
 1733 00b0 05       		.uleb128 0x5
 1734 00b1 63000000 		.4byte	0x63
 1735 00b5 C1000000 		.4byte	0xc1
 1736 00b9 09       		.uleb128 0x9
 1737 00ba 93000000 		.4byte	0x93
 1738 00be 4706     		.2byte	0x647
 1739 00c0 00       		.byte	0
 1740 00c1 07       		.uleb128 0x7
 1741 00c2 BC000000 		.4byte	.LASF14
 1742 00c6 01       		.byte	0x1
 1743 00c7 34       		.byte	0x34
 1744 00c8 D2000000 		.4byte	0xd2
 1745 00cc 05       		.uleb128 0x5
 1746 00cd 03       		.byte	0x3
 1747 00ce 00000000 		.4byte	cy_meta_configecc
 1748 00d2 08       		.uleb128 0x8
 1749 00d3 B0000000 		.4byte	0xb0
 1750 00d7 00       		.byte	0
 1751              		.section	.debug_abbrev,"",%progbits
 1752              	.Ldebug_abbrev0:
 1753 0000 01       		.uleb128 0x1
 1754 0001 11       		.uleb128 0x11
 1755 0002 01       		.byte	0x1
 1756 0003 25       		.uleb128 0x25
 1757 0004 0E       		.uleb128 0xe
 1758 0005 13       		.uleb128 0x13
 1759 0006 0B       		.uleb128 0xb
 1760 0007 03       		.uleb128 0x3
 1761 0008 0E       		.uleb128 0xe
 1762 0009 1B       		.uleb128 0x1b
 1763 000a 0E       		.uleb128 0xe
ARM GAS  C:\Users\Kyle\AppData\Local\Temp\ccAAnvPR.s 			page 32


 1764 000b 10       		.uleb128 0x10
 1765 000c 17       		.uleb128 0x17
 1766 000d 00       		.byte	0
 1767 000e 00       		.byte	0
 1768 000f 02       		.uleb128 0x2
 1769 0010 24       		.uleb128 0x24
 1770 0011 00       		.byte	0
 1771 0012 0B       		.uleb128 0xb
 1772 0013 0B       		.uleb128 0xb
 1773 0014 3E       		.uleb128 0x3e
 1774 0015 0B       		.uleb128 0xb
 1775 0016 03       		.uleb128 0x3
 1776 0017 0E       		.uleb128 0xe
 1777 0018 00       		.byte	0
 1778 0019 00       		.byte	0
 1779 001a 03       		.uleb128 0x3
 1780 001b 24       		.uleb128 0x24
 1781 001c 00       		.byte	0
 1782 001d 0B       		.uleb128 0xb
 1783 001e 0B       		.uleb128 0xb
 1784 001f 3E       		.uleb128 0x3e
 1785 0020 0B       		.uleb128 0xb
 1786 0021 03       		.uleb128 0x3
 1787 0022 08       		.uleb128 0x8
 1788 0023 00       		.byte	0
 1789 0024 00       		.byte	0
 1790 0025 04       		.uleb128 0x4
 1791 0026 16       		.uleb128 0x16
 1792 0027 00       		.byte	0
 1793 0028 03       		.uleb128 0x3
 1794 0029 0E       		.uleb128 0xe
 1795 002a 3A       		.uleb128 0x3a
 1796 002b 0B       		.uleb128 0xb
 1797 002c 3B       		.uleb128 0x3b
 1798 002d 0B       		.uleb128 0xb
 1799 002e 49       		.uleb128 0x49
 1800 002f 13       		.uleb128 0x13
 1801 0030 00       		.byte	0
 1802 0031 00       		.byte	0
 1803 0032 05       		.uleb128 0x5
 1804 0033 01       		.uleb128 0x1
 1805 0034 01       		.byte	0x1
 1806 0035 49       		.uleb128 0x49
 1807 0036 13       		.uleb128 0x13
 1808 0037 01       		.uleb128 0x1
 1809 0038 13       		.uleb128 0x13
 1810 0039 00       		.byte	0
 1811 003a 00       		.byte	0
 1812 003b 06       		.uleb128 0x6
 1813 003c 21       		.uleb128 0x21
 1814 003d 00       		.byte	0
 1815 003e 49       		.uleb128 0x49
 1816 003f 13       		.uleb128 0x13
 1817 0040 2F       		.uleb128 0x2f
 1818 0041 0B       		.uleb128 0xb
 1819 0042 00       		.byte	0
 1820 0043 00       		.byte	0
ARM GAS  C:\Users\Kyle\AppData\Local\Temp\ccAAnvPR.s 			page 33


 1821 0044 07       		.uleb128 0x7
 1822 0045 34       		.uleb128 0x34
 1823 0046 00       		.byte	0
 1824 0047 03       		.uleb128 0x3
 1825 0048 0E       		.uleb128 0xe
 1826 0049 3A       		.uleb128 0x3a
 1827 004a 0B       		.uleb128 0xb
 1828 004b 3B       		.uleb128 0x3b
 1829 004c 0B       		.uleb128 0xb
 1830 004d 49       		.uleb128 0x49
 1831 004e 13       		.uleb128 0x13
 1832 004f 3F       		.uleb128 0x3f
 1833 0050 19       		.uleb128 0x19
 1834 0051 02       		.uleb128 0x2
 1835 0052 18       		.uleb128 0x18
 1836 0053 00       		.byte	0
 1837 0054 00       		.byte	0
 1838 0055 08       		.uleb128 0x8
 1839 0056 26       		.uleb128 0x26
 1840 0057 00       		.byte	0
 1841 0058 49       		.uleb128 0x49
 1842 0059 13       		.uleb128 0x13
 1843 005a 00       		.byte	0
 1844 005b 00       		.byte	0
 1845 005c 09       		.uleb128 0x9
 1846 005d 21       		.uleb128 0x21
 1847 005e 00       		.byte	0
 1848 005f 49       		.uleb128 0x49
 1849 0060 13       		.uleb128 0x13
 1850 0061 2F       		.uleb128 0x2f
 1851 0062 05       		.uleb128 0x5
 1852 0063 00       		.byte	0
 1853 0064 00       		.byte	0
 1854 0065 00       		.byte	0
 1855              		.section	.debug_aranges,"",%progbits
 1856 0000 14000000 		.4byte	0x14
 1857 0004 0200     		.2byte	0x2
 1858 0006 00000000 		.4byte	.Ldebug_info0
 1859 000a 04       		.byte	0x4
 1860 000b 00       		.byte	0
 1861 000c 0000     		.2byte	0
 1862 000e 0000     		.2byte	0
 1863 0010 00000000 		.4byte	0
 1864 0014 00000000 		.4byte	0
 1865              		.section	.debug_line,"",%progbits
 1866              	.Ldebug_line0:
 1867 0000 4F000000 		.section	.debug_str,"MS",%progbits,1
 1867      02004900 
 1867      00000201 
 1867      FB0E0D00 
 1867      01010101 
 1868              	.LASF17:
 1869 0000 433A5C55 		.ascii	"C:\\Users\\Kyle\\Downloads\\classes\\Senior_Design\\"
 1869      73657273 
 1869      5C4B796C 
 1869      655C446F 
 1869      776E6C6F 
ARM GAS  C:\Users\Kyle\AppData\Local\Temp\ccAAnvPR.s 			page 34


 1870 002e 57694669 		.ascii	"WiFiChessBoard\\Micro\\Bootloadable.cydsn\000"
 1870      43686573 
 1870      73426F61 
 1870      72645C4D 
 1870      6963726F 
 1871              	.LASF16:
 1872 0056 2E5C4765 		.ascii	".\\Generated_Source\\PSoC5\\cymetadata.c\000"
 1872      6E657261 
 1872      7465645F 
 1872      536F7572 
 1872      63655C50 
 1873              	.LASF9:
 1874 007c 666C6F61 		.ascii	"float\000"
 1874      7400
 1875              	.LASF1:
 1876 0082 756E7369 		.ascii	"unsigned char\000"
 1876      676E6564 
 1876      20636861 
 1876      7200
 1877              	.LASF5:
 1878 0090 6C6F6E67 		.ascii	"long unsigned int\000"
 1878      20756E73 
 1878      69676E65 
 1878      6420696E 
 1878      7400
 1879              	.LASF3:
 1880 00a2 73686F72 		.ascii	"short unsigned int\000"
 1880      7420756E 
 1880      7369676E 
 1880      65642069 
 1880      6E7400
 1881              	.LASF10:
 1882 00b5 646F7562 		.ascii	"double\000"
 1882      6C6500
 1883              	.LASF14:
 1884 00bc 63795F6D 		.ascii	"cy_meta_configecc\000"
 1884      6574615F 
 1884      636F6E66 
 1884      69676563 
 1884      6300
 1885              	.LASF8:
 1886 00ce 756E7369 		.ascii	"unsigned int\000"
 1886      676E6564 
 1886      20696E74 
 1886      00
 1887              	.LASF7:
 1888 00db 6C6F6E67 		.ascii	"long long unsigned int\000"
 1888      206C6F6E 
 1888      6720756E 
 1888      7369676E 
 1888      65642069 
 1889              	.LASF13:
 1890 00f2 63795F6D 		.ascii	"cy_meta_loadable\000"
 1890      6574615F 
 1890      6C6F6164 
 1890      61626C65 
 1890      00
ARM GAS  C:\Users\Kyle\AppData\Local\Temp\ccAAnvPR.s 			page 35


 1891              	.LASF12:
 1892 0103 73697A65 		.ascii	"sizetype\000"
 1892      74797065 
 1892      00
 1893              	.LASF6:
 1894 010c 6C6F6E67 		.ascii	"long long int\000"
 1894      206C6F6E 
 1894      6720696E 
 1894      7400
 1895              	.LASF11:
 1896 011a 63686172 		.ascii	"char\000"
 1896      00
 1897              	.LASF2:
 1898 011f 73686F72 		.ascii	"short int\000"
 1898      7420696E 
 1898      7400
 1899              	.LASF18:
 1900 0129 75696E74 		.ascii	"uint8\000"
 1900      3800
 1901              	.LASF15:
 1902 012f 474E5520 		.ascii	"GNU C 4.9.3 20150303 (release) [ARM/embedded-4_9-br"
 1902      4320342E 
 1902      392E3320 
 1902      32303135 
 1902      30333033 
 1903 0162 616E6368 		.ascii	"anch revision 221220] -mcpu=cortex-m3 -mthumb -g -O"
 1903      20726576 
 1903      6973696F 
 1903      6E203232 
 1903      31323230 
 1904 0195 67202D73 		.ascii	"g -std=gnu99 -ffunction-sections -ffat-lto-objects\000"
 1904      74643D67 
 1904      6E753939 
 1904      202D6666 
 1904      756E6374 
 1905              	.LASF4:
 1906 01c8 6C6F6E67 		.ascii	"long int\000"
 1906      20696E74 
 1906      00
 1907              	.LASF0:
 1908 01d1 7369676E 		.ascii	"signed char\000"
 1908      65642063 
 1908      68617200 
 1909              		.ident	"GCC: (GNU Tools for ARM Embedded Processors) 4.9.3 20150303 (release) [ARM/embedded-4_9-br
