ARM GAS  C:\Users\Mark\AppData\Local\Temp\cc9rG8rD.s 			page 1


   1              		.syntax unified
   2              		.cpu cortex-m3
   3              		.fpu softvfp
   4              		.eabi_attribute 20, 1
   5              		.eabi_attribute 21, 1
   6              		.eabi_attribute 23, 3
   7              		.eabi_attribute 24, 1
   8              		.eabi_attribute 25, 1
   9              		.eabi_attribute 26, 1
  10              		.eabi_attribute 30, 1
  11              		.eabi_attribute 34, 1
  12              		.eabi_attribute 18, 4
  13              		.thumb
  14              		.file	"espwifi.c"
  15              		.text
  16              	.Ltext0:
  17              		.cfi_sections	.debug_frame
  18              		.section	.text.esp_helper,"ax",%progbits
  19              		.align	2
  20              		.global	esp_helper
  21              		.thumb
  22              		.thumb_func
  23              		.type	esp_helper, %function
  24              	esp_helper:
  25              	.LFB64:
  26              		.file 1 ".\\espwifi.c"
   1:.\espwifi.c   **** /* ========================================
   2:.\espwifi.c   ****  *
   3:.\espwifi.c   ****  * Copyright YOUR COMPANY, THE YEAR
   4:.\espwifi.c   ****  * All Rights Reserved
   5:.\espwifi.c   ****  * UNPUBLISHED, LICENSED SOFTWARE.
   6:.\espwifi.c   ****  *
   7:.\espwifi.c   ****  * CONFIDENTIAL AND PROPRIETARY INFORMATION
   8:.\espwifi.c   ****  * WHICH IS THE PROPERTY OF your company.
   9:.\espwifi.c   ****  *
  10:.\espwifi.c   ****  * ========================================
  11:.\espwifi.c   **** */
  12:.\espwifi.c   **** #include "espwifi.h"
  13:.\espwifi.c   **** 
  14:.\espwifi.c   **** 
  15:.\espwifi.c   **** static char blank[9] = "";
  16:.\espwifi.c   **** 
  17:.\espwifi.c   ****     char* esp_transmit(char* msg, char* numBytes) {
  18:.\espwifi.c   ****         char* temp;
  19:.\espwifi.c   ****         Esp_UART_PutString("AT+CIPSTART=\"TCP\",\"192.168.173.1\",666\r\n");
  20:.\espwifi.c   ****         temp = esp_helper(1000);
  21:.\espwifi.c   ****         if (strcmp(temp, "") != 0) return temp;
  22:.\espwifi.c   ****         Esp_UART_PutString("AT+CIPSEND=");
  23:.\espwifi.c   ****         temp = esp_helper(100);
  24:.\espwifi.c   ****         if (strcmp(temp, "") != 0) return temp;
  25:.\espwifi.c   ****         Esp_UART_PutString(numBytes);
  26:.\espwifi.c   ****         temp = esp_helper(100);
  27:.\espwifi.c   ****         if (strcmp(temp, "") != 0) return temp;
  28:.\espwifi.c   ****         Esp_UART_PutString("\r\n");
  29:.\espwifi.c   ****         temp = esp_helper(1000);
  30:.\espwifi.c   ****         if (strcmp(temp, "") != 0) return temp;
  31:.\espwifi.c   ****         for(int i = 0; i < atoi(numBytes); i++) {
ARM GAS  C:\Users\Mark\AppData\Local\Temp\cc9rG8rD.s 			page 2


  32:.\espwifi.c   ****             Esp_UART_PutChar(msg[i]);
  33:.\espwifi.c   ****         }
  34:.\espwifi.c   ****         return esp_helper(2500);
  35:.\espwifi.c   ****     }
  36:.\espwifi.c   ****     
  37:.\espwifi.c   ****     char* esp_helper(uint32 time) {
  27              		.loc 1 37 0
  28              		.cfi_startproc
  29              		@ args = 0, pretend = 0, frame = 0
  30              		@ frame_needed = 1, uses_anonymous_args = 0
  31              	.LVL0:
  32 0000 F8B5     		push	{r3, r4, r5, r6, r7, lr}
  33              		.cfi_def_cfa_offset 24
  34              		.cfi_offset 3, -24
  35              		.cfi_offset 4, -20
  36              		.cfi_offset 5, -16
  37              		.cfi_offset 6, -12
  38              		.cfi_offset 7, -8
  39              		.cfi_offset 14, -4
  40 0002 00AF     		add	r7, sp, #0
  41              		.cfi_def_cfa_register 7
  38:.\espwifi.c   ****         CyDelay(time);
  42              		.loc 1 38 0
  43 0004 FFF7FEFF 		bl	CyDelay
  44              	.LVL1:
  39:.\espwifi.c   ****         uint8 size = Esp_UART_GetRxBufferSize();
  45              		.loc 1 39 0
  46 0008 FFF7FEFF 		bl	Esp_UART_GetRxBufferSize
  47              	.LVL2:
  48 000c 0646     		mov	r6, r0
  49              	.LVL3:
  40:.\espwifi.c   ****         //Debug_UART_PutChar(size + 48);
  41:.\espwifi.c   ****         uint8 temp = size;
  42:.\espwifi.c   ****         char msg[size];
  50              		.loc 1 42 0
  51 000e C31D     		adds	r3, r0, #7
  52 0010 23F00703 		bic	r3, r3, #7
  53 0014 ADEB030D 		sub	sp, sp, r3
  54 0018 6D46     		mov	r5, sp
  55              	.LVL4:
  43:.\espwifi.c   ****         strncpy(recv, blank, 9);
  56              		.loc 1 43 0
  57 001a 1348     		ldr	r0, .L9
  58              	.LVL5:
  59 001c 1349     		ldr	r1, .L9+4
  60 001e 0922     		movs	r2, #9
  61 0020 FFF7FEFF 		bl	strncpy
  62              	.LVL6:
  63              	.LBB2:
  44:.\espwifi.c   ****         
  45:.\espwifi.c   ****         for(int i = 0; i < size; i++) {
  64              		.loc 1 45 0
  65 0024 0024     		movs	r4, #0
  66 0026 19E0     		b	.L2
  67              	.LVL7:
  68              	.L7:
  46:.\espwifi.c   ****             if (strstr(msg, "+IPD,") != NULL) {
ARM GAS  C:\Users\Mark\AppData\Local\Temp\cc9rG8rD.s 			page 3


  69              		.loc 1 46 0
  70 0028 2846     		mov	r0, r5
  71 002a 1149     		ldr	r1, .L9+8
  72 002c FFF7FEFF 		bl	strstr
  73              	.LVL8:
  74 0030 80B1     		cbz	r0, .L3
  47:.\espwifi.c   ****                 msg[i] = Esp_UART_GetChar();
  75              		.loc 1 47 0
  76 0032 FFF7FEFF 		bl	Esp_UART_GetChar
  77              	.LVL9:
  78 0036 2855     		strb	r0, [r5, r4]
  48:.\espwifi.c   ****                 //Debug_UART_PutChar(msg[i]);
  49:.\espwifi.c   ****                 temp = msg[i] - 48;
  79              		.loc 1 49 0
  80 0038 3038     		subs	r0, r0, #48
  81 003a C5B2     		uxtb	r5, r0
  82              	.LVL10:
  50:.\espwifi.c   ****                 Esp_UART_GetChar();
  83              		.loc 1 50 0
  84 003c FFF7FEFF 		bl	Esp_UART_GetChar
  85              	.LVL11:
  86              	.LBB3:
  51:.\espwifi.c   ****                 //Debug_UART_PutString("\n\r!");
  52:.\espwifi.c   ****                 for(int j = 0; j < temp; j++) {
  87              		.loc 1 52 0
  88 0040 0024     		movs	r4, #0
  89              	.LVL12:
  90 0042 04E0     		b	.L4
  91              	.LVL13:
  92              	.L5:
  53:.\espwifi.c   ****                     recv[j] = Esp_UART_GetChar();
  93              		.loc 1 53 0 discriminator 3
  94 0044 FFF7FEFF 		bl	Esp_UART_GetChar
  95              	.LVL14:
  96 0048 074B     		ldr	r3, .L9
  97 004a 1855     		strb	r0, [r3, r4]
  52:.\espwifi.c   ****                     recv[j] = Esp_UART_GetChar();
  98              		.loc 1 52 0 discriminator 3
  99 004c 0134     		adds	r4, r4, #1
 100              	.LVL15:
 101              	.L4:
  52:.\espwifi.c   ****                     recv[j] = Esp_UART_GetChar();
 102              		.loc 1 52 0 is_stmt 0 discriminator 1
 103 004e A542     		cmp	r5, r4
 104 0050 F8DC     		bgt	.L5
 105 0052 05E0     		b	.L6
 106              	.LVL16:
 107              	.L3:
 108              	.LBE3:
  54:.\espwifi.c   ****                 }
  55:.\espwifi.c   ****                 return recv;
  56:.\espwifi.c   ****                     
  57:.\espwifi.c   ****             } else {
  58:.\espwifi.c   ****                 msg[i] = Esp_UART_GetChar();
 109              		.loc 1 58 0 is_stmt 1 discriminator 2
 110 0054 FFF7FEFF 		bl	Esp_UART_GetChar
 111              	.LVL17:
ARM GAS  C:\Users\Mark\AppData\Local\Temp\cc9rG8rD.s 			page 4


 112 0058 2855     		strb	r0, [r5, r4]
  45:.\espwifi.c   ****             if (strstr(msg, "+IPD,") != NULL) {
 113              		.loc 1 45 0 discriminator 2
 114 005a 0134     		adds	r4, r4, #1
 115              	.LVL18:
 116              	.L2:
  45:.\espwifi.c   ****             if (strstr(msg, "+IPD,") != NULL) {
 117              		.loc 1 45 0 is_stmt 0 discriminator 1
 118 005c A642     		cmp	r6, r4
 119 005e E3DC     		bgt	.L7
 120              	.LVL19:
 121              	.L6:
 122              	.LBE2:
  59:.\espwifi.c   ****                 //Debug_UART_PutChar(msg[i]);
  60:.\espwifi.c   ****             }
  61:.\espwifi.c   ****         }
  62:.\espwifi.c   ****         return recv;
  63:.\espwifi.c   **** 
  64:.\espwifi.c   ****     }
 123              		.loc 1 64 0 is_stmt 1
 124 0060 0148     		ldr	r0, .L9
 125 0062 BD46     		mov	sp, r7
 126              		.cfi_def_cfa_register 13
 127              	.LVL20:
 128              		@ sp needed
 129 0064 F8BD     		pop	{r3, r4, r5, r6, r7, pc}
 130              	.LVL21:
 131              	.L10:
 132 0066 00BF     		.align	2
 133              	.L9:
 134 0068 00000000 		.word	recv
 135 006c 00000000 		.word	.LANCHOR0
 136 0070 00000000 		.word	.LC0
 137              		.cfi_endproc
 138              	.LFE64:
 139              		.size	esp_helper, .-esp_helper
 140              		.section	.text.esp_transmit,"ax",%progbits
 141              		.align	2
 142              		.global	esp_transmit
 143              		.thumb
 144              		.thumb_func
 145              		.type	esp_transmit, %function
 146              	esp_transmit:
 147              	.LFB63:
  17:.\espwifi.c   ****         char* temp;
 148              		.loc 1 17 0
 149              		.cfi_startproc
 150              		@ args = 0, pretend = 0, frame = 0
 151              		@ frame_needed = 0, uses_anonymous_args = 0
 152              	.LVL22:
 153 0000 70B5     		push	{r4, r5, r6, lr}
 154              		.cfi_def_cfa_offset 16
 155              		.cfi_offset 4, -16
 156              		.cfi_offset 5, -12
 157              		.cfi_offset 6, -8
 158              		.cfi_offset 14, -4
 159 0002 0646     		mov	r6, r0
ARM GAS  C:\Users\Mark\AppData\Local\Temp\cc9rG8rD.s 			page 5


 160 0004 0C46     		mov	r4, r1
  19:.\espwifi.c   ****         temp = esp_helper(1000);
 161              		.loc 1 19 0
 162 0006 1948     		ldr	r0, .L20
 163              	.LVL23:
 164 0008 FFF7FEFF 		bl	Esp_UART_PutString
 165              	.LVL24:
  20:.\espwifi.c   ****         if (strcmp(temp, "") != 0) return temp;
 166              		.loc 1 20 0
 167 000c 4FF47A70 		mov	r0, #1000
 168 0010 FFF7FEFF 		bl	esp_helper
 169              	.LVL25:
  21:.\espwifi.c   ****         Esp_UART_PutString("AT+CIPSEND=");
 170              		.loc 1 21 0
 171 0014 0378     		ldrb	r3, [r0]	@ zero_extendqisi2
 172 0016 3BBB     		cbnz	r3, .L12
  22:.\espwifi.c   ****         temp = esp_helper(100);
 173              		.loc 1 22 0
 174 0018 1548     		ldr	r0, .L20+4
 175              	.LVL26:
 176 001a FFF7FEFF 		bl	Esp_UART_PutString
 177              	.LVL27:
  23:.\espwifi.c   ****         if (strcmp(temp, "") != 0) return temp;
 178              		.loc 1 23 0
 179 001e 6420     		movs	r0, #100
 180 0020 FFF7FEFF 		bl	esp_helper
 181              	.LVL28:
  24:.\espwifi.c   ****         Esp_UART_PutString(numBytes);
 182              		.loc 1 24 0
 183 0024 0378     		ldrb	r3, [r0]	@ zero_extendqisi2
 184 0026 FBB9     		cbnz	r3, .L12
  25:.\espwifi.c   ****         temp = esp_helper(100);
 185              		.loc 1 25 0
 186 0028 2046     		mov	r0, r4
 187              	.LVL29:
 188 002a FFF7FEFF 		bl	Esp_UART_PutString
 189              	.LVL30:
  26:.\espwifi.c   ****         if (strcmp(temp, "") != 0) return temp;
 190              		.loc 1 26 0
 191 002e 6420     		movs	r0, #100
 192 0030 FFF7FEFF 		bl	esp_helper
 193              	.LVL31:
  27:.\espwifi.c   ****         Esp_UART_PutString("\r\n");
 194              		.loc 1 27 0
 195 0034 0378     		ldrb	r3, [r0]	@ zero_extendqisi2
 196 0036 BBB9     		cbnz	r3, .L12
  28:.\espwifi.c   ****         temp = esp_helper(1000);
 197              		.loc 1 28 0
 198 0038 0E48     		ldr	r0, .L20+8
 199              	.LVL32:
 200 003a FFF7FEFF 		bl	Esp_UART_PutString
 201              	.LVL33:
  29:.\espwifi.c   ****         if (strcmp(temp, "") != 0) return temp;
 202              		.loc 1 29 0
 203 003e 4FF47A70 		mov	r0, #1000
 204 0042 FFF7FEFF 		bl	esp_helper
 205              	.LVL34:
ARM GAS  C:\Users\Mark\AppData\Local\Temp\cc9rG8rD.s 			page 6


  30:.\espwifi.c   ****         for(int i = 0; i < atoi(numBytes); i++) {
 206              		.loc 1 30 0
 207 0046 0378     		ldrb	r3, [r0]	@ zero_extendqisi2
 208 0048 73B9     		cbnz	r3, .L12
 209 004a 0025     		movs	r5, #0
 210 004c 03E0     		b	.L13
 211              	.LVL35:
 212              	.L14:
 213              	.LBB4:
  32:.\espwifi.c   ****         }
 214              		.loc 1 32 0 discriminator 3
 215 004e 705D     		ldrb	r0, [r6, r5]	@ zero_extendqisi2
 216 0050 FFF7FEFF 		bl	Esp_UART_PutChar
 217              	.LVL36:
  31:.\espwifi.c   ****             Esp_UART_PutChar(msg[i]);
 218              		.loc 1 31 0 discriminator 3
 219 0054 0135     		adds	r5, r5, #1
 220              	.LVL37:
 221              	.L13:
  31:.\espwifi.c   ****             Esp_UART_PutChar(msg[i]);
 222              		.loc 1 31 0 is_stmt 0 discriminator 1
 223 0056 2046     		mov	r0, r4
 224 0058 FFF7FEFF 		bl	atoi
 225              	.LVL38:
 226 005c A842     		cmp	r0, r5
 227 005e F6DC     		bgt	.L14
 228              	.LBE4:
  34:.\espwifi.c   ****     }
 229              		.loc 1 34 0 is_stmt 1
 230 0060 40F6C410 		movw	r0, #2500
 231 0064 FFF7FEFF 		bl	esp_helper
 232              	.LVL39:
 233              	.L12:
  35:.\espwifi.c   ****     
 234              		.loc 1 35 0
 235 0068 70BD     		pop	{r4, r5, r6, pc}
 236              	.LVL40:
 237              	.L21:
 238 006a 00BF     		.align	2
 239              	.L20:
 240 006c 08000000 		.word	.LC1
 241 0070 30000000 		.word	.LC2
 242 0074 3C000000 		.word	.LC3
 243              		.cfi_endproc
 244              	.LFE63:
 245              		.size	esp_transmit, .-esp_transmit
 246              		.comm	recv,9,4
 247              		.section	.rodata.str1.4,"aMS",%progbits,1
 248              		.align	2
 249              	.LC0:
 250 0000 2B495044 		.ascii	"+IPD,\000"
 250      2C00
 251 0006 0000     		.space	2
 252              	.LC1:
 253 0008 41542B43 		.ascii	"AT+CIPSTART=\"TCP\",\"192.168.173.1\",666\015\012\000"
 253      49505354 
 253      4152543D 
ARM GAS  C:\Users\Mark\AppData\Local\Temp\cc9rG8rD.s 			page 7


 253      22544350 
 253      222C2231 
 254              	.LC2:
 255 0030 41542B43 		.ascii	"AT+CIPSEND=\000"
 255      49505345 
 255      4E443D00 
 256              	.LC3:
 257 003c 0D0A00   		.ascii	"\015\012\000"
 258 003f 00       		.bss
 259              		.align	2
 260              		.set	.LANCHOR0,. + 0
 261              		.type	blank, %object
 262              		.size	blank, 9
 263              	blank:
 264 0000 00000000 		.space	9
 264      00000000 
 264      00
 265 0009 000000   		.text
 266              	.Letext0:
 267              		.file 2 "c:\\program files (x86)\\cypress\\psoc creator\\3.3\\psoc creator\\import\\gnu\\arm\\4.9.
 268              		.file 3 "c:\\program files (x86)\\cypress\\psoc creator\\3.3\\psoc creator\\import\\gnu\\arm\\4.9.
 269              		.file 4 "c:\\program files (x86)\\cypress\\psoc creator\\3.3\\psoc creator\\import\\gnu\\arm\\4.9.
 270              		.file 5 "Generated_Source\\PSoC5/cytypes.h"
 271              		.file 6 "Generated_Source\\PSoC5/core_cm3.h"
 272              		.file 7 ".\\espwifi.h"
 273              		.file 8 "Generated_Source\\PSoC5/Esp_UART.h"
 274              		.file 9 "c:\\program files (x86)\\cypress\\psoc creator\\3.3\\psoc creator\\import\\gnu\\arm\\4.9.
 275              		.file 10 "Generated_Source\\PSoC5/CyLib.h"
 276              		.file 11 "c:\\program files (x86)\\cypress\\psoc creator\\3.3\\psoc creator\\import\\gnu\\arm\\4.9
 277              		.section	.debug_info,"",%progbits
 278              	.Ldebug_info0:
 279 0000 20040000 		.4byte	0x420
 280 0004 0400     		.2byte	0x4
 281 0006 00000000 		.4byte	.Ldebug_abbrev0
 282 000a 04       		.byte	0x4
 283 000b 01       		.uleb128 0x1
 284 000c 94010000 		.4byte	.LASF36
 285 0010 01       		.byte	0x1
 286 0011 5F010000 		.4byte	.LASF37
 287 0015 30000000 		.4byte	.LASF38
 288 0019 00000000 		.4byte	.Ldebug_ranges0+0
 289 001d 00000000 		.4byte	0
 290 0021 00000000 		.4byte	.Ldebug_line0
 291 0025 02       		.uleb128 0x2
 292 0026 04       		.byte	0x4
 293 0027 05       		.byte	0x5
 294 0028 696E7400 		.ascii	"int\000"
 295 002c 03       		.uleb128 0x3
 296 002d 00000000 		.4byte	.LASF5
 297 0031 02       		.byte	0x2
 298 0032 D4       		.byte	0xd4
 299 0033 37000000 		.4byte	0x37
 300 0037 04       		.uleb128 0x4
 301 0038 04       		.byte	0x4
 302 0039 07       		.byte	0x7
 303 003a DD000000 		.4byte	.LASF0
 304 003e 04       		.uleb128 0x4
ARM GAS  C:\Users\Mark\AppData\Local\Temp\cc9rG8rD.s 			page 8


 305 003f 01       		.byte	0x1
 306 0040 06       		.byte	0x6
 307 0041 36020000 		.4byte	.LASF1
 308 0045 04       		.uleb128 0x4
 309 0046 01       		.byte	0x1
 310 0047 08       		.byte	0x8
 311 0048 C1000000 		.4byte	.LASF2
 312 004c 04       		.uleb128 0x4
 313 004d 02       		.byte	0x2
 314 004e 05       		.byte	0x5
 315 004f 73010000 		.4byte	.LASF3
 316 0053 04       		.uleb128 0x4
 317 0054 02       		.byte	0x2
 318 0055 07       		.byte	0x7
 319 0056 94000000 		.4byte	.LASF4
 320 005a 03       		.uleb128 0x3
 321 005b 20000000 		.4byte	.LASF6
 322 005f 03       		.byte	0x3
 323 0060 3F       		.byte	0x3f
 324 0061 65000000 		.4byte	0x65
 325 0065 04       		.uleb128 0x4
 326 0066 04       		.byte	0x4
 327 0067 05       		.byte	0x5
 328 0068 2D020000 		.4byte	.LASF7
 329 006c 04       		.uleb128 0x4
 330 006d 04       		.byte	0x4
 331 006e 07       		.byte	0x7
 332 006f 7D000000 		.4byte	.LASF8
 333 0073 04       		.uleb128 0x4
 334 0074 08       		.byte	0x8
 335 0075 05       		.byte	0x5
 336 0076 4C010000 		.4byte	.LASF9
 337 007a 04       		.uleb128 0x4
 338 007b 08       		.byte	0x8
 339 007c 07       		.byte	0x7
 340 007d FB000000 		.4byte	.LASF10
 341 0081 04       		.uleb128 0x4
 342 0082 04       		.byte	0x4
 343 0083 07       		.byte	0x7
 344 0084 43010000 		.4byte	.LASF11
 345 0088 05       		.uleb128 0x5
 346 0089 04       		.byte	0x4
 347 008a 8E000000 		.4byte	0x8e
 348 008e 04       		.uleb128 0x4
 349 008f 01       		.byte	0x1
 350 0090 08       		.byte	0x8
 351 0091 5A010000 		.4byte	.LASF12
 352 0095 05       		.uleb128 0x5
 353 0096 04       		.byte	0x4
 354 0097 9B000000 		.4byte	0x9b
 355 009b 06       		.uleb128 0x6
 356 009c 8E000000 		.4byte	0x8e
 357 00a0 03       		.uleb128 0x3
 358 00a1 6B010000 		.4byte	.LASF13
 359 00a5 04       		.byte	0x4
 360 00a6 2C       		.byte	0x2c
 361 00a7 5A000000 		.4byte	0x5a
ARM GAS  C:\Users\Mark\AppData\Local\Temp\cc9rG8rD.s 			page 9


 362 00ab 03       		.uleb128 0x3
 363 00ac 8E010000 		.4byte	.LASF14
 364 00b0 05       		.byte	0x5
 365 00b1 C2       		.byte	0xc2
 366 00b2 45000000 		.4byte	0x45
 367 00b6 03       		.uleb128 0x3
 368 00b7 D6000000 		.4byte	.LASF15
 369 00bb 05       		.byte	0x5
 370 00bc C4       		.byte	0xc4
 371 00bd 6C000000 		.4byte	0x6c
 372 00c1 04       		.uleb128 0x4
 373 00c2 04       		.byte	0x4
 374 00c3 04       		.byte	0x4
 375 00c4 6C000000 		.4byte	.LASF16
 376 00c8 04       		.uleb128 0x4
 377 00c9 08       		.byte	0x8
 378 00ca 04       		.byte	0x4
 379 00cb CF000000 		.4byte	.LASF17
 380 00cf 03       		.uleb128 0x3
 381 00d0 77000000 		.4byte	.LASF18
 382 00d4 05       		.byte	0x5
 383 00d5 D3       		.byte	0xd3
 384 00d6 8E000000 		.4byte	0x8e
 385 00da 07       		.uleb128 0x7
 386 00db 38010000 		.4byte	.LASF21
 387 00df 01       		.byte	0x1
 388 00e0 25       		.byte	0x25
 389 00e1 88000000 		.4byte	0x88
 390 00e5 00000000 		.4byte	.LFB64
 391 00e9 74000000 		.4byte	.LFE64-.LFB64
 392 00ed 01       		.uleb128 0x1
 393 00ee 9C       		.byte	0x9c
 394 00ef EF010000 		.4byte	0x1ef
 395 00f3 08       		.uleb128 0x8
 396 00f4 2A010000 		.4byte	.LASF23
 397 00f8 01       		.byte	0x1
 398 00f9 25       		.byte	0x25
 399 00fa B6000000 		.4byte	0xb6
 400 00fe 00000000 		.4byte	.LLST0
 401 0102 09       		.uleb128 0x9
 402 0103 72000000 		.4byte	.LASF19
 403 0107 01       		.byte	0x1
 404 0108 27       		.byte	0x27
 405 0109 AB000000 		.4byte	0xab
 406 010d 21000000 		.4byte	.LLST1
 407 0111 09       		.uleb128 0x9
 408 0112 8F000000 		.4byte	.LASF20
 409 0116 01       		.byte	0x1
 410 0117 29       		.byte	0x29
 411 0118 AB000000 		.4byte	0xab
 412 011c 34000000 		.4byte	.LLST2
 413 0120 0A       		.uleb128 0xa
 414 0121 02020000 		.4byte	0x202
 415 0125 52000000 		.4byte	.LLST3
 416 0129 0B       		.uleb128 0xb
 417 012a 6D736700 		.ascii	"msg\000"
 418 012e 01       		.byte	0x1
ARM GAS  C:\Users\Mark\AppData\Local\Temp\cc9rG8rD.s 			page 10


 419 012f 2A       		.byte	0x2a
 420 0130 EF010000 		.4byte	0x1ef
 421 0134 6C000000 		.4byte	.LLST4
 422 0138 0C       		.uleb128 0xc
 423 0139 24000000 		.4byte	.LBB2
 424 013d 3C000000 		.4byte	.LBE2-.LBB2
 425 0141 AF010000 		.4byte	0x1af
 426 0145 0B       		.uleb128 0xb
 427 0146 6900     		.ascii	"i\000"
 428 0148 01       		.byte	0x1
 429 0149 2D       		.byte	0x2d
 430 014a 25000000 		.4byte	0x25
 431 014e B6000000 		.4byte	.LLST5
 432 0152 0C       		.uleb128 0xc
 433 0153 40000000 		.4byte	.LBB3
 434 0157 14000000 		.4byte	.LBE3-.LBB3
 435 015b 76010000 		.4byte	0x176
 436 015f 0B       		.uleb128 0xb
 437 0160 6A00     		.ascii	"j\000"
 438 0162 01       		.byte	0x1
 439 0163 34       		.byte	0x34
 440 0164 25000000 		.4byte	0x25
 441 0168 E0000000 		.4byte	.LLST6
 442 016c 0D       		.uleb128 0xd
 443 016d 48000000 		.4byte	.LVL14
 444 0171 81030000 		.4byte	0x381
 445 0175 00       		.byte	0
 446 0176 0E       		.uleb128 0xe
 447 0177 30000000 		.4byte	.LVL8
 448 017b 8C030000 		.4byte	0x38c
 449 017f 93010000 		.4byte	0x193
 450 0183 0F       		.uleb128 0xf
 451 0184 01       		.uleb128 0x1
 452 0185 51       		.byte	0x51
 453 0186 05       		.uleb128 0x5
 454 0187 03       		.byte	0x3
 455 0188 00000000 		.4byte	.LC0
 456 018c 0F       		.uleb128 0xf
 457 018d 01       		.uleb128 0x1
 458 018e 50       		.byte	0x50
 459 018f 02       		.uleb128 0x2
 460 0190 75       		.byte	0x75
 461 0191 00       		.sleb128 0
 462 0192 00       		.byte	0
 463 0193 0D       		.uleb128 0xd
 464 0194 36000000 		.4byte	.LVL9
 465 0198 81030000 		.4byte	0x381
 466 019c 0D       		.uleb128 0xd
 467 019d 40000000 		.4byte	.LVL11
 468 01a1 81030000 		.4byte	0x381
 469 01a5 0D       		.uleb128 0xd
 470 01a6 58000000 		.4byte	.LVL17
 471 01aa 81030000 		.4byte	0x381
 472 01ae 00       		.byte	0
 473 01af 0E       		.uleb128 0xe
 474 01b0 08000000 		.4byte	.LVL1
 475 01b4 A6030000 		.4byte	0x3a6
ARM GAS  C:\Users\Mark\AppData\Local\Temp\cc9rG8rD.s 			page 11


 476 01b8 C4010000 		.4byte	0x1c4
 477 01bc 0F       		.uleb128 0xf
 478 01bd 01       		.uleb128 0x1
 479 01be 50       		.byte	0x50
 480 01bf 03       		.uleb128 0x3
 481 01c0 F3       		.byte	0xf3
 482 01c1 01       		.uleb128 0x1
 483 01c2 50       		.byte	0x50
 484 01c3 00       		.byte	0
 485 01c4 0D       		.uleb128 0xd
 486 01c5 0C000000 		.4byte	.LVL2
 487 01c9 B7030000 		.4byte	0x3b7
 488 01cd 10       		.uleb128 0x10
 489 01ce 24000000 		.4byte	.LVL6
 490 01d2 C2030000 		.4byte	0x3c2
 491 01d6 0F       		.uleb128 0xf
 492 01d7 01       		.uleb128 0x1
 493 01d8 52       		.byte	0x52
 494 01d9 01       		.uleb128 0x1
 495 01da 39       		.byte	0x39
 496 01db 0F       		.uleb128 0xf
 497 01dc 01       		.uleb128 0x1
 498 01dd 51       		.byte	0x51
 499 01de 05       		.uleb128 0x5
 500 01df 03       		.byte	0x3
 501 01e0 00000000 		.4byte	.LANCHOR0
 502 01e4 0F       		.uleb128 0xf
 503 01e5 01       		.uleb128 0x1
 504 01e6 50       		.byte	0x50
 505 01e7 05       		.uleb128 0x5
 506 01e8 03       		.byte	0x3
 507 01e9 00000000 		.4byte	recv
 508 01ed 00       		.byte	0
 509 01ee 00       		.byte	0
 510 01ef 11       		.uleb128 0x11
 511 01f0 8E000000 		.4byte	0x8e
 512 01f4 02020000 		.4byte	0x202
 513 01f8 12       		.uleb128 0x12
 514 01f9 81000000 		.4byte	0x81
 515 01fd 20010000 		.4byte	0x120
 516 0201 00       		.byte	0
 517 0202 06       		.uleb128 0x6
 518 0203 81000000 		.4byte	0x81
 519 0207 07       		.uleb128 0x7
 520 0208 42020000 		.4byte	.LASF22
 521 020c 01       		.byte	0x1
 522 020d 11       		.byte	0x11
 523 020e 88000000 		.4byte	0x88
 524 0212 00000000 		.4byte	.LFB63
 525 0216 78000000 		.4byte	.LFE63-.LFB63
 526 021a 01       		.uleb128 0x1
 527 021b 9C       		.byte	0x9c
 528 021c 3E030000 		.4byte	0x33e
 529 0220 13       		.uleb128 0x13
 530 0221 6D736700 		.ascii	"msg\000"
 531 0225 01       		.byte	0x1
 532 0226 11       		.byte	0x11
ARM GAS  C:\Users\Mark\AppData\Local\Temp\cc9rG8rD.s 			page 12


 533 0227 88000000 		.4byte	0x88
 534 022b FF000000 		.4byte	.LLST7
 535 022f 08       		.uleb128 0x8
 536 0230 2F010000 		.4byte	.LASF24
 537 0234 01       		.byte	0x1
 538 0235 11       		.byte	0x11
 539 0236 88000000 		.4byte	0x88
 540 023a 2B010000 		.4byte	.LLST8
 541 023e 09       		.uleb128 0x9
 542 023f 8F000000 		.4byte	.LASF20
 543 0243 01       		.byte	0x1
 544 0244 12       		.byte	0x12
 545 0245 88000000 		.4byte	0x88
 546 0249 57010000 		.4byte	.LLST9
 547 024d 0C       		.uleb128 0xc
 548 024e 4E000000 		.4byte	.LBB4
 549 0252 12000000 		.4byte	.LBE4-.LBB4
 550 0256 81020000 		.4byte	0x281
 551 025a 0B       		.uleb128 0xb
 552 025b 6900     		.ascii	"i\000"
 553 025d 01       		.byte	0x1
 554 025e 1F       		.byte	0x1f
 555 025f 25000000 		.4byte	0x25
 556 0263 8B010000 		.4byte	.LLST10
 557 0267 0D       		.uleb128 0xd
 558 0268 54000000 		.4byte	.LVL36
 559 026c E1030000 		.4byte	0x3e1
 560 0270 10       		.uleb128 0x10
 561 0271 5C000000 		.4byte	.LVL38
 562 0275 F2030000 		.4byte	0x3f2
 563 0279 0F       		.uleb128 0xf
 564 027a 01       		.uleb128 0x1
 565 027b 50       		.byte	0x50
 566 027c 02       		.uleb128 0x2
 567 027d 74       		.byte	0x74
 568 027e 00       		.sleb128 0
 569 027f 00       		.byte	0
 570 0280 00       		.byte	0
 571 0281 0E       		.uleb128 0xe
 572 0282 0C000000 		.4byte	.LVL24
 573 0286 07040000 		.4byte	0x407
 574 028a 98020000 		.4byte	0x298
 575 028e 0F       		.uleb128 0xf
 576 028f 01       		.uleb128 0x1
 577 0290 50       		.byte	0x50
 578 0291 05       		.uleb128 0x5
 579 0292 03       		.byte	0x3
 580 0293 08000000 		.4byte	.LC1
 581 0297 00       		.byte	0
 582 0298 0E       		.uleb128 0xe
 583 0299 14000000 		.4byte	.LVL25
 584 029d DA000000 		.4byte	0xda
 585 02a1 AD020000 		.4byte	0x2ad
 586 02a5 0F       		.uleb128 0xf
 587 02a6 01       		.uleb128 0x1
 588 02a7 50       		.byte	0x50
 589 02a8 03       		.uleb128 0x3
ARM GAS  C:\Users\Mark\AppData\Local\Temp\cc9rG8rD.s 			page 13


 590 02a9 0A       		.byte	0xa
 591 02aa E803     		.2byte	0x3e8
 592 02ac 00       		.byte	0
 593 02ad 0E       		.uleb128 0xe
 594 02ae 1E000000 		.4byte	.LVL27
 595 02b2 07040000 		.4byte	0x407
 596 02b6 C4020000 		.4byte	0x2c4
 597 02ba 0F       		.uleb128 0xf
 598 02bb 01       		.uleb128 0x1
 599 02bc 50       		.byte	0x50
 600 02bd 05       		.uleb128 0x5
 601 02be 03       		.byte	0x3
 602 02bf 30000000 		.4byte	.LC2
 603 02c3 00       		.byte	0
 604 02c4 0E       		.uleb128 0xe
 605 02c5 24000000 		.4byte	.LVL28
 606 02c9 DA000000 		.4byte	0xda
 607 02cd D8020000 		.4byte	0x2d8
 608 02d1 0F       		.uleb128 0xf
 609 02d2 01       		.uleb128 0x1
 610 02d3 50       		.byte	0x50
 611 02d4 02       		.uleb128 0x2
 612 02d5 08       		.byte	0x8
 613 02d6 64       		.byte	0x64
 614 02d7 00       		.byte	0
 615 02d8 0E       		.uleb128 0xe
 616 02d9 2E000000 		.4byte	.LVL30
 617 02dd 07040000 		.4byte	0x407
 618 02e1 EC020000 		.4byte	0x2ec
 619 02e5 0F       		.uleb128 0xf
 620 02e6 01       		.uleb128 0x1
 621 02e7 50       		.byte	0x50
 622 02e8 02       		.uleb128 0x2
 623 02e9 74       		.byte	0x74
 624 02ea 00       		.sleb128 0
 625 02eb 00       		.byte	0
 626 02ec 0E       		.uleb128 0xe
 627 02ed 34000000 		.4byte	.LVL31
 628 02f1 DA000000 		.4byte	0xda
 629 02f5 00030000 		.4byte	0x300
 630 02f9 0F       		.uleb128 0xf
 631 02fa 01       		.uleb128 0x1
 632 02fb 50       		.byte	0x50
 633 02fc 02       		.uleb128 0x2
 634 02fd 08       		.byte	0x8
 635 02fe 64       		.byte	0x64
 636 02ff 00       		.byte	0
 637 0300 0E       		.uleb128 0xe
 638 0301 3E000000 		.4byte	.LVL33
 639 0305 07040000 		.4byte	0x407
 640 0309 17030000 		.4byte	0x317
 641 030d 0F       		.uleb128 0xf
 642 030e 01       		.uleb128 0x1
 643 030f 50       		.byte	0x50
 644 0310 05       		.uleb128 0x5
 645 0311 03       		.byte	0x3
 646 0312 3C000000 		.4byte	.LC3
ARM GAS  C:\Users\Mark\AppData\Local\Temp\cc9rG8rD.s 			page 14


 647 0316 00       		.byte	0
 648 0317 0E       		.uleb128 0xe
 649 0318 46000000 		.4byte	.LVL34
 650 031c DA000000 		.4byte	0xda
 651 0320 2C030000 		.4byte	0x32c
 652 0324 0F       		.uleb128 0xf
 653 0325 01       		.uleb128 0x1
 654 0326 50       		.byte	0x50
 655 0327 03       		.uleb128 0x3
 656 0328 0A       		.byte	0xa
 657 0329 E803     		.2byte	0x3e8
 658 032b 00       		.byte	0
 659 032c 10       		.uleb128 0x10
 660 032d 68000000 		.4byte	.LVL39
 661 0331 DA000000 		.4byte	0xda
 662 0335 0F       		.uleb128 0xf
 663 0336 01       		.uleb128 0x1
 664 0337 50       		.byte	0x50
 665 0338 03       		.uleb128 0x3
 666 0339 0A       		.byte	0xa
 667 033a C409     		.2byte	0x9c4
 668 033c 00       		.byte	0
 669 033d 00       		.byte	0
 670 033e 11       		.uleb128 0x11
 671 033f 8E000000 		.4byte	0x8e
 672 0343 4E030000 		.4byte	0x34e
 673 0347 14       		.uleb128 0x14
 674 0348 81000000 		.4byte	0x81
 675 034c 08       		.byte	0x8
 676 034d 00       		.byte	0
 677 034e 15       		.uleb128 0x15
 678 034f 2A000000 		.4byte	.LASF25
 679 0353 01       		.byte	0x1
 680 0354 0F       		.byte	0xf
 681 0355 3E030000 		.4byte	0x33e
 682 0359 05       		.uleb128 0x5
 683 035a 03       		.byte	0x3
 684 035b 00000000 		.4byte	blank
 685 035f 16       		.uleb128 0x16
 686 0360 AC000000 		.4byte	.LASF26
 687 0364 06       		.byte	0x6
 688 0365 2A06     		.2byte	0x62a
 689 0367 6B030000 		.4byte	0x36b
 690 036b 17       		.uleb128 0x17
 691 036c A0000000 		.4byte	0xa0
 692 0370 18       		.uleb128 0x18
 693 0371 A7000000 		.4byte	.LASF27
 694 0375 07       		.byte	0x7
 695 0376 13       		.byte	0x13
 696 0377 3E030000 		.4byte	0x33e
 697 037b 05       		.uleb128 0x5
 698 037c 03       		.byte	0x3
 699 037d 00000000 		.4byte	recv
 700 0381 19       		.uleb128 0x19
 701 0382 7D010000 		.4byte	.LASF28
 702 0386 08       		.byte	0x8
 703 0387 71       		.byte	0x71
ARM GAS  C:\Users\Mark\AppData\Local\Temp\cc9rG8rD.s 			page 15


 704 0388 AB000000 		.4byte	0xab
 705 038c 1A       		.uleb128 0x1a
 706 038d 4F020000 		.4byte	.LASF30
 707 0391 09       		.byte	0x9
 708 0392 28       		.byte	0x28
 709 0393 88000000 		.4byte	0x88
 710 0397 A6030000 		.4byte	0x3a6
 711 039b 1B       		.uleb128 0x1b
 712 039c 95000000 		.4byte	0x95
 713 03a0 1B       		.uleb128 0x1b
 714 03a1 95000000 		.4byte	0x95
 715 03a5 00       		.byte	0
 716 03a6 1C       		.uleb128 0x1c
 717 03a7 56020000 		.4byte	.LASF32
 718 03ab 0A       		.byte	0xa
 719 03ac 77       		.byte	0x77
 720 03ad B7030000 		.4byte	0x3b7
 721 03b1 1B       		.uleb128 0x1b
 722 03b2 B6000000 		.4byte	0xb6
 723 03b6 00       		.byte	0
 724 03b7 19       		.uleb128 0x19
 725 03b8 07000000 		.4byte	.LASF29
 726 03bc 08       		.byte	0x8
 727 03bd 73       		.byte	0x73
 728 03be AB000000 		.4byte	0xab
 729 03c2 1A       		.uleb128 0x1a
 730 03c3 B9000000 		.4byte	.LASF31
 731 03c7 09       		.byte	0x9
 732 03c8 24       		.byte	0x24
 733 03c9 88000000 		.4byte	0x88
 734 03cd E1030000 		.4byte	0x3e1
 735 03d1 1B       		.uleb128 0x1b
 736 03d2 88000000 		.4byte	0x88
 737 03d6 1B       		.uleb128 0x1b
 738 03d7 95000000 		.4byte	0x95
 739 03db 1B       		.uleb128 0x1b
 740 03dc 2C000000 		.4byte	0x2c
 741 03e0 00       		.byte	0
 742 03e1 1C       		.uleb128 0x1c
 743 03e2 EA000000 		.4byte	.LASF33
 744 03e6 08       		.byte	0x8
 745 03e7 8A       		.byte	0x8a
 746 03e8 F2030000 		.4byte	0x3f2
 747 03ec 1B       		.uleb128 0x1b
 748 03ed AB000000 		.4byte	0xab
 749 03f1 00       		.byte	0
 750 03f2 1A       		.uleb128 0x1a
 751 03f3 25010000 		.4byte	.LASF34
 752 03f7 0B       		.byte	0xb
 753 03f8 4A       		.byte	0x4a
 754 03f9 25000000 		.4byte	0x25
 755 03fd 07040000 		.4byte	0x407
 756 0401 1B       		.uleb128 0x1b
 757 0402 95000000 		.4byte	0x95
 758 0406 00       		.byte	0
 759 0407 1C       		.uleb128 0x1c
 760 0408 12010000 		.4byte	.LASF35
ARM GAS  C:\Users\Mark\AppData\Local\Temp\cc9rG8rD.s 			page 16


 761 040c 08       		.byte	0x8
 762 040d 8B       		.byte	0x8b
 763 040e 18040000 		.4byte	0x418
 764 0412 1B       		.uleb128 0x1b
 765 0413 18040000 		.4byte	0x418
 766 0417 00       		.byte	0
 767 0418 05       		.uleb128 0x5
 768 0419 04       		.byte	0x4
 769 041a 1E040000 		.4byte	0x41e
 770 041e 06       		.uleb128 0x6
 771 041f CF000000 		.4byte	0xcf
 772 0423 00       		.byte	0
 773              		.section	.debug_abbrev,"",%progbits
 774              	.Ldebug_abbrev0:
 775 0000 01       		.uleb128 0x1
 776 0001 11       		.uleb128 0x11
 777 0002 01       		.byte	0x1
 778 0003 25       		.uleb128 0x25
 779 0004 0E       		.uleb128 0xe
 780 0005 13       		.uleb128 0x13
 781 0006 0B       		.uleb128 0xb
 782 0007 03       		.uleb128 0x3
 783 0008 0E       		.uleb128 0xe
 784 0009 1B       		.uleb128 0x1b
 785 000a 0E       		.uleb128 0xe
 786 000b 55       		.uleb128 0x55
 787 000c 17       		.uleb128 0x17
 788 000d 11       		.uleb128 0x11
 789 000e 01       		.uleb128 0x1
 790 000f 10       		.uleb128 0x10
 791 0010 17       		.uleb128 0x17
 792 0011 00       		.byte	0
 793 0012 00       		.byte	0
 794 0013 02       		.uleb128 0x2
 795 0014 24       		.uleb128 0x24
 796 0015 00       		.byte	0
 797 0016 0B       		.uleb128 0xb
 798 0017 0B       		.uleb128 0xb
 799 0018 3E       		.uleb128 0x3e
 800 0019 0B       		.uleb128 0xb
 801 001a 03       		.uleb128 0x3
 802 001b 08       		.uleb128 0x8
 803 001c 00       		.byte	0
 804 001d 00       		.byte	0
 805 001e 03       		.uleb128 0x3
 806 001f 16       		.uleb128 0x16
 807 0020 00       		.byte	0
 808 0021 03       		.uleb128 0x3
 809 0022 0E       		.uleb128 0xe
 810 0023 3A       		.uleb128 0x3a
 811 0024 0B       		.uleb128 0xb
 812 0025 3B       		.uleb128 0x3b
 813 0026 0B       		.uleb128 0xb
 814 0027 49       		.uleb128 0x49
 815 0028 13       		.uleb128 0x13
 816 0029 00       		.byte	0
 817 002a 00       		.byte	0
ARM GAS  C:\Users\Mark\AppData\Local\Temp\cc9rG8rD.s 			page 17


 818 002b 04       		.uleb128 0x4
 819 002c 24       		.uleb128 0x24
 820 002d 00       		.byte	0
 821 002e 0B       		.uleb128 0xb
 822 002f 0B       		.uleb128 0xb
 823 0030 3E       		.uleb128 0x3e
 824 0031 0B       		.uleb128 0xb
 825 0032 03       		.uleb128 0x3
 826 0033 0E       		.uleb128 0xe
 827 0034 00       		.byte	0
 828 0035 00       		.byte	0
 829 0036 05       		.uleb128 0x5
 830 0037 0F       		.uleb128 0xf
 831 0038 00       		.byte	0
 832 0039 0B       		.uleb128 0xb
 833 003a 0B       		.uleb128 0xb
 834 003b 49       		.uleb128 0x49
 835 003c 13       		.uleb128 0x13
 836 003d 00       		.byte	0
 837 003e 00       		.byte	0
 838 003f 06       		.uleb128 0x6
 839 0040 26       		.uleb128 0x26
 840 0041 00       		.byte	0
 841 0042 49       		.uleb128 0x49
 842 0043 13       		.uleb128 0x13
 843 0044 00       		.byte	0
 844 0045 00       		.byte	0
 845 0046 07       		.uleb128 0x7
 846 0047 2E       		.uleb128 0x2e
 847 0048 01       		.byte	0x1
 848 0049 3F       		.uleb128 0x3f
 849 004a 19       		.uleb128 0x19
 850 004b 03       		.uleb128 0x3
 851 004c 0E       		.uleb128 0xe
 852 004d 3A       		.uleb128 0x3a
 853 004e 0B       		.uleb128 0xb
 854 004f 3B       		.uleb128 0x3b
 855 0050 0B       		.uleb128 0xb
 856 0051 27       		.uleb128 0x27
 857 0052 19       		.uleb128 0x19
 858 0053 49       		.uleb128 0x49
 859 0054 13       		.uleb128 0x13
 860 0055 11       		.uleb128 0x11
 861 0056 01       		.uleb128 0x1
 862 0057 12       		.uleb128 0x12
 863 0058 06       		.uleb128 0x6
 864 0059 40       		.uleb128 0x40
 865 005a 18       		.uleb128 0x18
 866 005b 9742     		.uleb128 0x2117
 867 005d 19       		.uleb128 0x19
 868 005e 01       		.uleb128 0x1
 869 005f 13       		.uleb128 0x13
 870 0060 00       		.byte	0
 871 0061 00       		.byte	0
 872 0062 08       		.uleb128 0x8
 873 0063 05       		.uleb128 0x5
 874 0064 00       		.byte	0
ARM GAS  C:\Users\Mark\AppData\Local\Temp\cc9rG8rD.s 			page 18


 875 0065 03       		.uleb128 0x3
 876 0066 0E       		.uleb128 0xe
 877 0067 3A       		.uleb128 0x3a
 878 0068 0B       		.uleb128 0xb
 879 0069 3B       		.uleb128 0x3b
 880 006a 0B       		.uleb128 0xb
 881 006b 49       		.uleb128 0x49
 882 006c 13       		.uleb128 0x13
 883 006d 02       		.uleb128 0x2
 884 006e 17       		.uleb128 0x17
 885 006f 00       		.byte	0
 886 0070 00       		.byte	0
 887 0071 09       		.uleb128 0x9
 888 0072 34       		.uleb128 0x34
 889 0073 00       		.byte	0
 890 0074 03       		.uleb128 0x3
 891 0075 0E       		.uleb128 0xe
 892 0076 3A       		.uleb128 0x3a
 893 0077 0B       		.uleb128 0xb
 894 0078 3B       		.uleb128 0x3b
 895 0079 0B       		.uleb128 0xb
 896 007a 49       		.uleb128 0x49
 897 007b 13       		.uleb128 0x13
 898 007c 02       		.uleb128 0x2
 899 007d 17       		.uleb128 0x17
 900 007e 00       		.byte	0
 901 007f 00       		.byte	0
 902 0080 0A       		.uleb128 0xa
 903 0081 34       		.uleb128 0x34
 904 0082 00       		.byte	0
 905 0083 34       		.uleb128 0x34
 906 0084 19       		.uleb128 0x19
 907 0085 49       		.uleb128 0x49
 908 0086 13       		.uleb128 0x13
 909 0087 02       		.uleb128 0x2
 910 0088 17       		.uleb128 0x17
 911 0089 00       		.byte	0
 912 008a 00       		.byte	0
 913 008b 0B       		.uleb128 0xb
 914 008c 34       		.uleb128 0x34
 915 008d 00       		.byte	0
 916 008e 03       		.uleb128 0x3
 917 008f 08       		.uleb128 0x8
 918 0090 3A       		.uleb128 0x3a
 919 0091 0B       		.uleb128 0xb
 920 0092 3B       		.uleb128 0x3b
 921 0093 0B       		.uleb128 0xb
 922 0094 49       		.uleb128 0x49
 923 0095 13       		.uleb128 0x13
 924 0096 02       		.uleb128 0x2
 925 0097 17       		.uleb128 0x17
 926 0098 00       		.byte	0
 927 0099 00       		.byte	0
 928 009a 0C       		.uleb128 0xc
 929 009b 0B       		.uleb128 0xb
 930 009c 01       		.byte	0x1
 931 009d 11       		.uleb128 0x11
ARM GAS  C:\Users\Mark\AppData\Local\Temp\cc9rG8rD.s 			page 19


 932 009e 01       		.uleb128 0x1
 933 009f 12       		.uleb128 0x12
 934 00a0 06       		.uleb128 0x6
 935 00a1 01       		.uleb128 0x1
 936 00a2 13       		.uleb128 0x13
 937 00a3 00       		.byte	0
 938 00a4 00       		.byte	0
 939 00a5 0D       		.uleb128 0xd
 940 00a6 898201   		.uleb128 0x4109
 941 00a9 00       		.byte	0
 942 00aa 11       		.uleb128 0x11
 943 00ab 01       		.uleb128 0x1
 944 00ac 31       		.uleb128 0x31
 945 00ad 13       		.uleb128 0x13
 946 00ae 00       		.byte	0
 947 00af 00       		.byte	0
 948 00b0 0E       		.uleb128 0xe
 949 00b1 898201   		.uleb128 0x4109
 950 00b4 01       		.byte	0x1
 951 00b5 11       		.uleb128 0x11
 952 00b6 01       		.uleb128 0x1
 953 00b7 31       		.uleb128 0x31
 954 00b8 13       		.uleb128 0x13
 955 00b9 01       		.uleb128 0x1
 956 00ba 13       		.uleb128 0x13
 957 00bb 00       		.byte	0
 958 00bc 00       		.byte	0
 959 00bd 0F       		.uleb128 0xf
 960 00be 8A8201   		.uleb128 0x410a
 961 00c1 00       		.byte	0
 962 00c2 02       		.uleb128 0x2
 963 00c3 18       		.uleb128 0x18
 964 00c4 9142     		.uleb128 0x2111
 965 00c6 18       		.uleb128 0x18
 966 00c7 00       		.byte	0
 967 00c8 00       		.byte	0
 968 00c9 10       		.uleb128 0x10
 969 00ca 898201   		.uleb128 0x4109
 970 00cd 01       		.byte	0x1
 971 00ce 11       		.uleb128 0x11
 972 00cf 01       		.uleb128 0x1
 973 00d0 31       		.uleb128 0x31
 974 00d1 13       		.uleb128 0x13
 975 00d2 00       		.byte	0
 976 00d3 00       		.byte	0
 977 00d4 11       		.uleb128 0x11
 978 00d5 01       		.uleb128 0x1
 979 00d6 01       		.byte	0x1
 980 00d7 49       		.uleb128 0x49
 981 00d8 13       		.uleb128 0x13
 982 00d9 01       		.uleb128 0x1
 983 00da 13       		.uleb128 0x13
 984 00db 00       		.byte	0
 985 00dc 00       		.byte	0
 986 00dd 12       		.uleb128 0x12
 987 00de 21       		.uleb128 0x21
 988 00df 00       		.byte	0
ARM GAS  C:\Users\Mark\AppData\Local\Temp\cc9rG8rD.s 			page 20


 989 00e0 49       		.uleb128 0x49
 990 00e1 13       		.uleb128 0x13
 991 00e2 2F       		.uleb128 0x2f
 992 00e3 13       		.uleb128 0x13
 993 00e4 00       		.byte	0
 994 00e5 00       		.byte	0
 995 00e6 13       		.uleb128 0x13
 996 00e7 05       		.uleb128 0x5
 997 00e8 00       		.byte	0
 998 00e9 03       		.uleb128 0x3
 999 00ea 08       		.uleb128 0x8
 1000 00eb 3A       		.uleb128 0x3a
 1001 00ec 0B       		.uleb128 0xb
 1002 00ed 3B       		.uleb128 0x3b
 1003 00ee 0B       		.uleb128 0xb
 1004 00ef 49       		.uleb128 0x49
 1005 00f0 13       		.uleb128 0x13
 1006 00f1 02       		.uleb128 0x2
 1007 00f2 17       		.uleb128 0x17
 1008 00f3 00       		.byte	0
 1009 00f4 00       		.byte	0
 1010 00f5 14       		.uleb128 0x14
 1011 00f6 21       		.uleb128 0x21
 1012 00f7 00       		.byte	0
 1013 00f8 49       		.uleb128 0x49
 1014 00f9 13       		.uleb128 0x13
 1015 00fa 2F       		.uleb128 0x2f
 1016 00fb 0B       		.uleb128 0xb
 1017 00fc 00       		.byte	0
 1018 00fd 00       		.byte	0
 1019 00fe 15       		.uleb128 0x15
 1020 00ff 34       		.uleb128 0x34
 1021 0100 00       		.byte	0
 1022 0101 03       		.uleb128 0x3
 1023 0102 0E       		.uleb128 0xe
 1024 0103 3A       		.uleb128 0x3a
 1025 0104 0B       		.uleb128 0xb
 1026 0105 3B       		.uleb128 0x3b
 1027 0106 0B       		.uleb128 0xb
 1028 0107 49       		.uleb128 0x49
 1029 0108 13       		.uleb128 0x13
 1030 0109 02       		.uleb128 0x2
 1031 010a 18       		.uleb128 0x18
 1032 010b 00       		.byte	0
 1033 010c 00       		.byte	0
 1034 010d 16       		.uleb128 0x16
 1035 010e 34       		.uleb128 0x34
 1036 010f 00       		.byte	0
 1037 0110 03       		.uleb128 0x3
 1038 0111 0E       		.uleb128 0xe
 1039 0112 3A       		.uleb128 0x3a
 1040 0113 0B       		.uleb128 0xb
 1041 0114 3B       		.uleb128 0x3b
 1042 0115 05       		.uleb128 0x5
 1043 0116 49       		.uleb128 0x49
 1044 0117 13       		.uleb128 0x13
 1045 0118 3F       		.uleb128 0x3f
ARM GAS  C:\Users\Mark\AppData\Local\Temp\cc9rG8rD.s 			page 21


 1046 0119 19       		.uleb128 0x19
 1047 011a 3C       		.uleb128 0x3c
 1048 011b 19       		.uleb128 0x19
 1049 011c 00       		.byte	0
 1050 011d 00       		.byte	0
 1051 011e 17       		.uleb128 0x17
 1052 011f 35       		.uleb128 0x35
 1053 0120 00       		.byte	0
 1054 0121 49       		.uleb128 0x49
 1055 0122 13       		.uleb128 0x13
 1056 0123 00       		.byte	0
 1057 0124 00       		.byte	0
 1058 0125 18       		.uleb128 0x18
 1059 0126 34       		.uleb128 0x34
 1060 0127 00       		.byte	0
 1061 0128 03       		.uleb128 0x3
 1062 0129 0E       		.uleb128 0xe
 1063 012a 3A       		.uleb128 0x3a
 1064 012b 0B       		.uleb128 0xb
 1065 012c 3B       		.uleb128 0x3b
 1066 012d 0B       		.uleb128 0xb
 1067 012e 49       		.uleb128 0x49
 1068 012f 13       		.uleb128 0x13
 1069 0130 3F       		.uleb128 0x3f
 1070 0131 19       		.uleb128 0x19
 1071 0132 02       		.uleb128 0x2
 1072 0133 18       		.uleb128 0x18
 1073 0134 00       		.byte	0
 1074 0135 00       		.byte	0
 1075 0136 19       		.uleb128 0x19
 1076 0137 2E       		.uleb128 0x2e
 1077 0138 00       		.byte	0
 1078 0139 3F       		.uleb128 0x3f
 1079 013a 19       		.uleb128 0x19
 1080 013b 03       		.uleb128 0x3
 1081 013c 0E       		.uleb128 0xe
 1082 013d 3A       		.uleb128 0x3a
 1083 013e 0B       		.uleb128 0xb
 1084 013f 3B       		.uleb128 0x3b
 1085 0140 0B       		.uleb128 0xb
 1086 0141 27       		.uleb128 0x27
 1087 0142 19       		.uleb128 0x19
 1088 0143 49       		.uleb128 0x49
 1089 0144 13       		.uleb128 0x13
 1090 0145 3C       		.uleb128 0x3c
 1091 0146 19       		.uleb128 0x19
 1092 0147 00       		.byte	0
 1093 0148 00       		.byte	0
 1094 0149 1A       		.uleb128 0x1a
 1095 014a 2E       		.uleb128 0x2e
 1096 014b 01       		.byte	0x1
 1097 014c 3F       		.uleb128 0x3f
 1098 014d 19       		.uleb128 0x19
 1099 014e 03       		.uleb128 0x3
 1100 014f 0E       		.uleb128 0xe
 1101 0150 3A       		.uleb128 0x3a
 1102 0151 0B       		.uleb128 0xb
ARM GAS  C:\Users\Mark\AppData\Local\Temp\cc9rG8rD.s 			page 22


 1103 0152 3B       		.uleb128 0x3b
 1104 0153 0B       		.uleb128 0xb
 1105 0154 27       		.uleb128 0x27
 1106 0155 19       		.uleb128 0x19
 1107 0156 49       		.uleb128 0x49
 1108 0157 13       		.uleb128 0x13
 1109 0158 3C       		.uleb128 0x3c
 1110 0159 19       		.uleb128 0x19
 1111 015a 01       		.uleb128 0x1
 1112 015b 13       		.uleb128 0x13
 1113 015c 00       		.byte	0
 1114 015d 00       		.byte	0
 1115 015e 1B       		.uleb128 0x1b
 1116 015f 05       		.uleb128 0x5
 1117 0160 00       		.byte	0
 1118 0161 49       		.uleb128 0x49
 1119 0162 13       		.uleb128 0x13
 1120 0163 00       		.byte	0
 1121 0164 00       		.byte	0
 1122 0165 1C       		.uleb128 0x1c
 1123 0166 2E       		.uleb128 0x2e
 1124 0167 01       		.byte	0x1
 1125 0168 3F       		.uleb128 0x3f
 1126 0169 19       		.uleb128 0x19
 1127 016a 03       		.uleb128 0x3
 1128 016b 0E       		.uleb128 0xe
 1129 016c 3A       		.uleb128 0x3a
 1130 016d 0B       		.uleb128 0xb
 1131 016e 3B       		.uleb128 0x3b
 1132 016f 0B       		.uleb128 0xb
 1133 0170 27       		.uleb128 0x27
 1134 0171 19       		.uleb128 0x19
 1135 0172 3C       		.uleb128 0x3c
 1136 0173 19       		.uleb128 0x19
 1137 0174 01       		.uleb128 0x1
 1138 0175 13       		.uleb128 0x13
 1139 0176 00       		.byte	0
 1140 0177 00       		.byte	0
 1141 0178 00       		.byte	0
 1142              		.section	.debug_loc,"",%progbits
 1143              	.Ldebug_loc0:
 1144              	.LLST0:
 1145 0000 00000000 		.4byte	.LVL0
 1146 0004 07000000 		.4byte	.LVL1-1
 1147 0008 0100     		.2byte	0x1
 1148 000a 50       		.byte	0x50
 1149 000b 07000000 		.4byte	.LVL1-1
 1150 000f 74000000 		.4byte	.LFE64
 1151 0013 0400     		.2byte	0x4
 1152 0015 F3       		.byte	0xf3
 1153 0016 01       		.uleb128 0x1
 1154 0017 50       		.byte	0x50
 1155 0018 9F       		.byte	0x9f
 1156 0019 00000000 		.4byte	0
 1157 001d 00000000 		.4byte	0
 1158              	.LLST1:
 1159 0021 0E000000 		.4byte	.LVL3
ARM GAS  C:\Users\Mark\AppData\Local\Temp\cc9rG8rD.s 			page 23


 1160 0025 1C000000 		.4byte	.LVL5
 1161 0029 0100     		.2byte	0x1
 1162 002b 50       		.byte	0x50
 1163 002c 00000000 		.4byte	0
 1164 0030 00000000 		.4byte	0
 1165              	.LLST2:
 1166 0034 0E000000 		.4byte	.LVL3
 1167 0038 1C000000 		.4byte	.LVL5
 1168 003c 0100     		.2byte	0x1
 1169 003e 50       		.byte	0x50
 1170 003f 3C000000 		.4byte	.LVL10
 1171 0043 54000000 		.4byte	.LVL16
 1172 0047 0100     		.2byte	0x1
 1173 0049 55       		.byte	0x55
 1174 004a 00000000 		.4byte	0
 1175 004e 00000000 		.4byte	0
 1176              	.LLST3:
 1177 0052 0E000000 		.4byte	.LVL3
 1178 0056 1C000000 		.4byte	.LVL5
 1179 005a 0800     		.2byte	0x8
 1180 005c 70       		.byte	0x70
 1181 005d 00       		.sleb128 0
 1182 005e 08       		.byte	0x8
 1183 005f FF       		.byte	0xff
 1184 0060 1A       		.byte	0x1a
 1185 0061 31       		.byte	0x31
 1186 0062 1C       		.byte	0x1c
 1187 0063 9F       		.byte	0x9f
 1188 0064 00000000 		.4byte	0
 1189 0068 00000000 		.4byte	0
 1190              	.LLST4:
 1191 006c 1A000000 		.4byte	.LVL4
 1192 0070 3C000000 		.4byte	.LVL10
 1193 0074 0200     		.2byte	0x2
 1194 0076 75       		.byte	0x75
 1195 0077 00       		.sleb128 0
 1196 0078 3C000000 		.4byte	.LVL10
 1197 007c 54000000 		.4byte	.LVL16
 1198 0080 0200     		.2byte	0x2
 1199 0082 7D       		.byte	0x7d
 1200 0083 00       		.sleb128 0
 1201 0084 54000000 		.4byte	.LVL16
 1202 0088 60000000 		.4byte	.LVL19
 1203 008c 0200     		.2byte	0x2
 1204 008e 75       		.byte	0x75
 1205 008f 00       		.sleb128 0
 1206 0090 60000000 		.4byte	.LVL19
 1207 0094 64000000 		.4byte	.LVL20
 1208 0098 0200     		.2byte	0x2
 1209 009a 7D       		.byte	0x7d
 1210 009b 00       		.sleb128 0
 1211 009c 64000000 		.4byte	.LVL20
 1212 00a0 66000000 		.4byte	.LVL21
 1213 00a4 0800     		.2byte	0x8
 1214 00a6 77       		.byte	0x77
 1215 00a7 00       		.sleb128 0
 1216 00a8 76       		.byte	0x76
ARM GAS  C:\Users\Mark\AppData\Local\Temp\cc9rG8rD.s 			page 24


 1217 00a9 07       		.sleb128 7
 1218 00aa 09       		.byte	0x9
 1219 00ab F8       		.byte	0xf8
 1220 00ac 1A       		.byte	0x1a
 1221 00ad 1C       		.byte	0x1c
 1222 00ae 00000000 		.4byte	0
 1223 00b2 00000000 		.4byte	0
 1224              	.LLST5:
 1225 00b6 24000000 		.4byte	.LVL6
 1226 00ba 28000000 		.4byte	.LVL7
 1227 00be 0200     		.2byte	0x2
 1228 00c0 30       		.byte	0x30
 1229 00c1 9F       		.byte	0x9f
 1230 00c2 28000000 		.4byte	.LVL7
 1231 00c6 42000000 		.4byte	.LVL12
 1232 00ca 0100     		.2byte	0x1
 1233 00cc 54       		.byte	0x54
 1234 00cd 54000000 		.4byte	.LVL16
 1235 00d1 60000000 		.4byte	.LVL19
 1236 00d5 0100     		.2byte	0x1
 1237 00d7 54       		.byte	0x54
 1238 00d8 00000000 		.4byte	0
 1239 00dc 00000000 		.4byte	0
 1240              	.LLST6:
 1241 00e0 40000000 		.4byte	.LVL11
 1242 00e4 44000000 		.4byte	.LVL13
 1243 00e8 0200     		.2byte	0x2
 1244 00ea 30       		.byte	0x30
 1245 00eb 9F       		.byte	0x9f
 1246 00ec 44000000 		.4byte	.LVL13
 1247 00f0 54000000 		.4byte	.LVL16
 1248 00f4 0100     		.2byte	0x1
 1249 00f6 54       		.byte	0x54
 1250 00f7 00000000 		.4byte	0
 1251 00fb 00000000 		.4byte	0
 1252              	.LLST7:
 1253 00ff 00000000 		.4byte	.LVL22
 1254 0103 08000000 		.4byte	.LVL23
 1255 0107 0100     		.2byte	0x1
 1256 0109 50       		.byte	0x50
 1257 010a 08000000 		.4byte	.LVL23
 1258 010e 6A000000 		.4byte	.LVL40
 1259 0112 0100     		.2byte	0x1
 1260 0114 56       		.byte	0x56
 1261 0115 6A000000 		.4byte	.LVL40
 1262 0119 78000000 		.4byte	.LFE63
 1263 011d 0400     		.2byte	0x4
 1264 011f F3       		.byte	0xf3
 1265 0120 01       		.uleb128 0x1
 1266 0121 50       		.byte	0x50
 1267 0122 9F       		.byte	0x9f
 1268 0123 00000000 		.4byte	0
 1269 0127 00000000 		.4byte	0
 1270              	.LLST8:
 1271 012b 00000000 		.4byte	.LVL22
 1272 012f 0B000000 		.4byte	.LVL24-1
 1273 0133 0100     		.2byte	0x1
ARM GAS  C:\Users\Mark\AppData\Local\Temp\cc9rG8rD.s 			page 25


 1274 0135 51       		.byte	0x51
 1275 0136 0B000000 		.4byte	.LVL24-1
 1276 013a 6A000000 		.4byte	.LVL40
 1277 013e 0100     		.2byte	0x1
 1278 0140 54       		.byte	0x54
 1279 0141 6A000000 		.4byte	.LVL40
 1280 0145 78000000 		.4byte	.LFE63
 1281 0149 0400     		.2byte	0x4
 1282 014b F3       		.byte	0xf3
 1283 014c 01       		.uleb128 0x1
 1284 014d 51       		.byte	0x51
 1285 014e 9F       		.byte	0x9f
 1286 014f 00000000 		.4byte	0
 1287 0153 00000000 		.4byte	0
 1288              	.LLST9:
 1289 0157 14000000 		.4byte	.LVL25
 1290 015b 1A000000 		.4byte	.LVL26
 1291 015f 0100     		.2byte	0x1
 1292 0161 50       		.byte	0x50
 1293 0162 24000000 		.4byte	.LVL28
 1294 0166 2A000000 		.4byte	.LVL29
 1295 016a 0100     		.2byte	0x1
 1296 016c 50       		.byte	0x50
 1297 016d 34000000 		.4byte	.LVL31
 1298 0171 3A000000 		.4byte	.LVL32
 1299 0175 0100     		.2byte	0x1
 1300 0177 50       		.byte	0x50
 1301 0178 46000000 		.4byte	.LVL34
 1302 017c 4E000000 		.4byte	.LVL35
 1303 0180 0100     		.2byte	0x1
 1304 0182 50       		.byte	0x50
 1305 0183 00000000 		.4byte	0
 1306 0187 00000000 		.4byte	0
 1307              	.LLST10:
 1308 018b 4E000000 		.4byte	.LVL35
 1309 018f 68000000 		.4byte	.LVL39
 1310 0193 0100     		.2byte	0x1
 1311 0195 55       		.byte	0x55
 1312 0196 00000000 		.4byte	0
 1313 019a 00000000 		.4byte	0
 1314              		.section	.debug_aranges,"",%progbits
 1315 0000 24000000 		.4byte	0x24
 1316 0004 0200     		.2byte	0x2
 1317 0006 00000000 		.4byte	.Ldebug_info0
 1318 000a 04       		.byte	0x4
 1319 000b 00       		.byte	0
 1320 000c 0000     		.2byte	0
 1321 000e 0000     		.2byte	0
 1322 0010 00000000 		.4byte	.LFB64
 1323 0014 74000000 		.4byte	.LFE64-.LFB64
 1324 0018 00000000 		.4byte	.LFB63
 1325 001c 78000000 		.4byte	.LFE63-.LFB63
 1326 0020 00000000 		.4byte	0
 1327 0024 00000000 		.4byte	0
 1328              		.section	.debug_ranges,"",%progbits
 1329              	.Ldebug_ranges0:
 1330 0000 00000000 		.4byte	.LFB64
ARM GAS  C:\Users\Mark\AppData\Local\Temp\cc9rG8rD.s 			page 26


 1331 0004 74000000 		.4byte	.LFE64
 1332 0008 00000000 		.4byte	.LFB63
 1333 000c 78000000 		.4byte	.LFE63
 1334 0010 00000000 		.4byte	0
 1335 0014 00000000 		.4byte	0
 1336              		.section	.debug_line,"",%progbits
 1337              	.Ldebug_line0:
 1338 0000 82020000 		.section	.debug_str,"MS",%progbits,1
 1338      02000E02 
 1338      00000201 
 1338      FB0E0D00 
 1338      01010101 
 1339              	.LASF5:
 1340 0000 73697A65 		.ascii	"size_t\000"
 1340      5F7400
 1341              	.LASF29:
 1342 0007 4573705F 		.ascii	"Esp_UART_GetRxBufferSize\000"
 1342      55415254 
 1342      5F476574 
 1342      52784275 
 1342      66666572 
 1343              	.LASF6:
 1344 0020 5F5F696E 		.ascii	"__int32_t\000"
 1344      7433325F 
 1344      7400
 1345              	.LASF25:
 1346 002a 626C616E 		.ascii	"blank\000"
 1346      6B00
 1347              	.LASF38:
 1348 0030 453A5C44 		.ascii	"E:\\Documents\\GitHub\\WiFiChessBoard\\Micro\\Bootl"
 1348      6F63756D 
 1348      656E7473 
 1348      5C476974 
 1348      4875625C 
 1349 005e 6F616461 		.ascii	"oadable.cydsn\000"
 1349      626C652E 
 1349      63796473 
 1349      6E00
 1350              	.LASF16:
 1351 006c 666C6F61 		.ascii	"float\000"
 1351      7400
 1352              	.LASF19:
 1353 0072 73697A65 		.ascii	"size\000"
 1353      00
 1354              	.LASF18:
 1355 0077 63686172 		.ascii	"char8\000"
 1355      3800
 1356              	.LASF8:
 1357 007d 6C6F6E67 		.ascii	"long unsigned int\000"
 1357      20756E73 
 1357      69676E65 
 1357      6420696E 
 1357      7400
 1358              	.LASF20:
 1359 008f 74656D70 		.ascii	"temp\000"
 1359      00
 1360              	.LASF4:
ARM GAS  C:\Users\Mark\AppData\Local\Temp\cc9rG8rD.s 			page 27


 1361 0094 73686F72 		.ascii	"short unsigned int\000"
 1361      7420756E 
 1361      7369676E 
 1361      65642069 
 1361      6E7400
 1362              	.LASF27:
 1363 00a7 72656376 		.ascii	"recv\000"
 1363      00
 1364              	.LASF26:
 1365 00ac 49544D5F 		.ascii	"ITM_RxBuffer\000"
 1365      52784275 
 1365      66666572 
 1365      00
 1366              	.LASF31:
 1367 00b9 7374726E 		.ascii	"strncpy\000"
 1367      63707900 
 1368              	.LASF2:
 1369 00c1 756E7369 		.ascii	"unsigned char\000"
 1369      676E6564 
 1369      20636861 
 1369      7200
 1370              	.LASF17:
 1371 00cf 646F7562 		.ascii	"double\000"
 1371      6C6500
 1372              	.LASF15:
 1373 00d6 75696E74 		.ascii	"uint32\000"
 1373      333200
 1374              	.LASF0:
 1375 00dd 756E7369 		.ascii	"unsigned int\000"
 1375      676E6564 
 1375      20696E74 
 1375      00
 1376              	.LASF33:
 1377 00ea 4573705F 		.ascii	"Esp_UART_PutChar\000"
 1377      55415254 
 1377      5F507574 
 1377      43686172 
 1377      00
 1378              	.LASF10:
 1379 00fb 6C6F6E67 		.ascii	"long long unsigned int\000"
 1379      206C6F6E 
 1379      6720756E 
 1379      7369676E 
 1379      65642069 
 1380              	.LASF35:
 1381 0112 4573705F 		.ascii	"Esp_UART_PutString\000"
 1381      55415254 
 1381      5F507574 
 1381      53747269 
 1381      6E6700
 1382              	.LASF34:
 1383 0125 61746F69 		.ascii	"atoi\000"
 1383      00
 1384              	.LASF23:
 1385 012a 74696D65 		.ascii	"time\000"
 1385      00
 1386              	.LASF24:
ARM GAS  C:\Users\Mark\AppData\Local\Temp\cc9rG8rD.s 			page 28


 1387 012f 6E756D42 		.ascii	"numBytes\000"
 1387      79746573 
 1387      00
 1388              	.LASF21:
 1389 0138 6573705F 		.ascii	"esp_helper\000"
 1389      68656C70 
 1389      657200
 1390              	.LASF11:
 1391 0143 73697A65 		.ascii	"sizetype\000"
 1391      74797065 
 1391      00
 1392              	.LASF9:
 1393 014c 6C6F6E67 		.ascii	"long long int\000"
 1393      206C6F6E 
 1393      6720696E 
 1393      7400
 1394              	.LASF12:
 1395 015a 63686172 		.ascii	"char\000"
 1395      00
 1396              	.LASF37:
 1397 015f 2E5C6573 		.ascii	".\\espwifi.c\000"
 1397      70776966 
 1397      692E6300 
 1398              	.LASF13:
 1399 016b 696E7433 		.ascii	"int32_t\000"
 1399      325F7400 
 1400              	.LASF3:
 1401 0173 73686F72 		.ascii	"short int\000"
 1401      7420696E 
 1401      7400
 1402              	.LASF28:
 1403 017d 4573705F 		.ascii	"Esp_UART_GetChar\000"
 1403      55415254 
 1403      5F476574 
 1403      43686172 
 1403      00
 1404              	.LASF14:
 1405 018e 75696E74 		.ascii	"uint8\000"
 1405      3800
 1406              	.LASF36:
 1407 0194 474E5520 		.ascii	"GNU C 4.9.3 20150303 (release) [ARM/embedded-4_9-br"
 1407      4320342E 
 1407      392E3320 
 1407      32303135 
 1407      30333033 
 1408 01c7 616E6368 		.ascii	"anch revision 221220] -mcpu=cortex-m3 -mthumb -g -O"
 1408      20726576 
 1408      6973696F 
 1408      6E203232 
 1408      31323230 
 1409 01fa 67202D73 		.ascii	"g -std=gnu99 -ffunction-sections -ffat-lto-objects\000"
 1409      74643D67 
 1409      6E753939 
 1409      202D6666 
 1409      756E6374 
 1410              	.LASF7:
 1411 022d 6C6F6E67 		.ascii	"long int\000"
ARM GAS  C:\Users\Mark\AppData\Local\Temp\cc9rG8rD.s 			page 29


 1411      20696E74 
 1411      00
 1412              	.LASF1:
 1413 0236 7369676E 		.ascii	"signed char\000"
 1413      65642063 
 1413      68617200 
 1414              	.LASF22:
 1415 0242 6573705F 		.ascii	"esp_transmit\000"
 1415      7472616E 
 1415      736D6974 
 1415      00
 1416              	.LASF30:
 1417 024f 73747273 		.ascii	"strstr\000"
 1417      747200
 1418              	.LASF32:
 1419 0256 43794465 		.ascii	"CyDelay\000"
 1419      6C617900 
 1420              		.ident	"GCC: (GNU Tools for ARM Embedded Processors) 4.9.3 20150303 (release) [ARM/embedded-4_9-br
