ARM GAS  C:\Users\Kyle\AppData\Local\Temp\ccFcmroh.s 			page 1


   1              		.syntax unified
   2              		.cpu cortex-m3
   3              		.fpu softvfp
   4              		.eabi_attribute 20, 1
   5              		.eabi_attribute 21, 1
   6              		.eabi_attribute 23, 3
   7              		.eabi_attribute 24, 1
   8              		.eabi_attribute 25, 1
   9              		.eabi_attribute 26, 1
  10              		.eabi_attribute 30, 1
  11              		.eabi_attribute 34, 1
  12              		.eabi_attribute 18, 4
  13              		.thumb
  14              		.file	"main.c"
  15              		.text
  16              	.Ltext0:
  17              		.cfi_sections	.debug_frame
  18              		.section	.text.init,"ax",%progbits
  19              		.align	2
  20              		.global	init
  21              		.thumb
  22              		.thumb_func
  23              		.type	init, %function
  24              	init:
  25              	.LFB64:
  26              		.file 1 ".\\main.c"
   1:.\main.c      **** #include "main.h"
   2:.\main.c      **** 
   3:.\main.c      **** int main() {
   4:.\main.c      ****     
   5:.\main.c      ****     init();
   6:.\main.c      ****     
   7:.\main.c      ****     while(1) {
   8:.\main.c      **** 
   9:.\main.c      ****         debug();
  10:.\main.c      ****         
  11:.\main.c      ****     }
  12:.\main.c      **** }
  13:.\main.c      **** 
  14:.\main.c      **** /*
  15:.\main.c      **** int main() {
  16:.\main.c      ****     
  17:.\main.c      ****     init();
  18:.\main.c      ****     
  19:.\main.c      ****     CyDelay(1000);
  20:.\main.c      ****     
  21:.\main.c      ****     Esp_UART_PutString("AT\n\n");
  22:.\main.c      ****     
  23:.\main.c      ****     while(1) {
  24:.\main.c      **** 
  25:.\main.c      ****         if(Debug_UART_GetRxBufferSize() > 0) {
  26:.\main.c      ****             char temp = Debug_UART_GetChar();
  27:.\main.c      ****             Esp_UART_PutChar(temp);
  28:.\main.c      ****             if(temp == '\r') Esp_UART_PutChar('\n');
  29:.\main.c      ****         }
  30:.\main.c      ****         if(Esp_UART_GetRxBufferSize() > 0) {
  31:.\main.c      ****             Debug_UART_PutChar(Esp_UART_GetChar());
ARM GAS  C:\Users\Kyle\AppData\Local\Temp\ccFcmroh.s 			page 2


  32:.\main.c      ****         }
  33:.\main.c      ****         
  34:.\main.c      ****     }
  35:.\main.c      **** }
  36:.\main.c      **** */
  37:.\main.c      **** 
  38:.\main.c      **** void init() {
  27              		.loc 1 38 0
  28              		.cfi_startproc
  29              		@ args = 0, pretend = 0, frame = 0
  30              		@ frame_needed = 0, uses_anonymous_args = 0
  31 0000 08B5     		push	{r3, lr}
  32              		.cfi_def_cfa_offset 8
  33              		.cfi_offset 3, -8
  34              		.cfi_offset 14, -4
  39:.\main.c      ****     CyGlobalIntEnable;
  35              		.loc 1 39 0
  36              	@ 39 ".\main.c" 1
  37 0002 62B6     		CPSIE   i
  38              	@ 0 "" 2
  40:.\main.c      ****     
  41:.\main.c      ****     Debug_UART_Start();
  39              		.loc 1 41 0
  40              		.thumb
  41 0004 FFF7FEFF 		bl	Debug_UART_Start
  42              	.LVL0:
  42:.\main.c      ****     Debug_UART_PutString("CSE 4940: Wireless Chess Board\r\n\r\n");
  43              		.loc 1 42 0
  44 0008 0348     		ldr	r0, .L3
  45 000a FFF7FEFF 		bl	Debug_UART_PutString
  46              	.LVL1:
  43:.\main.c      ****     
  44:.\main.c      ****     Esp_UART_Start();
  47              		.loc 1 44 0
  48 000e FFF7FEFF 		bl	Esp_UART_Start
  49              	.LVL2:
  45:.\main.c      ****     
  46:.\main.c      ****     LCD_Start();
  50              		.loc 1 46 0
  51 0012 FFF7FEFF 		bl	LCD_Start
  52              	.LVL3:
  53 0016 08BD     		pop	{r3, pc}
  54              	.L4:
  55              		.align	2
  56              	.L3:
  57 0018 00000000 		.word	.LC0
  58              		.cfi_endproc
  59              	.LFE64:
  60              		.size	init, .-init
  61              		.section	.text.debug,"ax",%progbits
  62              		.align	2
  63              		.global	debug
  64              		.thumb
  65              		.thumb_func
  66              		.type	debug, %function
  67              	debug:
  68              	.LFB65:
ARM GAS  C:\Users\Kyle\AppData\Local\Temp\ccFcmroh.s 			page 3


  47:.\main.c      **** }
  48:.\main.c      **** 
  49:.\main.c      **** void debug() {
  69              		.loc 1 49 0
  70              		.cfi_startproc
  71              		@ args = 0, pretend = 0, frame = 88
  72              		@ frame_needed = 0, uses_anonymous_args = 0
  73 0000 30B5     		push	{r4, r5, lr}
  74              		.cfi_def_cfa_offset 12
  75              		.cfi_offset 4, -12
  76              		.cfi_offset 5, -8
  77              		.cfi_offset 14, -4
  78 0002 97B0     		sub	sp, sp, #92
  79              		.cfi_def_cfa_offset 104
  50:.\main.c      **** 
  51:.\main.c      ****     char message[64] = "";
  80              		.loc 1 51 0
  81 0004 0021     		movs	r1, #0
  82 0006 0691     		str	r1, [sp, #24]
  83 0008 07A8     		add	r0, sp, #28
  84 000a 3C22     		movs	r2, #60
  85 000c FFF7FEFF 		bl	memset
  86              	.LVL4:
  52:.\main.c      ****     char temp;
  53:.\main.c      ****     char length;
  54:.\main.c      **** 
  55:.\main.c      ****     if(Debug_UART_GetRxBufferSize() > 0) {
  87              		.loc 1 55 0
  88 0010 FFF7FEFF 		bl	Debug_UART_GetRxBufferSize
  89              	.LVL5:
  90 0014 68B9     		cbnz	r0, .L32
  91 0016 FAE0     		b	.L5
  92              	.LVL6:
  93              	.L9:
  94              	.LBB2:
  95              	.LBB3:
  56:.\main.c      **** 
  57:.\main.c      ****         for(int i = 0; (temp = Debug_UART_GetChar()) != '\r'; i++) {
  58:.\main.c      ****             Debug_UART_PutChar(temp);
  96              		.loc 1 58 0
  97 0018 2046     		mov	r0, r4
  98              	.LVL7:
  99 001a FFF7FEFF 		bl	Debug_UART_PutChar
 100              	.LVL8:
  59:.\main.c      ****             message[i] = temp;
 101              		.loc 1 59 0
 102 001e 16AB     		add	r3, sp, #88
 103 0020 2B44     		add	r3, r3, r5
 104 0022 03F8404C 		strb	r4, [r3, #-64]
 105              	.L8:
  60:.\main.c      ****             while(Debug_UART_GetRxBufferSize() == 0);
 106              		.loc 1 60 0 discriminator 1
 107 0026 FFF7FEFF 		bl	Debug_UART_GetRxBufferSize
 108              	.LVL9:
 109 002a 0028     		cmp	r0, #0
 110 002c FBD0     		beq	.L8
  57:.\main.c      ****             Debug_UART_PutChar(temp);
ARM GAS  C:\Users\Kyle\AppData\Local\Temp\ccFcmroh.s 			page 4


 111              		.loc 1 57 0 discriminator 2
 112 002e 0135     		adds	r5, r5, #1
 113              	.LVL10:
 114 0030 00E0     		b	.L6
 115              	.LVL11:
 116              	.L32:
 117              	.LBE3:
 118              	.LBE2:
 119 0032 0025     		movs	r5, #0
 120              	.L6:
 121              	.LVL12:
 122              	.LBB13:
 123              	.LBB4:
  57:.\main.c      ****             Debug_UART_PutChar(temp);
 124              		.loc 1 57 0 is_stmt 0 discriminator 1
 125 0034 FFF7FEFF 		bl	Debug_UART_GetChar
 126              	.LVL13:
 127 0038 0446     		mov	r4, r0
 128              	.LVL14:
 129 003a 0D28     		cmp	r0, #13
 130 003c ECD1     		bne	.L9
 131              	.LBE4:
  61:.\main.c      ****         }
  62:.\main.c      ****         
  63:.\main.c      ****         Debug_UART_PutString("\r\n");
 132              		.loc 1 63 0 is_stmt 1
 133 003e 7548     		ldr	r0, .L37
 134              	.LVL15:
 135 0040 FFF7FEFF 		bl	Debug_UART_PutString
 136              	.LVL16:
  64:.\main.c      ****         Debug_UART_ClearRxBuffer();
 137              		.loc 1 64 0
 138 0044 FFF7FEFF 		bl	Debug_UART_ClearRxBuffer
 139              	.LVL17:
  65:.\main.c      **** 
  66:.\main.c      ****         length = strlen(message);
 140              		.loc 1 66 0
 141 0048 06A8     		add	r0, sp, #24
 142 004a FFF7FEFF 		bl	strlen
 143              	.LVL18:
 144 004e C2B2     		uxtb	r2, r0
 145              	.LVL19:
  67:.\main.c      **** 
  68:.\main.c      ****         char num[16] = "";
 146              		.loc 1 68 0
 147 0050 0023     		movs	r3, #0
 148 0052 0293     		str	r3, [sp, #8]
 149 0054 0393     		str	r3, [sp, #12]
 150 0056 0493     		str	r3, [sp, #16]
 151 0058 0593     		str	r3, [sp, #20]
  69:.\main.c      ****         switch(message[0]) {
 152              		.loc 1 69 0
 153 005a 9DF81830 		ldrb	r3, [sp, #24]	@ zero_extendqisi2
 154 005e 653B     		subs	r3, r3, #101
 155 0060 142B     		cmp	r3, #20
 156 0062 00F2D480 		bhi	.L5
 157 0066 DFE803F0 		tbb	[pc, r3]
ARM GAS  C:\Users\Kyle\AppData\Local\Temp\ccFcmroh.s 			page 5


 158              	.L12:
 159 006a 5F       		.byte	(.L11-.L12)/2
 160 006b D2       		.byte	(.L5-.L12)/2
 161 006c D2       		.byte	(.L5-.L12)/2
 162 006d 59       		.byte	(.L13-.L12)/2
 163 006e D2       		.byte	(.L5-.L12)/2
 164 006f D2       		.byte	(.L5-.L12)/2
 165 0070 D2       		.byte	(.L5-.L12)/2
 166 0071 98       		.byte	(.L14-.L12)/2
 167 0072 D2       		.byte	(.L5-.L12)/2
 168 0073 D2       		.byte	(.L5-.L12)/2
 169 0074 D2       		.byte	(.L5-.L12)/2
 170 0075 D2       		.byte	(.L5-.L12)/2
 171 0076 D2       		.byte	(.L5-.L12)/2
 172 0077 75       		.byte	(.L15-.L12)/2
 173 0078 D2       		.byte	(.L5-.L12)/2
 174 0079 C6       		.byte	(.L16-.L12)/2
 175 007a D2       		.byte	(.L5-.L12)/2
 176 007b D2       		.byte	(.L5-.L12)/2
 177 007c AB       		.byte	(.L17-.L12)/2
 178 007d 0B       		.byte	(.L18-.L12)/2
 179 007e 32       		.byte	(.L19-.L12)/2
 180 007f 00       		.p2align 1
 181              	.L18:
  70:.\main.c      ****             case 'x':
  71:.\main.c      ****                 if(length > 3) {
 182              		.loc 1 71 0
 183 0080 032A     		cmp	r2, #3
 184 0082 0AD8     		bhi	.L33
 185 0084 C3E0     		b	.L5
 186              	.LVL20:
 187              	.L21:
 188              	.LBB5:
  72:.\main.c      ****                     for(int i = 3; i < length; i++) {
  73:.\main.c      ****                         num[i - 3] = message[i];
 189              		.loc 1 73 0 discriminator 3
 190 0086 16AA     		add	r2, sp, #88
 191 0088 1A44     		add	r2, r2, r3
 192 008a 12F8401C 		ldrb	r1, [r2, #-64]	@ zero_extendqisi2
 193 008e 16AA     		add	r2, sp, #88
 194 0090 1A44     		add	r2, r2, r3
 195 0092 02F8531C 		strb	r1, [r2, #-83]
  72:.\main.c      ****                     for(int i = 3; i < length; i++) {
 196              		.loc 1 72 0 discriminator 3
 197 0096 0133     		adds	r3, r3, #1
 198              	.LVL21:
 199 0098 00E0     		b	.L20
 200              	.LVL22:
 201              	.L33:
 202              	.LBE5:
 203 009a 0323     		movs	r3, #3
 204              	.LVL23:
 205              	.L20:
 206 009c C2B2     		uxtb	r2, r0
 207              	.LBB6:
  72:.\main.c      ****                     for(int i = 3; i < length; i++) {
 208              		.loc 1 72 0 is_stmt 0 discriminator 1
ARM GAS  C:\Users\Kyle\AppData\Local\Temp\ccFcmroh.s 			page 6


 209 009e 9A42     		cmp	r2, r3
 210 00a0 F1DC     		bgt	.L21
 211              	.LBE6:
  74:.\main.c      ****                     }
  75:.\main.c      ****                     if(message[2] == '-') {
 212              		.loc 1 75 0 is_stmt 1
 213 00a2 9DF81A30 		ldrb	r3, [sp, #26]	@ zero_extendqisi2
 214              	.LVL24:
 215 00a6 2D2B     		cmp	r3, #45
 216 00a8 07D1     		bne	.L22
  76:.\main.c      ****                         move_x((int16) (atoi(num)*-1));
 217              		.loc 1 76 0
 218 00aa 02A8     		add	r0, sp, #8
 219              	.LVL25:
 220 00ac FFF7FEFF 		bl	atoi
 221              	.LVL26:
 222 00b0 4042     		negs	r0, r0
 223 00b2 00B2     		sxth	r0, r0
 224 00b4 FFF7FEFF 		bl	move_x
 225              	.LVL27:
 226 00b8 05E0     		b	.L23
 227              	.LVL28:
 228              	.L22:
  77:.\main.c      ****                     } else {
  78:.\main.c      ****                         move_x((int16) (atoi(num)));
 229              		.loc 1 78 0
 230 00ba 02A8     		add	r0, sp, #8
 231              	.LVL29:
 232 00bc FFF7FEFF 		bl	atoi
 233              	.LVL30:
 234 00c0 00B2     		sxth	r0, r0
 235 00c2 FFF7FEFF 		bl	move_x
 236              	.LVL31:
 237              	.L23:
  79:.\main.c      ****                     }
  80:.\main.c      ****                     Debug_UART_PutString("moving x\r\n\r\n");
 238              		.loc 1 80 0
 239 00c6 5448     		ldr	r0, .L37+4
 240 00c8 FFF7FEFF 		bl	Debug_UART_PutString
 241              	.LVL32:
 242 00cc 9FE0     		b	.L5
 243              	.LVL33:
 244              	.L19:
  81:.\main.c      ****                 }
  82:.\main.c      ****                 break;
  83:.\main.c      ****             case 'y' :
  84:.\main.c      ****                 if(length > 3) {
 245              		.loc 1 84 0
 246 00ce 032A     		cmp	r2, #3
 247 00d0 0AD8     		bhi	.L34
 248 00d2 9CE0     		b	.L5
 249              	.LVL34:
 250              	.L25:
 251              	.LBB7:
  85:.\main.c      ****                     for(int i = 3; i < length; i++) {
  86:.\main.c      ****                         num[i - 3] = message[i];
 252              		.loc 1 86 0 discriminator 3
ARM GAS  C:\Users\Kyle\AppData\Local\Temp\ccFcmroh.s 			page 7


 253 00d4 16AA     		add	r2, sp, #88
 254 00d6 1A44     		add	r2, r2, r3
 255 00d8 12F8401C 		ldrb	r1, [r2, #-64]	@ zero_extendqisi2
 256 00dc 16AA     		add	r2, sp, #88
 257 00de 1A44     		add	r2, r2, r3
 258 00e0 02F8531C 		strb	r1, [r2, #-83]
  85:.\main.c      ****                     for(int i = 3; i < length; i++) {
 259              		.loc 1 85 0 discriminator 3
 260 00e4 0133     		adds	r3, r3, #1
 261              	.LVL35:
 262 00e6 00E0     		b	.L24
 263              	.LVL36:
 264              	.L34:
 265              	.LBE7:
 266 00e8 0323     		movs	r3, #3
 267              	.LVL37:
 268              	.L24:
 269 00ea C2B2     		uxtb	r2, r0
 270              	.LBB8:
  85:.\main.c      ****                     for(int i = 3; i < length; i++) {
 271              		.loc 1 85 0 is_stmt 0 discriminator 1
 272 00ec 9A42     		cmp	r2, r3
 273 00ee F1DC     		bgt	.L25
 274              	.LBE8:
  87:.\main.c      ****                     }
  88:.\main.c      ****                     if(message[2] == '-') {
 275              		.loc 1 88 0 is_stmt 1
 276 00f0 9DF81A30 		ldrb	r3, [sp, #26]	@ zero_extendqisi2
 277              	.LVL38:
 278 00f4 2D2B     		cmp	r3, #45
 279 00f6 07D1     		bne	.L26
  89:.\main.c      ****                         move_y((int16) (atoi(num)*-1));
 280              		.loc 1 89 0
 281 00f8 02A8     		add	r0, sp, #8
 282              	.LVL39:
 283 00fa FFF7FEFF 		bl	atoi
 284              	.LVL40:
 285 00fe 4042     		negs	r0, r0
 286 0100 00B2     		sxth	r0, r0
 287 0102 FFF7FEFF 		bl	move_y
 288              	.LVL41:
 289 0106 05E0     		b	.L27
 290              	.LVL42:
 291              	.L26:
  90:.\main.c      ****                     } else {
  91:.\main.c      ****                         move_y((int16) (atoi(num)));
 292              		.loc 1 91 0
 293 0108 02A8     		add	r0, sp, #8
 294              	.LVL43:
 295 010a FFF7FEFF 		bl	atoi
 296              	.LVL44:
 297 010e 00B2     		sxth	r0, r0
 298 0110 FFF7FEFF 		bl	move_y
 299              	.LVL45:
 300              	.L27:
  92:.\main.c      ****                     }
  93:.\main.c      ****                     Debug_UART_PutString("moving y\r\n\r\n");
ARM GAS  C:\Users\Kyle\AppData\Local\Temp\ccFcmroh.s 			page 8


 301              		.loc 1 93 0
 302 0114 4148     		ldr	r0, .L37+8
 303 0116 FFF7FEFF 		bl	Debug_UART_PutString
 304              	.LVL46:
 305 011a 78E0     		b	.L5
 306              	.LVL47:
 307              	.L13:
  94:.\main.c      ****                 }
  95:.\main.c      ****                 break;
  96:.\main.c      ****             case 'h':
  97:.\main.c      ****                 move_home();
 308              		.loc 1 97 0
 309 011c FFF7FEFF 		bl	move_home
 310              	.LVL48:
  98:.\main.c      ****                 Debug_UART_PutString("moving home\r\n\r\n");
 311              		.loc 1 98 0
 312 0120 3F48     		ldr	r0, .L37+12
 313 0122 FFF7FEFF 		bl	Debug_UART_PutString
 314              	.LVL49:
  99:.\main.c      ****                 break;
 315              		.loc 1 99 0
 316 0126 72E0     		b	.L5
 317              	.LVL50:
 318              	.L11:
 100:.\main.c      ****             case 'e':
 101:.\main.c      ****                 if(message[2] == 'o' && message[3] == 'n') {
 319              		.loc 1 101 0
 320 0128 9DF81A30 		ldrb	r3, [sp, #26]	@ zero_extendqisi2
 321 012c 6F2B     		cmp	r3, #111
 322 012e 0AD1     		bne	.L28
 323              		.loc 1 101 0 is_stmt 0 discriminator 1
 324 0130 9DF81B30 		ldrb	r3, [sp, #27]	@ zero_extendqisi2
 325 0134 6E2B     		cmp	r3, #110
 326 0136 06D1     		bne	.L28
 102:.\main.c      ****                     Em_Write(1);
 327              		.loc 1 102 0 is_stmt 1
 328 0138 0120     		movs	r0, #1
 329 013a FFF7FEFF 		bl	Em_Write
 330              	.LVL51:
 103:.\main.c      ****                     Debug_UART_PutString("magnet now on\r\n\r\n");
 331              		.loc 1 103 0
 332 013e 3948     		ldr	r0, .L37+16
 333 0140 FFF7FEFF 		bl	Debug_UART_PutString
 334              	.LVL52:
 335 0144 63E0     		b	.L5
 336              	.LVL53:
 337              	.L28:
 104:.\main.c      ****                 } else {
 105:.\main.c      ****                     Em_Write(0);
 338              		.loc 1 105 0
 339 0146 0020     		movs	r0, #0
 340 0148 FFF7FEFF 		bl	Em_Write
 341              	.LVL54:
 106:.\main.c      ****                     Debug_UART_PutString("magnet now off\r\n\r\n");
 342              		.loc 1 106 0
 343 014c 3648     		ldr	r0, .L37+20
 344 014e FFF7FEFF 		bl	Debug_UART_PutString
ARM GAS  C:\Users\Kyle\AppData\Local\Temp\ccFcmroh.s 			page 9


 345              	.LVL55:
 346 0152 5CE0     		b	.L5
 347              	.LVL56:
 348              	.L15:
 107:.\main.c      ****                 }
 108:.\main.c      ****                 break;
 109:.\main.c      ****             case 'r':
 110:.\main.c      ****                 read_reed_switches();
 349              		.loc 1 110 0
 350 0154 FFF7FEFF 		bl	read_reed_switches
 351              	.LVL57:
 352              	.LBB9:
 111:.\main.c      ****                 for(int i = 0; i < 8; i++) {
 353              		.loc 1 111 0
 354 0158 0025     		movs	r5, #0
 355              	.LVL58:
 356 015a 1BE0     		b	.L29
 357              	.LVL59:
 358              	.L30:
 359              	.LBB10:
 360              	.LBB11:
 112:.\main.c      ****                     for(int j = 0; j < 12; j++) {
 113:.\main.c      ****                         char on[4] = "";
 361              		.loc 1 113 0 discriminator 3
 362 015c 0023     		movs	r3, #0
 363 015e 0193     		str	r3, [sp, #4]
 114:.\main.c      ****                         on[0] = on[2] = ' ';
 364              		.loc 1 114 0 discriminator 3
 365 0160 2023     		movs	r3, #32
 366 0162 8DF80630 		strb	r3, [sp, #6]
 367 0166 8DF80430 		strb	r3, [sp, #4]
 115:.\main.c      ****                         on[1] = board[i][j] + 48;
 368              		.loc 1 115 0 discriminator 3
 369 016a 05EB4503 		add	r3, r5, r5, lsl #1
 370 016e 9B00     		lsls	r3, r3, #2
 371 0170 2344     		add	r3, r3, r4
 372 0172 2E4A     		ldr	r2, .L37+24
 373 0174 D35C     		ldrb	r3, [r2, r3]	@ zero_extendqisi2
 374 0176 3033     		adds	r3, r3, #48
 375 0178 8DF80530 		strb	r3, [sp, #5]
 116:.\main.c      ****                         Debug_UART_PutString(on);
 376              		.loc 1 116 0 discriminator 3
 377 017c 01A8     		add	r0, sp, #4
 378 017e FFF7FEFF 		bl	Debug_UART_PutString
 379              	.LVL60:
 380              	.LBE11:
 112:.\main.c      ****                         char on[4] = "";
 381              		.loc 1 112 0 discriminator 3
 382 0182 0134     		adds	r4, r4, #1
 383              	.LVL61:
 384 0184 00E0     		b	.L31
 385              	.LVL62:
 386              	.L35:
 387              	.LBE10:
 388 0186 0024     		movs	r4, #0
 389              	.L31:
 390              	.LVL63:
ARM GAS  C:\Users\Kyle\AppData\Local\Temp\ccFcmroh.s 			page 10


 391              	.LBB12:
 112:.\main.c      ****                         char on[4] = "";
 392              		.loc 1 112 0 is_stmt 0 discriminator 1
 393 0188 0B2C     		cmp	r4, #11
 394 018a E7DD     		ble	.L30
 395              	.LBE12:
 117:.\main.c      ****                     }
 118:.\main.c      ****                     Debug_UART_PutString("\r\n\r\n");
 396              		.loc 1 118 0 is_stmt 1 discriminator 2
 397 018c 2848     		ldr	r0, .L37+28
 398 018e FFF7FEFF 		bl	Debug_UART_PutString
 399              	.LVL64:
 111:.\main.c      ****                     for(int j = 0; j < 12; j++) {
 400              		.loc 1 111 0 discriminator 2
 401 0192 0135     		adds	r5, r5, #1
 402              	.LVL65:
 403              	.L29:
 111:.\main.c      ****                     for(int j = 0; j < 12; j++) {
 404              		.loc 1 111 0 is_stmt 0 discriminator 1
 405 0194 072D     		cmp	r5, #7
 406 0196 F6DD     		ble	.L35
 407 0198 39E0     		b	.L5
 408              	.LVL66:
 409              	.L14:
 410              	.LBE9:
 119:.\main.c      ****                 }
 120:.\main.c      ****                 break;
 121:.\main.c      ****             case 'l':
 122:.\main.c      ****                 Debug_UART_PutChar((char) (Lim_1_Read() + 65));
 411              		.loc 1 122 0 is_stmt 1
 412 019a FFF7FEFF 		bl	Lim_1_Read
 413              	.LVL67:
 414 019e 4130     		adds	r0, r0, #65
 415 01a0 C0B2     		uxtb	r0, r0
 416 01a2 FFF7FEFF 		bl	Debug_UART_PutChar
 417              	.LVL68:
 123:.\main.c      ****                 Debug_UART_PutString(" ");
 418              		.loc 1 123 0
 419 01a6 2348     		ldr	r0, .L37+32
 420 01a8 FFF7FEFF 		bl	Debug_UART_PutString
 421              	.LVL69:
 124:.\main.c      ****                 Debug_UART_PutChar((char) (Lim_2_Read() + 65));
 422              		.loc 1 124 0
 423 01ac FFF7FEFF 		bl	Lim_2_Read
 424              	.LVL70:
 425 01b0 4130     		adds	r0, r0, #65
 426 01b2 C0B2     		uxtb	r0, r0
 427 01b4 FFF7FEFF 		bl	Debug_UART_PutChar
 428              	.LVL71:
 125:.\main.c      ****                 Debug_UART_PutString("\r\n\r\n");
 429              		.loc 1 125 0
 430 01b8 1D48     		ldr	r0, .L37+28
 431 01ba FFF7FEFF 		bl	Debug_UART_PutString
 432              	.LVL72:
 126:.\main.c      ****                 break;
 433              		.loc 1 126 0
 434 01be 26E0     		b	.L5
ARM GAS  C:\Users\Kyle\AppData\Local\Temp\ccFcmroh.s 			page 11


 435              	.LVL73:
 436              	.L17:
 127:.\main.c      ****             case 'w':
 128:.\main.c      ****                 Debug_UART_PutString(esp_transmit(".connect", "8"));
 437              		.loc 1 128 0
 438 01c0 1D48     		ldr	r0, .L37+36
 439 01c2 1E49     		ldr	r1, .L37+40
 440 01c4 FFF7FEFF 		bl	esp_transmit
 441              	.LVL74:
 442 01c8 FFF7FEFF 		bl	Debug_UART_PutString
 443              	.LVL75:
 129:.\main.c      ****                 Debug_UART_PutString(esp_transmit(".ready", "6"));
 444              		.loc 1 129 0
 445 01cc 1C48     		ldr	r0, .L37+44
 446 01ce 1D49     		ldr	r1, .L37+48
 447 01d0 FFF7FEFF 		bl	esp_transmit
 448              	.LVL76:
 449 01d4 FFF7FEFF 		bl	Debug_UART_PutString
 450              	.LVL77:
 130:.\main.c      ****                 Debug_UART_PutString(esp_transmit(".gib", "4"));
 451              		.loc 1 130 0
 452 01d8 1B4D     		ldr	r5, .L37+52
 453              	.LVL78:
 454 01da 1C4C     		ldr	r4, .L37+56
 455 01dc 2846     		mov	r0, r5
 456 01de 2146     		mov	r1, r4
 457 01e0 FFF7FEFF 		bl	esp_transmit
 458              	.LVL79:
 459 01e4 FFF7FEFF 		bl	Debug_UART_PutString
 460              	.LVL80:
 131:.\main.c      ****                 Debug_UART_PutString(esp_transmit(".gib", "4"));
 461              		.loc 1 131 0
 462 01e8 2846     		mov	r0, r5
 463 01ea 2146     		mov	r1, r4
 464 01ec FFF7FEFF 		bl	esp_transmit
 465              	.LVL81:
 466 01f0 FFF7FEFF 		bl	Debug_UART_PutString
 467              	.LVL82:
 132:.\main.c      ****                 break;
 468              		.loc 1 132 0
 469 01f4 0BE0     		b	.L5
 470              	.LVL83:
 471              	.L16:
 133:.\main.c      ****             case 't':
 134:.\main.c      ****                 move.fromCol = 11;
 472              		.loc 1 134 0
 473 01f6 164B     		ldr	r3, .L37+60
 474 01f8 0B22     		movs	r2, #11
 475              	.LVL84:
 476 01fa 5A60     		str	r2, [r3, #4]
 135:.\main.c      ****                 move.fromRow = 0;
 477              		.loc 1 135 0
 478 01fc 0022     		movs	r2, #0
 479 01fe 1A60     		str	r2, [r3]
 136:.\main.c      ****                 move.toCol = 10;
 480              		.loc 1 136 0
 481 0200 0A22     		movs	r2, #10
ARM GAS  C:\Users\Kyle\AppData\Local\Temp\ccFcmroh.s 			page 12


 482 0202 DA60     		str	r2, [r3, #12]
 137:.\main.c      ****                 move.toRow = 3;
 483              		.loc 1 137 0
 484 0204 0322     		movs	r2, #3
 485 0206 9A60     		str	r2, [r3, #8]
 138:.\main.c      ****                 movepiece(move);
 486              		.loc 1 138 0
 487 0208 0FCB     		ldmia	r3, {r0, r1, r2, r3}
 488              	.LVL85:
 489 020a FFF7FEFF 		bl	movepiece
 490              	.LVL86:
 491              	.L5:
 492              	.LBE13:
 139:.\main.c      ****             default:
 140:.\main.c      ****                 break;
 141:.\main.c      ****         }
 142:.\main.c      ****     }
 143:.\main.c      ****     
 144:.\main.c      **** }...
 493              		.loc 1 144 0
 494 020e 17B0     		add	sp, sp, #92
 495              		.cfi_def_cfa_offset 12
 496              		@ sp needed
 497 0210 30BD     		pop	{r4, r5, pc}
 498              	.L38:
 499 0212 00BF     		.align	2
 500              	.L37:
 501 0214 24000000 		.word	.LC1
 502 0218 28000000 		.word	.LC2
 503 021c 38000000 		.word	.LC3
 504 0220 48000000 		.word	.LC4
 505 0224 58000000 		.word	.LC5
 506 0228 6C000000 		.word	.LC6
 507 022c 00000000 		.word	board
 508 0230 80000000 		.word	.LC7
 509 0234 88000000 		.word	.LC8
 510 0238 8C000000 		.word	.LC9
 511 023c 98000000 		.word	.LC10
 512 0240 9C000000 		.word	.LC11
 513 0244 A4000000 		.word	.LC12
 514 0248 A8000000 		.word	.LC13
 515 024c B0000000 		.word	.LC14
 516 0250 00000000 		.word	move
 517              		.cfi_endproc
 518              	.LFE65:
 519              		.size	debug, .-debug
 520              		.section	.text.main,"ax",%progbits
 521              		.align	2
 522              		.global	main
 523              		.thumb
 524              		.thumb_func
 525              		.type	main, %function
 526              	main:
 527              	.LFB63:
   3:.\main.c      ****     while(1) {
 528              		.loc 1 3 0
 529              		.cfi_startproc
ARM GAS  C:\Users\Kyle\AppData\Local\Temp\ccFcmroh.s 			page 13


 530              		@ Volatile: function does not return.
 531              		@ args = 0, pretend = 0, frame = 0
 532              		@ frame_needed = 0, uses_anonymous_args = 0
 533 0000 08B5     		push	{r3, lr}
 534              		.cfi_def_cfa_offset 8
 535              		.cfi_offset 3, -8
 536              		.cfi_offset 14, -4
   5:.\main.c      ****         debug();
 537              		.loc 1 5 0
 538 0002 FFF7FEFF 		bl	init
 539              	.LVL87:
 540              	.L40:
   9:.\main.c      ****         debug();
 541              		.loc 1 9 0 discriminator 1
 542 0006 FFF7FEFF 		bl	debug
 543              	.LVL88:
  11:.\main.c      ****     }
 544              		.loc 1 11 0 discriminator 1
 545 000a FCE7     		b	.L40
 546              		.cfi_endproc
 547              	.LFE63:
 548              		.size	main, .-main
 549              		.comm	move,16,4
 550              		.comm	board,96,4
 551              		.comm	y_pos,2,2
 552              		.comm	x_pos,2,2
 553              		.section	.rodata.str1.4,"aMS",%progbits,1
 554              		.align	2
 555              	.LC0:
 556 0000 43534520 		.ascii	"CSE 4940: Wireless Chess Board\015\012\015\012\000"
 556      34393430 
 556      3A205769 
 556      72656C65 
 556      73732043 
 557 0023 00       		.space	1
 558              	.LC1:
 559 0024 0D0A00   		.ascii	"\015\012\000"
 560 0027 00       		.space	1
 561              	.LC2:
 562 0028 6D6F7669 		.ascii	"moving x\015\012\015\012\000"
 562      6E672078 
 562      0D0A0D0A 
 562      00
 563 0035 000000   		.space	3
 564              	.LC3:
 565 0038 6D6F7669 		.ascii	"moving y\015\012\015\012\000"
 565      6E672079 
 565      0D0A0D0A 
 565      00
 566 0045 000000   		.space	3
 567              	.LC4:
 568 0048 6D6F7669 		.ascii	"moving home\015\012\015\012\000"
 568      6E672068 
 568      6F6D650D 
 568      0A0D0A00 
 569              	.LC5:
 570 0058 6D61676E 		.ascii	"magnet now on\015\012\015\012\000"
ARM GAS  C:\Users\Kyle\AppData\Local\Temp\ccFcmroh.s 			page 14


 570      6574206E 
 570      6F77206F 
 570      6E0D0A0D 
 570      0A00
 571 006a 0000     		.space	2
 572              	.LC6:
 573 006c 6D61676E 		.ascii	"magnet now off\015\012\015\012\000"
 573      6574206E 
 573      6F77206F 
 573      66660D0A 
 573      0D0A00
 574 007f 00       		.space	1
 575              	.LC7:
 576 0080 0D0A0D0A 		.ascii	"\015\012\015\012\000"
 576      00
 577 0085 000000   		.space	3
 578              	.LC8:
 579 0088 2000     		.ascii	" \000"
 580 008a 0000     		.space	2
 581              	.LC9:
 582 008c 2E636F6E 		.ascii	".connect\000"
 582      6E656374 
 582      00
 583 0095 000000   		.space	3
 584              	.LC10:
 585 0098 3800     		.ascii	"8\000"
 586 009a 0000     		.space	2
 587              	.LC11:
 588 009c 2E726561 		.ascii	".ready\000"
 588      647900
 589 00a3 00       		.space	1
 590              	.LC12:
 591 00a4 3600     		.ascii	"6\000"
 592 00a6 0000     		.space	2
 593              	.LC13:
 594 00a8 2E676962 		.ascii	".gib\000"
 594      00
 595 00ad 000000   		.space	3
 596              	.LC14:
 597 00b0 3400     		.ascii	"4\000"
 598 00b2 0000     		.text
 599              	.Letext0:
 600              		.file 2 "c:\\program files (x86)\\cypress\\psoc creator\\3.3\\psoc creator\\import\\gnu\\arm\\4.9.
 601              		.file 3 "c:\\program files (x86)\\cypress\\psoc creator\\3.3\\psoc creator\\import\\gnu\\arm\\4.9.
 602              		.file 4 "c:\\program files (x86)\\cypress\\psoc creator\\3.3\\psoc creator\\import\\gnu\\arm\\4.9.
 603              		.file 5 "Generated_Source\\PSoC5/cytypes.h"
 604              		.file 6 ".\\board.h"
 605              		.file 7 "Generated_Source\\PSoC5/core_cm3.h"
 606              		.file 8 ".\\main.h"
 607              		.file 9 "Generated_Source\\PSoC5/Debug_UART.h"
 608              		.file 10 "Generated_Source\\PSoC5/Esp_UART.h"
 609              		.file 11 "Generated_Source\\PSoC5/LCD.h"
 610              		.file 12 "c:\\program files (x86)\\cypress\\psoc creator\\3.3\\psoc creator\\import\\gnu\\arm\\4.9
 611              		.file 13 "c:\\program files (x86)\\cypress\\psoc creator\\3.3\\psoc creator\\import\\gnu\\arm\\4.9
 612              		.file 14 "Generated_Source\\PSoC5/Em.h"
 613              		.file 15 "Generated_Source\\PSoC5/Lim_1.h"
 614              		.file 16 "Generated_Source\\PSoC5/Lim_2.h"
ARM GAS  C:\Users\Kyle\AppData\Local\Temp\ccFcmroh.s 			page 15


 615              		.file 17 ".\\espwifi.h"
 616              		.section	.debug_info,"",%progbits
 617              	.Ldebug_info0:
 618 0000 FE060000 		.4byte	0x6fe
 619 0004 0400     		.2byte	0x4
 620 0006 00000000 		.4byte	.Ldebug_abbrev0
 621 000a 04       		.byte	0x4
 622 000b 01       		.uleb128 0x1
 623 000c 7C000000 		.4byte	.LASF53
 624 0010 01       		.byte	0x1
 625 0011 6A010000 		.4byte	.LASF54
 626 0015 17000000 		.4byte	.LASF55
 627 0019 78000000 		.4byte	.Ldebug_ranges0+0x78
 628 001d 00000000 		.4byte	0
 629 0021 00000000 		.4byte	.Ldebug_line0
 630 0025 02       		.uleb128 0x2
 631 0026 10000000 		.4byte	.LASF5
 632 002a 02       		.byte	0x2
 633 002b D4       		.byte	0xd4
 634 002c 30000000 		.4byte	0x30
 635 0030 03       		.uleb128 0x3
 636 0031 04       		.byte	0x4
 637 0032 07       		.byte	0x7
 638 0033 15010000 		.4byte	.LASF0
 639 0037 04       		.uleb128 0x4
 640 0038 04       		.byte	0x4
 641 0039 05       		.byte	0x5
 642 003a 696E7400 		.ascii	"int\000"
 643 003e 03       		.uleb128 0x3
 644 003f 01       		.byte	0x1
 645 0040 06       		.byte	0x6
 646 0041 05030000 		.4byte	.LASF1
 647 0045 03       		.uleb128 0x3
 648 0046 01       		.byte	0x1
 649 0047 08       		.byte	0x8
 650 0048 7F010000 		.4byte	.LASF2
 651 004c 03       		.uleb128 0x3
 652 004d 02       		.byte	0x2
 653 004e 05       		.byte	0x5
 654 004f B5020000 		.4byte	.LASF3
 655 0053 03       		.uleb128 0x3
 656 0054 02       		.byte	0x2
 657 0055 07       		.byte	0x7
 658 0056 B0010000 		.4byte	.LASF4
 659 005a 02       		.uleb128 0x2
 660 005b 6D000000 		.4byte	.LASF6
 661 005f 03       		.byte	0x3
 662 0060 3F       		.byte	0x3f
 663 0061 65000000 		.4byte	0x65
 664 0065 03       		.uleb128 0x3
 665 0066 04       		.byte	0x4
 666 0067 05       		.byte	0x5
 667 0068 F0020000 		.4byte	.LASF7
 668 006c 03       		.uleb128 0x3
 669 006d 04       		.byte	0x4
 670 006e 07       		.byte	0x7
 671 006f 03020000 		.4byte	.LASF8
ARM GAS  C:\Users\Kyle\AppData\Local\Temp\ccFcmroh.s 			page 16


 672 0073 03       		.uleb128 0x3
 673 0074 08       		.byte	0x8
 674 0075 05       		.byte	0x5
 675 0076 98020000 		.4byte	.LASF9
 676 007a 03       		.uleb128 0x3
 677 007b 08       		.byte	0x8
 678 007c 07       		.byte	0x7
 679 007d 45020000 		.4byte	.LASF10
 680 0081 03       		.uleb128 0x3
 681 0082 04       		.byte	0x4
 682 0083 07       		.byte	0x7
 683 0084 8F020000 		.4byte	.LASF11
 684 0088 05       		.uleb128 0x5
 685 0089 04       		.byte	0x4
 686 008a 06       		.uleb128 0x6
 687 008b 04       		.byte	0x4
 688 008c 90000000 		.4byte	0x90
 689 0090 03       		.uleb128 0x3
 690 0091 01       		.byte	0x1
 691 0092 08       		.byte	0x8
 692 0093 F9020000 		.4byte	.LASF12
 693 0097 06       		.uleb128 0x6
 694 0098 04       		.byte	0x4
 695 0099 9D000000 		.4byte	0x9d
 696 009d 07       		.uleb128 0x7
 697 009e 90000000 		.4byte	0x90
 698 00a2 02       		.uleb128 0x2
 699 00a3 87020000 		.4byte	.LASF13
 700 00a7 04       		.byte	0x4
 701 00a8 2C       		.byte	0x2c
 702 00a9 5A000000 		.4byte	0x5a
 703 00ad 02       		.uleb128 0x2
 704 00ae CD020000 		.4byte	.LASF14
 705 00b2 05       		.byte	0x5
 706 00b3 C2       		.byte	0xc2
 707 00b4 45000000 		.4byte	0x45
 708 00b8 02       		.uleb128 0x2
 709 00b9 9D010000 		.4byte	.LASF15
 710 00bd 05       		.byte	0x5
 711 00be C6       		.byte	0xc6
 712 00bf 4C000000 		.4byte	0x4c
 713 00c3 03       		.uleb128 0x3
 714 00c4 04       		.byte	0x4
 715 00c5 04       		.byte	0x4
 716 00c6 73010000 		.4byte	.LASF16
 717 00ca 03       		.uleb128 0x3
 718 00cb 08       		.byte	0x8
 719 00cc 04       		.byte	0x4
 720 00cd 80020000 		.4byte	.LASF17
 721 00d1 02       		.uleb128 0x2
 722 00d2 97010000 		.4byte	.LASF18
 723 00d6 05       		.byte	0x5
 724 00d7 D3       		.byte	0xd3
 725 00d8 90000000 		.4byte	0x90
 726 00dc 08       		.uleb128 0x8
 727 00dd AC020000 		.4byte	.LASF56
 728 00e1 10       		.byte	0x10
ARM GAS  C:\Users\Kyle\AppData\Local\Temp\ccFcmroh.s 			page 17


 729 00e2 06       		.byte	0x6
 730 00e3 12       		.byte	0x12
 731 00e4 19010000 		.4byte	0x119
 732 00e8 09       		.uleb128 0x9
 733 00e9 A3010000 		.4byte	.LASF19
 734 00ed 06       		.byte	0x6
 735 00ee 13       		.byte	0x13
 736 00ef 37000000 		.4byte	0x37
 737 00f3 00       		.byte	0
 738 00f4 09       		.uleb128 0x9
 739 00f5 08000000 		.4byte	.LASF20
 740 00f9 06       		.byte	0x6
 741 00fa 14       		.byte	0x14
 742 00fb 37000000 		.4byte	0x37
 743 00ff 04       		.byte	0x4
 744 0100 09       		.uleb128 0x9
 745 0101 38020000 		.4byte	.LASF21
 746 0105 06       		.byte	0x6
 747 0106 15       		.byte	0x15
 748 0107 37000000 		.4byte	0x37
 749 010b 08       		.byte	0x8
 750 010c 09       		.uleb128 0x9
 751 010d 79010000 		.4byte	.LASF22
 752 0111 06       		.byte	0x6
 753 0112 16       		.byte	0x16
 754 0113 37000000 		.4byte	0x37
 755 0117 0C       		.byte	0xc
 756 0118 00       		.byte	0
 757 0119 0A       		.uleb128 0xa
 758 011a 37010000 		.4byte	.LASF23
 759 011e 01       		.byte	0x1
 760 011f 26       		.byte	0x26
 761 0120 00000000 		.4byte	.LFB64
 762 0124 1C000000 		.4byte	.LFE64-.LFB64
 763 0128 01       		.uleb128 0x1
 764 0129 9C       		.byte	0x9c
 765 012a 61010000 		.4byte	0x161
 766 012e 0B       		.uleb128 0xb
 767 012f 08000000 		.4byte	.LVL0
 768 0133 D1050000 		.4byte	0x5d1
 769 0137 0C       		.uleb128 0xc
 770 0138 0E000000 		.4byte	.LVL1
 771 013c D8050000 		.4byte	0x5d8
 772 0140 4E010000 		.4byte	0x14e
 773 0144 0D       		.uleb128 0xd
 774 0145 01       		.uleb128 0x1
 775 0146 50       		.byte	0x50
 776 0147 05       		.uleb128 0x5
 777 0148 03       		.byte	0x3
 778 0149 00000000 		.4byte	.LC0
 779 014d 00       		.byte	0
 780 014e 0B       		.uleb128 0xb
 781 014f 12000000 		.4byte	.LVL2
 782 0153 F4050000 		.4byte	0x5f4
 783 0157 0B       		.uleb128 0xb
 784 0158 16000000 		.4byte	.LVL3
 785 015c FB050000 		.4byte	0x5fb
ARM GAS  C:\Users\Kyle\AppData\Local\Temp\ccFcmroh.s 			page 18


 786 0160 00       		.byte	0
 787 0161 0A       		.uleb128 0xa
 788 0162 64010000 		.4byte	.LASF24
 789 0166 01       		.byte	0x1
 790 0167 31       		.byte	0x31
 791 0168 00000000 		.4byte	.LFB65
 792 016c 54020000 		.4byte	.LFE65-.LFB65
 793 0170 01       		.uleb128 0x1
 794 0171 9C       		.byte	0x9c
 795 0172 0A050000 		.4byte	0x50a
 796 0176 0E       		.uleb128 0xe
 797 0177 00000000 		.4byte	.LASF25
 798 017b 01       		.byte	0x1
 799 017c 33       		.byte	0x33
 800 017d 0A050000 		.4byte	0x50a
 801 0181 03       		.uleb128 0x3
 802 0182 91       		.byte	0x91
 803 0183 B07F     		.sleb128 -80
 804 0185 0F       		.uleb128 0xf
 805 0186 AB010000 		.4byte	.LASF26
 806 018a 01       		.byte	0x1
 807 018b 34       		.byte	0x34
 808 018c 90000000 		.4byte	0x90
 809 0190 00000000 		.4byte	.LLST0
 810 0194 0F       		.uleb128 0xf
 811 0195 FE020000 		.4byte	.LASF27
 812 0199 01       		.byte	0x1
 813 019a 35       		.byte	0x35
 814 019b 90000000 		.4byte	0x90
 815 019f 1E000000 		.4byte	.LLST1
 816 01a3 10       		.uleb128 0x10
 817 01a4 00000000 		.4byte	.Ldebug_ranges0+0
 818 01a8 E0040000 		.4byte	0x4e0
 819 01ac 11       		.uleb128 0x11
 820 01ad 6E756D00 		.ascii	"num\000"
 821 01b1 01       		.byte	0x1
 822 01b2 44       		.byte	0x44
 823 01b3 1A050000 		.4byte	0x51a
 824 01b7 03       		.uleb128 0x3
 825 01b8 91       		.byte	0x91
 826 01b9 A07F     		.sleb128 -96
 827 01bb 10       		.uleb128 0x10
 828 01bc 18000000 		.4byte	.Ldebug_ranges0+0x18
 829 01c0 F8010000 		.4byte	0x1f8
 830 01c4 12       		.uleb128 0x12
 831 01c5 6900     		.ascii	"i\000"
 832 01c7 01       		.byte	0x1
 833 01c8 39       		.byte	0x39
 834 01c9 37000000 		.4byte	0x37
 835 01cd 18010000 		.4byte	.LLST2
 836 01d1 0C       		.uleb128 0xc
 837 01d2 1E000000 		.4byte	.LVL8
 838 01d6 02060000 		.4byte	0x602
 839 01da E5010000 		.4byte	0x1e5
 840 01de 0D       		.uleb128 0xd
 841 01df 01       		.uleb128 0x1
 842 01e0 50       		.byte	0x50
ARM GAS  C:\Users\Kyle\AppData\Local\Temp\ccFcmroh.s 			page 19


 843 01e1 02       		.uleb128 0x2
 844 01e2 74       		.byte	0x74
 845 01e3 00       		.sleb128 0
 846 01e4 00       		.byte	0
 847 01e5 0B       		.uleb128 0xb
 848 01e6 2A000000 		.4byte	.LVL9
 849 01ea 13060000 		.4byte	0x613
 850 01ee 0B       		.uleb128 0xb
 851 01ef 38000000 		.4byte	.LVL13
 852 01f3 1E060000 		.4byte	0x61e
 853 01f7 00       		.byte	0
 854 01f8 10       		.uleb128 0x10
 855 01f9 30000000 		.4byte	.Ldebug_ranges0+0x30
 856 01fd 0F020000 		.4byte	0x20f
 857 0201 12       		.uleb128 0x12
 858 0202 6900     		.ascii	"i\000"
 859 0204 01       		.byte	0x1
 860 0205 48       		.byte	0x48
 861 0206 37000000 		.4byte	0x37
 862 020a 4C010000 		.4byte	.LLST3
 863 020e 00       		.byte	0
 864 020f 10       		.uleb128 0x10
 865 0210 48000000 		.4byte	.Ldebug_ranges0+0x48
 866 0214 26020000 		.4byte	0x226
 867 0218 12       		.uleb128 0x12
 868 0219 6900     		.ascii	"i\000"
 869 021b 01       		.byte	0x1
 870 021c 55       		.byte	0x55
 871 021d 37000000 		.4byte	0x37
 872 0221 6A010000 		.4byte	.LLST4
 873 0225 00       		.byte	0
 874 0226 13       		.uleb128 0x13
 875 0227 58010000 		.4byte	.LBB9
 876 022b 42000000 		.4byte	.LBE9-.LBB9
 877 022f 94020000 		.4byte	0x294
 878 0233 12       		.uleb128 0x12
 879 0234 6900     		.ascii	"i\000"
 880 0236 01       		.byte	0x1
 881 0237 6F       		.byte	0x6f
 882 0238 37000000 		.4byte	0x37
 883 023c 88010000 		.4byte	.LLST5
 884 0240 10       		.uleb128 0x10
 885 0241 60000000 		.4byte	.Ldebug_ranges0+0x60
 886 0245 80020000 		.4byte	0x280
 887 0249 12       		.uleb128 0x12
 888 024a 6A00     		.ascii	"j\000"
 889 024c 01       		.byte	0x1
 890 024d 70       		.byte	0x70
 891 024e 37000000 		.4byte	0x37
 892 0252 A7010000 		.4byte	.LLST6
 893 0256 14       		.uleb128 0x14
 894 0257 5C010000 		.4byte	.LBB11
 895 025b 26000000 		.4byte	.LBE11-.LBB11
 896 025f 11       		.uleb128 0x11
 897 0260 6F6E00   		.ascii	"on\000"
 898 0263 01       		.byte	0x1
 899 0264 71       		.byte	0x71
ARM GAS  C:\Users\Kyle\AppData\Local\Temp\ccFcmroh.s 			page 20


 900 0265 2A050000 		.4byte	0x52a
 901 0269 03       		.uleb128 0x3
 902 026a 91       		.byte	0x91
 903 026b 9C7F     		.sleb128 -100
 904 026d 15       		.uleb128 0x15
 905 026e 82010000 		.4byte	.LVL60
 906 0272 D8050000 		.4byte	0x5d8
 907 0276 0D       		.uleb128 0xd
 908 0277 01       		.uleb128 0x1
 909 0278 50       		.byte	0x50
 910 0279 03       		.uleb128 0x3
 911 027a 91       		.byte	0x91
 912 027b 9C7F     		.sleb128 -100
 913 027d 00       		.byte	0
 914 027e 00       		.byte	0
 915 027f 00       		.byte	0
 916 0280 15       		.uleb128 0x15
 917 0281 92010000 		.4byte	.LVL64
 918 0285 D8050000 		.4byte	0x5d8
 919 0289 0D       		.uleb128 0xd
 920 028a 01       		.uleb128 0x1
 921 028b 50       		.byte	0x50
 922 028c 05       		.uleb128 0x5
 923 028d 03       		.byte	0x3
 924 028e 80000000 		.4byte	.LC7
 925 0292 00       		.byte	0
 926 0293 00       		.byte	0
 927 0294 0C       		.uleb128 0xc
 928 0295 44000000 		.4byte	.LVL16
 929 0299 D8050000 		.4byte	0x5d8
 930 029d AB020000 		.4byte	0x2ab
 931 02a1 0D       		.uleb128 0xd
 932 02a2 01       		.uleb128 0x1
 933 02a3 50       		.byte	0x50
 934 02a4 05       		.uleb128 0x5
 935 02a5 03       		.byte	0x3
 936 02a6 24000000 		.4byte	.LC1
 937 02aa 00       		.byte	0
 938 02ab 0B       		.uleb128 0xb
 939 02ac 48000000 		.4byte	.LVL17
 940 02b0 29060000 		.4byte	0x629
 941 02b4 0C       		.uleb128 0xc
 942 02b5 4E000000 		.4byte	.LVL18
 943 02b9 30060000 		.4byte	0x630
 944 02bd C9020000 		.4byte	0x2c9
 945 02c1 0D       		.uleb128 0xd
 946 02c2 01       		.uleb128 0x1
 947 02c3 50       		.byte	0x50
 948 02c4 03       		.uleb128 0x3
 949 02c5 91       		.byte	0x91
 950 02c6 B07F     		.sleb128 -80
 951 02c8 00       		.byte	0
 952 02c9 0C       		.uleb128 0xc
 953 02ca B0000000 		.4byte	.LVL26
 954 02ce 45060000 		.4byte	0x645
 955 02d2 DE020000 		.4byte	0x2de
 956 02d6 0D       		.uleb128 0xd
ARM GAS  C:\Users\Kyle\AppData\Local\Temp\ccFcmroh.s 			page 21


 957 02d7 01       		.uleb128 0x1
 958 02d8 50       		.byte	0x50
 959 02d9 03       		.uleb128 0x3
 960 02da 91       		.byte	0x91
 961 02db A07F     		.sleb128 -96
 962 02dd 00       		.byte	0
 963 02de 0B       		.uleb128 0xb
 964 02df B8000000 		.4byte	.LVL27
 965 02e3 5A060000 		.4byte	0x65a
 966 02e7 0C       		.uleb128 0xc
 967 02e8 C0000000 		.4byte	.LVL30
 968 02ec 45060000 		.4byte	0x645
 969 02f0 FC020000 		.4byte	0x2fc
 970 02f4 0D       		.uleb128 0xd
 971 02f5 01       		.uleb128 0x1
 972 02f6 50       		.byte	0x50
 973 02f7 03       		.uleb128 0x3
 974 02f8 91       		.byte	0x91
 975 02f9 A07F     		.sleb128 -96
 976 02fb 00       		.byte	0
 977 02fc 0B       		.uleb128 0xb
 978 02fd C6000000 		.4byte	.LVL31
 979 0301 5A060000 		.4byte	0x65a
 980 0305 0C       		.uleb128 0xc
 981 0306 CC000000 		.4byte	.LVL32
 982 030a D8050000 		.4byte	0x5d8
 983 030e 1C030000 		.4byte	0x31c
 984 0312 0D       		.uleb128 0xd
 985 0313 01       		.uleb128 0x1
 986 0314 50       		.byte	0x50
 987 0315 05       		.uleb128 0x5
 988 0316 03       		.byte	0x3
 989 0317 28000000 		.4byte	.LC2
 990 031b 00       		.byte	0
 991 031c 0C       		.uleb128 0xc
 992 031d FE000000 		.4byte	.LVL40
 993 0321 45060000 		.4byte	0x645
 994 0325 31030000 		.4byte	0x331
 995 0329 0D       		.uleb128 0xd
 996 032a 01       		.uleb128 0x1
 997 032b 50       		.byte	0x50
 998 032c 03       		.uleb128 0x3
 999 032d 91       		.byte	0x91
 1000 032e A07F     		.sleb128 -96
 1001 0330 00       		.byte	0
 1002 0331 0B       		.uleb128 0xb
 1003 0332 06010000 		.4byte	.LVL41
 1004 0336 6B060000 		.4byte	0x66b
 1005 033a 0C       		.uleb128 0xc
 1006 033b 0E010000 		.4byte	.LVL44
 1007 033f 45060000 		.4byte	0x645
 1008 0343 4F030000 		.4byte	0x34f
 1009 0347 0D       		.uleb128 0xd
 1010 0348 01       		.uleb128 0x1
 1011 0349 50       		.byte	0x50
 1012 034a 03       		.uleb128 0x3
 1013 034b 91       		.byte	0x91
ARM GAS  C:\Users\Kyle\AppData\Local\Temp\ccFcmroh.s 			page 22


 1014 034c A07F     		.sleb128 -96
 1015 034e 00       		.byte	0
 1016 034f 0B       		.uleb128 0xb
 1017 0350 14010000 		.4byte	.LVL45
 1018 0354 6B060000 		.4byte	0x66b
 1019 0358 0C       		.uleb128 0xc
 1020 0359 1A010000 		.4byte	.LVL46
 1021 035d D8050000 		.4byte	0x5d8
 1022 0361 6F030000 		.4byte	0x36f
 1023 0365 0D       		.uleb128 0xd
 1024 0366 01       		.uleb128 0x1
 1025 0367 50       		.byte	0x50
 1026 0368 05       		.uleb128 0x5
 1027 0369 03       		.byte	0x3
 1028 036a 38000000 		.4byte	.LC3
 1029 036e 00       		.byte	0
 1030 036f 0B       		.uleb128 0xb
 1031 0370 20010000 		.4byte	.LVL48
 1032 0374 7C060000 		.4byte	0x67c
 1033 0378 0C       		.uleb128 0xc
 1034 0379 26010000 		.4byte	.LVL49
 1035 037d D8050000 		.4byte	0x5d8
 1036 0381 8F030000 		.4byte	0x38f
 1037 0385 0D       		.uleb128 0xd
 1038 0386 01       		.uleb128 0x1
 1039 0387 50       		.byte	0x50
 1040 0388 05       		.uleb128 0x5
 1041 0389 03       		.byte	0x3
 1042 038a 48000000 		.4byte	.LC4
 1043 038e 00       		.byte	0
 1044 038f 0C       		.uleb128 0xc
 1045 0390 3E010000 		.4byte	.LVL51
 1046 0394 89060000 		.4byte	0x689
 1047 0398 A2030000 		.4byte	0x3a2
 1048 039c 0D       		.uleb128 0xd
 1049 039d 01       		.uleb128 0x1
 1050 039e 50       		.byte	0x50
 1051 039f 01       		.uleb128 0x1
 1052 03a0 31       		.byte	0x31
 1053 03a1 00       		.byte	0
 1054 03a2 0C       		.uleb128 0xc
 1055 03a3 44010000 		.4byte	.LVL52
 1056 03a7 D8050000 		.4byte	0x5d8
 1057 03ab B9030000 		.4byte	0x3b9
 1058 03af 0D       		.uleb128 0xd
 1059 03b0 01       		.uleb128 0x1
 1060 03b1 50       		.byte	0x50
 1061 03b2 05       		.uleb128 0x5
 1062 03b3 03       		.byte	0x3
 1063 03b4 58000000 		.4byte	.LC5
 1064 03b8 00       		.byte	0
 1065 03b9 0C       		.uleb128 0xc
 1066 03ba 4C010000 		.4byte	.LVL54
 1067 03be 89060000 		.4byte	0x689
 1068 03c2 CC030000 		.4byte	0x3cc
 1069 03c6 0D       		.uleb128 0xd
 1070 03c7 01       		.uleb128 0x1
ARM GAS  C:\Users\Kyle\AppData\Local\Temp\ccFcmroh.s 			page 23


 1071 03c8 50       		.byte	0x50
 1072 03c9 01       		.uleb128 0x1
 1073 03ca 30       		.byte	0x30
 1074 03cb 00       		.byte	0
 1075 03cc 0C       		.uleb128 0xc
 1076 03cd 52010000 		.4byte	.LVL55
 1077 03d1 D8050000 		.4byte	0x5d8
 1078 03d5 E3030000 		.4byte	0x3e3
 1079 03d9 0D       		.uleb128 0xd
 1080 03da 01       		.uleb128 0x1
 1081 03db 50       		.byte	0x50
 1082 03dc 05       		.uleb128 0x5
 1083 03dd 03       		.byte	0x3
 1084 03de 6C000000 		.4byte	.LC6
 1085 03e2 00       		.byte	0
 1086 03e3 0B       		.uleb128 0xb
 1087 03e4 58010000 		.4byte	.LVL57
 1088 03e8 9A060000 		.4byte	0x69a
 1089 03ec 0B       		.uleb128 0xb
 1090 03ed 9E010000 		.4byte	.LVL67
 1091 03f1 A7060000 		.4byte	0x6a7
 1092 03f5 0B       		.uleb128 0xb
 1093 03f6 A6010000 		.4byte	.LVL68
 1094 03fa 02060000 		.4byte	0x602
 1095 03fe 0C       		.uleb128 0xc
 1096 03ff AC010000 		.4byte	.LVL69
 1097 0403 D8050000 		.4byte	0x5d8
 1098 0407 15040000 		.4byte	0x415
 1099 040b 0D       		.uleb128 0xd
 1100 040c 01       		.uleb128 0x1
 1101 040d 50       		.byte	0x50
 1102 040e 05       		.uleb128 0x5
 1103 040f 03       		.byte	0x3
 1104 0410 88000000 		.4byte	.LC8
 1105 0414 00       		.byte	0
 1106 0415 0B       		.uleb128 0xb
 1107 0416 B0010000 		.4byte	.LVL70
 1108 041a B2060000 		.4byte	0x6b2
 1109 041e 0B       		.uleb128 0xb
 1110 041f B8010000 		.4byte	.LVL71
 1111 0423 02060000 		.4byte	0x602
 1112 0427 0C       		.uleb128 0xc
 1113 0428 BE010000 		.4byte	.LVL72
 1114 042c D8050000 		.4byte	0x5d8
 1115 0430 3E040000 		.4byte	0x43e
 1116 0434 0D       		.uleb128 0xd
 1117 0435 01       		.uleb128 0x1
 1118 0436 50       		.byte	0x50
 1119 0437 05       		.uleb128 0x5
 1120 0438 03       		.byte	0x3
 1121 0439 80000000 		.4byte	.LC7
 1122 043d 00       		.byte	0
 1123 043e 0C       		.uleb128 0xc
 1124 043f C8010000 		.4byte	.LVL74
 1125 0443 BD060000 		.4byte	0x6bd
 1126 0447 5E040000 		.4byte	0x45e
 1127 044b 0D       		.uleb128 0xd
ARM GAS  C:\Users\Kyle\AppData\Local\Temp\ccFcmroh.s 			page 24


 1128 044c 01       		.uleb128 0x1
 1129 044d 51       		.byte	0x51
 1130 044e 05       		.uleb128 0x5
 1131 044f 03       		.byte	0x3
 1132 0450 98000000 		.4byte	.LC10
 1133 0454 0D       		.uleb128 0xd
 1134 0455 01       		.uleb128 0x1
 1135 0456 50       		.byte	0x50
 1136 0457 05       		.uleb128 0x5
 1137 0458 03       		.byte	0x3
 1138 0459 8C000000 		.4byte	.LC9
 1139 045d 00       		.byte	0
 1140 045e 0B       		.uleb128 0xb
 1141 045f CC010000 		.4byte	.LVL75
 1142 0463 D8050000 		.4byte	0x5d8
 1143 0467 0C       		.uleb128 0xc
 1144 0468 D4010000 		.4byte	.LVL76
 1145 046c BD060000 		.4byte	0x6bd
 1146 0470 87040000 		.4byte	0x487
 1147 0474 0D       		.uleb128 0xd
 1148 0475 01       		.uleb128 0x1
 1149 0476 51       		.byte	0x51
 1150 0477 05       		.uleb128 0x5
 1151 0478 03       		.byte	0x3
 1152 0479 A4000000 		.4byte	.LC12
 1153 047d 0D       		.uleb128 0xd
 1154 047e 01       		.uleb128 0x1
 1155 047f 50       		.byte	0x50
 1156 0480 05       		.uleb128 0x5
 1157 0481 03       		.byte	0x3
 1158 0482 9C000000 		.4byte	.LC11
 1159 0486 00       		.byte	0
 1160 0487 0B       		.uleb128 0xb
 1161 0488 D8010000 		.4byte	.LVL77
 1162 048c D8050000 		.4byte	0x5d8
 1163 0490 0C       		.uleb128 0xc
 1164 0491 E4010000 		.4byte	.LVL79
 1165 0495 BD060000 		.4byte	0x6bd
 1166 0499 AA040000 		.4byte	0x4aa
 1167 049d 0D       		.uleb128 0xd
 1168 049e 01       		.uleb128 0x1
 1169 049f 51       		.byte	0x51
 1170 04a0 02       		.uleb128 0x2
 1171 04a1 74       		.byte	0x74
 1172 04a2 00       		.sleb128 0
 1173 04a3 0D       		.uleb128 0xd
 1174 04a4 01       		.uleb128 0x1
 1175 04a5 50       		.byte	0x50
 1176 04a6 02       		.uleb128 0x2
 1177 04a7 75       		.byte	0x75
 1178 04a8 00       		.sleb128 0
 1179 04a9 00       		.byte	0
 1180 04aa 0B       		.uleb128 0xb
 1181 04ab E8010000 		.4byte	.LVL80
 1182 04af D8050000 		.4byte	0x5d8
 1183 04b3 0C       		.uleb128 0xc
 1184 04b4 F0010000 		.4byte	.LVL81
ARM GAS  C:\Users\Kyle\AppData\Local\Temp\ccFcmroh.s 			page 25


 1185 04b8 BD060000 		.4byte	0x6bd
 1186 04bc CD040000 		.4byte	0x4cd
 1187 04c0 0D       		.uleb128 0xd
 1188 04c1 01       		.uleb128 0x1
 1189 04c2 51       		.byte	0x51
 1190 04c3 02       		.uleb128 0x2
 1191 04c4 74       		.byte	0x74
 1192 04c5 00       		.sleb128 0
 1193 04c6 0D       		.uleb128 0xd
 1194 04c7 01       		.uleb128 0x1
 1195 04c8 50       		.byte	0x50
 1196 04c9 02       		.uleb128 0x2
 1197 04ca 75       		.byte	0x75
 1198 04cb 00       		.sleb128 0
 1199 04cc 00       		.byte	0
 1200 04cd 0B       		.uleb128 0xb
 1201 04ce F4010000 		.4byte	.LVL82
 1202 04d2 D8050000 		.4byte	0x5d8
 1203 04d6 0B       		.uleb128 0xb
 1204 04d7 0E020000 		.4byte	.LVL86
 1205 04db D7060000 		.4byte	0x6d7
 1206 04df 00       		.byte	0
 1207 04e0 0C       		.uleb128 0xc
 1208 04e1 10000000 		.4byte	.LVL4
 1209 04e5 E8060000 		.4byte	0x6e8
 1210 04e9 00050000 		.4byte	0x500
 1211 04ed 0D       		.uleb128 0xd
 1212 04ee 01       		.uleb128 0x1
 1213 04ef 52       		.byte	0x52
 1214 04f0 02       		.uleb128 0x2
 1215 04f1 08       		.byte	0x8
 1216 04f2 3C       		.byte	0x3c
 1217 04f3 0D       		.uleb128 0xd
 1218 04f4 01       		.uleb128 0x1
 1219 04f5 51       		.byte	0x51
 1220 04f6 01       		.uleb128 0x1
 1221 04f7 30       		.byte	0x30
 1222 04f8 0D       		.uleb128 0xd
 1223 04f9 01       		.uleb128 0x1
 1224 04fa 50       		.byte	0x50
 1225 04fb 03       		.uleb128 0x3
 1226 04fc 91       		.byte	0x91
 1227 04fd B47F     		.sleb128 -76
 1228 04ff 00       		.byte	0
 1229 0500 0B       		.uleb128 0xb
 1230 0501 14000000 		.4byte	.LVL5
 1231 0505 13060000 		.4byte	0x613
 1232 0509 00       		.byte	0
 1233 050a 16       		.uleb128 0x16
 1234 050b 90000000 		.4byte	0x90
 1235 050f 1A050000 		.4byte	0x51a
 1236 0513 17       		.uleb128 0x17
 1237 0514 81000000 		.4byte	0x81
 1238 0518 3F       		.byte	0x3f
 1239 0519 00       		.byte	0
 1240 051a 16       		.uleb128 0x16
 1241 051b 90000000 		.4byte	0x90
ARM GAS  C:\Users\Kyle\AppData\Local\Temp\ccFcmroh.s 			page 26


 1242 051f 2A050000 		.4byte	0x52a
 1243 0523 17       		.uleb128 0x17
 1244 0524 81000000 		.4byte	0x81
 1245 0528 0F       		.byte	0xf
 1246 0529 00       		.byte	0
 1247 052a 16       		.uleb128 0x16
 1248 052b 90000000 		.4byte	0x90
 1249 052f 3A050000 		.4byte	0x53a
 1250 0533 17       		.uleb128 0x17
 1251 0534 81000000 		.4byte	0x81
 1252 0538 03       		.byte	0x3
 1253 0539 00       		.byte	0
 1254 053a 18       		.uleb128 0x18
 1255 053b 20020000 		.4byte	.LASF57
 1256 053f 01       		.byte	0x1
 1257 0540 03       		.byte	0x3
 1258 0541 37000000 		.4byte	0x37
 1259 0545 00000000 		.4byte	.LFB63
 1260 0549 0C000000 		.4byte	.LFE63-.LFB63
 1261 054d 01       		.uleb128 0x1
 1262 054e 9C       		.byte	0x9c
 1263 054f 66050000 		.4byte	0x566
 1264 0553 0B       		.uleb128 0xb
 1265 0554 06000000 		.4byte	.LVL87
 1266 0558 19010000 		.4byte	0x119
 1267 055c 0B       		.uleb128 0xb
 1268 055d 0A000000 		.4byte	.LVL88
 1269 0561 61010000 		.4byte	0x161
 1270 0565 00       		.byte	0
 1271 0566 19       		.uleb128 0x19
 1272 0567 2B020000 		.4byte	.LASF28
 1273 056b 07       		.byte	0x7
 1274 056c 2A06     		.2byte	0x62a
 1275 056e 72050000 		.4byte	0x572
 1276 0572 1A       		.uleb128 0x1a
 1277 0573 A2000000 		.4byte	0xa2
 1278 0577 1B       		.uleb128 0x1b
 1279 0578 25020000 		.4byte	.LASF29
 1280 057c 06       		.byte	0x6
 1281 057d 19       		.byte	0x19
 1282 057e B8000000 		.4byte	0xb8
 1283 0582 05       		.uleb128 0x5
 1284 0583 03       		.byte	0x3
 1285 0584 00000000 		.4byte	x_pos
 1286 0588 1B       		.uleb128 0x1b
 1287 0589 A6020000 		.4byte	.LASF30
 1288 058d 06       		.byte	0x6
 1289 058e 1A       		.byte	0x1a
 1290 058f B8000000 		.4byte	0xb8
 1291 0593 05       		.uleb128 0x5
 1292 0594 03       		.byte	0x3
 1293 0595 00000000 		.4byte	y_pos
 1294 0599 16       		.uleb128 0x16
 1295 059a 90000000 		.4byte	0x90
 1296 059e AF050000 		.4byte	0x5af
 1297 05a2 17       		.uleb128 0x17
 1298 05a3 81000000 		.4byte	0x81
ARM GAS  C:\Users\Kyle\AppData\Local\Temp\ccFcmroh.s 			page 27


 1299 05a7 07       		.byte	0x7
 1300 05a8 17       		.uleb128 0x17
 1301 05a9 81000000 		.4byte	0x81
 1302 05ad 0B       		.byte	0xb
 1303 05ae 00       		.byte	0
 1304 05af 1B       		.uleb128 0x1b
 1305 05b0 11030000 		.4byte	.LASF31
 1306 05b4 08       		.byte	0x8
 1307 05b5 0D       		.byte	0xd
 1308 05b6 99050000 		.4byte	0x599
 1309 05ba 05       		.uleb128 0x5
 1310 05bb 03       		.byte	0x3
 1311 05bc 00000000 		.4byte	board
 1312 05c0 1B       		.uleb128 0x1b
 1313 05c1 77000000 		.4byte	.LASF32
 1314 05c5 08       		.byte	0x8
 1315 05c6 0F       		.byte	0xf
 1316 05c7 DC000000 		.4byte	0xdc
 1317 05cb 05       		.uleb128 0x5
 1318 05cc 03       		.byte	0x3
 1319 05cd 00000000 		.4byte	move
 1320 05d1 1C       		.uleb128 0x1c
 1321 05d2 5C020000 		.4byte	.LASF33
 1322 05d6 09       		.byte	0x9
 1323 05d7 54       		.byte	0x54
 1324 05d8 1D       		.uleb128 0x1d
 1325 05d9 22010000 		.4byte	.LASF36
 1326 05dd 09       		.byte	0x9
 1327 05de 8B       		.byte	0x8b
 1328 05df E9050000 		.4byte	0x5e9
 1329 05e3 1E       		.uleb128 0x1e
 1330 05e4 E9050000 		.4byte	0x5e9
 1331 05e8 00       		.byte	0
 1332 05e9 06       		.uleb128 0x6
 1333 05ea 04       		.byte	0x4
 1334 05eb EF050000 		.4byte	0x5ef
 1335 05ef 07       		.uleb128 0x7
 1336 05f0 D1000000 		.4byte	0xd1
 1337 05f4 1C       		.uleb128 0x1c
 1338 05f5 3C010000 		.4byte	.LASF34
 1339 05f9 0A       		.byte	0xa
 1340 05fa 54       		.byte	0x54
 1341 05fb 1C       		.uleb128 0x1c
 1342 05fc E6020000 		.4byte	.LASF35
 1343 0600 0B       		.byte	0xb
 1344 0601 38       		.byte	0x38
 1345 0602 1D       		.uleb128 0x1d
 1346 0603 C3010000 		.4byte	.LASF37
 1347 0607 09       		.byte	0x9
 1348 0608 8A       		.byte	0x8a
 1349 0609 13060000 		.4byte	0x613
 1350 060d 1E       		.uleb128 0x1e
 1351 060e AD000000 		.4byte	0xad
 1352 0612 00       		.byte	0
 1353 0613 1F       		.uleb128 0x1f
 1354 0614 E8010000 		.4byte	.LASF38
 1355 0618 09       		.byte	0x9
ARM GAS  C:\Users\Kyle\AppData\Local\Temp\ccFcmroh.s 			page 28


 1356 0619 73       		.byte	0x73
 1357 061a AD000000 		.4byte	0xad
 1358 061e 1F       		.uleb128 0x1f
 1359 061f 6D020000 		.4byte	.LASF39
 1360 0623 09       		.byte	0x9
 1361 0624 71       		.byte	0x71
 1362 0625 AD000000 		.4byte	0xad
 1363 0629 1C       		.uleb128 0x1c
 1364 062a 4B010000 		.4byte	.LASF40
 1365 062e 09       		.byte	0x9
 1366 062f 75       		.byte	0x75
 1367 0630 20       		.uleb128 0x20
 1368 0631 3E020000 		.4byte	.LASF41
 1369 0635 0C       		.byte	0xc
 1370 0636 21       		.byte	0x21
 1371 0637 25000000 		.4byte	0x25
 1372 063b 45060000 		.4byte	0x645
 1373 063f 1E       		.uleb128 0x1e
 1374 0640 97000000 		.4byte	0x97
 1375 0644 00       		.byte	0
 1376 0645 20       		.uleb128 0x20
 1377 0646 2E030000 		.4byte	.LASF42
 1378 064a 0D       		.byte	0xd
 1379 064b 4A       		.byte	0x4a
 1380 064c 37000000 		.4byte	0x37
 1381 0650 5A060000 		.4byte	0x65a
 1382 0654 1E       		.uleb128 0x1e
 1383 0655 97000000 		.4byte	0x97
 1384 0659 00       		.byte	0
 1385 065a 1D       		.uleb128 0x1d
 1386 065b BF020000 		.4byte	.LASF43
 1387 065f 06       		.byte	0x6
 1388 0660 1F       		.byte	0x1f
 1389 0661 6B060000 		.4byte	0x66b
 1390 0665 1E       		.uleb128 0x1e
 1391 0666 B8000000 		.4byte	0xb8
 1392 066a 00       		.byte	0
 1393 066b 1D       		.uleb128 0x1d
 1394 066c C6020000 		.4byte	.LASF44
 1395 0670 06       		.byte	0x6
 1396 0671 20       		.byte	0x20
 1397 0672 7C060000 		.4byte	0x67c
 1398 0676 1E       		.uleb128 0x1e
 1399 0677 B8000000 		.4byte	0xb8
 1400 067b 00       		.byte	0
 1401 067c 21       		.uleb128 0x21
 1402 067d 8D010000 		.4byte	.LASF46
 1403 0681 06       		.byte	0x6
 1404 0682 1E       		.byte	0x1e
 1405 0683 89060000 		.4byte	0x689
 1406 0687 22       		.uleb128 0x22
 1407 0688 00       		.byte	0
 1408 0689 1D       		.uleb128 0x1d
 1409 068a 33030000 		.4byte	.LASF45
 1410 068e 0E       		.byte	0xe
 1411 068f 28       		.byte	0x28
 1412 0690 9A060000 		.4byte	0x69a
ARM GAS  C:\Users\Kyle\AppData\Local\Temp\ccFcmroh.s 			page 29


 1413 0694 1E       		.uleb128 0x1e
 1414 0695 AD000000 		.4byte	0xad
 1415 0699 00       		.byte	0
 1416 069a 21       		.uleb128 0x21
 1417 069b D3020000 		.4byte	.LASF47
 1418 069f 06       		.byte	0x6
 1419 06a0 2F       		.byte	0x2f
 1420 06a1 A7060000 		.4byte	0x6a7
 1421 06a5 22       		.uleb128 0x22
 1422 06a6 00       		.byte	0
 1423 06a7 1F       		.uleb128 0x1f
 1424 06a8 15020000 		.4byte	.LASF48
 1425 06ac 0F       		.byte	0xf
 1426 06ad 2B       		.byte	0x2b
 1427 06ae AD000000 		.4byte	0xad
 1428 06b2 1F       		.uleb128 0x1f
 1429 06b3 D6010000 		.4byte	.LASF49
 1430 06b7 10       		.byte	0x10
 1431 06b8 2B       		.byte	0x2b
 1432 06b9 AD000000 		.4byte	0xad
 1433 06bd 20       		.uleb128 0x20
 1434 06be 17030000 		.4byte	.LASF50
 1435 06c2 11       		.byte	0x11
 1436 06c3 0E       		.byte	0xe
 1437 06c4 8A000000 		.4byte	0x8a
 1438 06c8 D7060000 		.4byte	0x6d7
 1439 06cc 1E       		.uleb128 0x1e
 1440 06cd 8A000000 		.4byte	0x8a
 1441 06d1 1E       		.uleb128 0x1e
 1442 06d2 8A000000 		.4byte	0x8a
 1443 06d6 00       		.byte	0
 1444 06d7 1D       		.uleb128 0x1d
 1445 06d8 24030000 		.4byte	.LASF51
 1446 06dc 06       		.byte	0x6
 1447 06dd 23       		.byte	0x23
 1448 06de E8060000 		.4byte	0x6e8
 1449 06e2 1E       		.uleb128 0x1e
 1450 06e3 DC000000 		.4byte	0xdc
 1451 06e7 00       		.byte	0
 1452 06e8 23       		.uleb128 0x23
 1453 06e9 E1010000 		.4byte	.LASF52
 1454 06ed 88000000 		.4byte	0x88
 1455 06f1 1E       		.uleb128 0x1e
 1456 06f2 88000000 		.4byte	0x88
 1457 06f6 1E       		.uleb128 0x1e
 1458 06f7 37000000 		.4byte	0x37
 1459 06fb 1E       		.uleb128 0x1e
 1460 06fc 81000000 		.4byte	0x81
 1461 0700 00       		.byte	0
 1462 0701 00       		.byte	0
 1463              		.section	.debug_abbrev,"",%progbits
 1464              	.Ldebug_abbrev0:
 1465 0000 01       		.uleb128 0x1
 1466 0001 11       		.uleb128 0x11
 1467 0002 01       		.byte	0x1
 1468 0003 25       		.uleb128 0x25
 1469 0004 0E       		.uleb128 0xe
ARM GAS  C:\Users\Kyle\AppData\Local\Temp\ccFcmroh.s 			page 30


 1470 0005 13       		.uleb128 0x13
 1471 0006 0B       		.uleb128 0xb
 1472 0007 03       		.uleb128 0x3
 1473 0008 0E       		.uleb128 0xe
 1474 0009 1B       		.uleb128 0x1b
 1475 000a 0E       		.uleb128 0xe
 1476 000b 55       		.uleb128 0x55
 1477 000c 17       		.uleb128 0x17
 1478 000d 11       		.uleb128 0x11
 1479 000e 01       		.uleb128 0x1
 1480 000f 10       		.uleb128 0x10
 1481 0010 17       		.uleb128 0x17
 1482 0011 00       		.byte	0
 1483 0012 00       		.byte	0
 1484 0013 02       		.uleb128 0x2
 1485 0014 16       		.uleb128 0x16
 1486 0015 00       		.byte	0
 1487 0016 03       		.uleb128 0x3
 1488 0017 0E       		.uleb128 0xe
 1489 0018 3A       		.uleb128 0x3a
 1490 0019 0B       		.uleb128 0xb
 1491 001a 3B       		.uleb128 0x3b
 1492 001b 0B       		.uleb128 0xb
 1493 001c 49       		.uleb128 0x49
 1494 001d 13       		.uleb128 0x13
 1495 001e 00       		.byte	0
 1496 001f 00       		.byte	0
 1497 0020 03       		.uleb128 0x3
 1498 0021 24       		.uleb128 0x24
 1499 0022 00       		.byte	0
 1500 0023 0B       		.uleb128 0xb
 1501 0024 0B       		.uleb128 0xb
 1502 0025 3E       		.uleb128 0x3e
 1503 0026 0B       		.uleb128 0xb
 1504 0027 03       		.uleb128 0x3
 1505 0028 0E       		.uleb128 0xe
 1506 0029 00       		.byte	0
 1507 002a 00       		.byte	0
 1508 002b 04       		.uleb128 0x4
 1509 002c 24       		.uleb128 0x24
 1510 002d 00       		.byte	0
 1511 002e 0B       		.uleb128 0xb
 1512 002f 0B       		.uleb128 0xb
 1513 0030 3E       		.uleb128 0x3e
 1514 0031 0B       		.uleb128 0xb
 1515 0032 03       		.uleb128 0x3
 1516 0033 08       		.uleb128 0x8
 1517 0034 00       		.byte	0
 1518 0035 00       		.byte	0
 1519 0036 05       		.uleb128 0x5
 1520 0037 0F       		.uleb128 0xf
 1521 0038 00       		.byte	0
 1522 0039 0B       		.uleb128 0xb
 1523 003a 0B       		.uleb128 0xb
 1524 003b 00       		.byte	0
 1525 003c 00       		.byte	0
 1526 003d 06       		.uleb128 0x6
ARM GAS  C:\Users\Kyle\AppData\Local\Temp\ccFcmroh.s 			page 31


 1527 003e 0F       		.uleb128 0xf
 1528 003f 00       		.byte	0
 1529 0040 0B       		.uleb128 0xb
 1530 0041 0B       		.uleb128 0xb
 1531 0042 49       		.uleb128 0x49
 1532 0043 13       		.uleb128 0x13
 1533 0044 00       		.byte	0
 1534 0045 00       		.byte	0
 1535 0046 07       		.uleb128 0x7
 1536 0047 26       		.uleb128 0x26
 1537 0048 00       		.byte	0
 1538 0049 49       		.uleb128 0x49
 1539 004a 13       		.uleb128 0x13
 1540 004b 00       		.byte	0
 1541 004c 00       		.byte	0
 1542 004d 08       		.uleb128 0x8
 1543 004e 13       		.uleb128 0x13
 1544 004f 01       		.byte	0x1
 1545 0050 03       		.uleb128 0x3
 1546 0051 0E       		.uleb128 0xe
 1547 0052 0B       		.uleb128 0xb
 1548 0053 0B       		.uleb128 0xb
 1549 0054 3A       		.uleb128 0x3a
 1550 0055 0B       		.uleb128 0xb
 1551 0056 3B       		.uleb128 0x3b
 1552 0057 0B       		.uleb128 0xb
 1553 0058 01       		.uleb128 0x1
 1554 0059 13       		.uleb128 0x13
 1555 005a 00       		.byte	0
 1556 005b 00       		.byte	0
 1557 005c 09       		.uleb128 0x9
 1558 005d 0D       		.uleb128 0xd
 1559 005e 00       		.byte	0
 1560 005f 03       		.uleb128 0x3
 1561 0060 0E       		.uleb128 0xe
 1562 0061 3A       		.uleb128 0x3a
 1563 0062 0B       		.uleb128 0xb
 1564 0063 3B       		.uleb128 0x3b
 1565 0064 0B       		.uleb128 0xb
 1566 0065 49       		.uleb128 0x49
 1567 0066 13       		.uleb128 0x13
 1568 0067 38       		.uleb128 0x38
 1569 0068 0B       		.uleb128 0xb
 1570 0069 00       		.byte	0
 1571 006a 00       		.byte	0
 1572 006b 0A       		.uleb128 0xa
 1573 006c 2E       		.uleb128 0x2e
 1574 006d 01       		.byte	0x1
 1575 006e 3F       		.uleb128 0x3f
 1576 006f 19       		.uleb128 0x19
 1577 0070 03       		.uleb128 0x3
 1578 0071 0E       		.uleb128 0xe
 1579 0072 3A       		.uleb128 0x3a
 1580 0073 0B       		.uleb128 0xb
 1581 0074 3B       		.uleb128 0x3b
 1582 0075 0B       		.uleb128 0xb
 1583 0076 11       		.uleb128 0x11
ARM GAS  C:\Users\Kyle\AppData\Local\Temp\ccFcmroh.s 			page 32


 1584 0077 01       		.uleb128 0x1
 1585 0078 12       		.uleb128 0x12
 1586 0079 06       		.uleb128 0x6
 1587 007a 40       		.uleb128 0x40
 1588 007b 18       		.uleb128 0x18
 1589 007c 9742     		.uleb128 0x2117
 1590 007e 19       		.uleb128 0x19
 1591 007f 01       		.uleb128 0x1
 1592 0080 13       		.uleb128 0x13
 1593 0081 00       		.byte	0
 1594 0082 00       		.byte	0
 1595 0083 0B       		.uleb128 0xb
 1596 0084 898201   		.uleb128 0x4109
 1597 0087 00       		.byte	0
 1598 0088 11       		.uleb128 0x11
 1599 0089 01       		.uleb128 0x1
 1600 008a 31       		.uleb128 0x31
 1601 008b 13       		.uleb128 0x13
 1602 008c 00       		.byte	0
 1603 008d 00       		.byte	0
 1604 008e 0C       		.uleb128 0xc
 1605 008f 898201   		.uleb128 0x4109
 1606 0092 01       		.byte	0x1
 1607 0093 11       		.uleb128 0x11
 1608 0094 01       		.uleb128 0x1
 1609 0095 31       		.uleb128 0x31
 1610 0096 13       		.uleb128 0x13
 1611 0097 01       		.uleb128 0x1
 1612 0098 13       		.uleb128 0x13
 1613 0099 00       		.byte	0
 1614 009a 00       		.byte	0
 1615 009b 0D       		.uleb128 0xd
 1616 009c 8A8201   		.uleb128 0x410a
 1617 009f 00       		.byte	0
 1618 00a0 02       		.uleb128 0x2
 1619 00a1 18       		.uleb128 0x18
 1620 00a2 9142     		.uleb128 0x2111
 1621 00a4 18       		.uleb128 0x18
 1622 00a5 00       		.byte	0
 1623 00a6 00       		.byte	0
 1624 00a7 0E       		.uleb128 0xe
 1625 00a8 34       		.uleb128 0x34
 1626 00a9 00       		.byte	0
 1627 00aa 03       		.uleb128 0x3
 1628 00ab 0E       		.uleb128 0xe
 1629 00ac 3A       		.uleb128 0x3a
 1630 00ad 0B       		.uleb128 0xb
 1631 00ae 3B       		.uleb128 0x3b
 1632 00af 0B       		.uleb128 0xb
 1633 00b0 49       		.uleb128 0x49
 1634 00b1 13       		.uleb128 0x13
 1635 00b2 02       		.uleb128 0x2
 1636 00b3 18       		.uleb128 0x18
 1637 00b4 00       		.byte	0
 1638 00b5 00       		.byte	0
 1639 00b6 0F       		.uleb128 0xf
 1640 00b7 34       		.uleb128 0x34
ARM GAS  C:\Users\Kyle\AppData\Local\Temp\ccFcmroh.s 			page 33


 1641 00b8 00       		.byte	0
 1642 00b9 03       		.uleb128 0x3
 1643 00ba 0E       		.uleb128 0xe
 1644 00bb 3A       		.uleb128 0x3a
 1645 00bc 0B       		.uleb128 0xb
 1646 00bd 3B       		.uleb128 0x3b
 1647 00be 0B       		.uleb128 0xb
 1648 00bf 49       		.uleb128 0x49
 1649 00c0 13       		.uleb128 0x13
 1650 00c1 02       		.uleb128 0x2
 1651 00c2 17       		.uleb128 0x17
 1652 00c3 00       		.byte	0
 1653 00c4 00       		.byte	0
 1654 00c5 10       		.uleb128 0x10
 1655 00c6 0B       		.uleb128 0xb
 1656 00c7 01       		.byte	0x1
 1657 00c8 55       		.uleb128 0x55
 1658 00c9 17       		.uleb128 0x17
 1659 00ca 01       		.uleb128 0x1
 1660 00cb 13       		.uleb128 0x13
 1661 00cc 00       		.byte	0
 1662 00cd 00       		.byte	0
 1663 00ce 11       		.uleb128 0x11
 1664 00cf 34       		.uleb128 0x34
 1665 00d0 00       		.byte	0
 1666 00d1 03       		.uleb128 0x3
 1667 00d2 08       		.uleb128 0x8
 1668 00d3 3A       		.uleb128 0x3a
 1669 00d4 0B       		.uleb128 0xb
 1670 00d5 3B       		.uleb128 0x3b
 1671 00d6 0B       		.uleb128 0xb
 1672 00d7 49       		.uleb128 0x49
 1673 00d8 13       		.uleb128 0x13
 1674 00d9 02       		.uleb128 0x2
 1675 00da 18       		.uleb128 0x18
 1676 00db 00       		.byte	0
 1677 00dc 00       		.byte	0
 1678 00dd 12       		.uleb128 0x12
 1679 00de 34       		.uleb128 0x34
 1680 00df 00       		.byte	0
 1681 00e0 03       		.uleb128 0x3
 1682 00e1 08       		.uleb128 0x8
 1683 00e2 3A       		.uleb128 0x3a
 1684 00e3 0B       		.uleb128 0xb
 1685 00e4 3B       		.uleb128 0x3b
 1686 00e5 0B       		.uleb128 0xb
 1687 00e6 49       		.uleb128 0x49
 1688 00e7 13       		.uleb128 0x13
 1689 00e8 02       		.uleb128 0x2
 1690 00e9 17       		.uleb128 0x17
 1691 00ea 00       		.byte	0
 1692 00eb 00       		.byte	0
 1693 00ec 13       		.uleb128 0x13
 1694 00ed 0B       		.uleb128 0xb
 1695 00ee 01       		.byte	0x1
 1696 00ef 11       		.uleb128 0x11
 1697 00f0 01       		.uleb128 0x1
ARM GAS  C:\Users\Kyle\AppData\Local\Temp\ccFcmroh.s 			page 34


 1698 00f1 12       		.uleb128 0x12
 1699 00f2 06       		.uleb128 0x6
 1700 00f3 01       		.uleb128 0x1
 1701 00f4 13       		.uleb128 0x13
 1702 00f5 00       		.byte	0
 1703 00f6 00       		.byte	0
 1704 00f7 14       		.uleb128 0x14
 1705 00f8 0B       		.uleb128 0xb
 1706 00f9 01       		.byte	0x1
 1707 00fa 11       		.uleb128 0x11
 1708 00fb 01       		.uleb128 0x1
 1709 00fc 12       		.uleb128 0x12
 1710 00fd 06       		.uleb128 0x6
 1711 00fe 00       		.byte	0
 1712 00ff 00       		.byte	0
 1713 0100 15       		.uleb128 0x15
 1714 0101 898201   		.uleb128 0x4109
 1715 0104 01       		.byte	0x1
 1716 0105 11       		.uleb128 0x11
 1717 0106 01       		.uleb128 0x1
 1718 0107 31       		.uleb128 0x31
 1719 0108 13       		.uleb128 0x13
 1720 0109 00       		.byte	0
 1721 010a 00       		.byte	0
 1722 010b 16       		.uleb128 0x16
 1723 010c 01       		.uleb128 0x1
 1724 010d 01       		.byte	0x1
 1725 010e 49       		.uleb128 0x49
 1726 010f 13       		.uleb128 0x13
 1727 0110 01       		.uleb128 0x1
 1728 0111 13       		.uleb128 0x13
 1729 0112 00       		.byte	0
 1730 0113 00       		.byte	0
 1731 0114 17       		.uleb128 0x17
 1732 0115 21       		.uleb128 0x21
 1733 0116 00       		.byte	0
 1734 0117 49       		.uleb128 0x49
 1735 0118 13       		.uleb128 0x13
 1736 0119 2F       		.uleb128 0x2f
 1737 011a 0B       		.uleb128 0xb
 1738 011b 00       		.byte	0
 1739 011c 00       		.byte	0
 1740 011d 18       		.uleb128 0x18
 1741 011e 2E       		.uleb128 0x2e
 1742 011f 01       		.byte	0x1
 1743 0120 3F       		.uleb128 0x3f
 1744 0121 19       		.uleb128 0x19
 1745 0122 03       		.uleb128 0x3
 1746 0123 0E       		.uleb128 0xe
 1747 0124 3A       		.uleb128 0x3a
 1748 0125 0B       		.uleb128 0xb
 1749 0126 3B       		.uleb128 0x3b
 1750 0127 0B       		.uleb128 0xb
 1751 0128 49       		.uleb128 0x49
 1752 0129 13       		.uleb128 0x13
 1753 012a 11       		.uleb128 0x11
 1754 012b 01       		.uleb128 0x1
ARM GAS  C:\Users\Kyle\AppData\Local\Temp\ccFcmroh.s 			page 35


 1755 012c 12       		.uleb128 0x12
 1756 012d 06       		.uleb128 0x6
 1757 012e 40       		.uleb128 0x40
 1758 012f 18       		.uleb128 0x18
 1759 0130 9742     		.uleb128 0x2117
 1760 0132 19       		.uleb128 0x19
 1761 0133 01       		.uleb128 0x1
 1762 0134 13       		.uleb128 0x13
 1763 0135 00       		.byte	0
 1764 0136 00       		.byte	0
 1765 0137 19       		.uleb128 0x19
 1766 0138 34       		.uleb128 0x34
 1767 0139 00       		.byte	0
 1768 013a 03       		.uleb128 0x3
 1769 013b 0E       		.uleb128 0xe
 1770 013c 3A       		.uleb128 0x3a
 1771 013d 0B       		.uleb128 0xb
 1772 013e 3B       		.uleb128 0x3b
 1773 013f 05       		.uleb128 0x5
 1774 0140 49       		.uleb128 0x49
 1775 0141 13       		.uleb128 0x13
 1776 0142 3F       		.uleb128 0x3f
 1777 0143 19       		.uleb128 0x19
 1778 0144 3C       		.uleb128 0x3c
 1779 0145 19       		.uleb128 0x19
 1780 0146 00       		.byte	0
 1781 0147 00       		.byte	0
 1782 0148 1A       		.uleb128 0x1a
 1783 0149 35       		.uleb128 0x35
 1784 014a 00       		.byte	0
 1785 014b 49       		.uleb128 0x49
 1786 014c 13       		.uleb128 0x13
 1787 014d 00       		.byte	0
 1788 014e 00       		.byte	0
 1789 014f 1B       		.uleb128 0x1b
 1790 0150 34       		.uleb128 0x34
 1791 0151 00       		.byte	0
 1792 0152 03       		.uleb128 0x3
 1793 0153 0E       		.uleb128 0xe
 1794 0154 3A       		.uleb128 0x3a
 1795 0155 0B       		.uleb128 0xb
 1796 0156 3B       		.uleb128 0x3b
 1797 0157 0B       		.uleb128 0xb
 1798 0158 49       		.uleb128 0x49
 1799 0159 13       		.uleb128 0x13
 1800 015a 3F       		.uleb128 0x3f
 1801 015b 19       		.uleb128 0x19
 1802 015c 02       		.uleb128 0x2
 1803 015d 18       		.uleb128 0x18
 1804 015e 00       		.byte	0
 1805 015f 00       		.byte	0
 1806 0160 1C       		.uleb128 0x1c
 1807 0161 2E       		.uleb128 0x2e
 1808 0162 00       		.byte	0
 1809 0163 3F       		.uleb128 0x3f
 1810 0164 19       		.uleb128 0x19
 1811 0165 03       		.uleb128 0x3
ARM GAS  C:\Users\Kyle\AppData\Local\Temp\ccFcmroh.s 			page 36


 1812 0166 0E       		.uleb128 0xe
 1813 0167 3A       		.uleb128 0x3a
 1814 0168 0B       		.uleb128 0xb
 1815 0169 3B       		.uleb128 0x3b
 1816 016a 0B       		.uleb128 0xb
 1817 016b 27       		.uleb128 0x27
 1818 016c 19       		.uleb128 0x19
 1819 016d 3C       		.uleb128 0x3c
 1820 016e 19       		.uleb128 0x19
 1821 016f 00       		.byte	0
 1822 0170 00       		.byte	0
 1823 0171 1D       		.uleb128 0x1d
 1824 0172 2E       		.uleb128 0x2e
 1825 0173 01       		.byte	0x1
 1826 0174 3F       		.uleb128 0x3f
 1827 0175 19       		.uleb128 0x19
 1828 0176 03       		.uleb128 0x3
 1829 0177 0E       		.uleb128 0xe
 1830 0178 3A       		.uleb128 0x3a
 1831 0179 0B       		.uleb128 0xb
 1832 017a 3B       		.uleb128 0x3b
 1833 017b 0B       		.uleb128 0xb
 1834 017c 27       		.uleb128 0x27
 1835 017d 19       		.uleb128 0x19
 1836 017e 3C       		.uleb128 0x3c
 1837 017f 19       		.uleb128 0x19
 1838 0180 01       		.uleb128 0x1
 1839 0181 13       		.uleb128 0x13
 1840 0182 00       		.byte	0
 1841 0183 00       		.byte	0
 1842 0184 1E       		.uleb128 0x1e
 1843 0185 05       		.uleb128 0x5
 1844 0186 00       		.byte	0
 1845 0187 49       		.uleb128 0x49
 1846 0188 13       		.uleb128 0x13
 1847 0189 00       		.byte	0
 1848 018a 00       		.byte	0
 1849 018b 1F       		.uleb128 0x1f
 1850 018c 2E       		.uleb128 0x2e
 1851 018d 00       		.byte	0
 1852 018e 3F       		.uleb128 0x3f
 1853 018f 19       		.uleb128 0x19
 1854 0190 03       		.uleb128 0x3
 1855 0191 0E       		.uleb128 0xe
 1856 0192 3A       		.uleb128 0x3a
 1857 0193 0B       		.uleb128 0xb
 1858 0194 3B       		.uleb128 0x3b
 1859 0195 0B       		.uleb128 0xb
 1860 0196 27       		.uleb128 0x27
 1861 0197 19       		.uleb128 0x19
 1862 0198 49       		.uleb128 0x49
 1863 0199 13       		.uleb128 0x13
 1864 019a 3C       		.uleb128 0x3c
 1865 019b 19       		.uleb128 0x19
 1866 019c 00       		.byte	0
 1867 019d 00       		.byte	0
 1868 019e 20       		.uleb128 0x20
ARM GAS  C:\Users\Kyle\AppData\Local\Temp\ccFcmroh.s 			page 37


 1869 019f 2E       		.uleb128 0x2e
 1870 01a0 01       		.byte	0x1
 1871 01a1 3F       		.uleb128 0x3f
 1872 01a2 19       		.uleb128 0x19
 1873 01a3 03       		.uleb128 0x3
 1874 01a4 0E       		.uleb128 0xe
 1875 01a5 3A       		.uleb128 0x3a
 1876 01a6 0B       		.uleb128 0xb
 1877 01a7 3B       		.uleb128 0x3b
 1878 01a8 0B       		.uleb128 0xb
 1879 01a9 27       		.uleb128 0x27
 1880 01aa 19       		.uleb128 0x19
 1881 01ab 49       		.uleb128 0x49
 1882 01ac 13       		.uleb128 0x13
 1883 01ad 3C       		.uleb128 0x3c
 1884 01ae 19       		.uleb128 0x19
 1885 01af 01       		.uleb128 0x1
 1886 01b0 13       		.uleb128 0x13
 1887 01b1 00       		.byte	0
 1888 01b2 00       		.byte	0
 1889 01b3 21       		.uleb128 0x21
 1890 01b4 2E       		.uleb128 0x2e
 1891 01b5 01       		.byte	0x1
 1892 01b6 3F       		.uleb128 0x3f
 1893 01b7 19       		.uleb128 0x19
 1894 01b8 03       		.uleb128 0x3
 1895 01b9 0E       		.uleb128 0xe
 1896 01ba 3A       		.uleb128 0x3a
 1897 01bb 0B       		.uleb128 0xb
 1898 01bc 3B       		.uleb128 0x3b
 1899 01bd 0B       		.uleb128 0xb
 1900 01be 3C       		.uleb128 0x3c
 1901 01bf 19       		.uleb128 0x19
 1902 01c0 01       		.uleb128 0x1
 1903 01c1 13       		.uleb128 0x13
 1904 01c2 00       		.byte	0
 1905 01c3 00       		.byte	0
 1906 01c4 22       		.uleb128 0x22
 1907 01c5 18       		.uleb128 0x18
 1908 01c6 00       		.byte	0
 1909 01c7 00       		.byte	0
 1910 01c8 00       		.byte	0
 1911 01c9 23       		.uleb128 0x23
 1912 01ca 2E       		.uleb128 0x2e
 1913 01cb 01       		.byte	0x1
 1914 01cc 3F       		.uleb128 0x3f
 1915 01cd 19       		.uleb128 0x19
 1916 01ce 03       		.uleb128 0x3
 1917 01cf 0E       		.uleb128 0xe
 1918 01d0 27       		.uleb128 0x27
 1919 01d1 19       		.uleb128 0x19
 1920 01d2 49       		.uleb128 0x49
 1921 01d3 13       		.uleb128 0x13
 1922 01d4 34       		.uleb128 0x34
 1923 01d5 19       		.uleb128 0x19
 1924 01d6 3C       		.uleb128 0x3c
 1925 01d7 19       		.uleb128 0x19
ARM GAS  C:\Users\Kyle\AppData\Local\Temp\ccFcmroh.s 			page 38


 1926 01d8 00       		.byte	0
 1927 01d9 00       		.byte	0
 1928 01da 00       		.byte	0
 1929              		.section	.debug_loc,"",%progbits
 1930              	.Ldebug_loc0:
 1931              	.LLST0:
 1932 0000 18000000 		.4byte	.LVL6
 1933 0004 1A000000 		.4byte	.LVL7
 1934 0008 0100     		.2byte	0x1
 1935 000a 50       		.byte	0x50
 1936 000b 3A000000 		.4byte	.LVL14
 1937 000f 40000000 		.4byte	.LVL15
 1938 0013 0100     		.2byte	0x1
 1939 0015 50       		.byte	0x50
 1940 0016 00000000 		.4byte	0
 1941 001a 00000000 		.4byte	0
 1942              	.LLST1:
 1943 001e 50000000 		.4byte	.LVL19
 1944 0022 86000000 		.4byte	.LVL20
 1945 0026 0100     		.2byte	0x1
 1946 0028 52       		.byte	0x52
 1947 0029 86000000 		.4byte	.LVL20
 1948 002d 9A000000 		.4byte	.LVL22
 1949 0031 0100     		.2byte	0x1
 1950 0033 50       		.byte	0x50
 1951 0034 9A000000 		.4byte	.LVL22
 1952 0038 9C000000 		.4byte	.LVL23
 1953 003c 0100     		.2byte	0x1
 1954 003e 52       		.byte	0x52
 1955 003f 9C000000 		.4byte	.LVL23
 1956 0043 AC000000 		.4byte	.LVL25
 1957 0047 0100     		.2byte	0x1
 1958 0049 50       		.byte	0x50
 1959 004a AC000000 		.4byte	.LVL25
 1960 004e AF000000 		.4byte	.LVL26-1
 1961 0052 0100     		.2byte	0x1
 1962 0054 52       		.byte	0x52
 1963 0055 BA000000 		.4byte	.LVL28
 1964 0059 BC000000 		.4byte	.LVL29
 1965 005d 0100     		.2byte	0x1
 1966 005f 50       		.byte	0x50
 1967 0060 BC000000 		.4byte	.LVL29
 1968 0064 BF000000 		.4byte	.LVL30-1
 1969 0068 0100     		.2byte	0x1
 1970 006a 52       		.byte	0x52
 1971 006b CE000000 		.4byte	.LVL33
 1972 006f D4000000 		.4byte	.LVL34
 1973 0073 0100     		.2byte	0x1
 1974 0075 52       		.byte	0x52
 1975 0076 D4000000 		.4byte	.LVL34
 1976 007a E8000000 		.4byte	.LVL36
 1977 007e 0100     		.2byte	0x1
 1978 0080 50       		.byte	0x50
 1979 0081 E8000000 		.4byte	.LVL36
 1980 0085 EA000000 		.4byte	.LVL37
 1981 0089 0100     		.2byte	0x1
 1982 008b 52       		.byte	0x52
ARM GAS  C:\Users\Kyle\AppData\Local\Temp\ccFcmroh.s 			page 39


 1983 008c EA000000 		.4byte	.LVL37
 1984 0090 FA000000 		.4byte	.LVL39
 1985 0094 0100     		.2byte	0x1
 1986 0096 50       		.byte	0x50
 1987 0097 FA000000 		.4byte	.LVL39
 1988 009b FD000000 		.4byte	.LVL40-1
 1989 009f 0100     		.2byte	0x1
 1990 00a1 52       		.byte	0x52
 1991 00a2 08010000 		.4byte	.LVL42
 1992 00a6 0A010000 		.4byte	.LVL43
 1993 00aa 0100     		.2byte	0x1
 1994 00ac 50       		.byte	0x50
 1995 00ad 0A010000 		.4byte	.LVL43
 1996 00b1 0D010000 		.4byte	.LVL44-1
 1997 00b5 0100     		.2byte	0x1
 1998 00b7 52       		.byte	0x52
 1999 00b8 1C010000 		.4byte	.LVL47
 2000 00bc 1F010000 		.4byte	.LVL48-1
 2001 00c0 0100     		.2byte	0x1
 2002 00c2 52       		.byte	0x52
 2003 00c3 28010000 		.4byte	.LVL50
 2004 00c7 3D010000 		.4byte	.LVL51-1
 2005 00cb 0100     		.2byte	0x1
 2006 00cd 52       		.byte	0x52
 2007 00ce 46010000 		.4byte	.LVL53
 2008 00d2 4B010000 		.4byte	.LVL54-1
 2009 00d6 0100     		.2byte	0x1
 2010 00d8 52       		.byte	0x52
 2011 00d9 54010000 		.4byte	.LVL56
 2012 00dd 57010000 		.4byte	.LVL57-1
 2013 00e1 0100     		.2byte	0x1
 2014 00e3 52       		.byte	0x52
 2015 00e4 9A010000 		.4byte	.LVL66
 2016 00e8 9D010000 		.4byte	.LVL67-1
 2017 00ec 0100     		.2byte	0x1
 2018 00ee 52       		.byte	0x52
 2019 00ef C0010000 		.4byte	.LVL73
 2020 00f3 C7010000 		.4byte	.LVL74-1
 2021 00f7 0100     		.2byte	0x1
 2022 00f9 52       		.byte	0x52
 2023 00fa F6010000 		.4byte	.LVL83
 2024 00fe FA010000 		.4byte	.LVL84
 2025 0102 0100     		.2byte	0x1
 2026 0104 52       		.byte	0x52
 2027 0105 FA010000 		.4byte	.LVL84
 2028 0109 0A020000 		.4byte	.LVL85
 2029 010d 0100     		.2byte	0x1
 2030 010f 50       		.byte	0x50
 2031 0110 00000000 		.4byte	0
 2032 0114 00000000 		.4byte	0
 2033              	.LLST2:
 2034 0118 18000000 		.4byte	.LVL6
 2035 011c 32000000 		.4byte	.LVL11
 2036 0120 0100     		.2byte	0x1
 2037 0122 55       		.byte	0x55
 2038 0123 34000000 		.4byte	.LVL12
 2039 0127 5A010000 		.4byte	.LVL58
ARM GAS  C:\Users\Kyle\AppData\Local\Temp\ccFcmroh.s 			page 40


 2040 012b 0100     		.2byte	0x1
 2041 012d 55       		.byte	0x55
 2042 012e 9A010000 		.4byte	.LVL66
 2043 0132 DA010000 		.4byte	.LVL78
 2044 0136 0100     		.2byte	0x1
 2045 0138 55       		.byte	0x55
 2046 0139 F6010000 		.4byte	.LVL83
 2047 013d 0E020000 		.4byte	.LVL86
 2048 0141 0100     		.2byte	0x1
 2049 0143 55       		.byte	0x55
 2050 0144 00000000 		.4byte	0
 2051 0148 00000000 		.4byte	0
 2052              	.LLST3:
 2053 014c 86000000 		.4byte	.LVL20
 2054 0150 9A000000 		.4byte	.LVL22
 2055 0154 0100     		.2byte	0x1
 2056 0156 53       		.byte	0x53
 2057 0157 9C000000 		.4byte	.LVL23
 2058 015b A6000000 		.4byte	.LVL24
 2059 015f 0100     		.2byte	0x1
 2060 0161 53       		.byte	0x53
 2061 0162 00000000 		.4byte	0
 2062 0166 00000000 		.4byte	0
 2063              	.LLST4:
 2064 016a D4000000 		.4byte	.LVL34
 2065 016e E8000000 		.4byte	.LVL36
 2066 0172 0100     		.2byte	0x1
 2067 0174 53       		.byte	0x53
 2068 0175 EA000000 		.4byte	.LVL37
 2069 0179 F4000000 		.4byte	.LVL38
 2070 017d 0100     		.2byte	0x1
 2071 017f 53       		.byte	0x53
 2072 0180 00000000 		.4byte	0
 2073 0184 00000000 		.4byte	0
 2074              	.LLST5:
 2075 0188 58010000 		.4byte	.LVL57
 2076 018c 5C010000 		.4byte	.LVL59
 2077 0190 0200     		.2byte	0x2
 2078 0192 30       		.byte	0x30
 2079 0193 9F       		.byte	0x9f
 2080 0194 5C010000 		.4byte	.LVL59
 2081 0198 9A010000 		.4byte	.LVL66
 2082 019c 0100     		.2byte	0x1
 2083 019e 55       		.byte	0x55
 2084 019f 00000000 		.4byte	0
 2085 01a3 00000000 		.4byte	0
 2086              	.LLST6:
 2087 01a7 5C010000 		.4byte	.LVL59
 2088 01ab 86010000 		.4byte	.LVL62
 2089 01af 0100     		.2byte	0x1
 2090 01b1 54       		.byte	0x54
 2091 01b2 88010000 		.4byte	.LVL63
 2092 01b6 94010000 		.4byte	.LVL65
 2093 01ba 0100     		.2byte	0x1
 2094 01bc 54       		.byte	0x54
 2095 01bd 00000000 		.4byte	0
 2096 01c1 00000000 		.4byte	0
ARM GAS  C:\Users\Kyle\AppData\Local\Temp\ccFcmroh.s 			page 41


 2097              		.section	.debug_aranges,"",%progbits
 2098 0000 2C000000 		.4byte	0x2c
 2099 0004 0200     		.2byte	0x2
 2100 0006 00000000 		.4byte	.Ldebug_info0
 2101 000a 04       		.byte	0x4
 2102 000b 00       		.byte	0
 2103 000c 0000     		.2byte	0
 2104 000e 0000     		.2byte	0
 2105 0010 00000000 		.4byte	.LFB64
 2106 0014 1C000000 		.4byte	.LFE64-.LFB64
 2107 0018 00000000 		.4byte	.LFB65
 2108 001c 54020000 		.4byte	.LFE65-.LFB65
 2109 0020 00000000 		.4byte	.LFB63
 2110 0024 0C000000 		.4byte	.LFE63-.LFB63
 2111 0028 00000000 		.4byte	0
 2112 002c 00000000 		.4byte	0
 2113              		.section	.debug_ranges,"",%progbits
 2114              	.Ldebug_ranges0:
 2115 0000 18000000 		.4byte	.LBB2
 2116 0004 32000000 		.4byte	.LBE2
 2117 0008 34000000 		.4byte	.LBB13
 2118 000c 0E020000 		.4byte	.LBE13
 2119 0010 00000000 		.4byte	0
 2120 0014 00000000 		.4byte	0
 2121 0018 18000000 		.4byte	.LBB3
 2122 001c 32000000 		.4byte	.LBE3
 2123 0020 34000000 		.4byte	.LBB4
 2124 0024 3E000000 		.4byte	.LBE4
 2125 0028 00000000 		.4byte	0
 2126 002c 00000000 		.4byte	0
 2127 0030 86000000 		.4byte	.LBB5
 2128 0034 9A000000 		.4byte	.LBE5
 2129 0038 9E000000 		.4byte	.LBB6
 2130 003c A2000000 		.4byte	.LBE6
 2131 0040 00000000 		.4byte	0
 2132 0044 00000000 		.4byte	0
 2133 0048 D4000000 		.4byte	.LBB7
 2134 004c E8000000 		.4byte	.LBE7
 2135 0050 EC000000 		.4byte	.LBB8
 2136 0054 F0000000 		.4byte	.LBE8
 2137 0058 00000000 		.4byte	0
 2138 005c 00000000 		.4byte	0
 2139 0060 5C010000 		.4byte	.LBB10
 2140 0064 86010000 		.4byte	.LBE10
 2141 0068 88010000 		.4byte	.LBB12
 2142 006c 8C010000 		.4byte	.LBE12
 2143 0070 00000000 		.4byte	0
 2144 0074 00000000 		.4byte	0
 2145 0078 00000000 		.4byte	.LFB64
 2146 007c 1C000000 		.4byte	.LFE64
 2147 0080 00000000 		.4byte	.LFB65
 2148 0084 54020000 		.4byte	.LFE65
 2149 0088 00000000 		.4byte	.LFB63
 2150 008c 0C000000 		.4byte	.LFE63
 2151 0090 00000000 		.4byte	0
 2152 0094 00000000 		.4byte	0
 2153              		.section	.debug_line,"",%progbits
ARM GAS  C:\Users\Kyle\AppData\Local\Temp\ccFcmroh.s 			page 42


 2154              	.Ldebug_line0:
 2155 0000 2E030000 		.section	.debug_str,"MS",%progbits,1
 2155      02005002 
 2155      00000201 
 2155      FB0E0D00 
 2155      01010101 
 2156              	.LASF25:
 2157 0000 6D657373 		.ascii	"message\000"
 2157      61676500 
 2158              	.LASF20:
 2159 0008 66726F6D 		.ascii	"fromCol\000"
 2159      436F6C00 
 2160              	.LASF5:
 2161 0010 73697A65 		.ascii	"size_t\000"
 2161      5F7400
 2162              	.LASF55:
 2163 0017 433A5C55 		.ascii	"C:\\Users\\Kyle\\Downloads\\classes\\Senior_Design\\"
 2163      73657273 
 2163      5C4B796C 
 2163      655C446F 
 2163      776E6C6F 
 2164 0045 57694669 		.ascii	"WiFiChessBoard\\Micro\\Bootloadable.cydsn\000"
 2164      43686573 
 2164      73426F61 
 2164      72645C4D 
 2164      6963726F 
 2165              	.LASF6:
 2166 006d 5F5F696E 		.ascii	"__int32_t\000"
 2166      7433325F 
 2166      7400
 2167              	.LASF32:
 2168 0077 6D6F7665 		.ascii	"move\000"
 2168      00
 2169              	.LASF53:
 2170 007c 474E5520 		.ascii	"GNU C 4.9.3 20150303 (release) [ARM/embedded-4_9-br"
 2170      4320342E 
 2170      392E3320 
 2170      32303135 
 2170      30333033 
 2171 00af 616E6368 		.ascii	"anch revision 221220] -mcpu=cortex-m3 -mthumb -g -O"
 2171      20726576 
 2171      6973696F 
 2171      6E203232 
 2171      31323230 
 2172 00e2 67202D73 		.ascii	"g -std=gnu99 -ffunction-sections -ffat-lto-objects\000"
 2172      74643D67 
 2172      6E753939 
 2172      202D6666 
 2172      756E6374 
 2173              	.LASF0:
 2174 0115 756E7369 		.ascii	"unsigned int\000"
 2174      676E6564 
 2174      20696E74 
 2174      00
 2175              	.LASF36:
 2176 0122 44656275 		.ascii	"Debug_UART_PutString\000"
 2176      675F5541 
ARM GAS  C:\Users\Kyle\AppData\Local\Temp\ccFcmroh.s 			page 43


 2176      52545F50 
 2176      75745374 
 2176      72696E67 
 2177              	.LASF23:
 2178 0137 696E6974 		.ascii	"init\000"
 2178      00
 2179              	.LASF34:
 2180 013c 4573705F 		.ascii	"Esp_UART_Start\000"
 2180      55415254 
 2180      5F537461 
 2180      727400
 2181              	.LASF40:
 2182 014b 44656275 		.ascii	"Debug_UART_ClearRxBuffer\000"
 2182      675F5541 
 2182      52545F43 
 2182      6C656172 
 2182      52784275 
 2183              	.LASF24:
 2184 0164 64656275 		.ascii	"debug\000"
 2184      6700
 2185              	.LASF54:
 2186 016a 2E5C6D61 		.ascii	".\\main.c\000"
 2186      696E2E63 
 2186      00
 2187              	.LASF16:
 2188 0173 666C6F61 		.ascii	"float\000"
 2188      7400
 2189              	.LASF22:
 2190 0179 746F436F 		.ascii	"toCol\000"
 2190      6C00
 2191              	.LASF2:
 2192 017f 756E7369 		.ascii	"unsigned char\000"
 2192      676E6564 
 2192      20636861 
 2192      7200
 2193              	.LASF46:
 2194 018d 6D6F7665 		.ascii	"move_home\000"
 2194      5F686F6D 
 2194      6500
 2195              	.LASF18:
 2196 0197 63686172 		.ascii	"char8\000"
 2196      3800
 2197              	.LASF15:
 2198 019d 696E7431 		.ascii	"int16\000"
 2198      3600
 2199              	.LASF19:
 2200 01a3 66726F6D 		.ascii	"fromRow\000"
 2200      526F7700 
 2201              	.LASF26:
 2202 01ab 74656D70 		.ascii	"temp\000"
 2202      00
 2203              	.LASF4:
 2204 01b0 73686F72 		.ascii	"short unsigned int\000"
 2204      7420756E 
 2204      7369676E 
 2204      65642069 
 2204      6E7400
ARM GAS  C:\Users\Kyle\AppData\Local\Temp\ccFcmroh.s 			page 44


 2205              	.LASF37:
 2206 01c3 44656275 		.ascii	"Debug_UART_PutChar\000"
 2206      675F5541 
 2206      52545F50 
 2206      75744368 
 2206      617200
 2207              	.LASF49:
 2208 01d6 4C696D5F 		.ascii	"Lim_2_Read\000"
 2208      325F5265 
 2208      616400
 2209              	.LASF52:
 2210 01e1 6D656D73 		.ascii	"memset\000"
 2210      657400
 2211              	.LASF38:
 2212 01e8 44656275 		.ascii	"Debug_UART_GetRxBufferSize\000"
 2212      675F5541 
 2212      52545F47 
 2212      65745278 
 2212      42756666 
 2213              	.LASF8:
 2214 0203 6C6F6E67 		.ascii	"long unsigned int\000"
 2214      20756E73 
 2214      69676E65 
 2214      6420696E 
 2214      7400
 2215              	.LASF48:
 2216 0215 4C696D5F 		.ascii	"Lim_1_Read\000"
 2216      315F5265 
 2216      616400
 2217              	.LASF57:
 2218 0220 6D61696E 		.ascii	"main\000"
 2218      00
 2219              	.LASF29:
 2220 0225 785F706F 		.ascii	"x_pos\000"
 2220      7300
 2221              	.LASF28:
 2222 022b 49544D5F 		.ascii	"ITM_RxBuffer\000"
 2222      52784275 
 2222      66666572 
 2222      00
 2223              	.LASF21:
 2224 0238 746F526F 		.ascii	"toRow\000"
 2224      7700
 2225              	.LASF41:
 2226 023e 7374726C 		.ascii	"strlen\000"
 2226      656E00
 2227              	.LASF10:
 2228 0245 6C6F6E67 		.ascii	"long long unsigned int\000"
 2228      206C6F6E 
 2228      6720756E 
 2228      7369676E 
 2228      65642069 
 2229              	.LASF33:
 2230 025c 44656275 		.ascii	"Debug_UART_Start\000"
 2230      675F5541 
 2230      52545F53 
 2230      74617274 
ARM GAS  C:\Users\Kyle\AppData\Local\Temp\ccFcmroh.s 			page 45


 2230      00
 2231              	.LASF39:
 2232 026d 44656275 		.ascii	"Debug_UART_GetChar\000"
 2232      675F5541 
 2232      52545F47 
 2232      65744368 
 2232      617200
 2233              	.LASF17:
 2234 0280 646F7562 		.ascii	"double\000"
 2234      6C6500
 2235              	.LASF13:
 2236 0287 696E7433 		.ascii	"int32_t\000"
 2236      325F7400 
 2237              	.LASF11:
 2238 028f 73697A65 		.ascii	"sizetype\000"
 2238      74797065 
 2238      00
 2239              	.LASF9:
 2240 0298 6C6F6E67 		.ascii	"long long int\000"
 2240      206C6F6E 
 2240      6720696E 
 2240      7400
 2241              	.LASF30:
 2242 02a6 795F706F 		.ascii	"y_pos\000"
 2242      7300
 2243              	.LASF56:
 2244 02ac 6D6F7665 		.ascii	"movement\000"
 2244      6D656E74 
 2244      00
 2245              	.LASF3:
 2246 02b5 73686F72 		.ascii	"short int\000"
 2246      7420696E 
 2246      7400
 2247              	.LASF43:
 2248 02bf 6D6F7665 		.ascii	"move_x\000"
 2248      5F7800
 2249              	.LASF44:
 2250 02c6 6D6F7665 		.ascii	"move_y\000"
 2250      5F7900
 2251              	.LASF14:
 2252 02cd 75696E74 		.ascii	"uint8\000"
 2252      3800
 2253              	.LASF47:
 2254 02d3 72656164 		.ascii	"read_reed_switches\000"
 2254      5F726565 
 2254      645F7377 
 2254      69746368 
 2254      657300
 2255              	.LASF35:
 2256 02e6 4C43445F 		.ascii	"LCD_Start\000"
 2256      53746172 
 2256      7400
 2257              	.LASF7:
 2258 02f0 6C6F6E67 		.ascii	"long int\000"
 2258      20696E74 
 2258      00
 2259              	.LASF12:
ARM GAS  C:\Users\Kyle\AppData\Local\Temp\ccFcmroh.s 			page 46


 2260 02f9 63686172 		.ascii	"char\000"
 2260      00
 2261              	.LASF27:
 2262 02fe 6C656E67 		.ascii	"length\000"
 2262      746800
 2263              	.LASF1:
 2264 0305 7369676E 		.ascii	"signed char\000"
 2264      65642063 
 2264      68617200 
 2265              	.LASF31:
 2266 0311 626F6172 		.ascii	"board\000"
 2266      6400
 2267              	.LASF50:
 2268 0317 6573705F 		.ascii	"esp_transmit\000"
 2268      7472616E 
 2268      736D6974 
 2268      00
 2269              	.LASF51:
 2270 0324 6D6F7665 		.ascii	"movepiece\000"
 2270      70696563 
 2270      6500
 2271              	.LASF42:
 2272 032e 61746F69 		.ascii	"atoi\000"
 2272      00
 2273              	.LASF45:
 2274 0333 456D5F57 		.ascii	"Em_Write\000"
 2274      72697465 
 2274      00
 2275              		.ident	"GCC: (GNU Tools for ARM Embedded Processors) 4.9.3 20150303 (release) [ARM/embedded-4_9-br
