--------------- Clean Started: 04/10/2016 23:42:31 Project: Bootloader, Configuration: ARM GCC 4.9-2015-q1-update Debug ---------------
Deleting file ".\CortexM3\ARM_GCC_493\Debug\main.o"
Deleting file ".\CortexM3\ARM_GCC_493\Debug\board.o"
Deleting file ".\CortexM3\ARM_GCC_493\Debug\cyfitter_cfg.o"
Deleting file ".\CortexM3\ARM_GCC_493\Debug\cymetadata.o"
Deleting file ".\CortexM3\ARM_GCC_493\Debug\LCD.o"
Deleting file ".\CortexM3\ARM_GCC_493\Debug\LCD_PM.o"
Deleting file ".\CortexM3\ARM_GCC_493\Debug\Esp_UART.o"
Deleting file ".\CortexM3\ARM_GCC_493\Debug\Esp_UART_PM.o"
Deleting file ".\CortexM3\ARM_GCC_493\Debug\Esp_UART_INT.o"
Deleting file ".\CortexM3\ARM_GCC_493\Debug\Esp_UART_BOOT.o"
Deleting file ".\CortexM3\ARM_GCC_493\Debug\Debug_UART.o"
Deleting file ".\CortexM3\ARM_GCC_493\Debug\Debug_UART_PM.o"
Deleting file ".\CortexM3\ARM_GCC_493\Debug\Debug_UART_INT.o"
Deleting file ".\CortexM3\ARM_GCC_493\Debug\Debug_UART_BOOT.o"
Deleting file ".\CortexM3\ARM_GCC_493\Debug\Esp_Rst.o"
Deleting file ".\CortexM3\ARM_GCC_493\Debug\Bootloader.o"
Deleting file ".\CortexM3\ARM_GCC_493\Debug\Slp_1.o"
Deleting file ".\CortexM3\ARM_GCC_493\Debug\Stp_1.o"
Deleting file ".\CortexM3\ARM_GCC_493\Debug\Dir_1.o"
Deleting file ".\CortexM3\ARM_GCC_493\Debug\Slp_2.o"
Deleting file ".\CortexM3\ARM_GCC_493\Debug\Stp_2.o"
Deleting file ".\CortexM3\ARM_GCC_493\Debug\Dir_2.o"
Deleting file ".\CortexM3\ARM_GCC_493\Debug\Lim_1.o"
Deleting file ".\CortexM3\ARM_GCC_493\Debug\Lim_2.o"
Deleting file ".\CortexM3\ARM_GCC_493\Debug\En_A.o"
Deleting file ".\CortexM3\ARM_GCC_493\Debug\En_Sw.o"
Deleting file ".\CortexM3\ARM_GCC_493\Debug\Em.o"
Deleting file ".\CortexM3\ARM_GCC_493\Debug\En_B.o"
Deleting file ".\CortexM3\ARM_GCC_493\Debug\Col_0.o"
Deleting file ".\CortexM3\ARM_GCC_493\Debug\Col_1.o"
Deleting file ".\CortexM3\ARM_GCC_493\Debug\Col_2.o"
Deleting file ".\CortexM3\ARM_GCC_493\Debug\Col_3.o"
Deleting file ".\CortexM3\ARM_GCC_493\Debug\Col_4.o"
Deleting file ".\CortexM3\ARM_GCC_493\Debug\Col_5.o"
Deleting file ".\CortexM3\ARM_GCC_493\Debug\Col_6.o"
Deleting file ".\CortexM3\ARM_GCC_493\Debug\Col_7.o"
Deleting file ".\CortexM3\ARM_GCC_493\Debug\Col_8.o"
Deleting file ".\CortexM3\ARM_GCC_493\Debug\Col_9.o"
Deleting file ".\CortexM3\ARM_GCC_493\Debug\Col_10.o"
Deleting file ".\CortexM3\ARM_GCC_493\Debug\Col_11.o"
Deleting file ".\CortexM3\ARM_GCC_493\Debug\LCD_LCDPort.o"
Deleting file ".\CortexM3\ARM_GCC_493\Debug\Esp_UART_IntClock.o"
Deleting file ".\CortexM3\ARM_GCC_493\Debug\Debug_UART_IntClock.o"
Deleting file ".\CortexM3\ARM_GCC_493\Debug\Cm3Start.o"
Deleting file ".\CortexM3\ARM_GCC_493\Debug\CyBootAsmGnu.o"
Deleting file ".\CortexM3\ARM_GCC_493\Debug\CyDmac.o"
Deleting file ".\CortexM3\ARM_GCC_493\Debug\CyFlash.o"
Deleting file ".\Bootloader.cycdx"
Deleting file ".\Bootloader.svd"
Deleting file ".\Bootloader.rpt"
Deleting file ".\Bootloader_timing.html"
--------------- Clean Succeeded: 04/10/2016 23:42:31 ---------------
