ARM GAS  C:\Users\Nick\AppData\Local\Temp\ccSI0mRt.s 			page 1


   1              		.syntax unified
   2              		.cpu cortex-m3
   3              		.fpu softvfp
   4              		.eabi_attribute 20, 1
   5              		.eabi_attribute 21, 1
   6              		.eabi_attribute 23, 3
   7              		.eabi_attribute 24, 1
   8              		.eabi_attribute 25, 1
   9              		.eabi_attribute 26, 1
  10              		.eabi_attribute 30, 1
  11              		.eabi_attribute 34, 1
  12              		.eabi_attribute 18, 4
  13              		.thumb
  14              		.file	"cymetadata.c"
  15              		.text
  16              	.Ltext0:
  17              		.cfi_sections	.debug_frame
  18              		.global	cy_metadata
  19              		.global	cy_meta_flashprotect
  20              		.global	cy_meta_wonvl
  21              		.global	cy_meta_custnvl
  22              		.global	cy_meta_configecc
  23              		.global	cy_meta_loader
  24              		.section	.cyconfigecc,"a",%progbits
  25              		.align	2
  26              		.type	cy_meta_configecc, %object
  27              		.size	cy_meta_configecc, 1
  28              	cy_meta_configecc:
  29 0000 00       		.space	1
  30 0001 000000   		.section	.cywolatch,"a",%progbits
  31              		.align	2
  32              		.type	cy_meta_wonvl, %object
  33              		.size	cy_meta_wonvl, 4
  34              	cy_meta_wonvl:
  35 0000 BC       		.byte	-68
  36 0001 90       		.byte	-112
  37 0002 AC       		.byte	-84
  38 0003 AF       		.byte	-81
  39              		.section	.cyloadermeta,"a",%progbits
  40              		.align	2
  41              		.type	cy_meta_loader, %object
  42              		.size	cy_meta_loader, 64
  43              	cy_meta_loader:
  44 0000 00       		.byte	0
  45 0001 00       		.byte	0
  46 0002 00       		.byte	0
  47 0003 00       		.byte	0
  48 0004 00       		.byte	0
  49 0005 00       		.byte	0
  50 0006 00       		.byte	0
  51 0007 00       		.byte	0
  52 0008 00       		.byte	0
  53 0009 00       		.byte	0
  54 000a 00       		.byte	0
  55 000b 00       		.byte	0
  56 000c 00       		.byte	0
  57 000d 00       		.byte	0
ARM GAS  C:\Users\Nick\AppData\Local\Temp\ccSI0mRt.s 			page 2


  58 000e 00       		.byte	0
  59 000f 00       		.byte	0
  60 0010 00       		.byte	0
  61 0011 00       		.byte	0
  62 0012 00       		.byte	0
  63 0013 00       		.byte	0
  64 0014 01       		.byte	1
  65 0015 00       		.byte	0
  66 0016 01       		.byte	1
  67 0017 00       		.byte	0
  68 0018 00       		.byte	0
  69 0019 00       		.byte	0
  70 001a 00       		.byte	0
  71 001b 00       		.byte	0
  72 001c 00       		.byte	0
  73 001d 00       		.byte	0
  74 001e 00       		.byte	0
  75 001f 00       		.byte	0
  76 0020 00       		.byte	0
  77 0021 00       		.byte	0
  78 0022 00       		.byte	0
  79 0023 00       		.byte	0
  80 0024 00       		.byte	0
  81 0025 00       		.byte	0
  82 0026 00       		.byte	0
  83 0027 00       		.byte	0
  84 0028 00       		.byte	0
  85 0029 00       		.byte	0
  86 002a 00       		.byte	0
  87 002b 00       		.byte	0
  88 002c 00       		.byte	0
  89 002d 00       		.byte	0
  90 002e 00       		.byte	0
  91 002f 00       		.byte	0
  92 0030 00       		.byte	0
  93 0031 00       		.byte	0
  94 0032 00       		.byte	0
  95 0033 00       		.byte	0
  96 0034 00       		.byte	0
  97 0035 00       		.byte	0
  98 0036 00       		.byte	0
  99 0037 00       		.byte	0
 100 0038 00       		.byte	0
 101 0039 00       		.byte	0
 102 003a 00       		.byte	0
 103 003b 00       		.byte	0
 104 003c 00       		.byte	0
 105 003d 00       		.byte	0
 106 003e 00       		.byte	0
 107 003f 00       		.byte	0
 108              		.section	.cycustnvl,"a",%progbits
 109              		.align	2
 110              		.type	cy_meta_custnvl, %object
 111              		.size	cy_meta_custnvl, 4
 112              	cy_meta_custnvl:
 113 0000 00       		.byte	0
 114 0001 00       		.byte	0
ARM GAS  C:\Users\Nick\AppData\Local\Temp\ccSI0mRt.s 			page 3


 115 0002 40       		.byte	64
 116 0003 05       		.byte	5
 117              		.section	.cymeta,"a",%progbits
 118              		.align	2
 119              		.type	cy_metadata, %object
 120              		.size	cy_metadata, 12
 121              	cy_metadata:
 122 0000 00       		.byte	0
 123 0001 01       		.byte	1
 124 0002 2E       		.byte	46
 125 0003 15       		.byte	21
 126 0004 F0       		.byte	-16
 127 0005 69       		.byte	105
 128 0006 00       		.byte	0
 129 0007 01       		.byte	1
 130 0008 00       		.byte	0
 131 0009 00       		.byte	0
 132 000a 00       		.byte	0
 133 000b 00       		.byte	0
 134              		.section	.cyflashprotect,"a",%progbits
 135              		.align	2
 136              		.type	cy_meta_flashprotect, %object
 137              		.size	cy_meta_flashprotect, 256
 138              	cy_meta_flashprotect:
 139 0000 00000000 		.space	256
 139      00000000 
 139      00000000 
 139      00000000 
 139      00000000 
 140              		.text
 141              	.Letext0:
 142              		.file 1 ".\\Generated_Source\\PSoC5\\cymetadata.c"
 143              		.file 2 ".\\Generated_Source\\PSoC5\\cytypes.h"
 144              		.section	.debug_info,"",%progbits
 145              	.Ldebug_info0:
 146 0000 5B010000 		.4byte	0x15b
 147 0004 0400     		.2byte	0x4
 148 0006 00000000 		.4byte	.Ldebug_abbrev0
 149 000a 04       		.byte	0x4
 150 000b 01       		.uleb128 0x1
 151 000c 48010000 		.4byte	.LASF19
 152 0010 01       		.byte	0x1
 153 0011 00000000 		.4byte	.LASF20
 154 0015 26000000 		.4byte	.LASF21
 155 0019 00000000 		.4byte	.Ldebug_line0
 156 001d 02       		.uleb128 0x2
 157 001e 01       		.byte	0x1
 158 001f 06       		.byte	0x6
 159 0020 EA010000 		.4byte	.LASF0
 160 0024 02       		.uleb128 0x2
 161 0025 01       		.byte	0x1
 162 0026 08       		.byte	0x8
 163 0027 79000000 		.4byte	.LASF1
 164 002b 02       		.uleb128 0x2
 165 002c 02       		.byte	0x2
 166 002d 05       		.byte	0x5
 167 002e 38010000 		.4byte	.LASF2
ARM GAS  C:\Users\Nick\AppData\Local\Temp\ccSI0mRt.s 			page 4


 168 0032 02       		.uleb128 0x2
 169 0033 02       		.byte	0x2
 170 0034 07       		.byte	0x7
 171 0035 99000000 		.4byte	.LASF3
 172 0039 02       		.uleb128 0x2
 173 003a 04       		.byte	0x4
 174 003b 05       		.byte	0x5
 175 003c E1010000 		.4byte	.LASF4
 176 0040 02       		.uleb128 0x2
 177 0041 04       		.byte	0x4
 178 0042 07       		.byte	0x7
 179 0043 87000000 		.4byte	.LASF5
 180 0047 02       		.uleb128 0x2
 181 0048 08       		.byte	0x8
 182 0049 05       		.byte	0x5
 183 004a 25010000 		.4byte	.LASF6
 184 004e 02       		.uleb128 0x2
 185 004f 08       		.byte	0x8
 186 0050 07       		.byte	0x7
 187 0051 E2000000 		.4byte	.LASF7
 188 0055 03       		.uleb128 0x3
 189 0056 04       		.byte	0x4
 190 0057 05       		.byte	0x5
 191 0058 696E7400 		.ascii	"int\000"
 192 005c 02       		.uleb128 0x2
 193 005d 04       		.byte	0x4
 194 005e 07       		.byte	0x7
 195 005f D5000000 		.4byte	.LASF8
 196 0063 04       		.uleb128 0x4
 197 0064 42010000 		.4byte	.LASF22
 198 0068 02       		.byte	0x2
 199 0069 C2       		.byte	0xc2
 200 006a 24000000 		.4byte	0x24
 201 006e 02       		.uleb128 0x2
 202 006f 04       		.byte	0x4
 203 0070 04       		.byte	0x4
 204 0071 73000000 		.4byte	.LASF9
 205 0075 02       		.uleb128 0x2
 206 0076 08       		.byte	0x8
 207 0077 04       		.byte	0x4
 208 0078 AC000000 		.4byte	.LASF10
 209 007c 02       		.uleb128 0x2
 210 007d 01       		.byte	0x1
 211 007e 08       		.byte	0x8
 212 007f 33010000 		.4byte	.LASF11
 213 0083 05       		.uleb128 0x5
 214 0084 63000000 		.4byte	0x63
 215 0088 93000000 		.4byte	0x93
 216 008c 06       		.uleb128 0x6
 217 008d 93000000 		.4byte	0x93
 218 0091 3F       		.byte	0x3f
 219 0092 00       		.byte	0
 220 0093 02       		.uleb128 0x2
 221 0094 04       		.byte	0x4
 222 0095 07       		.byte	0x7
 223 0096 1C010000 		.4byte	.LASF12
 224 009a 07       		.uleb128 0x7
ARM GAS  C:\Users\Nick\AppData\Local\Temp\ccSI0mRt.s 			page 5


 225 009b 58000000 		.4byte	.LASF13
 226 009f 01       		.byte	0x1
 227 00a0 1C       		.byte	0x1c
 228 00a1 AB000000 		.4byte	0xab
 229 00a5 05       		.uleb128 0x5
 230 00a6 03       		.byte	0x3
 231 00a7 00000000 		.4byte	cy_meta_loader
 232 00ab 08       		.uleb128 0x8
 233 00ac 83000000 		.4byte	0x83
 234 00b0 05       		.uleb128 0x5
 235 00b1 63000000 		.4byte	0x63
 236 00b5 C0000000 		.4byte	0xc0
 237 00b9 06       		.uleb128 0x6
 238 00ba 93000000 		.4byte	0x93
 239 00be 00       		.byte	0
 240 00bf 00       		.byte	0
 241 00c0 07       		.uleb128 0x7
 242 00c1 C3000000 		.4byte	.LASF14
 243 00c5 01       		.byte	0x1
 244 00c6 2E       		.byte	0x2e
 245 00c7 D1000000 		.4byte	0xd1
 246 00cb 05       		.uleb128 0x5
 247 00cc 03       		.byte	0x3
 248 00cd 00000000 		.4byte	cy_meta_configecc
 249 00d1 08       		.uleb128 0x8
 250 00d2 B0000000 		.4byte	0xb0
 251 00d6 05       		.uleb128 0x5
 252 00d7 63000000 		.4byte	0x63
 253 00db E6000000 		.4byte	0xe6
 254 00df 06       		.uleb128 0x6
 255 00e0 93000000 		.4byte	0x93
 256 00e4 03       		.byte	0x3
 257 00e5 00       		.byte	0
 258 00e6 07       		.uleb128 0x7
 259 00e7 B3000000 		.4byte	.LASF15
 260 00eb 01       		.byte	0x1
 261 00ec 39       		.byte	0x39
 262 00ed F7000000 		.4byte	0xf7
 263 00f1 05       		.uleb128 0x5
 264 00f2 03       		.byte	0x3
 265 00f3 00000000 		.4byte	cy_meta_custnvl
 266 00f7 08       		.uleb128 0x8
 267 00f8 D6000000 		.4byte	0xd6
 268 00fc 07       		.uleb128 0x7
 269 00fd 0E010000 		.4byte	.LASF16
 270 0101 01       		.byte	0x1
 271 0102 44       		.byte	0x44
 272 0103 0D010000 		.4byte	0x10d
 273 0107 05       		.uleb128 0x5
 274 0108 03       		.byte	0x3
 275 0109 00000000 		.4byte	cy_meta_wonvl
 276 010d 08       		.uleb128 0x8
 277 010e D6000000 		.4byte	0xd6
 278 0112 05       		.uleb128 0x5
 279 0113 63000000 		.4byte	0x63
 280 0117 22010000 		.4byte	0x122
 281 011b 06       		.uleb128 0x6
ARM GAS  C:\Users\Nick\AppData\Local\Temp\ccSI0mRt.s 			page 6


 282 011c 93000000 		.4byte	0x93
 283 0120 FF       		.byte	0xff
 284 0121 00       		.byte	0
 285 0122 07       		.uleb128 0x7
 286 0123 F9000000 		.4byte	.LASF17
 287 0127 01       		.byte	0x1
 288 0128 4F       		.byte	0x4f
 289 0129 33010000 		.4byte	0x133
 290 012d 05       		.uleb128 0x5
 291 012e 03       		.byte	0x3
 292 012f 00000000 		.4byte	cy_meta_flashprotect
 293 0133 08       		.uleb128 0x8
 294 0134 12010000 		.4byte	0x112
 295 0138 05       		.uleb128 0x5
 296 0139 63000000 		.4byte	0x63
 297 013d 48010000 		.4byte	0x148
 298 0141 06       		.uleb128 0x6
 299 0142 93000000 		.4byte	0x93
 300 0146 0B       		.byte	0xb
 301 0147 00       		.byte	0
 302 0148 07       		.uleb128 0x7
 303 0149 67000000 		.4byte	.LASF18
 304 014d 01       		.byte	0x1
 305 014e 79       		.byte	0x79
 306 014f 59010000 		.4byte	0x159
 307 0153 05       		.uleb128 0x5
 308 0154 03       		.byte	0x3
 309 0155 00000000 		.4byte	cy_metadata
 310 0159 08       		.uleb128 0x8
 311 015a 38010000 		.4byte	0x138
 312 015e 00       		.byte	0
 313              		.section	.debug_abbrev,"",%progbits
 314              	.Ldebug_abbrev0:
 315 0000 01       		.uleb128 0x1
 316 0001 11       		.uleb128 0x11
 317 0002 01       		.byte	0x1
 318 0003 25       		.uleb128 0x25
 319 0004 0E       		.uleb128 0xe
 320 0005 13       		.uleb128 0x13
 321 0006 0B       		.uleb128 0xb
 322 0007 03       		.uleb128 0x3
 323 0008 0E       		.uleb128 0xe
 324 0009 1B       		.uleb128 0x1b
 325 000a 0E       		.uleb128 0xe
 326 000b 10       		.uleb128 0x10
 327 000c 17       		.uleb128 0x17
 328 000d 00       		.byte	0
 329 000e 00       		.byte	0
 330 000f 02       		.uleb128 0x2
 331 0010 24       		.uleb128 0x24
 332 0011 00       		.byte	0
 333 0012 0B       		.uleb128 0xb
 334 0013 0B       		.uleb128 0xb
 335 0014 3E       		.uleb128 0x3e
 336 0015 0B       		.uleb128 0xb
 337 0016 03       		.uleb128 0x3
 338 0017 0E       		.uleb128 0xe
ARM GAS  C:\Users\Nick\AppData\Local\Temp\ccSI0mRt.s 			page 7


 339 0018 00       		.byte	0
 340 0019 00       		.byte	0
 341 001a 03       		.uleb128 0x3
 342 001b 24       		.uleb128 0x24
 343 001c 00       		.byte	0
 344 001d 0B       		.uleb128 0xb
 345 001e 0B       		.uleb128 0xb
 346 001f 3E       		.uleb128 0x3e
 347 0020 0B       		.uleb128 0xb
 348 0021 03       		.uleb128 0x3
 349 0022 08       		.uleb128 0x8
 350 0023 00       		.byte	0
 351 0024 00       		.byte	0
 352 0025 04       		.uleb128 0x4
 353 0026 16       		.uleb128 0x16
 354 0027 00       		.byte	0
 355 0028 03       		.uleb128 0x3
 356 0029 0E       		.uleb128 0xe
 357 002a 3A       		.uleb128 0x3a
 358 002b 0B       		.uleb128 0xb
 359 002c 3B       		.uleb128 0x3b
 360 002d 0B       		.uleb128 0xb
 361 002e 49       		.uleb128 0x49
 362 002f 13       		.uleb128 0x13
 363 0030 00       		.byte	0
 364 0031 00       		.byte	0
 365 0032 05       		.uleb128 0x5
 366 0033 01       		.uleb128 0x1
 367 0034 01       		.byte	0x1
 368 0035 49       		.uleb128 0x49
 369 0036 13       		.uleb128 0x13
 370 0037 01       		.uleb128 0x1
 371 0038 13       		.uleb128 0x13
 372 0039 00       		.byte	0
 373 003a 00       		.byte	0
 374 003b 06       		.uleb128 0x6
 375 003c 21       		.uleb128 0x21
 376 003d 00       		.byte	0
 377 003e 49       		.uleb128 0x49
 378 003f 13       		.uleb128 0x13
 379 0040 2F       		.uleb128 0x2f
 380 0041 0B       		.uleb128 0xb
 381 0042 00       		.byte	0
 382 0043 00       		.byte	0
 383 0044 07       		.uleb128 0x7
 384 0045 34       		.uleb128 0x34
 385 0046 00       		.byte	0
 386 0047 03       		.uleb128 0x3
 387 0048 0E       		.uleb128 0xe
 388 0049 3A       		.uleb128 0x3a
 389 004a 0B       		.uleb128 0xb
 390 004b 3B       		.uleb128 0x3b
 391 004c 0B       		.uleb128 0xb
 392 004d 49       		.uleb128 0x49
 393 004e 13       		.uleb128 0x13
 394 004f 3F       		.uleb128 0x3f
 395 0050 19       		.uleb128 0x19
ARM GAS  C:\Users\Nick\AppData\Local\Temp\ccSI0mRt.s 			page 8


 396 0051 02       		.uleb128 0x2
 397 0052 18       		.uleb128 0x18
 398 0053 00       		.byte	0
 399 0054 00       		.byte	0
 400 0055 08       		.uleb128 0x8
 401 0056 26       		.uleb128 0x26
 402 0057 00       		.byte	0
 403 0058 49       		.uleb128 0x49
 404 0059 13       		.uleb128 0x13
 405 005a 00       		.byte	0
 406 005b 00       		.byte	0
 407 005c 00       		.byte	0
 408              		.section	.debug_aranges,"",%progbits
 409 0000 14000000 		.4byte	0x14
 410 0004 0200     		.2byte	0x2
 411 0006 00000000 		.4byte	.Ldebug_info0
 412 000a 04       		.byte	0x4
 413 000b 00       		.byte	0
 414 000c 0000     		.2byte	0
 415 000e 0000     		.2byte	0
 416 0010 00000000 		.4byte	0
 417 0014 00000000 		.4byte	0
 418              		.section	.debug_line,"",%progbits
 419              	.Ldebug_line0:
 420 0000 4F000000 		.section	.debug_str,"MS",%progbits,1
 420      02004900 
 420      00000201 
 420      FB0E0D00 
 420      01010101 
 421              	.LASF20:
 422 0000 2E5C4765 		.ascii	".\\Generated_Source\\PSoC5\\cymetadata.c\000"
 422      6E657261 
 422      7465645F 
 422      536F7572 
 422      63655C50 
 423              	.LASF21:
 424 0026 453A5C50 		.ascii	"E:\\Projects\\WiFiChessBoard\\Micro\\Bootloader.cyd"
 424      726F6A65 
 424      6374735C 
 424      57694669 
 424      43686573 
 425 0055 736E00   		.ascii	"sn\000"
 426              	.LASF13:
 427 0058 63795F6D 		.ascii	"cy_meta_loader\000"
 427      6574615F 
 427      6C6F6164 
 427      657200
 428              	.LASF18:
 429 0067 63795F6D 		.ascii	"cy_metadata\000"
 429      65746164 
 429      61746100 
 430              	.LASF9:
 431 0073 666C6F61 		.ascii	"float\000"
 431      7400
 432              	.LASF1:
 433 0079 756E7369 		.ascii	"unsigned char\000"
 433      676E6564 
ARM GAS  C:\Users\Nick\AppData\Local\Temp\ccSI0mRt.s 			page 9


 433      20636861 
 433      7200
 434              	.LASF5:
 435 0087 6C6F6E67 		.ascii	"long unsigned int\000"
 435      20756E73 
 435      69676E65 
 435      6420696E 
 435      7400
 436              	.LASF3:
 437 0099 73686F72 		.ascii	"short unsigned int\000"
 437      7420756E 
 437      7369676E 
 437      65642069 
 437      6E7400
 438              	.LASF10:
 439 00ac 646F7562 		.ascii	"double\000"
 439      6C6500
 440              	.LASF15:
 441 00b3 63795F6D 		.ascii	"cy_meta_custnvl\000"
 441      6574615F 
 441      63757374 
 441      6E766C00 
 442              	.LASF14:
 443 00c3 63795F6D 		.ascii	"cy_meta_configecc\000"
 443      6574615F 
 443      636F6E66 
 443      69676563 
 443      6300
 444              	.LASF8:
 445 00d5 756E7369 		.ascii	"unsigned int\000"
 445      676E6564 
 445      20696E74 
 445      00
 446              	.LASF7:
 447 00e2 6C6F6E67 		.ascii	"long long unsigned int\000"
 447      206C6F6E 
 447      6720756E 
 447      7369676E 
 447      65642069 
 448              	.LASF17:
 449 00f9 63795F6D 		.ascii	"cy_meta_flashprotect\000"
 449      6574615F 
 449      666C6173 
 449      6870726F 
 449      74656374 
 450              	.LASF16:
 451 010e 63795F6D 		.ascii	"cy_meta_wonvl\000"
 451      6574615F 
 451      776F6E76 
 451      6C00
 452              	.LASF12:
 453 011c 73697A65 		.ascii	"sizetype\000"
 453      74797065 
 453      00
 454              	.LASF6:
 455 0125 6C6F6E67 		.ascii	"long long int\000"
 455      206C6F6E 
ARM GAS  C:\Users\Nick\AppData\Local\Temp\ccSI0mRt.s 			page 10


 455      6720696E 
 455      7400
 456              	.LASF11:
 457 0133 63686172 		.ascii	"char\000"
 457      00
 458              	.LASF2:
 459 0138 73686F72 		.ascii	"short int\000"
 459      7420696E 
 459      7400
 460              	.LASF22:
 461 0142 75696E74 		.ascii	"uint8\000"
 461      3800
 462              	.LASF19:
 463 0148 474E5520 		.ascii	"GNU C 4.9.3 20150303 (release) [ARM/embedded-4_9-br"
 463      4320342E 
 463      392E3320 
 463      32303135 
 463      30333033 
 464 017b 616E6368 		.ascii	"anch revision 221220] -mcpu=cortex-m3 -mthumb -g -O"
 464      20726576 
 464      6973696F 
 464      6E203232 
 464      31323230 
 465 01ae 67202D73 		.ascii	"g -std=gnu99 -ffunction-sections -ffat-lto-objects\000"
 465      74643D67 
 465      6E753939 
 465      202D6666 
 465      756E6374 
 466              	.LASF4:
 467 01e1 6C6F6E67 		.ascii	"long int\000"
 467      20696E74 
 467      00
 468              	.LASF0:
 469 01ea 7369676E 		.ascii	"signed char\000"
 469      65642063 
 469      68617200 
 470              		.ident	"GCC: (GNU Tools for ARM Embedded Processors) 4.9.3 20150303 (release) [ARM/embedded-4_9-br
