ARM GAS  C:\Users\Kyle\AppData\Local\Temp\ccgV6h6h.s 			page 1


   1              		.syntax unified
   2              		.cpu cortex-m3
   3              		.fpu softvfp
   4              		.eabi_attribute 20, 1
   5              		.eabi_attribute 21, 1
   6              		.eabi_attribute 23, 3
   7              		.eabi_attribute 24, 1
   8              		.eabi_attribute 25, 1
   9              		.eabi_attribute 26, 1
  10              		.eabi_attribute 30, 1
  11              		.eabi_attribute 34, 1
  12              		.eabi_attribute 18, 4
  13              		.thumb
  14              		.file	"espwifi.c"
  15              		.text
  16              	.Ltext0:
  17              		.cfi_sections	.debug_frame
  18              	.Letext0:
  19              		.section	.debug_line,"",%progbits
  20              	.Ldebug_line0:
  21              		.section	.debug_str,"MS",%progbits,1
  22              	.LASF0:
  23 0000 433A5C55 		.ascii	"C:\\Users\\Kyle\\Downloads\\classes\\Senior_Design\\"
  23      73657273 
  23      5C4B796C 
  23      655C446F 
  23      776E6C6F 
  24 002e 57694669 		.ascii	"WiFiChessBoard\\Micro\\Bootloader.cydsn\000"
  24      43686573 
  24      73426F61 
  24      72645C4D 
  24      6963726F 
  25              	.LASF1:
  26 0054 474E5520 		.ascii	"GNU C 4.9.3 20150303 (release) [ARM/embedded-4_9-br"
  26      4320342E 
  26      392E3320 
  26      32303135 
  26      30333033 
  27 0087 616E6368 		.ascii	"anch revision 221220] -mcpu=cortex-m3 -mthumb -g -O"
  27      20726576 
  27      6973696F 
  27      6E203232 
  27      31323230 
  28 00ba 67202D73 		.ascii	"g -std=gnu99 -ffunction-sections -ffat-lto-objects\000"
  28      74643D67 
  28      6E753939 
  28      202D6666 
  28      756E6374 
  29              	.LASF2:
  30 00ed 2E5C6573 		.ascii	".\\espwifi.c\000"
  30      70776966 
  30      692E6300 
  31              		.ident	"GCC: (GNU Tools for ARM Embedded Processors) 4.9.3 20150303 (release) [ARM/embedded-4_9-br
