ARM GAS  C:\Users\Kyle\AppData\Local\Temp\ccRQKUM0.s 			page 1


   1              		.syntax unified
   2              		.cpu cortex-m3
   3              		.fpu softvfp
   4              		.eabi_attribute 20, 1
   5              		.eabi_attribute 21, 1
   6              		.eabi_attribute 23, 3
   7              		.eabi_attribute 24, 1
   8              		.eabi_attribute 25, 1
   9              		.eabi_attribute 26, 1
  10              		.eabi_attribute 30, 1
  11              		.eabi_attribute 34, 1
  12              		.eabi_attribute 18, 4
  13              		.thumb
  14              		.file	"gamecode.c"
  15              		.text
  16              	.Ltext0:
  17              		.cfi_sections	.debug_frame
  18              	.Letext0:
  19              		.section	.debug_line,"",%progbits
  20              	.Ldebug_line0:
  21              		.section	.debug_str,"MS",%progbits,1
  22              	.LASF0:
  23 0000 433A5C55 		.ascii	"C:\\Users\\Kyle\\Downloads\\classes\\Senior_Design\\"
  23      73657273 
  23      5C4B796C 
  23      655C446F 
  23      776E6C6F 
  24 002e 57694669 		.ascii	"WiFiChessBoard\\Micro\\Bootloader.cydsn\000"
  24      43686573 
  24      73426F61 
  24      72645C4D 
  24      6963726F 
  25              	.LASF1:
  26 0054 2E5C6761 		.ascii	".\\gamecode.c\000"
  26      6D65636F 
  26      64652E63 
  26      00
  27              	.LASF2:
  28 0061 474E5520 		.ascii	"GNU C 4.9.3 20150303 (release) [ARM/embedded-4_9-br"
  28      4320342E 
  28      392E3320 
  28      32303135 
  28      30333033 
  29 0094 616E6368 		.ascii	"anch revision 221220] -mcpu=cortex-m3 -mthumb -g -O"
  29      20726576 
  29      6973696F 
  29      6E203232 
  29      31323230 
  30 00c7 67202D73 		.ascii	"g -std=gnu99 -ffunction-sections -ffat-lto-objects\000"
  30      74643D67 
  30      6E753939 
  30      202D6666 
  30      756E6374 
  31              		.ident	"GCC: (GNU Tools for ARM Embedded Processors) 4.9.3 20150303 (release) [ARM/embedded-4_9-br
