Change Physical Footprint: Designator=C1 Old Footprint=CAP0603 New Footprint=CAP0603
Change Physical Footprint: Designator=C2 Old Footprint=CAP0603 New Footprint=CAP0603
Change Physical Footprint: Designator=C3 Old Footprint=CAP0603 New Footprint=CAP0603
Change Physical Footprint: Designator=C4 Old Footprint=CAP0603 New Footprint=CAP0603
Change Physical Footprint: Designator=C5 Old Footprint=CAP0603 New Footprint=CAP0603
Change Physical Footprint: Designator=C6 Old Footprint=CAP0603 New Footprint=CAP0603
Change Physical Footprint: Designator=C7 Old Footprint=CAP0603 New Footprint=CAP0603
Change Physical Footprint: Designator=C8 Old Footprint=CAP0603 New Footprint=CAP0603
Change Physical Footprint: Designator=C9 Old Footprint=CAP0603 New Footprint=CAP0603
Change Physical Footprint: Designator=C10 Old Footprint=CAP0603 New Footprint=CAP0603
Change Physical Footprint: Designator=C11 Old Footprint=CAP0603 New Footprint=CAP0603
Change Physical Footprint: Designator=C12 Old Footprint=CAP0603 New Footprint=CAP0603
Change Physical Footprint: Designator=C13 Old Footprint=CAP0603 New Footprint=CAP0603
Change Physical Footprint: Designator=C14 Old Footprint=CAP0603 New Footprint=CAP0603
Change Physical Footprint: Designator=C15 Old Footprint=CAP0603 New Footprint=CAP0603
Change Physical Footprint: Designator=C16 Old Footprint=CAP0603 New Footprint=CAP0603
Change Physical Footprint: Designator=C17 Old Footprint=CAP0603 New Footprint=CAP0603
Change Physical Footprint: Designator=C18 Old Footprint=CAP_EL_8x5.9 New Footprint=CAP_EL_8x5.9
Change Physical Footprint: Designator=C19 Old Footprint=CAP_EL_8x5.9 New Footprint=CAP_EL_8x5.9
Change Physical Footprint: Designator=C20 Old Footprint=CAP0603 New Footprint=CAP0603
Change Physical Footprint: Designator=C21 Old Footprint=CAP0603 New Footprint=CAP0603
Change Physical Footprint: Designator=C22 Old Footprint=CAP_EL_8x5.9 New Footprint=CAP_EL_8x5.9
Change Physical Footprint: Designator=J1 Old Footprint=16 Pin Header 2.54mm New Footprint=16 Pin Header 2.54mm
Change Physical Footprint: Designator=J2 Old Footprint=2 Pin Header 2.54mm New Footprint=2 Pin Header 2.54mm
Change Physical Footprint: Designator=J3 Old Footprint=2 Pin Header 2.54mm New Footprint=2 Pin Header 2.54mm
Change Physical Footprint: Designator=J4 Old Footprint=5 Pin Header 2.54mm New Footprint=5 Pin Header 2.54mm
Change Physical Footprint: Designator=J5 Old Footprint=2 Pin Header 2.54mm New Footprint=2 Pin Header 2.54mm
Change Physical Footprint: Designator=J6 Old Footprint=3 Pin Header 2.54mm New Footprint=3 Pin Header 2.54mm
Change Physical Footprint: Designator=J7 Old Footprint=12 Pin Header 2.54mm New Footprint=12 Pin Header 2.54mm
Change Physical Footprint: Designator=J8 Old Footprint=8 Pin Header 2.54mm New Footprint=8 Pin Header 2.54mm
Change Physical Footprint: Designator=J9 Old Footprint=2 Pin Header 2.54mm New Footprint=2 Pin Header 2.54mm
Change Physical Footprint: Designator=J10 Old Footprint=2 Pin Header 2.54mm New Footprint=2 Pin Header 2.54mm
Change Physical Footprint: Designator=J11 Old Footprint=12 Pin Header 2.54mm New Footprint=12 Pin Header 2.54mm
Change Physical Footprint: Designator=J12 Old Footprint=8 Pin Header 2.54mm New Footprint=8 Pin Header 2.54mm
Change Physical Footprint: Designator=J13 Old Footprint=12 Pin Header 2.54mm New Footprint=12 Pin Header 2.54mm
Change Physical Footprint: Designator=Q1 Old Footprint=SOT23 New Footprint=SOT23
Change Physical Footprint: Designator=R1 Old Footprint=RES0603 New Footprint=RES0603
Change Physical Footprint: Designator=R2 Old Footprint=RES0603 New Footprint=RES0603
Change Physical Footprint: Designator=R3 Old Footprint=RES0603 New Footprint=RES0603
Change Physical Footprint: Designator=R4 Old Footprint=RES0603 New Footprint=RES0603
Change Physical Footprint: Designator=R5 Old Footprint=RES0603 New Footprint=RES0603
Change Physical Footprint: Designator=R7 Old Footprint=RES0603 New Footprint=RES0603
Change Physical Footprint: Designator=R8 Old Footprint=RES0603 New Footprint=RES0603
Change Physical Footprint: Designator=R9 Old Footprint=RES0603 New Footprint=RES0603
Change Physical Footprint: Designator=R10 Old Footprint=RES0603 New Footprint=RES0603
Change Physical Footprint: Designator=R11 Old Footprint=RES0603 New Footprint=RES0603
Change Physical Footprint: Designator=R12 Old Footprint=RES0603 New Footprint=RES0603
Change Physical Footprint: Designator=R13 Old Footprint=RES0603 New Footprint=RES0603
Change Physical Footprint: Designator=R14 Old Footprint=RES0603 New Footprint=RES0603
Change Physical Footprint: Designator=R15 Old Footprint=RES0603 New Footprint=RES0603
Change Physical Footprint: Designator=R16 Old Footprint=RES0603 New Footprint=RES0603
Change Physical Footprint: Designator=R17 Old Footprint=RES0603 New Footprint=RES0603
Change Physical Footprint: Designator=R18 Old Footprint=RES0603 New Footprint=RES0603
Change Physical Footprint: Designator=R19 Old Footprint=RES0603 New Footprint=RES0603
Change Physical Footprint: Designator=R20 Old Footprint=RES0603 New Footprint=RES0603
Change Physical Footprint: Designator=R21 Old Footprint=RES0603 New Footprint=RES0603
Change Physical Footprint: Designator=R22 Old Footprint=RES0603 New Footprint=RES0603
Change Physical Footprint: Designator=R23 Old Footprint=RES0603 New Footprint=RES0603
Change Physical Footprint: Designator=R24 Old Footprint=RES0603 New Footprint=RES0603
Change Physical Footprint: Designator=R25 Old Footprint=RES0603 New Footprint=RES0603
Change Physical Footprint: Designator=R26 Old Footprint=RES0603 New Footprint=RES0603
Change Physical Footprint: Designator=R27 Old Footprint=RES0603 New Footprint=RES0603
Change Physical Footprint: Designator=R28 Old Footprint=RES0603 New Footprint=RES0603
Change Physical Footprint: Designator=R29 Old Footprint=RES0603 New Footprint=RES0603
Change Physical Footprint: Designator=R30 Old Footprint=RES0603 New Footprint=RES0603
Change Physical Footprint: Designator=R31 Old Footprint=RES0603 New Footprint=RES0603
Change Physical Footprint: Designator=R32 Old Footprint=RES0603 New Footprint=RES0603
Change Physical Footprint: Designator=R33 Old Footprint=RES0603 New Footprint=RES0603
Change Physical Footprint: Designator=R34 Old Footprint=RES0603 New Footprint=RES0603
Change Physical Footprint: Designator=R35 Old Footprint=RES0603 New Footprint=RES0603
Change Physical Footprint: Designator=R36 Old Footprint=RES0603 New Footprint=RES0603
Change Physical Footprint: Designator=R37 Old Footprint=RES0603 New Footprint=RES0603
Change Physical Footprint: Designator=R38 Old Footprint=RES0603 New Footprint=RES0603
Change Physical Footprint: Designator=R39 Old Footprint=RES0603 New Footprint=RES0603
Change Physical Footprint: Designator=S1 Old Footprint=FSM2JSMAATR New Footprint=FSM2JSMAATR
Change Physical Footprint: Designator=S2 Old Footprint=FSM2JSMAATR New Footprint=FSM2JSMAATR
Change Physical Footprint: Designator=S3 Old Footprint=FSM2JSMAATR New Footprint=FSM2JSMAATR
Change Physical Footprint: Designator=U1 Old Footprint=SOT223 New Footprint=SOT223
Change Physical Footprint: Designator=U2 Old Footprint=SOT223 New Footprint=SOT223
Change Physical Footprint: Designator=U3 Old Footprint=TQPF-100 New Footprint=TQPF-100
Change Physical Footprint: Designator=U4 Old Footprint=SOT223 New Footprint=SOT223
Change Physical Footprint: Designator=U5 Old Footprint=ESP-07 New Footprint=ESP-07
Change Physical Footprint: Designator=VR1 Old Footprint=RESPVZ3A New Footprint=RESPVZ3A
Change Physical Footprint: Designator=VR2 Old Footprint=RESPVZ3A New Footprint=RESPVZ3A
Change Physical Footprint: Designator=VR3 Old Footprint=RESPVZ3A New Footprint=RESPVZ3A
