Replace Part C1 Cap_10uF_0603 in E:\Projects\WiFiChess\Electrical\WiFiChessSch.SchDoc with Cap_10uF_0603 from Capacitor_0603.SchLib
Replace Part C2 Cap_10uF_0603 in E:\Projects\WiFiChess\Electrical\WiFiChessSch.SchDoc with Cap_10uF_0603 from Capacitor_0603.SchLib
Replace Part C3 Cap_1uF_0603 in E:\Projects\WiFiChess\Electrical\WiFiChessSch.SchDoc with Cap_1uF_0603 from Capacitor_0603.SchLib
Replace Part C4 Cap_100nF_0603 in E:\Projects\WiFiChess\Electrical\WiFiChessSch.SchDoc with Cap_100nF_0603 from Capacitor_0603.SchLib
Replace Part C5 Cap_100nF_0603 in E:\Projects\WiFiChess\Electrical\WiFiChessSch.SchDoc with Cap_100nF_0603 from Capacitor_0603.SchLib
Replace Part C6 Cap_10uF_0603 in E:\Projects\WiFiChess\Electrical\WiFiChessSch.SchDoc with Cap_10uF_0603 from Capacitor_0603.SchLib
Replace Part C7 Cap_10uF_0603 in E:\Projects\WiFiChess\Electrical\WiFiChessSch.SchDoc with Cap_10uF_0603 from Capacitor_0603.SchLib
Replace Part C8 Cap_100nF_0603 in E:\Projects\WiFiChess\Electrical\WiFiChessSch.SchDoc with Cap_100nF_0603 from Capacitor_0603.SchLib
Replace Part C9 Cap_100nF_0603 in E:\Projects\WiFiChess\Electrical\WiFiChessSch.SchDoc with Cap_100nF_0603 from Capacitor_0603.SchLib
Replace Part C10 Cap_100nF_0603 in E:\Projects\WiFiChess\Electrical\WiFiChessSch.SchDoc with Cap_100nF_0603 from Capacitor_0603.SchLib
Replace Part C11 Cap_100nF_0603 in E:\Projects\WiFiChess\Electrical\WiFiChessSch.SchDoc with Cap_100nF_0603 from Capacitor_0603.SchLib
Replace Part C12 Cap_10uF_0603 in E:\Projects\WiFiChess\Electrical\WiFiChessSch.SchDoc with Cap_10uF_0603 from Capacitor_0603.SchLib
Replace Part C13 Cap_10uF_0603 in E:\Projects\WiFiChess\Electrical\WiFiChessSch.SchDoc with Cap_10uF_0603 from Capacitor_0603.SchLib
Replace Part C14 Cap_1uF_0603 in E:\Projects\WiFiChess\Electrical\WiFiChessSch.SchDoc with Cap_1uF_0603 from Capacitor_0603.SchLib
Replace Part C15 Cap_1uF_0603 in E:\Projects\WiFiChess\Electrical\WiFiChessSch.SchDoc with Cap_1uF_0603 from Capacitor_0603.SchLib
Replace Part C16 Cap_100nF_0603 in E:\Projects\WiFiChess\Electrical\WiFiChessSch.SchDoc with Cap_100nF_0603 from Capacitor_0603.SchLib
Replace Part C17 Cap_1uF_0603 in E:\Projects\WiFiChess\Electrical\WiFiChessSch.SchDoc with Cap_1uF_0603 from Capacitor_0603.SchLib
Replace Part C18 Cap_47uF_Alu in E:\Projects\WiFiChess\Electrical\WiFiChessSch.SchDoc with Cap_47uF_Alu from Capacitor_Aluminum.SchLib
Replace Part C19 Cap_47uF_Alu in E:\Projects\WiFiChess\Electrical\WiFiChessSch.SchDoc with Cap_47uF_Alu from Capacitor_Aluminum.SchLib
Replace Part C20 Cap_100nF_0603 in E:\Projects\WiFiChess\Electrical\WiFiChessSch.SchDoc with Cap_100nF_0603 from Capacitor_0603.SchLib
Replace Part C21 Cap_1uF_0603 in E:\Projects\WiFiChess\Electrical\WiFiChessSch.SchDoc with Cap_1uF_0603 from Capacitor_0603.SchLib
Replace Part C22 Cap_47uF_Alu in E:\Projects\WiFiChess\Electrical\WiFiChessSch.SchDoc with Cap_47uF_Alu from Capacitor_Aluminum.SchLib
Replace Part J1 Header_16 in E:\Projects\WiFiChess\Electrical\WiFiChessSch.SchDoc with Header_16 from Connectors.SchLib
Replace Part J2 Header_2 in E:\Projects\WiFiChess\Electrical\WiFiChessSch.SchDoc with Header_2 from Connectors.SchLib
Replace Part J3 Header_2 in E:\Projects\WiFiChess\Electrical\WiFiChessSch.SchDoc with Header_2 from Connectors.SchLib
Replace Part J4 Header_5 in E:\Projects\WiFiChess\Electrical\WiFiChessSch.SchDoc with Header_5 from Connectors.SchLib
Replace Part J5 Header_2 in E:\Projects\WiFiChess\Electrical\WiFiChessSch.SchDoc with Header_2 from Connectors.SchLib
Replace Part J6 Header_12 in E:\Projects\WiFiChess\Electrical\WiFiChessSch.SchDoc with Header_12 from Connectors.SchLib
Replace Part J7 Header_8 in E:\Projects\WiFiChess\Electrical\WiFiChessSch.SchDoc with Header_8 from Connectors.SchLib
Replace Part J8 Header_2 in E:\Projects\WiFiChess\Electrical\WiFiChessSch.SchDoc with Header_2 from Connectors.SchLib
Replace Part J9 Header_2 in E:\Projects\WiFiChess\Electrical\WiFiChessSch.SchDoc with Header_2 from Connectors.SchLib
Replace Part J10 Header_12 in E:\Projects\WiFiChess\Electrical\WiFiChessSch.SchDoc with Header_12 from Connectors.SchLib
Replace Part J11 Header_8 in E:\Projects\WiFiChess\Electrical\WiFiChessSch.SchDoc with Header_8 from Connectors.SchLib
Replace Part J12 Header_12 in E:\Projects\WiFiChess\Electrical\WiFiChessSch.SchDoc with Header_12 from Connectors.SchLib
Replace Part J? Header_3 in E:\Projects\WiFiChess\Electrical\WiFiChessSch.SchDoc with Header_3 from Connectors.SchLib
Replace Part Q1 PMV20ENR in E:\Projects\WiFiChess\Electrical\WiFiChessSch.SchDoc with PMV20ENR from Transistors.SchLib
Replace Part R1 Res_10K_0603 in E:\Projects\WiFiChess\Electrical\WiFiChessSch.SchDoc with Res_10K_0603 from Resistor_0603.SchLib
Replace Part R2 Res_10K_0603 in E:\Projects\WiFiChess\Electrical\WiFiChessSch.SchDoc with Res_10K_0603 from Resistor_0603.SchLib
Replace Part R3 Res_10K_0603 in E:\Projects\WiFiChess\Electrical\WiFiChessSch.SchDoc with Res_10K_0603 from Resistor_0603.SchLib
Replace Part R4 Res_10K_0603 in E:\Projects\WiFiChess\Electrical\WiFiChessSch.SchDoc with Res_10K_0603 from Resistor_0603.SchLib
Replace Part R5 Res_10K_0603 in E:\Projects\WiFiChess\Electrical\WiFiChessSch.SchDoc with Res_10K_0603 from Resistor_0603.SchLib
Replace Part R7 Res_10K_0603 in E:\Projects\WiFiChess\Electrical\WiFiChessSch.SchDoc with Res_10K_0603 from Resistor_0603.SchLib
Replace Part R8 Res_10K_0603 in E:\Projects\WiFiChess\Electrical\WiFiChessSch.SchDoc with Res_10K_0603 from Resistor_0603.SchLib
Replace Part R9 Res_10K_0603 in E:\Projects\WiFiChess\Electrical\WiFiChessSch.SchDoc with Res_10K_0603 from Resistor_0603.SchLib
Replace Part R10 Res_10K_0603 in E:\Projects\WiFiChess\Electrical\WiFiChessSch.SchDoc with Res_10K_0603 from Resistor_0603.SchLib
Replace Part R11 Res_10K_0603 in E:\Projects\WiFiChess\Electrical\WiFiChessSch.SchDoc with Res_10K_0603 from Resistor_0603.SchLib
Replace Part R12 Res_10K_0603 in E:\Projects\WiFiChess\Electrical\WiFiChessSch.SchDoc with Res_10K_0603 from Resistor_0603.SchLib
Replace Part R13 Res_10K_0603 in E:\Projects\WiFiChess\Electrical\WiFiChessSch.SchDoc with Res_10K_0603 from Resistor_0603.SchLib
Replace Part R14 Res_10K_0603 in E:\Projects\WiFiChess\Electrical\WiFiChessSch.SchDoc with Res_10K_0603 from Resistor_0603.SchLib
Replace Part R15 Res_10K_0603 in E:\Projects\WiFiChess\Electrical\WiFiChessSch.SchDoc with Res_10K_0603 from Resistor_0603.SchLib
Replace Part R16 Res_10K_0603 in E:\Projects\WiFiChess\Electrical\WiFiChessSch.SchDoc with Res_10K_0603 from Resistor_0603.SchLib
Replace Part R17 Res_10K_0603 in E:\Projects\WiFiChess\Electrical\WiFiChessSch.SchDoc with Res_10K_0603 from Resistor_0603.SchLib
Replace Part R18 Res_10K_0603 in E:\Projects\WiFiChess\Electrical\WiFiChessSch.SchDoc with Res_10K_0603 from Resistor_0603.SchLib
Replace Part R19 Res_10K_0603 in E:\Projects\WiFiChess\Electrical\WiFiChessSch.SchDoc with Res_10K_0603 from Resistor_0603.SchLib
Replace Part R20 Res_10K_0603 in E:\Projects\WiFiChess\Electrical\WiFiChessSch.SchDoc with Res_10K_0603 from Resistor_0603.SchLib
Replace Part R21 Res_10K_0603 in E:\Projects\WiFiChess\Electrical\WiFiChessSch.SchDoc with Res_10K_0603 from Resistor_0603.SchLib
Replace Part R22 Res_0603_DNP in E:\Projects\WiFiChess\Electrical\WiFiChessSch.SchDoc with Res_0603_DNP from Resistor_0603.SchLib
Replace Part R23 Res_10K_0603 in E:\Projects\WiFiChess\Electrical\WiFiChessSch.SchDoc with Res_10K_0603 from Resistor_0603.SchLib
Replace Part R24 Res_0603_DNP in E:\Projects\WiFiChess\Electrical\WiFiChessSch.SchDoc with Res_0603_DNP from Resistor_0603.SchLib
Replace Part R25 Res_10K_0603 in E:\Projects\WiFiChess\Electrical\WiFiChessSch.SchDoc with Res_10K_0603 from Resistor_0603.SchLib
Replace Part R26 Res_0603_DNP in E:\Projects\WiFiChess\Electrical\WiFiChessSch.SchDoc with Res_0603_DNP from Resistor_0603.SchLib
Replace Part R27 Res_10K_0603 in E:\Projects\WiFiChess\Electrical\WiFiChessSch.SchDoc with Res_10K_0603 from Resistor_0603.SchLib
Replace Part R28 Res_10R_0603 in E:\Projects\WiFiChess\Electrical\WiFiChessSch.SchDoc with Res_10R_0603 from Resistor_0603.SchLib
Replace Part R29 Res_10K_0603 in E:\Projects\WiFiChess\Electrical\WiFiChessSch.SchDoc with Res_10K_0603 from Resistor_0603.SchLib
Replace Part R30 Res_10K_0603 in E:\Projects\WiFiChess\Electrical\WiFiChessSch.SchDoc with Res_10K_0603 from Resistor_0603.SchLib
Replace Part R31 Res_10K_0603 in E:\Projects\WiFiChess\Electrical\WiFiChessSch.SchDoc with Res_10K_0603 from Resistor_0603.SchLib
Replace Part R32 Res_10K_0603 in E:\Projects\WiFiChess\Electrical\WiFiChessSch.SchDoc with Res_10K_0603 from Resistor_0603.SchLib
Replace Part R33 Res_10K_0603 in E:\Projects\WiFiChess\Electrical\WiFiChessSch.SchDoc with Res_10K_0603 from Resistor_0603.SchLib
Replace Part R34 Res_0603_DNP in E:\Projects\WiFiChess\Electrical\WiFiChessSch.SchDoc with Res_0603_DNP from Resistor_0603.SchLib
Replace Part R35 Res_10K_0603 in E:\Projects\WiFiChess\Electrical\WiFiChessSch.SchDoc with Res_10K_0603 from Resistor_0603.SchLib
Replace Part R36 Res_0603_DNP in E:\Projects\WiFiChess\Electrical\WiFiChessSch.SchDoc with Res_0603_DNP from Resistor_0603.SchLib
Replace Part R37 Res_10K_0603 in E:\Projects\WiFiChess\Electrical\WiFiChessSch.SchDoc with Res_10K_0603 from Resistor_0603.SchLib
Replace Part R38 Res_0603_DNP in E:\Projects\WiFiChess\Electrical\WiFiChessSch.SchDoc with Res_0603_DNP from Resistor_0603.SchLib
Replace Part R39 Res_10K_0603 in E:\Projects\WiFiChess\Electrical\WiFiChessSch.SchDoc with Res_10K_0603 from Resistor_0603.SchLib
Replace Part S1 NO-Tactile Switch in E:\Projects\WiFiChess\Electrical\WiFiChessSch.SchDoc with NO-Tactile Switch from Switches.SchLib
Replace Part S2 NO-Tactile Switch in E:\Projects\WiFiChess\Electrical\WiFiChessSch.SchDoc with NO-Tactile Switch from Switches.SchLib
Replace Part S3 NO-Tactile Switch in E:\Projects\WiFiChess\Electrical\WiFiChessSch.SchDoc with NO-Tactile Switch from Switches.SchLib
Replace Part U1 NCP1117ST33T3G in E:\Projects\WiFiChess\Electrical\WiFiChessSch.SchDoc with NCP1117ST33T3G from Voltage_Regulators.SchLib
Replace Part U2 NCV1117ST50T3G in E:\Projects\WiFiChess\Electrical\WiFiChessSch.SchDoc with NCV1117ST50T3G from Voltage_Regulators.SchLib
Replace Part U3 CY8C5287AXI in E:\Projects\WiFiChess\Electrical\WiFiChessSch.SchDoc with CY8C5287AXI from Microcontrollers.SchLib
Replace Part U4 NCV1117STAT3G in E:\Projects\WiFiChess\Electrical\WiFiChessSch.SchDoc with NCV1117STAT3G from Voltage_Regulators.SchLib
Replace Part U5 ESP8266_07 in E:\Projects\WiFiChess\Electrical\WiFiChessSch.SchDoc with ESP8266_07 from Modules.SchLib
Replace Part VR1 PVZ3A_10K_Trimmer_Pot in E:\Projects\WiFiChess\Electrical\WiFiChessSch.SchDoc with PVZ3A_10K_Trimmer_Pot from Potentiometer.SchLib
Replace Part VR2 PVZ3A_1K_Trimmer_Pot in E:\Projects\WiFiChess\Electrical\WiFiChessSch.SchDoc with PVZ3A_1K_Trimmer_Pot from Potentiometer.SchLib
Replace Part VR3 PVZ3A_1K_Trimmer_Pot in E:\Projects\WiFiChess\Electrical\WiFiChessSch.SchDoc with PVZ3A_1K_Trimmer_Pot from Potentiometer.SchLib
