Replace Part C? Cap_47uF_Alu in E:\Projects\WiFiChess\Electrical\WiFiChessSch.SchDoc with Cap_47uF_Alu from Capacitor_Aluminum.SchLib
Replace Part C? Cap_47uF_Alu in E:\Projects\WiFiChess\Electrical\WiFiChessSch.SchDoc with Cap_47uF_Alu from Capacitor_Aluminum.SchLib
Replace Part C? Cap_47uF_Alu in E:\Projects\WiFiChess\Electrical\WiFiChessSch.SchDoc with Cap_47uF_Alu from Capacitor_Aluminum.SchLib
Replace Part C? Cap_10uF_0603 in E:\Projects\WiFiChess\Electrical\WiFiChessSch.SchDoc with Cap_10uF_0603 from Capacitor_0603.SchLib
Replace Part C? Cap_10uF_0603 in E:\Projects\WiFiChess\Electrical\WiFiChessSch.SchDoc with Cap_10uF_0603 from Capacitor_0603.SchLib
Replace Part C? Cap_10uF_0603 in E:\Projects\WiFiChess\Electrical\WiFiChessSch.SchDoc with Cap_10uF_0603 from Capacitor_0603.SchLib
Replace Part C? Cap_10uF_0603 in E:\Projects\WiFiChess\Electrical\WiFiChessSch.SchDoc with Cap_10uF_0603 from Capacitor_0603.SchLib
Replace Part C? Cap_10uF_0603 in E:\Projects\WiFiChess\Electrical\WiFiChessSch.SchDoc with Cap_10uF_0603 from Capacitor_0603.SchLib
Replace Part C? Cap_10uF_0603 in E:\Projects\WiFiChess\Electrical\WiFiChessSch.SchDoc with Cap_10uF_0603 from Capacitor_0603.SchLib
Replace Part C? Cap_100nF_0603 in E:\Projects\WiFiChess\Electrical\WiFiChessSch.SchDoc with Cap_100nF_0603 from Capacitor_0603.SchLib
Replace Part C? Cap_100nF_0603 in E:\Projects\WiFiChess\Electrical\WiFiChessSch.SchDoc with Cap_100nF_0603 from Capacitor_0603.SchLib
Replace Part C? Cap_100nF_0603 in E:\Projects\WiFiChess\Electrical\WiFiChessSch.SchDoc with Cap_100nF_0603 from Capacitor_0603.SchLib
Replace Part C? Cap_100nF_0603 in E:\Projects\WiFiChess\Electrical\WiFiChessSch.SchDoc with Cap_100nF_0603 from Capacitor_0603.SchLib
Replace Part C? Cap_100nF_0603 in E:\Projects\WiFiChess\Electrical\WiFiChessSch.SchDoc with Cap_100nF_0603 from Capacitor_0603.SchLib
Replace Part C? Cap_100nF_0603 in E:\Projects\WiFiChess\Electrical\WiFiChessSch.SchDoc with Cap_100nF_0603 from Capacitor_0603.SchLib
Replace Part C? Cap_1uF_0603 in E:\Projects\WiFiChess\Electrical\WiFiChessSch.SchDoc with Cap_1uF_0603 from Capacitor_0603.SchLib
Replace Part C? Cap_100nF_0603 in E:\Projects\WiFiChess\Electrical\WiFiChessSch.SchDoc with Cap_100nF_0603 from Capacitor_0603.SchLib
Replace Part C? Cap_1uF_0603 in E:\Projects\WiFiChess\Electrical\WiFiChessSch.SchDoc with Cap_1uF_0603 from Capacitor_0603.SchLib
Replace Part C? Cap_1uF_0603 in E:\Projects\WiFiChess\Electrical\WiFiChessSch.SchDoc with Cap_1uF_0603 from Capacitor_0603.SchLib
Replace Part J? Header_2 in E:\Projects\WiFiChess\Electrical\WiFiChessSch.SchDoc with Header_2 from Connectors.SchLib
Replace Part J? Header_2 in E:\Projects\WiFiChess\Electrical\WiFiChessSch.SchDoc with Header_2 from Connectors.SchLib
Replace Part J? Header_2 in E:\Projects\WiFiChess\Electrical\WiFiChessSch.SchDoc with Header_2 from Connectors.SchLib
Replace Part J? Header_3 in E:\Projects\WiFiChess\Electrical\WiFiChessSch.SchDoc with Header_3 from Connectors.SchLib
Replace Part J? Header_3 in E:\Projects\WiFiChess\Electrical\WiFiChessSch.SchDoc with Header_3 from Connectors.SchLib
Replace Part J? Header_12 in E:\Projects\WiFiChess\Electrical\WiFiChessSch.SchDoc with Header_12 from Connectors.SchLib
Replace Part J? Header_12 in E:\Projects\WiFiChess\Electrical\WiFiChessSch.SchDoc with Header_12 from Connectors.SchLib
Replace Part J? Header_2 in E:\Projects\WiFiChess\Electrical\WiFiChessSch.SchDoc with Header_2 from Connectors.SchLib
Replace Part J? Header_5 in E:\Projects\WiFiChess\Electrical\WiFiChessSch.SchDoc with Header_5 from Connectors.SchLib
Replace Part J? Header_8 in E:\Projects\WiFiChess\Electrical\WiFiChessSch.SchDoc with Header_8 from Connectors.SchLib
Replace Part J? Header_12 in E:\Projects\WiFiChess\Electrical\WiFiChessSch.SchDoc with Header_12 from Connectors.SchLib
Replace Part J? Header_16 in E:\Projects\WiFiChess\Electrical\WiFiChessSch.SchDoc with Header_16 from Connectors.SchLib
Replace Part R? Res_10K_0603 in E:\Projects\WiFiChess\Electrical\WiFiChessSch.SchDoc with Res_10K_0603 from Resistor_0603.SchLib
Replace Part R? Res_10K_0603 in E:\Projects\WiFiChess\Electrical\WiFiChessSch.SchDoc with Res_10K_0603 from Resistor_0603.SchLib
Replace Part R? Res_10K_0603 in E:\Projects\WiFiChess\Electrical\WiFiChessSch.SchDoc with Res_10K_0603 from Resistor_0603.SchLib
Replace Part R? Res_10K_0603 in E:\Projects\WiFiChess\Electrical\WiFiChessSch.SchDoc with Res_10K_0603 from Resistor_0603.SchLib
Replace Part U? NCV1117STAT3G in E:\Projects\WiFiChess\Electrical\WiFiChessSch.SchDoc with NCV1117STAT3G from Voltage_Regulators.SchLib
Replace Part U? ESP8266_07 in E:\Projects\WiFiChess\Electrical\WiFiChessSch.SchDoc with ESP8266_07 from Modules.SchLib
Replace Part U? NCV1117ST50T3G in E:\Projects\WiFiChess\Electrical\WiFiChessSch.SchDoc with NCV1117ST50T3G from Voltage_Regulators.SchLib
Replace Part U? NCP1117ST33T3G in E:\Projects\WiFiChess\Electrical\WiFiChessSch.SchDoc with NCP1117ST33T3G from Voltage_Regulators.SchLib
Replace Part U? CY8C5287AXI in E:\Projects\WiFiChess\Electrical\WiFiChessSch.SchDoc with CY8C5287AXI from Microcontrollers.SchLib
Replace Part VR? PVZ3A_10K_Trimmer_Pot in E:\Projects\WiFiChess\Electrical\WiFiChessSch.SchDoc with PVZ3A_10K_Trimmer_Pot from Potentiometer.SchLib
Replace Part VR? PVZ3A_10K_Trimmer_Pot in E:\Projects\WiFiChess\Electrical\WiFiChessSch.SchDoc with PVZ3A_10K_Trimmer_Pot from Potentiometer.SchLib
