Added Component: Designator=C1(CAP0603)
Added Component: Designator=C2(CAP0603)
Added Component: Designator=C3(CAP0603)
Added Component: Designator=C4(CAP0603)
Added Component: Designator=C5(CAP0603)
Added Component: Designator=C6(CAP0603)
Added Component: Designator=C7(CAP0603)
Added Component: Designator=C8(CAP0603)
Added Component: Designator=C9(CAP0603)
Added Component: Designator=C10(CAP0603)
Added Component: Designator=C11(CAP0603)
Added Component: Designator=C12(CAP0603)
Added Component: Designator=C13(CAP0603)
Added Component: Designator=C14(CAP0603)
Added Component: Designator=C15(CAP0603)
Added Component: Designator=C16(CAP0603)
Added Component: Designator=C17(CAP0603)
Added Component: Designator=C18(CAP_EL_8x5.9)
Added Component: Designator=C19(CAP_EL_8x5.9)
Added Component: Designator=C20(CAP0603)
Added Component: Designator=C21(CAP0603)
Added Component: Designator=C22(CAP_EL_8x5.9)
Added Component: Designator=J1(16 Pin Header 2.54mm)
Added Component: Designator=J2(2 Pin Header 2.54mm)
Added Component: Designator=J3(2 Pin Header 2.54mm)
Added Component: Designator=J4(5 Pin Header 2.54mm)
Added Component: Designator=J5(2 Pin Header 2.54mm)
Added Component: Designator=J6(3 Pin Header 2.54mm)
Added Component: Designator=J7(12 Pin Header 2.54mm)
Added Component: Designator=J8(8 Pin Header 2.54mm)
Added Component: Designator=J9(2 Pin Header 2.54mm)
Added Component: Designator=J10(2 Pin Header 2.54mm)
Added Component: Designator=J11(12 Pin Header 2.54mm)
Added Component: Designator=J12(8 Pin Header 2.54mm)
Added Component: Designator=J13(12 Pin Header 2.54mm)
Added Component: Designator=Q1(SOT23)
Added Component: Designator=R1(RES0603)
Added Component: Designator=R2(RES0603)
Added Component: Designator=R3(RES0603)
Added Component: Designator=R4(RES0603)
Added Component: Designator=R5(RES0603)
Added Component: Designator=R7(RES0603)
Added Component: Designator=R8(RES0603)
Added Component: Designator=R9(RES0603)
Added Component: Designator=R10(RES0603)
Added Component: Designator=R11(RES0603)
Added Component: Designator=R12(RES0603)
Added Component: Designator=R13(RES0603)
Added Component: Designator=R14(RES0603)
Added Component: Designator=R15(RES0603)
Added Component: Designator=R16(RES0603)
Added Component: Designator=R17(RES0603)
Added Component: Designator=R18(RES0603)
Added Component: Designator=R19(RES0603)
Added Component: Designator=R20(RES0603)
Added Component: Designator=R21(RES0603)
Added Component: Designator=R22(RES0603)
Added Component: Designator=R23(RES0603)
Added Component: Designator=R24(RES0603)
Added Component: Designator=R25(RES0603)
Added Component: Designator=R26(RES0603)
Added Component: Designator=R27(RES0603)
Added Component: Designator=R28(RES0603)
Added Component: Designator=R29(RES0603)
Added Component: Designator=R30(RES0603)
Added Component: Designator=R31(RES0603)
Added Component: Designator=R32(RES0603)
Added Component: Designator=R33(RES0603)
Added Component: Designator=R34(RES0603)
Added Component: Designator=R35(RES0603)
Added Component: Designator=R36(RES0603)
Added Component: Designator=R37(RES0603)
Added Component: Designator=R38(RES0603)
Added Component: Designator=R39(RES0603)
Added Component: Designator=S1(FSM2JSMAATR)
Added Component: Designator=S2(FSM2JSMAATR)
Added Component: Designator=S3(FSM2JSMAATR)
Added Component: Designator=U1(SOT223)
Added Component: Designator=U2(SOT223)
Added Component: Designator=U3(TQPF-100)
Added Component: Designator=U4(SOT223)
Added Component: Designator=U5(ESP-07)
Added Component: Designator=VR1(RESPVZ3A)
Added Component: Designator=VR2(RESPVZ3A)
Added Component: Designator=VR3(RESPVZ3A)
Added Pin To Net: NetName=3.3V Pin=C2-2
Added Pin To Net: NetName=3.3V Pin=C9-2
Added Pin To Net: NetName=3.3V Pin=C18-1
Added Pin To Net: NetName=3.3V Pin=C20-2
Added Pin To Net: NetName=3.3V Pin=C21-2
Added Pin To Net: NetName=3.3V Pin=J6-1
Added Pin To Net: NetName=3.3V Pin=R19-2
Added Pin To Net: NetName=3.3V Pin=R20-1
Added Pin To Net: NetName=3.3V Pin=R27-2
Added Pin To Net: NetName=3.3V Pin=R29-1
Added Pin To Net: NetName=3.3V Pin=R32-2
Added Pin To Net: NetName=3.3V Pin=U1-2
Added Pin To Net: NetName=3.3V Pin=U3-26
Added Pin To Net: NetName=3.3V Pin=U5-8
Added Net: Name=3.3V
Added Pin To Net: NetName=5V Pin=C3-2
Added Pin To Net: NetName=5V Pin=C4-2
Added Pin To Net: NetName=5V Pin=C5-2
Added Pin To Net: NetName=5V Pin=C7-2
Added Pin To Net: NetName=5V Pin=C8-2
Added Pin To Net: NetName=5V Pin=C10-2
Added Pin To Net: NetName=5V Pin=C11-2
Added Pin To Net: NetName=5V Pin=C15-2
Added Pin To Net: NetName=5V Pin=C16-2
Added Pin To Net: NetName=5V Pin=J1-2
Added Pin To Net: NetName=5V Pin=J6-2
Added Pin To Net: NetName=5V Pin=J11-10
Added Pin To Net: NetName=5V Pin=J13-10
Added Pin To Net: NetName=5V Pin=R1-2
Added Pin To Net: NetName=5V Pin=R2-2
Added Pin To Net: NetName=5V Pin=R3-2
Added Pin To Net: NetName=5V Pin=R4-2
Added Pin To Net: NetName=5V Pin=R5-2
Added Pin To Net: NetName=5V Pin=R22-2
Added Pin To Net: NetName=5V Pin=R24-2
Added Pin To Net: NetName=5V Pin=R26-2
Added Pin To Net: NetName=5V Pin=R31-2
Added Pin To Net: NetName=5V Pin=R34-2
Added Pin To Net: NetName=5V Pin=R36-2
Added Pin To Net: NetName=5V Pin=R38-2
Added Pin To Net: NetName=5V Pin=R39-2
Added Pin To Net: NetName=5V Pin=U2-2
Added Pin To Net: NetName=5V Pin=U3-37
Added Pin To Net: NetName=5V Pin=U3-50
Added Pin To Net: NetName=5V Pin=U3-65
Added Pin To Net: NetName=5V Pin=U3-75
Added Pin To Net: NetName=5V Pin=U3-88
Added Pin To Net: NetName=5V Pin=U3-100
Added Pin To Net: NetName=5V Pin=VR1-1
Added Pin To Net: NetName=5V Pin=VR2-1
Added Pin To Net: NetName=5V Pin=VR2-2
Added Net: Name=5V
Added Pin To Net: NetName=12V Pin=C1-1
Added Pin To Net: NetName=12V Pin=C6-1
Added Pin To Net: NetName=12V Pin=C13-1
Added Pin To Net: NetName=12V Pin=C19-1
Added Pin To Net: NetName=12V Pin=C22-1
Added Pin To Net: NetName=12V Pin=J3-1
Added Pin To Net: NetName=12V Pin=J11-12
Added Pin To Net: NetName=12V Pin=J13-12
Added Pin To Net: NetName=12V Pin=U1-3
Added Pin To Net: NetName=12V Pin=U2-3
Added Pin To Net: NetName=12V Pin=U4-3
Added Net: Name=12V
Added Pin To Net: NetName=DIR_1 Pin=J11-8
Added Pin To Net: NetName=DIR_1 Pin=U3-91
Added Net: Name=DIR_1
Added Pin To Net: NetName=DIR_2 Pin=J13-8
Added Pin To Net: NetName=DIR_2 Pin=U3-7
Added Net: Name=DIR_2
Added Pin To Net: NetName=EM Pin=R28-1
Added Pin To Net: NetName=EM Pin=U3-68
Added Net: Name=EM
Added Pin To Net: NetName=ENC_A Pin=J4-3
Added Pin To Net: NetName=ENC_A Pin=R4-1
Added Pin To Net: NetName=ENC_A Pin=U3-54
Added Net: Name=ENC_A
Added Pin To Net: NetName=ENC_B Pin=J4-4
Added Pin To Net: NetName=ENC_B Pin=R3-1
Added Pin To Net: NetName=ENC_B Pin=U3-67
Added Net: Name=ENC_B
Added Pin To Net: NetName=ENC_SW Pin=J4-2
Added Pin To Net: NetName=ENC_SW Pin=U3-53
Added Net: Name=ENC_SW
Added Pin To Net: NetName=ESP_RST Pin=R20-2
Added Pin To Net: NetName=ESP_RST Pin=S2-1
Added Pin To Net: NetName=ESP_RST Pin=U3-18
Added Pin To Net: NetName=ESP_RST Pin=U5-1
Added Net: Name=ESP_RST
Added Pin To Net: NetName=ESP_RX Pin=J9-2
Added Pin To Net: NetName=ESP_RX Pin=U3-17
Added Pin To Net: NetName=ESP_RX Pin=U5-15
Added Net: Name=ESP_RX
Added Pin To Net: NetName=ESP_TX Pin=J9-1
Added Pin To Net: NetName=ESP_TX Pin=U3-16
Added Pin To Net: NetName=ESP_TX Pin=U5-16
Added Net: Name=ESP_TX
Added Pin To Net: NetName=GND Pin=C1-2
Added Pin To Net: NetName=GND Pin=C2-1
Added Pin To Net: NetName=GND Pin=C3-1
Added Pin To Net: NetName=GND Pin=C4-1
Added Pin To Net: NetName=GND Pin=C5-1
Added Pin To Net: NetName=GND Pin=C6-2
Added Pin To Net: NetName=GND Pin=C7-1
Added Pin To Net: NetName=GND Pin=C8-1
Added Pin To Net: NetName=GND Pin=C9-1
Added Pin To Net: NetName=GND Pin=C10-1
Added Pin To Net: NetName=GND Pin=C11-1
Added Pin To Net: NetName=GND Pin=C14-1
Added Pin To Net: NetName=GND Pin=C15-1
Added Pin To Net: NetName=GND Pin=C16-1
Added Pin To Net: NetName=GND Pin=C17-1
Added Pin To Net: NetName=GND Pin=C18-2
Added Pin To Net: NetName=GND Pin=C19-2
Added Pin To Net: NetName=GND Pin=C20-1
Added Pin To Net: NetName=GND Pin=C21-1
Added Pin To Net: NetName=GND Pin=C22-2
Added Pin To Net: NetName=GND Pin=J1-1
Added Pin To Net: NetName=GND Pin=J1-7
Added Pin To Net: NetName=GND Pin=J1-8
Added Pin To Net: NetName=GND Pin=J1-9
Added Pin To Net: NetName=GND Pin=J1-10
Added Pin To Net: NetName=GND Pin=J1-16
Added Pin To Net: NetName=GND Pin=J3-2
Added Pin To Net: NetName=GND Pin=J4-5
Added Pin To Net: NetName=GND Pin=J6-3
Added Pin To Net: NetName=GND Pin=J11-1
Added Pin To Net: NetName=GND Pin=J11-9
Added Pin To Net: NetName=GND Pin=J11-11
Added Pin To Net: NetName=GND Pin=J12-8
Added Pin To Net: NetName=GND Pin=J13-1
Added Pin To Net: NetName=GND Pin=J13-9
Added Pin To Net: NetName=GND Pin=J13-11
Added Pin To Net: NetName=GND Pin=Q1-3
Added Pin To Net: NetName=GND Pin=R7-1
Added Pin To Net: NetName=GND Pin=R8-1
Added Pin To Net: NetName=GND Pin=R9-1
Added Pin To Net: NetName=GND Pin=R10-1
Added Pin To Net: NetName=GND Pin=R11-1
Added Pin To Net: NetName=GND Pin=R12-1
Added Pin To Net: NetName=GND Pin=R13-1
Added Pin To Net: NetName=GND Pin=R14-1
Added Pin To Net: NetName=GND Pin=R15-1
Added Pin To Net: NetName=GND Pin=R16-1
Added Pin To Net: NetName=GND Pin=R17-1
Added Pin To Net: NetName=GND Pin=R18-1
Added Pin To Net: NetName=GND Pin=R21-1
Added Pin To Net: NetName=GND Pin=R23-1
Added Pin To Net: NetName=GND Pin=R25-1
Added Pin To Net: NetName=GND Pin=R30-1
Added Pin To Net: NetName=GND Pin=R33-1
Added Pin To Net: NetName=GND Pin=R35-1
Added Pin To Net: NetName=GND Pin=R37-1
Added Pin To Net: NetName=GND Pin=S1-1
Added Pin To Net: NetName=GND Pin=S2-2
Added Pin To Net: NetName=GND Pin=S3-2
Added Pin To Net: NetName=GND Pin=U1-1
Added Pin To Net: NetName=GND Pin=U2-1
Added Pin To Net: NetName=GND Pin=U3-10
Added Pin To Net: NetName=GND Pin=U3-12
Added Pin To Net: NetName=GND Pin=U3-13
Added Pin To Net: NetName=GND Pin=U3-14
Added Pin To Net: NetName=GND Pin=U3-38
Added Pin To Net: NetName=GND Pin=U3-64
Added Pin To Net: NetName=GND Pin=U3-66
Added Pin To Net: NetName=GND Pin=U3-87
Added Pin To Net: NetName=GND Pin=U5-2
Added Pin To Net: NetName=GND Pin=U5-4
Added Pin To Net: NetName=GND Pin=U5-5
Added Pin To Net: NetName=GND Pin=U5-6
Added Pin To Net: NetName=GND Pin=U5-7
Added Pin To Net: NetName=GND Pin=U5-9
Added Pin To Net: NetName=GND Pin=U5-10
Added Pin To Net: NetName=GND Pin=U5-13
Added Pin To Net: NetName=GND Pin=U5-14
Added Pin To Net: NetName=GND Pin=VR1-3
Added Pin To Net: NetName=GND Pin=VR3-2
Added Pin To Net: NetName=GND Pin=VR3-3
Added Net: Name=GND
Added Pin To Net: NetName=LCD0(DB4) Pin=J1-11
Added Pin To Net: NetName=LCD0(DB4) Pin=U3-95
Added Net: Name=LCD0(DB4)
Added Pin To Net: NetName=LCD1(DB5) Pin=J1-12
Added Pin To Net: NetName=LCD1(DB5) Pin=U3-96
Added Net: Name=LCD1(DB5)
Added Pin To Net: NetName=LCD2(DB6) Pin=J1-13
Added Pin To Net: NetName=LCD2(DB6) Pin=U3-97
Added Net: Name=LCD2(DB6)
Added Pin To Net: NetName=LCD3(DB7) Pin=J1-14
Added Pin To Net: NetName=LCD3(DB7) Pin=U3-98
Added Net: Name=LCD3(DB7)
Added Pin To Net: NetName=LCD4(E) Pin=J1-6
Added Pin To Net: NetName=LCD4(E) Pin=U3-99
Added Net: Name=LCD4(E)
Added Pin To Net: NetName=LCD5(RS) Pin=J1-4
Added Pin To Net: NetName=LCD5(RS) Pin=U3-1
Added Net: Name=LCD5(RS)
Added Pin To Net: NetName=LCD6(R/W) Pin=J1-5
Added Pin To Net: NetName=LCD6(R/W) Pin=U3-2
Added Net: Name=LCD6(R/W)
Added Pin To Net: NetName=LIM1 Pin=J2-2
Added Pin To Net: NetName=LIM1 Pin=U3-8
Added Net: Name=LIM1
Added Pin To Net: NetName=LIM2 Pin=J5-2
Added Pin To Net: NetName=LIM2 Pin=U3-9
Added Net: Name=LIM2
Added Pin To Net: NetName=NetC12_1 Pin=C12-1
Added Pin To Net: NetName=NetC12_1 Pin=C13-2
Added Pin To Net: NetName=NetC12_1 Pin=U4-1
Added Pin To Net: NetName=NetC12_1 Pin=VR3-1
Added Net: Name=NetC12_1
Added Pin To Net: NetName=NetC14_2 Pin=C14-2
Added Pin To Net: NetName=NetC14_2 Pin=U3-39
Added Pin To Net: NetName=NetC14_2 Pin=U3-86
Added Net: Name=NetC14_2
Added Pin To Net: NetName=NetC17_2 Pin=C17-2
Added Pin To Net: NetName=NetC17_2 Pin=U3-63
Added Net: Name=NetC17_2
Added Pin To Net: NetName=NetJ1_3 Pin=J1-3
Added Pin To Net: NetName=NetJ1_3 Pin=VR1-2
Added Net: Name=NetJ1_3
Added Pin To Net: NetName=NetJ1_15 Pin=J1-15
Added Pin To Net: NetName=NetJ1_15 Pin=VR2-3
Added Net: Name=NetJ1_15
Added Pin To Net: NetName=NetJ2_1 Pin=J2-1
Added Pin To Net: NetName=NetJ2_1 Pin=R1-1
Added Net: Name=NetJ2_1
Added Pin To Net: NetName=NetJ4_1 Pin=J4-1
Added Pin To Net: NetName=NetJ4_1 Pin=R2-1
Added Net: Name=NetJ4_1
Added Pin To Net: NetName=NetJ5_1 Pin=J5-1
Added Pin To Net: NetName=NetJ5_1 Pin=R5-1
Added Net: Name=NetJ5_1
Added Pin To Net: NetName=NetJ10_2 Pin=J10-2
Added Pin To Net: NetName=NetJ10_2 Pin=Q1-1
Added Net: Name=NetJ10_2
Added Pin To Net: NetName=NetJ11_2 Pin=J11-2
Added Pin To Net: NetName=NetJ11_2 Pin=R21-2
Added Pin To Net: NetName=NetJ11_2 Pin=R22-1
Added Net: Name=NetJ11_2
Added Pin To Net: NetName=NetJ11_3 Pin=J11-3
Added Pin To Net: NetName=NetJ11_3 Pin=R23-2
Added Pin To Net: NetName=NetJ11_3 Pin=R24-1
Added Net: Name=NetJ11_3
Added Pin To Net: NetName=NetJ11_4 Pin=J11-4
Added Pin To Net: NetName=NetJ11_4 Pin=R25-2
Added Pin To Net: NetName=NetJ11_4 Pin=R26-1
Added Net: Name=NetJ11_4
Added Pin To Net: NetName=NetJ11_5 Pin=J11-5
Added Pin To Net: NetName=NetJ11_5 Pin=R31-1
Added Net: Name=NetJ11_5
Added Pin To Net: NetName=NetJ13_2 Pin=J13-2
Added Pin To Net: NetName=NetJ13_2 Pin=R33-2
Added Pin To Net: NetName=NetJ13_2 Pin=R34-1
Added Net: Name=NetJ13_2
Added Pin To Net: NetName=NetJ13_3 Pin=J13-3
Added Pin To Net: NetName=NetJ13_3 Pin=R35-2
Added Pin To Net: NetName=NetJ13_3 Pin=R36-1
Added Net: Name=NetJ13_3
Added Pin To Net: NetName=NetJ13_4 Pin=J13-4
Added Pin To Net: NetName=NetJ13_4 Pin=R37-2
Added Pin To Net: NetName=NetJ13_4 Pin=R38-1
Added Net: Name=NetJ13_4
Added Pin To Net: NetName=NetJ13_5 Pin=J13-5
Added Pin To Net: NetName=NetJ13_5 Pin=R39-1
Added Net: Name=NetJ13_5
Added Pin To Net: NetName=NetQ1_2 Pin=Q1-2
Added Pin To Net: NetName=NetQ1_2 Pin=R28-2
Added Pin To Net: NetName=NetQ1_2 Pin=R30-2
Added Net: Name=NetQ1_2
Added Pin To Net: NetName=NetR19_1 Pin=R19-1
Added Pin To Net: NetName=NetR19_1 Pin=S1-2
Added Pin To Net: NetName=NetR19_1 Pin=U3-15
Added Net: Name=NetR19_1
Added Pin To Net: NetName=NetR27_1 Pin=R27-1
Added Pin To Net: NetName=NetR27_1 Pin=U5-3
Added Net: Name=NetR27_1
Added Pin To Net: NetName=NetR29_2 Pin=R29-2
Added Pin To Net: NetName=NetR29_2 Pin=S3-1
Added Pin To Net: NetName=NetR29_2 Pin=U5-12
Added Net: Name=NetR29_2
Added Pin To Net: NetName=NetR32_1 Pin=R32-1
Added Pin To Net: NetName=NetR32_1 Pin=U5-11
Added Net: Name=NetR32_1
Added Pin To Net: NetName=NTRST Pin=J12-5
Added Pin To Net: NetName=NTRST Pin=U3-25
Added Net: Name=NTRST
Added Pin To Net: NetName=REED_COL_0 Pin=J7-1
Added Pin To Net: NetName=REED_COL_0 Pin=R7-2
Added Pin To Net: NetName=REED_COL_0 Pin=U3-71
Added Net: Name=REED_COL_0
Added Pin To Net: NetName=REED_COL_1 Pin=J7-2
Added Pin To Net: NetName=REED_COL_1 Pin=R8-2
Added Pin To Net: NetName=REED_COL_1 Pin=U3-72
Added Net: Name=REED_COL_1
Added Pin To Net: NetName=REED_COL_2 Pin=J7-3
Added Pin To Net: NetName=REED_COL_2 Pin=R9-2
Added Pin To Net: NetName=REED_COL_2 Pin=U3-73
Added Net: Name=REED_COL_2
Added Pin To Net: NetName=REED_COL_3 Pin=J7-4
Added Pin To Net: NetName=REED_COL_3 Pin=R10-2
Added Pin To Net: NetName=REED_COL_3 Pin=U3-74
Added Net: Name=REED_COL_3
Added Pin To Net: NetName=REED_COL_4 Pin=J7-5
Added Pin To Net: NetName=REED_COL_4 Pin=R11-2
Added Pin To Net: NetName=REED_COL_4 Pin=U3-76
Added Net: Name=REED_COL_4
Added Pin To Net: NetName=REED_COL_5 Pin=J7-6
Added Pin To Net: NetName=REED_COL_5 Pin=R12-2
Added Pin To Net: NetName=REED_COL_5 Pin=U3-77
Added Net: Name=REED_COL_5
Added Pin To Net: NetName=REED_COL_6 Pin=J7-7
Added Pin To Net: NetName=REED_COL_6 Pin=R13-2
Added Pin To Net: NetName=REED_COL_6 Pin=U3-78
Added Net: Name=REED_COL_6
Added Pin To Net: NetName=REED_COL_7 Pin=J7-8
Added Pin To Net: NetName=REED_COL_7 Pin=R14-2
Added Pin To Net: NetName=REED_COL_7 Pin=U3-79
Added Net: Name=REED_COL_7
Added Pin To Net: NetName=REED_COL_8 Pin=J7-9
Added Pin To Net: NetName=REED_COL_8 Pin=R15-2
Added Pin To Net: NetName=REED_COL_8 Pin=U3-69
Added Net: Name=REED_COL_8
Added Pin To Net: NetName=REED_COL_9 Pin=J7-10
Added Pin To Net: NetName=REED_COL_9 Pin=R16-2
Added Pin To Net: NetName=REED_COL_9 Pin=U3-70
Added Net: Name=REED_COL_9
Added Pin To Net: NetName=REED_COL_10 Pin=J7-11
Added Pin To Net: NetName=REED_COL_10 Pin=R17-2
Added Pin To Net: NetName=REED_COL_10 Pin=U3-80
Added Net: Name=REED_COL_10
Added Pin To Net: NetName=REED_COL_11 Pin=J7-12
Added Pin To Net: NetName=REED_COL_11 Pin=R18-2
Added Pin To Net: NetName=REED_COL_11 Pin=U3-81
Added Net: Name=REED_COL_11
Added Pin To Net: NetName=REED_ROW_0 Pin=J8-1
Added Pin To Net: NetName=REED_ROW_0 Pin=U3-44
Added Net: Name=REED_ROW_0
Added Pin To Net: NetName=REED_ROW_1 Pin=J8-2
Added Pin To Net: NetName=REED_ROW_1 Pin=U3-45
Added Net: Name=REED_ROW_1
Added Pin To Net: NetName=REED_ROW_2 Pin=J8-3
Added Pin To Net: NetName=REED_ROW_2 Pin=U3-46
Added Net: Name=REED_ROW_2
Added Pin To Net: NetName=REED_ROW_3 Pin=J8-4
Added Pin To Net: NetName=REED_ROW_3 Pin=U3-47
Added Net: Name=REED_ROW_3
Added Pin To Net: NetName=REED_ROW_4 Pin=J8-5
Added Pin To Net: NetName=REED_ROW_4 Pin=U3-48
Added Net: Name=REED_ROW_4
Added Pin To Net: NetName=REED_ROW_5 Pin=J8-6
Added Pin To Net: NetName=REED_ROW_5 Pin=U3-49
Added Net: Name=REED_ROW_5
Added Pin To Net: NetName=REED_ROW_6 Pin=J8-7
Added Pin To Net: NetName=REED_ROW_6 Pin=U3-51
Added Net: Name=REED_ROW_6
Added Pin To Net: NetName=REED_ROW_7 Pin=J8-8
Added Pin To Net: NetName=REED_ROW_7 Pin=U3-52
Added Net: Name=REED_ROW_7
Added Pin To Net: NetName=RX Pin=J12-7
Added Pin To Net: NetName=RX Pin=U3-28
Added Net: Name=RX
Added Pin To Net: NetName=SLP_1 Pin=J11-6
Added Pin To Net: NetName=SLP_1 Pin=U3-89
Added Net: Name=SLP_1
Added Pin To Net: NetName=SLP_2 Pin=J13-6
Added Pin To Net: NetName=SLP_2 Pin=U3-92
Added Net: Name=SLP_2
Added Pin To Net: NetName=STEP_1 Pin=J11-7
Added Pin To Net: NetName=STEP_1 Pin=U3-90
Added Net: Name=STEP_1
Added Pin To Net: NetName=STEP_2 Pin=J13-7
Added Pin To Net: NetName=STEP_2 Pin=U3-6
Added Net: Name=STEP_2
Added Pin To Net: NetName=SWDCK/TCK Pin=J12-2
Added Pin To Net: NetName=SWDCK/TCK Pin=U3-21
Added Net: Name=SWDCK/TCK
Added Pin To Net: NetName=SWDIO/TMS Pin=J12-1
Added Pin To Net: NetName=SWDIO/TMS Pin=U3-20
Added Net: Name=SWDIO/TMS
Added Pin To Net: NetName=SWV/TDO Pin=J12-3
Added Pin To Net: NetName=SWV/TDO Pin=U3-23
Added Net: Name=SWV/TDO
Added Pin To Net: NetName=TDI Pin=J12-4
Added Pin To Net: NetName=TDI Pin=U3-25
Added Net: Name=TDI
Added Pin To Net: NetName=TX Pin=J12-6
Added Pin To Net: NetName=TX Pin=U3-27
Added Net: Name=TX
Added Pin To Net: NetName=VEM Pin=C12-2
Added Pin To Net: NetName=VEM Pin=J10-1
Added Pin To Net: NetName=VEM Pin=U4-2
Added Net: Name=VEM
Added Class: Name=WiFiChessSch
